<?xml version="1.0" encoding="UTF-8"?>
<testsuite xmlns:xsi="http://www.w3.org/2001/XMLSchema-instance" xsi:noNamespaceSchemaLocation="https://maven.apache.org/surefire/maven-failsafe-plugin/xsd/failsafe-test-report-3.0.xsd" version="3.0" name="starter.CucumberTestSuite" time="104.763" tests="42" errors="0" skipped="0" failures="0">
  <properties>
    <property name="java.specification.version" value="19"/>
    <property name="sun.cpu.isalist" value="amd64"/>
    <property name="sun.jnu.encoding" value="Cp1252"/>
    <property name="java.class.path" value="D:\KULIAH\kmrdeka\Weekly2\target\test-classes;C:\Users\sella\.m2\repository\net\serenity-bdd\serenity-core\3.5.1\serenity-core-3.5.1.jar;C:\Users\sella\.m2\repository\net\serenity-bdd\serenity-model\3.5.1\serenity-model-3.5.1.jar;C:\Users\sella\.m2\repository\org\apache\commons\commons-text\1.10.0\commons-text-1.10.0.jar;C:\Users\sella\.m2\repository\commons-net\commons-net\3.8.0\commons-net-3.8.0.jar;C:\Users\sella\.m2\repository\com\google\guava\guava\31.1-jre\guava-31.1-jre.jar;C:\Users\sella\.m2\repository\com\google\guava\failureaccess\1.0.1\failureaccess-1.0.1.jar;C:\Users\sella\.m2\repository\com\google\guava\listenablefuture\9999.0-empty-to-avoid-conflict-with-guava\listenablefuture-9999.0-empty-to-avoid-conflict-with-guava.jar;C:\Users\sella\.m2\repository\com\google\code\findbugs\jsr305\3.0.2\jsr305-3.0.2.jar;C:\Users\sella\.m2\repository\org\checkerframework\checker-qual\3.12.0\checker-qual-3.12.0.jar;C:\Users\sella\.m2\repository\com\google\errorprone\error_prone_annotations\2.11.0\error_prone_annotations-2.11.0.jar;C:\Users\sella\.m2\repository\com\google\j2objc\j2objc-annotations\1.3\j2objc-annotations-1.3.jar;C:\Users\sella\.m2\repository\com\google\inject\guice\5.1.0\guice-5.1.0.jar;C:\Users\sella\.m2\repository\javax\inject\javax.inject\1\javax.inject-1.jar;C:\Users\sella\.m2\repository\aopalliance\aopalliance\1.0\aopalliance-1.0.jar;C:\Users\sella\.m2\repository\org\jsoup\jsoup\1.14.3\jsoup-1.14.3.jar;C:\Users\sella\.m2\repository\com\thoughtworks\xstream\xstream\1.4.19\xstream-1.4.19.jar;C:\Users\sella\.m2\repository\io\github\x-stream\mxparser\1.2.2\mxparser-1.2.2.jar;C:\Users\sella\.m2\repository\xmlpull\xmlpull\1.1.3.1\xmlpull-1.1.3.1.jar;C:\Users\sella\.m2\repository\com\typesafe\config\1.4.2\config-1.4.2.jar;C:\Users\sella\.m2\repository\org\imgscalr\imgscalr-lib\4.2\imgscalr-lib-4.2.jar;C:\Users\sella\.m2\repository\org\awaitility\awaitility\4.2.0\awaitility-4.2.0.jar;C:\Users\sella\.m2\repository\org\freemarker\freemarker\2.3.31\freemarker-2.3.31.jar;C:\Users\sella\.m2\repository\io\github\classgraph\classgraph\4.8.138\classgraph-4.8.138.jar;C:\Users\sella\.m2\repository\net\sourceforge\jexcelapi\jxl\2.6.12\jxl-2.6.12.jar;C:\Users\sella\.m2\repository\net\bytebuddy\byte-buddy-agent\1.12.18\byte-buddy-agent-1.12.18.jar;C:\Users\sella\.m2\repository\org\objenesis\objenesis\3.1\objenesis-3.1.jar;C:\Users\sella\.m2\repository\net\serenity-bdd\serenity-reports\3.5.1\serenity-reports-3.5.1.jar;C:\Users\sella\.m2\repository\net\serenity-bdd\serenity-stats\3.5.1\serenity-stats-3.5.1.jar;C:\Users\sella\.m2\repository\net\serenity-bdd\serenity-reports-configuration\3.5.1\serenity-reports-configuration-3.5.1.jar;C:\Users\sella\.m2\repository\com\vladsch\flexmark\flexmark-all\0.34.30\flexmark-all-0.34.30.jar;C:\Users\sella\.m2\repository\com\vladsch\flexmark\flexmark\0.34.30\flexmark-0.34.30.jar;C:\Users\sella\.m2\repository\com\vladsch\flexmark\flexmark-ext-abbreviation\0.34.30\flexmark-ext-abbreviation-0.34.30.jar;C:\Users\sella\.m2\repository\com\vladsch\flexmark\flexmark-ext-admonition\0.34.30\flexmark-ext-admonition-0.34.30.jar;C:\Users\sella\.m2\repository\com\vladsch\flexmark\flexmark-ext-anchorlink\0.34.30\flexmark-ext-anchorlink-0.34.30.jar;C:\Users\sella\.m2\repository\com\vladsch\flexmark\flexmark-ext-aside\0.34.30\flexmark-ext-aside-0.34.30.jar;C:\Users\sella\.m2\repository\com\vladsch\flexmark\flexmark-ext-attributes\0.34.30\flexmark-ext-attributes-0.34.30.jar;C:\Users\sella\.m2\repository\com\vladsch\flexmark\flexmark-ext-autolink\0.34.30\flexmark-ext-autolink-0.34.30.jar;C:\Users\sella\.m2\repository\org\nibor\autolink\autolink\0.6.0\autolink-0.6.0.jar;C:\Users\sella\.m2\repository\com\vladsch\flexmark\flexmark-ext-definition\0.34.30\flexmark-ext-definition-0.34.30.jar;C:\Users\sella\.m2\repository\com\vladsch\flexmark\flexmark-ext-emoji\0.34.30\flexmark-ext-emoji-0.34.30.jar;C:\Users\sella\.m2\repository\com\vladsch\flexmark\flexmark-ext-enumerated-reference\0.34.30\flexmark-ext-enumerated-reference-0.34.30.jar;C:\Users\sella\.m2\repository\com\vladsch\flexmark\flexmark-ext-escaped-character\0.34.30\flexmark-ext-escaped-character-0.34.30.jar;C:\Users\sella\.m2\repository\com\vladsch\flexmark\flexmark-ext-footnotes\0.34.30\flexmark-ext-footnotes-0.34.30.jar;C:\Users\sella\.m2\repository\com\vladsch\flexmark\flexmark-ext-gfm-issues\0.34.30\flexmark-ext-gfm-issues-0.34.30.jar;C:\Users\sella\.m2\repository\com\vladsch\flexmark\flexmark-ext-gfm-strikethrough\0.34.30\flexmark-ext-gfm-strikethrough-0.34.30.jar;C:\Users\sella\.m2\repository\com\vladsch\flexmark\flexmark-ext-gfm-tables\0.34.30\flexmark-ext-gfm-tables-0.34.30.jar;C:\Users\sella\.m2\repository\com\vladsch\flexmark\flexmark-ext-gfm-tasklist\0.34.30\flexmark-ext-gfm-tasklist-0.34.30.jar;C:\Users\sella\.m2\repository\com\vladsch\flexmark\flexmark-ext-gfm-users\0.34.30\flexmark-ext-gfm-users-0.34.30.jar;C:\Users\sella\.m2\repository\com\vladsch\flexmark\flexmark-ext-gitlab\0.34.30\flexmark-ext-gitlab-0.34.30.jar;C:\Users\sella\.m2\repository\com\vladsch\flexmark\flexmark-ext-jekyll-front-matter\0.34.30\flexmark-ext-jekyll-front-matter-0.34.30.jar;C:\Users\sella\.m2\repository\com\vladsch\flexmark\flexmark-ext-jekyll-tag\0.34.30\flexmark-ext-jekyll-tag-0.34.30.jar;C:\Users\sella\.m2\repository\com\vladsch\flexmark\flexmark-ext-media-tags\0.34.30\flexmark-ext-media-tags-0.34.30.jar;C:\Users\sella\.m2\repository\com\vladsch\flexmark\flexmark-test-util\0.34.30\flexmark-test-util-0.34.30.jar;C:\Users\sella\.m2\repository\com\vladsch\flexmark\flexmark-ext-ins\0.34.30\flexmark-ext-ins-0.34.30.jar;C:\Users\sella\.m2\repository\com\vladsch\flexmark\flexmark-ext-xwiki-macros\0.34.30\flexmark-ext-xwiki-macros-0.34.30.jar;C:\Users\sella\.m2\repository\com\vladsch\flexmark\flexmark-ext-superscript\0.34.30\flexmark-ext-superscript-0.34.30.jar;C:\Users\sella\.m2\repository\com\vladsch\flexmark\flexmark-ext-tables\0.34.30\flexmark-ext-tables-0.34.30.jar;C:\Users\sella\.m2\repository\com\vladsch\flexmark\flexmark-ext-toc\0.34.30\flexmark-ext-toc-0.34.30.jar;C:\Users\sella\.m2\repository\com\vladsch\flexmark\flexmark-ext-typographic\0.34.30\flexmark-ext-typographic-0.34.30.jar;C:\Users\sella\.m2\repository\com\vladsch\flexmark\flexmark-ext-wikilink\0.34.30\flexmark-ext-wikilink-0.34.30.jar;C:\Users\sella\.m2\repository\com\vladsch\flexmark\flexmark-ext-yaml-front-matter\0.34.30\flexmark-ext-yaml-front-matter-0.34.30.jar;C:\Users\sella\.m2\repository\com\vladsch\flexmark\flexmark-ext-youtube-embedded\0.34.30\flexmark-ext-youtube-embedded-0.34.30.jar;C:\Users\sella\.m2\repository\com\vladsch\flexmark\flexmark-formatter\0.34.30\flexmark-formatter-0.34.30.jar;C:\Users\sella\.m2\repository\com\vladsch\flexmark\flexmark-html-parser\0.34.30\flexmark-html-parser-0.34.30.jar;C:\Users\sella\.m2\repository\com\vladsch\flexmark\flexmark-jira-converter\0.34.30\flexmark-jira-converter-0.34.30.jar;C:\Users\sella\.m2\repository\com\vladsch\flexmark\flexmark-pdf-converter\0.34.30\flexmark-pdf-converter-0.34.30.jar;C:\Users\sella\.m2\repository\com\openhtmltopdf\openhtmltopdf-core\0.0.1-RC13\openhtmltopdf-core-0.0.1-RC13.jar;C:\Users\sella\.m2\repository\com\openhtmltopdf\openhtmltopdf-pdfbox\0.0.1-RC13\openhtmltopdf-pdfbox-0.0.1-RC13.jar;C:\Users\sella\.m2\repository\org\apache\pdfbox\pdfbox\2.0.8\pdfbox-2.0.8.jar;C:\Users\sella\.m2\repository\org\apache\pdfbox\fontbox\2.0.8\fontbox-2.0.8.jar;C:\Users\sella\.m2\repository\org\apache\pdfbox\xmpbox\2.0.8\xmpbox-2.0.8.jar;C:\Users\sella\.m2\repository\de\rototor\pdfbox\graphics2d\0.12\graphics2d-0.12.jar;C:\Users\sella\.m2\repository\com\openhtmltopdf\openhtmltopdf-rtl-support\0.0.1-RC13\openhtmltopdf-rtl-support-0.0.1-RC13.jar;C:\Users\sella\.m2\repository\com\ibm\icu\icu4j\59.1\icu4j-59.1.jar;C:\Users\sella\.m2\repository\com\openhtmltopdf\openhtmltopdf-jsoup-dom-converter\0.0.1-RC13\openhtmltopdf-jsoup-dom-converter-0.0.1-RC13.jar;C:\Users\sella\.m2\repository\com\vladsch\flexmark\flexmark-profile-pegdown\0.34.30\flexmark-profile-pegdown-0.34.30.jar;C:\Users\sella\.m2\repository\com\vladsch\flexmark\flexmark-util\0.34.30\flexmark-util-0.34.30.jar;C:\Users\sella\.m2\repository\com\vladsch\flexmark\flexmark-youtrack-converter\0.34.30\flexmark-youtrack-converter-0.34.30.jar;C:\Users\sella\.m2\repository\es\nitaur\markdown\txtmark\0.16\txtmark-0.16.jar;C:\Users\sella\.m2\repository\net\serenity-bdd\serenity-report-resources\3.5.1\serenity-report-resources-3.5.1.jar;C:\Users\sella\.m2\repository\com\google\code\gson\gson\2.9.0\gson-2.9.0.jar;C:\Users\sella\.m2\repository\com\fasterxml\jackson\core\jackson-core\2.13.4\jackson-core-2.13.4.jar;C:\Users\sella\.m2\repository\com\fasterxml\jackson\core\jackson-databind\2.13.4\jackson-databind-2.13.4.jar;C:\Users\sella\.m2\repository\com\fasterxml\jackson\core\jackson-annotations\2.13.4\jackson-annotations-2.13.4.jar;C:\Users\sella\.m2\repository\commons-codec\commons-codec\1.15\commons-codec-1.15.jar;C:\Users\sella\.m2\repository\commons-io\commons-io\2.11.0\commons-io-2.11.0.jar;C:\Users\sella\.m2\repository\org\apache\httpcomponents\httpclient\4.5.13\httpclient-4.5.13.jar;C:\Users\sella\.m2\repository\org\apache\httpcomponents\httpcore\4.4.13\httpcore-4.4.13.jar;C:\Users\sella\.m2\repository\commons-logging\commons-logging\1.2\commons-logging-1.2.jar;C:\Users\sella\.m2\repository\org\seleniumhq\selenium\selenium-java\4.7.1\selenium-java-4.7.1.jar;C:\Users\sella\.m2\repository\org\seleniumhq\selenium\selenium-devtools-v106\4.7.1\selenium-devtools-v106-4.7.1.jar;C:\Users\sella\.m2\repository\org\seleniumhq\selenium\selenium-devtools-v107\4.7.1\selenium-devtools-v107-4.7.1.jar;C:\Users\sella\.m2\repository\org\seleniumhq\selenium\selenium-devtools-v108\4.7.1\selenium-devtools-v108-4.7.1.jar;C:\Users\sella\.m2\repository\org\seleniumhq\selenium\selenium-devtools-v85\4.7.1\selenium-devtools-v85-4.7.1.jar;C:\Users\sella\.m2\repository\org\seleniumhq\selenium\selenium-remote-driver\4.7.1\selenium-remote-driver-4.7.1.jar;C:\Users\sella\.m2\repository\com\beust\jcommander\1.82\jcommander-1.82.jar;C:\Users\sella\.m2\repository\io\netty\netty-buffer\4.1.84.Final\netty-buffer-4.1.84.Final.jar;C:\Users\sella\.m2\repository\io\netty\netty-codec-http\4.1.84.Final\netty-codec-http-4.1.84.Final.jar;C:\Users\sella\.m2\repository\io\netty\netty-codec\4.1.84.Final\netty-codec-4.1.84.Final.jar;C:\Users\sella\.m2\repository\io\netty\netty-handler\4.1.84.Final\netty-handler-4.1.84.Final.jar;C:\Users\sella\.m2\repository\io\netty\netty-common\4.1.84.Final\netty-common-4.1.84.Final.jar;C:\Users\sella\.m2\repository\io\netty\netty-transport-classes-epoll\4.1.84.Final\netty-transport-classes-epoll-4.1.84.Final.jar;C:\Users\sella\.m2\repository\io\netty\netty-transport-classes-kqueue\4.1.84.Final\netty-transport-classes-kqueue-4.1.84.Final.jar;C:\Users\sella\.m2\repository\io\netty\netty-transport-native-epoll\4.1.84.Final\netty-transport-native-epoll-4.1.84.Final.jar;C:\Users\sella\.m2\repository\io\netty\netty-transport-native-kqueue\4.1.84.Final\netty-transport-native-kqueue-4.1.84.Final.jar;C:\Users\sella\.m2\repository\io\netty\netty-transport-native-unix-common\4.1.84.Final\netty-transport-native-unix-common-4.1.84.Final.jar;C:\Users\sella\.m2\repository\io\netty\netty-transport\4.1.84.Final\netty-transport-4.1.84.Final.jar;C:\Users\sella\.m2\repository\io\netty\netty-resolver\4.1.84.Final\netty-resolver-4.1.84.Final.jar;C:\Users\sella\.m2\repository\io\opentelemetry\opentelemetry-api\1.19.0\opentelemetry-api-1.19.0.jar;C:\Users\sella\.m2\repository\io\opentelemetry\opentelemetry-context\1.19.0\opentelemetry-context-1.19.0.jar;C:\Users\sella\.m2\repository\io\opentelemetry\opentelemetry-exporter-logging\1.19.0\opentelemetry-exporter-logging-1.19.0.jar;C:\Users\sella\.m2\repository\io\opentelemetry\opentelemetry-sdk-metrics\1.19.0\opentelemetry-sdk-metrics-1.19.0.jar;C:\Users\sella\.m2\repository\io\opentelemetry\opentelemetry-sdk-logs\1.19.0-alpha\opentelemetry-sdk-logs-1.19.0-alpha.jar;C:\Users\sella\.m2\repository\io\opentelemetry\opentelemetry-api-logs\1.19.0-alpha\opentelemetry-api-logs-1.19.0-alpha.jar;C:\Users\sella\.m2\repository\io\opentelemetry\opentelemetry-sdk-common\1.19.0\opentelemetry-sdk-common-1.19.0.jar;C:\Users\sella\.m2\repository\io\opentelemetry\opentelemetry-sdk-extension-autoconfigure-spi\1.19.0\opentelemetry-sdk-extension-autoconfigure-spi-1.19.0.jar;C:\Users\sella\.m2\repository\io\opentelemetry\opentelemetry-sdk-extension-autoconfigure\1.19.0-alpha\opentelemetry-sdk-extension-autoconfigure-1.19.0-alpha.jar;C:\Users\sella\.m2\repository\io\opentelemetry\opentelemetry-exporter-common\1.19.0\opentelemetry-exporter-common-1.19.0.jar;C:\Users\sella\.m2\repository\io\opentelemetry\opentelemetry-sdk-trace\1.19.0\opentelemetry-sdk-trace-1.19.0.jar;C:\Users\sella\.m2\repository\io\opentelemetry\opentelemetry-sdk\1.19.0\opentelemetry-sdk-1.19.0.jar;C:\Users\sella\.m2\repository\io\opentelemetry\opentelemetry-semconv\1.19.0-alpha\opentelemetry-semconv-1.19.0-alpha.jar;C:\Users\sella\.m2\repository\io\ous\jtoml\2.0.0\jtoml-2.0.0.jar;C:\Users\sella\.m2\repository\org\apache\commons\commons-exec\1.3\commons-exec-1.3.jar;C:\Users\sella\.m2\repository\org\asynchttpclient\async-http-client\2.12.3\async-http-client-2.12.3.jar;C:\Users\sella\.m2\repository\org\asynchttpclient\async-http-client-netty-utils\2.12.3\async-http-client-netty-utils-2.12.3.jar;C:\Users\sella\.m2\repository\io\netty\netty-codec-socks\4.1.60.Final\netty-codec-socks-4.1.60.Final.jar;C:\Users\sella\.m2\repository\io\netty\netty-handler-proxy\4.1.60.Final\netty-handler-proxy-4.1.60.Final.jar;C:\Users\sella\.m2\repository\io\netty\netty-transport-native-epoll\4.1.60.Final\netty-transport-native-epoll-4.1.60.Final-linux-x86_64.jar;C:\Users\sella\.m2\repository\io\netty\netty-transport-native-kqueue\4.1.60.Final\netty-transport-native-kqueue-4.1.60.Final-osx-x86_64.jar;C:\Users\sella\.m2\repository\org\reactivestreams\reactive-streams\1.0.3\reactive-streams-1.0.3.jar;C:\Users\sella\.m2\repository\com\typesafe\netty\netty-reactive-streams\2.0.4\netty-reactive-streams-2.0.4.jar;C:\Users\sella\.m2\repository\org\seleniumhq\selenium\selenium-manager\4.7.1\selenium-manager-4.7.1.jar;C:\Users\sella\.m2\repository\org\seleniumhq\selenium\selenium-safari-driver\4.7.1\selenium-safari-driver-4.7.1.jar;C:\Users\sella\.m2\repository\org\seleniumhq\selenium\selenium-api\4.7.1\selenium-api-4.7.1.jar;C:\Users\sella\.m2\repository\org\seleniumhq\selenium\selenium-support\4.7.1\selenium-support-4.7.1.jar;C:\Users\sella\.m2\repository\com\google\auto\service\auto-service-annotations\1.0.1\auto-service-annotations-1.0.1.jar;C:\Users\sella\.m2\repository\com\google\auto\service\auto-service\1.0.1\auto-service-1.0.1.jar;C:\Users\sella\.m2\repository\com\google\auto\auto-common\1.2\auto-common-1.2.jar;C:\Users\sella\.m2\repository\org\seleniumhq\selenium\selenium-json\4.7.1\selenium-json-4.7.1.jar;C:\Users\sella\.m2\repository\org\seleniumhq\selenium\selenium-chrome-driver\4.7.1\selenium-chrome-driver-4.7.1.jar;C:\Users\sella\.m2\repository\org\seleniumhq\selenium\selenium-chromium-driver\4.7.1\selenium-chromium-driver-4.7.1.jar;C:\Users\sella\.m2\repository\org\seleniumhq\selenium\selenium-firefox-driver\4.7.1\selenium-firefox-driver-4.7.1.jar;C:\Users\sella\.m2\repository\org\seleniumhq\selenium\selenium-http\4.7.1\selenium-http-4.7.1.jar;C:\Users\sella\.m2\repository\dev\failsafe\failsafe\3.3.0\failsafe-3.3.0.jar;C:\Users\sella\.m2\repository\org\seleniumhq\selenium\selenium-edge-driver\4.7.1\selenium-edge-driver-4.7.1.jar;C:\Users\sella\.m2\repository\org\seleniumhq\selenium\selenium-ie-driver\4.7.1\selenium-ie-driver-4.7.1.jar;C:\Users\sella\.m2\repository\org\projectlombok\lombok\1.18.20\lombok-1.18.20.jar;C:\Users\sella\.m2\repository\io\appium\java-client\8.3.0\java-client-8.3.0.jar;C:\Users\sella\.m2\repository\commons-validator\commons-validator\1.7\commons-validator-1.7.jar;C:\Users\sella\.m2\repository\commons-digester\commons-digester\2.1\commons-digester-2.1.jar;C:\Users\sella\.m2\repository\org\apache\groovy\groovy\4.0.6\groovy-4.0.6.jar;C:\Users\sella\.m2\repository\net\sf\opencsv\opencsv\2.0\opencsv-2.0.jar;C:\Users\sella\.m2\repository\commons-beanutils\commons-beanutils\1.9.4\commons-beanutils-1.9.4.jar;C:\Users\sella\.m2\repository\org\apache\commons\commons-lang3\3.12.0\commons-lang3-3.12.0.jar;C:\Users\sella\.m2\repository\commons-collections\commons-collections\3.2.2\commons-collections-3.2.2.jar;C:\Users\sella\.m2\repository\org\fluentlenium\fluentlenium-core\0.10.2\fluentlenium-core-0.10.2.jar;C:\Users\sella\.m2\repository\io\github\bonigarcia\webdrivermanager\5.3.0\webdrivermanager-5.3.0.jar;C:\Users\sella\.m2\repository\com\github\docker-java\docker-java\3.2.13\docker-java-3.2.13.jar;C:\Users\sella\.m2\repository\com\github\docker-java\docker-java-core\3.2.13\docker-java-core-3.2.13.jar;C:\Users\sella\.m2\repository\com\github\docker-java\docker-java-api\3.2.13\docker-java-api-3.2.13.jar;C:\Users\sella\.m2\repository\org\apache\commons\commons-compress\1.21\commons-compress-1.21.jar;C:\Users\sella\.m2\repository\org\bouncycastle\bcpkix-jdk15on\1.64\bcpkix-jdk15on-1.64.jar;C:\Users\sella\.m2\repository\org\bouncycastle\bcprov-jdk15on\1.64\bcprov-jdk15on-1.64.jar;C:\Users\sella\.m2\repository\org\slf4j\jcl-over-slf4j\1.7.30\jcl-over-slf4j-1.7.30.jar;C:\Users\sella\.m2\repository\com\github\docker-java\docker-java-transport-httpclient5\3.2.13\docker-java-transport-httpclient5-3.2.13.jar;C:\Users\sella\.m2\repository\com\github\docker-java\docker-java-transport\3.2.13\docker-java-transport-3.2.13.jar;C:\Users\sella\.m2\repository\net\java\dev\jna\jna\5.8.0\jna-5.8.0.jar;C:\Users\sella\.m2\repository\org\brotli\dec\0.1.2\dec-0.1.2.jar;C:\Users\sella\.m2\repository\org\apache\httpcomponents\client5\httpclient5\5.1.3\httpclient5-5.1.3.jar;C:\Users\sella\.m2\repository\org\apache\httpcomponents\core5\httpcore5\5.1.3\httpcore5-5.1.3.jar;C:\Users\sella\.m2\repository\org\apache\httpcomponents\core5\httpcore5-h2\5.1.3\httpcore5-h2-5.1.3.jar;C:\Users\sella\.m2\repository\com\jhlabs\filters\2.0.235\filters-2.0.235.jar;C:\Users\sella\.m2\repository\com\paulhammant\ngwebdriver\1.1.6\ngwebdriver-1.1.6.jar;C:\Users\sella\.m2\repository\joda-time\joda-time\2.8.2\joda-time-2.8.2.jar;C:\Users\sella\.m2\repository\org\hamcrest\hamcrest\2.2\hamcrest-2.2.jar;C:\Users\sella\.m2\repository\com\google\jimfs\jimfs\1.2\jimfs-1.2.jar;C:\Users\sella\.m2\repository\org\mockito\mockito-core\3.3.3\mockito-core-3.3.3.jar;C:\Users\sella\.m2\repository\javax\xml\bind\jaxb-api\2.3.1\jaxb-api-2.3.1.jar;C:\Users\sella\.m2\repository\javax\activation\javax.activation-api\1.2.0\javax.activation-api-1.2.0.jar;C:\Users\sella\.m2\repository\com\sun\xml\bind\jaxb-core\2.3.0.1\jaxb-core-2.3.0.1.jar;C:\Users\sella\.m2\repository\com\sun\xml\bind\jaxb-impl\2.3.3\jaxb-impl-2.3.3.jar;C:\Users\sella\.m2\repository\jakarta\xml\bind\jakarta.xml.bind-api\2.3.3\jakarta.xml.bind-api-2.3.3.jar;C:\Users\sella\.m2\repository\com\sun\activation\jakarta.activation\1.2.2\jakarta.activation-1.2.2.jar;C:\Users\sella\.m2\repository\javax\activation\activation\1.1.1\activation-1.1.1.jar;C:\Users\sella\.m2\repository\net\serenity-bdd\serenity-rest-assured\3.5.1\serenity-rest-assured-3.5.1.jar;C:\Users\sella\.m2\repository\io\rest-assured\rest-assured\5.2.0\rest-assured-5.2.0.jar;C:\Users\sella\.m2\repository\org\apache\httpcomponents\httpmime\4.5.13\httpmime-4.5.13.jar;C:\Users\sella\.m2\repository\org\ccil\cowan\tagsoup\tagsoup\1.2.1\tagsoup-1.2.1.jar;C:\Users\sella\.m2\repository\io\rest-assured\json-path\5.2.0\json-path-5.2.0.jar;C:\Users\sella\.m2\repository\io\rest-assured\rest-assured-common\5.2.0\rest-assured-common-5.2.0.jar;C:\Users\sella\.m2\repository\io\rest-assured\xml-path\5.2.0\xml-path-5.2.0.jar;C:\Users\sella\.m2\repository\org\apache\groovy\groovy-json\4.0.6\groovy-json-4.0.6.jar;C:\Users\sella\.m2\repository\org\apache\groovy\groovy-xml\4.0.6\groovy-xml-4.0.6.jar;C:\Users\sella\.m2\repository\org\opentest4j\opentest4j\1.2.0\opentest4j-1.2.0.jar;C:\Users\sella\.m2\repository\net\serenity-bdd\serenity-cucumber\3.5.1\serenity-cucumber-3.5.1.jar;C:\Users\sella\.m2\repository\io\cucumber\cucumber-core\7.8.1\cucumber-core-7.8.1.jar;C:\Users\sella\.m2\repository\io\cucumber\cucumber-gherkin\7.8.1\cucumber-gherkin-7.8.1.jar;C:\Users\sella\.m2\repository\io\cucumber\cucumber-gherkin-messages\7.8.1\cucumber-gherkin-messages-7.8.1.jar;C:\Users\sella\.m2\repository\io\cucumber\gherkin\24.0.0\gherkin-24.0.0.jar;C:\Users\sella\.m2\repository\io\cucumber\messages\19.1.4\messages-19.1.4.jar;C:\Users\sella\.m2\repository\io\cucumber\tag-expressions\4.1.0\tag-expressions-4.1.0.jar;C:\Users\sella\.m2\repository\io\cucumber\cucumber-expressions\16.0.0\cucumber-expressions-16.0.0.jar;C:\Users\sella\.m2\repository\io\cucumber\datatable\7.8.1\datatable-7.8.1.jar;C:\Users\sella\.m2\repository\io\cucumber\cucumber-plugin\7.8.1\cucumber-plugin-7.8.1.jar;C:\Users\sella\.m2\repository\io\cucumber\docstring\7.8.1\docstring-7.8.1.jar;C:\Users\sella\.m2\repository\io\cucumber\html-formatter\20.1.0\html-formatter-20.1.0.jar;C:\Users\sella\.m2\repository\io\cucumber\ci-environment\9.1.0\ci-environment-9.1.0.jar;C:\Users\sella\.m2\repository\io\cucumber\cucumber-java\7.8.1\cucumber-java-7.8.1.jar;C:\Users\sella\.m2\repository\io\cucumber\cucumber-junit\7.8.1\cucumber-junit-7.8.1.jar;C:\Users\sella\.m2\repository\org\apache\commons\commons-csv\1.5\commons-csv-1.5.jar;C:\Users\sella\.m2\repository\net\serenity-bdd\serenity-screenplay\3.5.1\serenity-screenplay-3.5.1.jar;C:\Users\sella\.m2\repository\net\serenity-bdd\serenity-screenplay-webdriver\3.5.1\serenity-screenplay-webdriver-3.5.1.jar;C:\Users\sella\.m2\repository\net\serenity-bdd\serenity-ensure\3.5.1\serenity-ensure-3.5.1.jar;C:\Users\sella\.m2\repository\net\serenity-bdd\serenity-junit\3.5.1\serenity-junit-3.5.1.jar;C:\Users\sella\.m2\repository\org\jetbrains\kotlin\kotlin-stdlib\1.7.21\kotlin-stdlib-1.7.21.jar;C:\Users\sella\.m2\repository\org\jetbrains\kotlin\kotlin-stdlib-common\1.7.21\kotlin-stdlib-common-1.7.21.jar;C:\Users\sella\.m2\repository\org\jetbrains\annotations\13.0\annotations-13.0.jar;C:\Users\sella\.m2\repository\org\junit\platform\junit-platform-launcher\1.8.2\junit-platform-launcher-1.8.2.jar;C:\Users\sella\.m2\repository\org\junit\platform\junit-platform-engine\1.8.2\junit-platform-engine-1.8.2.jar;C:\Users\sella\.m2\repository\org\junit\platform\junit-platform-commons\1.8.2\junit-platform-commons-1.8.2.jar;C:\Users\sella\.m2\repository\org\apiguardian\apiguardian-api\1.1.2\apiguardian-api-1.1.2.jar;C:\Users\sella\.m2\repository\org\junit\jupiter\junit-jupiter-engine\5.8.2\junit-jupiter-engine-5.8.2.jar;C:\Users\sella\.m2\repository\org\junit\jupiter\junit-jupiter-api\5.8.2\junit-jupiter-api-5.8.2.jar;C:\Users\sella\.m2\repository\org\junit\vintage\junit-vintage-engine\5.8.2\junit-vintage-engine-5.8.2.jar;C:\Users\sella\.m2\repository\junit\junit\4.13.2\junit-4.13.2.jar;C:\Users\sella\.m2\repository\org\hamcrest\hamcrest-core\1.3\hamcrest-core-1.3.jar;C:\Users\sella\.m2\repository\ch\qos\logback\logback-classic\1.2.10\logback-classic-1.2.10.jar;C:\Users\sella\.m2\repository\ch\qos\logback\logback-core\1.2.10\logback-core-1.2.10.jar;C:\Users\sella\.m2\repository\org\slf4j\slf4j-api\1.7.32\slf4j-api-1.7.32.jar;C:\Users\sella\.m2\repository\org\assertj\assertj-core\3.23.1\assertj-core-3.23.1.jar;C:\Users\sella\.m2\repository\net\bytebuddy\byte-buddy\1.12.10\byte-buddy-1.12.10.jar;C:\Users\sella\.m2\repository\com\googlecode\json-simple\json-simple\1.1.1\json-simple-1.1.1.jar;"/>
    <property name="java.vm.vendor" value="Oracle Corporation"/>
    <property name="sun.arch.data.model" value="64"/>
    <property name="user.variant" value=""/>
    <property name="java.vendor.url" value="https://java.oracle.com/"/>
    <property name="user.timezone" value="Asia/Jakarta"/>
    <property name="os.name" value="Windows 10"/>
    <property name="java.vm.specification.version" value="19"/>
    <property name="sun.java.launcher" value="SUN_STANDARD"/>
    <property name="user.country" value="ID"/>
    <property name="sun.boot.library.path" value="C:\Program Files\Java\jdk-19\bin"/>
    <property name="sun.java.command" value="org.apache.maven.surefire.booter.ForkedBooter C:\Users\sella\AppData\Local\Temp\surefire138861812477519269 2023-04-17T19-47-37_289-jvmRun1 surefire424941147219539401tmp surefire_07324715233560411851tmp"/>
    <property name="jdk.debug" value="release"/>
    <property name="surefire.test.class.path" value="D:\KULIAH\kmrdeka\Weekly2\target\test-classes;C:\Users\sella\.m2\repository\net\serenity-bdd\serenity-core\3.5.1\serenity-core-3.5.1.jar;C:\Users\sella\.m2\repository\net\serenity-bdd\serenity-model\3.5.1\serenity-model-3.5.1.jar;C:\Users\sella\.m2\repository\org\apache\commons\commons-text\1.10.0\commons-text-1.10.0.jar;C:\Users\sella\.m2\repository\commons-net\commons-net\3.8.0\commons-net-3.8.0.jar;C:\Users\sella\.m2\repository\com\google\guava\guava\31.1-jre\guava-31.1-jre.jar;C:\Users\sella\.m2\repository\com\google\guava\failureaccess\1.0.1\failureaccess-1.0.1.jar;C:\Users\sella\.m2\repository\com\google\guava\listenablefuture\9999.0-empty-to-avoid-conflict-with-guava\listenablefuture-9999.0-empty-to-avoid-conflict-with-guava.jar;C:\Users\sella\.m2\repository\com\google\code\findbugs\jsr305\3.0.2\jsr305-3.0.2.jar;C:\Users\sella\.m2\repository\org\checkerframework\checker-qual\3.12.0\checker-qual-3.12.0.jar;C:\Users\sella\.m2\repository\com\google\errorprone\error_prone_annotations\2.11.0\error_prone_annotations-2.11.0.jar;C:\Users\sella\.m2\repository\com\google\j2objc\j2objc-annotations\1.3\j2objc-annotations-1.3.jar;C:\Users\sella\.m2\repository\com\google\inject\guice\5.1.0\guice-5.1.0.jar;C:\Users\sella\.m2\repository\javax\inject\javax.inject\1\javax.inject-1.jar;C:\Users\sella\.m2\repository\aopalliance\aopalliance\1.0\aopalliance-1.0.jar;C:\Users\sella\.m2\repository\org\jsoup\jsoup\1.14.3\jsoup-1.14.3.jar;C:\Users\sella\.m2\repository\com\thoughtworks\xstream\xstream\1.4.19\xstream-1.4.19.jar;C:\Users\sella\.m2\repository\io\github\x-stream\mxparser\1.2.2\mxparser-1.2.2.jar;C:\Users\sella\.m2\repository\xmlpull\xmlpull\1.1.3.1\xmlpull-1.1.3.1.jar;C:\Users\sella\.m2\repository\com\typesafe\config\1.4.2\config-1.4.2.jar;C:\Users\sella\.m2\repository\org\imgscalr\imgscalr-lib\4.2\imgscalr-lib-4.2.jar;C:\Users\sella\.m2\repository\org\awaitility\awaitility\4.2.0\awaitility-4.2.0.jar;C:\Users\sella\.m2\repository\org\freemarker\freemarker\2.3.31\freemarker-2.3.31.jar;C:\Users\sella\.m2\repository\io\github\classgraph\classgraph\4.8.138\classgraph-4.8.138.jar;C:\Users\sella\.m2\repository\net\sourceforge\jexcelapi\jxl\2.6.12\jxl-2.6.12.jar;C:\Users\sella\.m2\repository\net\bytebuddy\byte-buddy-agent\1.12.18\byte-buddy-agent-1.12.18.jar;C:\Users\sella\.m2\repository\org\objenesis\objenesis\3.1\objenesis-3.1.jar;C:\Users\sella\.m2\repository\net\serenity-bdd\serenity-reports\3.5.1\serenity-reports-3.5.1.jar;C:\Users\sella\.m2\repository\net\serenity-bdd\serenity-stats\3.5.1\serenity-stats-3.5.1.jar;C:\Users\sella\.m2\repository\net\serenity-bdd\serenity-reports-configuration\3.5.1\serenity-reports-configuration-3.5.1.jar;C:\Users\sella\.m2\repository\com\vladsch\flexmark\flexmark-all\0.34.30\flexmark-all-0.34.30.jar;C:\Users\sella\.m2\repository\com\vladsch\flexmark\flexmark\0.34.30\flexmark-0.34.30.jar;C:\Users\sella\.m2\repository\com\vladsch\flexmark\flexmark-ext-abbreviation\0.34.30\flexmark-ext-abbreviation-0.34.30.jar;C:\Users\sella\.m2\repository\com\vladsch\flexmark\flexmark-ext-admonition\0.34.30\flexmark-ext-admonition-0.34.30.jar;C:\Users\sella\.m2\repository\com\vladsch\flexmark\flexmark-ext-anchorlink\0.34.30\flexmark-ext-anchorlink-0.34.30.jar;C:\Users\sella\.m2\repository\com\vladsch\flexmark\flexmark-ext-aside\0.34.30\flexmark-ext-aside-0.34.30.jar;C:\Users\sella\.m2\repository\com\vladsch\flexmark\flexmark-ext-attributes\0.34.30\flexmark-ext-attributes-0.34.30.jar;C:\Users\sella\.m2\repository\com\vladsch\flexmark\flexmark-ext-autolink\0.34.30\flexmark-ext-autolink-0.34.30.jar;C:\Users\sella\.m2\repository\org\nibor\autolink\autolink\0.6.0\autolink-0.6.0.jar;C:\Users\sella\.m2\repository\com\vladsch\flexmark\flexmark-ext-definition\0.34.30\flexmark-ext-definition-0.34.30.jar;C:\Users\sella\.m2\repository\com\vladsch\flexmark\flexmark-ext-emoji\0.34.30\flexmark-ext-emoji-0.34.30.jar;C:\Users\sella\.m2\repository\com\vladsch\flexmark\flexmark-ext-enumerated-reference\0.34.30\flexmark-ext-enumerated-reference-0.34.30.jar;C:\Users\sella\.m2\repository\com\vladsch\flexmark\flexmark-ext-escaped-character\0.34.30\flexmark-ext-escaped-character-0.34.30.jar;C:\Users\sella\.m2\repository\com\vladsch\flexmark\flexmark-ext-footnotes\0.34.30\flexmark-ext-footnotes-0.34.30.jar;C:\Users\sella\.m2\repository\com\vladsch\flexmark\flexmark-ext-gfm-issues\0.34.30\flexmark-ext-gfm-issues-0.34.30.jar;C:\Users\sella\.m2\repository\com\vladsch\flexmark\flexmark-ext-gfm-strikethrough\0.34.30\flexmark-ext-gfm-strikethrough-0.34.30.jar;C:\Users\sella\.m2\repository\com\vladsch\flexmark\flexmark-ext-gfm-tables\0.34.30\flexmark-ext-gfm-tables-0.34.30.jar;C:\Users\sella\.m2\repository\com\vladsch\flexmark\flexmark-ext-gfm-tasklist\0.34.30\flexmark-ext-gfm-tasklist-0.34.30.jar;C:\Users\sella\.m2\repository\com\vladsch\flexmark\flexmark-ext-gfm-users\0.34.30\flexmark-ext-gfm-users-0.34.30.jar;C:\Users\sella\.m2\repository\com\vladsch\flexmark\flexmark-ext-gitlab\0.34.30\flexmark-ext-gitlab-0.34.30.jar;C:\Users\sella\.m2\repository\com\vladsch\flexmark\flexmark-ext-jekyll-front-matter\0.34.30\flexmark-ext-jekyll-front-matter-0.34.30.jar;C:\Users\sella\.m2\repository\com\vladsch\flexmark\flexmark-ext-jekyll-tag\0.34.30\flexmark-ext-jekyll-tag-0.34.30.jar;C:\Users\sella\.m2\repository\com\vladsch\flexmark\flexmark-ext-media-tags\0.34.30\flexmark-ext-media-tags-0.34.30.jar;C:\Users\sella\.m2\repository\com\vladsch\flexmark\flexmark-test-util\0.34.30\flexmark-test-util-0.34.30.jar;C:\Users\sella\.m2\repository\com\vladsch\flexmark\flexmark-ext-ins\0.34.30\flexmark-ext-ins-0.34.30.jar;C:\Users\sella\.m2\repository\com\vladsch\flexmark\flexmark-ext-xwiki-macros\0.34.30\flexmark-ext-xwiki-macros-0.34.30.jar;C:\Users\sella\.m2\repository\com\vladsch\flexmark\flexmark-ext-superscript\0.34.30\flexmark-ext-superscript-0.34.30.jar;C:\Users\sella\.m2\repository\com\vladsch\flexmark\flexmark-ext-tables\0.34.30\flexmark-ext-tables-0.34.30.jar;C:\Users\sella\.m2\repository\com\vladsch\flexmark\flexmark-ext-toc\0.34.30\flexmark-ext-toc-0.34.30.jar;C:\Users\sella\.m2\repository\com\vladsch\flexmark\flexmark-ext-typographic\0.34.30\flexmark-ext-typographic-0.34.30.jar;C:\Users\sella\.m2\repository\com\vladsch\flexmark\flexmark-ext-wikilink\0.34.30\flexmark-ext-wikilink-0.34.30.jar;C:\Users\sella\.m2\repository\com\vladsch\flexmark\flexmark-ext-yaml-front-matter\0.34.30\flexmark-ext-yaml-front-matter-0.34.30.jar;C:\Users\sella\.m2\repository\com\vladsch\flexmark\flexmark-ext-youtube-embedded\0.34.30\flexmark-ext-youtube-embedded-0.34.30.jar;C:\Users\sella\.m2\repository\com\vladsch\flexmark\flexmark-formatter\0.34.30\flexmark-formatter-0.34.30.jar;C:\Users\sella\.m2\repository\com\vladsch\flexmark\flexmark-html-parser\0.34.30\flexmark-html-parser-0.34.30.jar;C:\Users\sella\.m2\repository\com\vladsch\flexmark\flexmark-jira-converter\0.34.30\flexmark-jira-converter-0.34.30.jar;C:\Users\sella\.m2\repository\com\vladsch\flexmark\flexmark-pdf-converter\0.34.30\flexmark-pdf-converter-0.34.30.jar;C:\Users\sella\.m2\repository\com\openhtmltopdf\openhtmltopdf-core\0.0.1-RC13\openhtmltopdf-core-0.0.1-RC13.jar;C:\Users\sella\.m2\repository\com\openhtmltopdf\openhtmltopdf-pdfbox\0.0.1-RC13\openhtmltopdf-pdfbox-0.0.1-RC13.jar;C:\Users\sella\.m2\repository\org\apache\pdfbox\pdfbox\2.0.8\pdfbox-2.0.8.jar;C:\Users\sella\.m2\repository\org\apache\pdfbox\fontbox\2.0.8\fontbox-2.0.8.jar;C:\Users\sella\.m2\repository\org\apache\pdfbox\xmpbox\2.0.8\xmpbox-2.0.8.jar;C:\Users\sella\.m2\repository\de\rototor\pdfbox\graphics2d\0.12\graphics2d-0.12.jar;C:\Users\sella\.m2\repository\com\openhtmltopdf\openhtmltopdf-rtl-support\0.0.1-RC13\openhtmltopdf-rtl-support-0.0.1-RC13.jar;C:\Users\sella\.m2\repository\com\ibm\icu\icu4j\59.1\icu4j-59.1.jar;C:\Users\sella\.m2\repository\com\openhtmltopdf\openhtmltopdf-jsoup-dom-converter\0.0.1-RC13\openhtmltopdf-jsoup-dom-converter-0.0.1-RC13.jar;C:\Users\sella\.m2\repository\com\vladsch\flexmark\flexmark-profile-pegdown\0.34.30\flexmark-profile-pegdown-0.34.30.jar;C:\Users\sella\.m2\repository\com\vladsch\flexmark\flexmark-util\0.34.30\flexmark-util-0.34.30.jar;C:\Users\sella\.m2\repository\com\vladsch\flexmark\flexmark-youtrack-converter\0.34.30\flexmark-youtrack-converter-0.34.30.jar;C:\Users\sella\.m2\repository\es\nitaur\markdown\txtmark\0.16\txtmark-0.16.jar;C:\Users\sella\.m2\repository\net\serenity-bdd\serenity-report-resources\3.5.1\serenity-report-resources-3.5.1.jar;C:\Users\sella\.m2\repository\com\google\code\gson\gson\2.9.0\gson-2.9.0.jar;C:\Users\sella\.m2\repository\com\fasterxml\jackson\core\jackson-core\2.13.4\jackson-core-2.13.4.jar;C:\Users\sella\.m2\repository\com\fasterxml\jackson\core\jackson-databind\2.13.4\jackson-databind-2.13.4.jar;C:\Users\sella\.m2\repository\com\fasterxml\jackson\core\jackson-annotations\2.13.4\jackson-annotations-2.13.4.jar;C:\Users\sella\.m2\repository\commons-codec\commons-codec\1.15\commons-codec-1.15.jar;C:\Users\sella\.m2\repository\commons-io\commons-io\2.11.0\commons-io-2.11.0.jar;C:\Users\sella\.m2\repository\org\apache\httpcomponents\httpclient\4.5.13\httpclient-4.5.13.jar;C:\Users\sella\.m2\repository\org\apache\httpcomponents\httpcore\4.4.13\httpcore-4.4.13.jar;C:\Users\sella\.m2\repository\commons-logging\commons-logging\1.2\commons-logging-1.2.jar;C:\Users\sella\.m2\repository\org\seleniumhq\selenium\selenium-java\4.7.1\selenium-java-4.7.1.jar;C:\Users\sella\.m2\repository\org\seleniumhq\selenium\selenium-devtools-v106\4.7.1\selenium-devtools-v106-4.7.1.jar;C:\Users\sella\.m2\repository\org\seleniumhq\selenium\selenium-devtools-v107\4.7.1\selenium-devtools-v107-4.7.1.jar;C:\Users\sella\.m2\repository\org\seleniumhq\selenium\selenium-devtools-v108\4.7.1\selenium-devtools-v108-4.7.1.jar;C:\Users\sella\.m2\repository\org\seleniumhq\selenium\selenium-devtools-v85\4.7.1\selenium-devtools-v85-4.7.1.jar;C:\Users\sella\.m2\repository\org\seleniumhq\selenium\selenium-remote-driver\4.7.1\selenium-remote-driver-4.7.1.jar;C:\Users\sella\.m2\repository\com\beust\jcommander\1.82\jcommander-1.82.jar;C:\Users\sella\.m2\repository\io\netty\netty-buffer\4.1.84.Final\netty-buffer-4.1.84.Final.jar;C:\Users\sella\.m2\repository\io\netty\netty-codec-http\4.1.84.Final\netty-codec-http-4.1.84.Final.jar;C:\Users\sella\.m2\repository\io\netty\netty-codec\4.1.84.Final\netty-codec-4.1.84.Final.jar;C:\Users\sella\.m2\repository\io\netty\netty-handler\4.1.84.Final\netty-handler-4.1.84.Final.jar;C:\Users\sella\.m2\repository\io\netty\netty-common\4.1.84.Final\netty-common-4.1.84.Final.jar;C:\Users\sella\.m2\repository\io\netty\netty-transport-classes-epoll\4.1.84.Final\netty-transport-classes-epoll-4.1.84.Final.jar;C:\Users\sella\.m2\repository\io\netty\netty-transport-classes-kqueue\4.1.84.Final\netty-transport-classes-kqueue-4.1.84.Final.jar;C:\Users\sella\.m2\repository\io\netty\netty-transport-native-epoll\4.1.84.Final\netty-transport-native-epoll-4.1.84.Final.jar;C:\Users\sella\.m2\repository\io\netty\netty-transport-native-kqueue\4.1.84.Final\netty-transport-native-kqueue-4.1.84.Final.jar;C:\Users\sella\.m2\repository\io\netty\netty-transport-native-unix-common\4.1.84.Final\netty-transport-native-unix-common-4.1.84.Final.jar;C:\Users\sella\.m2\repository\io\netty\netty-transport\4.1.84.Final\netty-transport-4.1.84.Final.jar;C:\Users\sella\.m2\repository\io\netty\netty-resolver\4.1.84.Final\netty-resolver-4.1.84.Final.jar;C:\Users\sella\.m2\repository\io\opentelemetry\opentelemetry-api\1.19.0\opentelemetry-api-1.19.0.jar;C:\Users\sella\.m2\repository\io\opentelemetry\opentelemetry-context\1.19.0\opentelemetry-context-1.19.0.jar;C:\Users\sella\.m2\repository\io\opentelemetry\opentelemetry-exporter-logging\1.19.0\opentelemetry-exporter-logging-1.19.0.jar;C:\Users\sella\.m2\repository\io\opentelemetry\opentelemetry-sdk-metrics\1.19.0\opentelemetry-sdk-metrics-1.19.0.jar;C:\Users\sella\.m2\repository\io\opentelemetry\opentelemetry-sdk-logs\1.19.0-alpha\opentelemetry-sdk-logs-1.19.0-alpha.jar;C:\Users\sella\.m2\repository\io\opentelemetry\opentelemetry-api-logs\1.19.0-alpha\opentelemetry-api-logs-1.19.0-alpha.jar;C:\Users\sella\.m2\repository\io\opentelemetry\opentelemetry-sdk-common\1.19.0\opentelemetry-sdk-common-1.19.0.jar;C:\Users\sella\.m2\repository\io\opentelemetry\opentelemetry-sdk-extension-autoconfigure-spi\1.19.0\opentelemetry-sdk-extension-autoconfigure-spi-1.19.0.jar;C:\Users\sella\.m2\repository\io\opentelemetry\opentelemetry-sdk-extension-autoconfigure\1.19.0-alpha\opentelemetry-sdk-extension-autoconfigure-1.19.0-alpha.jar;C:\Users\sella\.m2\repository\io\opentelemetry\opentelemetry-exporter-common\1.19.0\opentelemetry-exporter-common-1.19.0.jar;C:\Users\sella\.m2\repository\io\opentelemetry\opentelemetry-sdk-trace\1.19.0\opentelemetry-sdk-trace-1.19.0.jar;C:\Users\sella\.m2\repository\io\opentelemetry\opentelemetry-sdk\1.19.0\opentelemetry-sdk-1.19.0.jar;C:\Users\sella\.m2\repository\io\opentelemetry\opentelemetry-semconv\1.19.0-alpha\opentelemetry-semconv-1.19.0-alpha.jar;C:\Users\sella\.m2\repository\io\ous\jtoml\2.0.0\jtoml-2.0.0.jar;C:\Users\sella\.m2\repository\org\apache\commons\commons-exec\1.3\commons-exec-1.3.jar;C:\Users\sella\.m2\repository\org\asynchttpclient\async-http-client\2.12.3\async-http-client-2.12.3.jar;C:\Users\sella\.m2\repository\org\asynchttpclient\async-http-client-netty-utils\2.12.3\async-http-client-netty-utils-2.12.3.jar;C:\Users\sella\.m2\repository\io\netty\netty-codec-socks\4.1.60.Final\netty-codec-socks-4.1.60.Final.jar;C:\Users\sella\.m2\repository\io\netty\netty-handler-proxy\4.1.60.Final\netty-handler-proxy-4.1.60.Final.jar;C:\Users\sella\.m2\repository\io\netty\netty-transport-native-epoll\4.1.60.Final\netty-transport-native-epoll-4.1.60.Final-linux-x86_64.jar;C:\Users\sella\.m2\repository\io\netty\netty-transport-native-kqueue\4.1.60.Final\netty-transport-native-kqueue-4.1.60.Final-osx-x86_64.jar;C:\Users\sella\.m2\repository\org\reactivestreams\reactive-streams\1.0.3\reactive-streams-1.0.3.jar;C:\Users\sella\.m2\repository\com\typesafe\netty\netty-reactive-streams\2.0.4\netty-reactive-streams-2.0.4.jar;C:\Users\sella\.m2\repository\org\seleniumhq\selenium\selenium-manager\4.7.1\selenium-manager-4.7.1.jar;C:\Users\sella\.m2\repository\org\seleniumhq\selenium\selenium-safari-driver\4.7.1\selenium-safari-driver-4.7.1.jar;C:\Users\sella\.m2\repository\org\seleniumhq\selenium\selenium-api\4.7.1\selenium-api-4.7.1.jar;C:\Users\sella\.m2\repository\org\seleniumhq\selenium\selenium-support\4.7.1\selenium-support-4.7.1.jar;C:\Users\sella\.m2\repository\com\google\auto\service\auto-service-annotations\1.0.1\auto-service-annotations-1.0.1.jar;C:\Users\sella\.m2\repository\com\google\auto\service\auto-service\1.0.1\auto-service-1.0.1.jar;C:\Users\sella\.m2\repository\com\google\auto\auto-common\1.2\auto-common-1.2.jar;C:\Users\sella\.m2\repository\org\seleniumhq\selenium\selenium-json\4.7.1\selenium-json-4.7.1.jar;C:\Users\sella\.m2\repository\org\seleniumhq\selenium\selenium-chrome-driver\4.7.1\selenium-chrome-driver-4.7.1.jar;C:\Users\sella\.m2\repository\org\seleniumhq\selenium\selenium-chromium-driver\4.7.1\selenium-chromium-driver-4.7.1.jar;C:\Users\sella\.m2\repository\org\seleniumhq\selenium\selenium-firefox-driver\4.7.1\selenium-firefox-driver-4.7.1.jar;C:\Users\sella\.m2\repository\org\seleniumhq\selenium\selenium-http\4.7.1\selenium-http-4.7.1.jar;C:\Users\sella\.m2\repository\dev\failsafe\failsafe\3.3.0\failsafe-3.3.0.jar;C:\Users\sella\.m2\repository\org\seleniumhq\selenium\selenium-edge-driver\4.7.1\selenium-edge-driver-4.7.1.jar;C:\Users\sella\.m2\repository\org\seleniumhq\selenium\selenium-ie-driver\4.7.1\selenium-ie-driver-4.7.1.jar;C:\Users\sella\.m2\repository\org\projectlombok\lombok\1.18.20\lombok-1.18.20.jar;C:\Users\sella\.m2\repository\io\appium\java-client\8.3.0\java-client-8.3.0.jar;C:\Users\sella\.m2\repository\commons-validator\commons-validator\1.7\commons-validator-1.7.jar;C:\Users\sella\.m2\repository\commons-digester\commons-digester\2.1\commons-digester-2.1.jar;C:\Users\sella\.m2\repository\org\apache\groovy\groovy\4.0.6\groovy-4.0.6.jar;C:\Users\sella\.m2\repository\net\sf\opencsv\opencsv\2.0\opencsv-2.0.jar;C:\Users\sella\.m2\repository\commons-beanutils\commons-beanutils\1.9.4\commons-beanutils-1.9.4.jar;C:\Users\sella\.m2\repository\org\apache\commons\commons-lang3\3.12.0\commons-lang3-3.12.0.jar;C:\Users\sella\.m2\repository\commons-collections\commons-collections\3.2.2\commons-collections-3.2.2.jar;C:\Users\sella\.m2\repository\org\fluentlenium\fluentlenium-core\0.10.2\fluentlenium-core-0.10.2.jar;C:\Users\sella\.m2\repository\io\github\bonigarcia\webdrivermanager\5.3.0\webdrivermanager-5.3.0.jar;C:\Users\sella\.m2\repository\com\github\docker-java\docker-java\3.2.13\docker-java-3.2.13.jar;C:\Users\sella\.m2\repository\com\github\docker-java\docker-java-core\3.2.13\docker-java-core-3.2.13.jar;C:\Users\sella\.m2\repository\com\github\docker-java\docker-java-api\3.2.13\docker-java-api-3.2.13.jar;C:\Users\sella\.m2\repository\org\apache\commons\commons-compress\1.21\commons-compress-1.21.jar;C:\Users\sella\.m2\repository\org\bouncycastle\bcpkix-jdk15on\1.64\bcpkix-jdk15on-1.64.jar;C:\Users\sella\.m2\repository\org\bouncycastle\bcprov-jdk15on\1.64\bcprov-jdk15on-1.64.jar;C:\Users\sella\.m2\repository\org\slf4j\jcl-over-slf4j\1.7.30\jcl-over-slf4j-1.7.30.jar;C:\Users\sella\.m2\repository\com\github\docker-java\docker-java-transport-httpclient5\3.2.13\docker-java-transport-httpclient5-3.2.13.jar;C:\Users\sella\.m2\repository\com\github\docker-java\docker-java-transport\3.2.13\docker-java-transport-3.2.13.jar;C:\Users\sella\.m2\repository\net\java\dev\jna\jna\5.8.0\jna-5.8.0.jar;C:\Users\sella\.m2\repository\org\brotli\dec\0.1.2\dec-0.1.2.jar;C:\Users\sella\.m2\repository\org\apache\httpcomponents\client5\httpclient5\5.1.3\httpclient5-5.1.3.jar;C:\Users\sella\.m2\repository\org\apache\httpcomponents\core5\httpcore5\5.1.3\httpcore5-5.1.3.jar;C:\Users\sella\.m2\repository\org\apache\httpcomponents\core5\httpcore5-h2\5.1.3\httpcore5-h2-5.1.3.jar;C:\Users\sella\.m2\repository\com\jhlabs\filters\2.0.235\filters-2.0.235.jar;C:\Users\sella\.m2\repository\com\paulhammant\ngwebdriver\1.1.6\ngwebdriver-1.1.6.jar;C:\Users\sella\.m2\repository\joda-time\joda-time\2.8.2\joda-time-2.8.2.jar;C:\Users\sella\.m2\repository\org\hamcrest\hamcrest\2.2\hamcrest-2.2.jar;C:\Users\sella\.m2\repository\com\google\jimfs\jimfs\1.2\jimfs-1.2.jar;C:\Users\sella\.m2\repository\org\mockito\mockito-core\3.3.3\mockito-core-3.3.3.jar;C:\Users\sella\.m2\repository\javax\xml\bind\jaxb-api\2.3.1\jaxb-api-2.3.1.jar;C:\Users\sella\.m2\repository\javax\activation\javax.activation-api\1.2.0\javax.activation-api-1.2.0.jar;C:\Users\sella\.m2\repository\com\sun\xml\bind\jaxb-core\2.3.0.1\jaxb-core-2.3.0.1.jar;C:\Users\sella\.m2\repository\com\sun\xml\bind\jaxb-impl\2.3.3\jaxb-impl-2.3.3.jar;C:\Users\sella\.m2\repository\jakarta\xml\bind\jakarta.xml.bind-api\2.3.3\jakarta.xml.bind-api-2.3.3.jar;C:\Users\sella\.m2\repository\com\sun\activation\jakarta.activation\1.2.2\jakarta.activation-1.2.2.jar;C:\Users\sella\.m2\repository\javax\activation\activation\1.1.1\activation-1.1.1.jar;C:\Users\sella\.m2\repository\net\serenity-bdd\serenity-rest-assured\3.5.1\serenity-rest-assured-3.5.1.jar;C:\Users\sella\.m2\repository\io\rest-assured\rest-assured\5.2.0\rest-assured-5.2.0.jar;C:\Users\sella\.m2\repository\org\apache\httpcomponents\httpmime\4.5.13\httpmime-4.5.13.jar;C:\Users\sella\.m2\repository\org\ccil\cowan\tagsoup\tagsoup\1.2.1\tagsoup-1.2.1.jar;C:\Users\sella\.m2\repository\io\rest-assured\json-path\5.2.0\json-path-5.2.0.jar;C:\Users\sella\.m2\repository\io\rest-assured\rest-assured-common\5.2.0\rest-assured-common-5.2.0.jar;C:\Users\sella\.m2\repository\io\rest-assured\xml-path\5.2.0\xml-path-5.2.0.jar;C:\Users\sella\.m2\repository\org\apache\groovy\groovy-json\4.0.6\groovy-json-4.0.6.jar;C:\Users\sella\.m2\repository\org\apache\groovy\groovy-xml\4.0.6\groovy-xml-4.0.6.jar;C:\Users\sella\.m2\repository\org\opentest4j\opentest4j\1.2.0\opentest4j-1.2.0.jar;C:\Users\sella\.m2\repository\net\serenity-bdd\serenity-cucumber\3.5.1\serenity-cucumber-3.5.1.jar;C:\Users\sella\.m2\repository\io\cucumber\cucumber-core\7.8.1\cucumber-core-7.8.1.jar;C:\Users\sella\.m2\repository\io\cucumber\cucumber-gherkin\7.8.1\cucumber-gherkin-7.8.1.jar;C:\Users\sella\.m2\repository\io\cucumber\cucumber-gherkin-messages\7.8.1\cucumber-gherkin-messages-7.8.1.jar;C:\Users\sella\.m2\repository\io\cucumber\gherkin\24.0.0\gherkin-24.0.0.jar;C:\Users\sella\.m2\repository\io\cucumber\messages\19.1.4\messages-19.1.4.jar;C:\Users\sella\.m2\repository\io\cucumber\tag-expressions\4.1.0\tag-expressions-4.1.0.jar;C:\Users\sella\.m2\repository\io\cucumber\cucumber-expressions\16.0.0\cucumber-expressions-16.0.0.jar;C:\Users\sella\.m2\repository\io\cucumber\datatable\7.8.1\datatable-7.8.1.jar;C:\Users\sella\.m2\repository\io\cucumber\cucumber-plugin\7.8.1\cucumber-plugin-7.8.1.jar;C:\Users\sella\.m2\repository\io\cucumber\docstring\7.8.1\docstring-7.8.1.jar;C:\Users\sella\.m2\repository\io\cucumber\html-formatter\20.1.0\html-formatter-20.1.0.jar;C:\Users\sella\.m2\repository\io\cucumber\ci-environment\9.1.0\ci-environment-9.1.0.jar;C:\Users\sella\.m2\repository\io\cucumber\cucumber-java\7.8.1\cucumber-java-7.8.1.jar;C:\Users\sella\.m2\repository\io\cucumber\cucumber-junit\7.8.1\cucumber-junit-7.8.1.jar;C:\Users\sella\.m2\repository\org\apache\commons\commons-csv\1.5\commons-csv-1.5.jar;C:\Users\sella\.m2\repository\net\serenity-bdd\serenity-screenplay\3.5.1\serenity-screenplay-3.5.1.jar;C:\Users\sella\.m2\repository\net\serenity-bdd\serenity-screenplay-webdriver\3.5.1\serenity-screenplay-webdriver-3.5.1.jar;C:\Users\sella\.m2\repository\net\serenity-bdd\serenity-ensure\3.5.1\serenity-ensure-3.5.1.jar;C:\Users\sella\.m2\repository\net\serenity-bdd\serenity-junit\3.5.1\serenity-junit-3.5.1.jar;C:\Users\sella\.m2\repository\org\jetbrains\kotlin\kotlin-stdlib\1.7.21\kotlin-stdlib-1.7.21.jar;C:\Users\sella\.m2\repository\org\jetbrains\kotlin\kotlin-stdlib-common\1.7.21\kotlin-stdlib-common-1.7.21.jar;C:\Users\sella\.m2\repository\org\jetbrains\annotations\13.0\annotations-13.0.jar;C:\Users\sella\.m2\repository\org\junit\platform\junit-platform-launcher\1.8.2\junit-platform-launcher-1.8.2.jar;C:\Users\sella\.m2\repository\org\junit\platform\junit-platform-engine\1.8.2\junit-platform-engine-1.8.2.jar;C:\Users\sella\.m2\repository\org\junit\platform\junit-platform-commons\1.8.2\junit-platform-commons-1.8.2.jar;C:\Users\sella\.m2\repository\org\apiguardian\apiguardian-api\1.1.2\apiguardian-api-1.1.2.jar;C:\Users\sella\.m2\repository\org\junit\jupiter\junit-jupiter-engine\5.8.2\junit-jupiter-engine-5.8.2.jar;C:\Users\sella\.m2\repository\org\junit\jupiter\junit-jupiter-api\5.8.2\junit-jupiter-api-5.8.2.jar;C:\Users\sella\.m2\repository\org\junit\vintage\junit-vintage-engine\5.8.2\junit-vintage-engine-5.8.2.jar;C:\Users\sella\.m2\repository\junit\junit\4.13.2\junit-4.13.2.jar;C:\Users\sella\.m2\repository\org\hamcrest\hamcrest-core\1.3\hamcrest-core-1.3.jar;C:\Users\sella\.m2\repository\ch\qos\logback\logback-classic\1.2.10\logback-classic-1.2.10.jar;C:\Users\sella\.m2\repository\ch\qos\logback\logback-core\1.2.10\logback-core-1.2.10.jar;C:\Users\sella\.m2\repository\org\slf4j\slf4j-api\1.7.32\slf4j-api-1.7.32.jar;C:\Users\sella\.m2\repository\org\assertj\assertj-core\3.23.1\assertj-core-3.23.1.jar;C:\Users\sella\.m2\repository\net\bytebuddy\byte-buddy\1.12.10\byte-buddy-1.12.10.jar;C:\Users\sella\.m2\repository\com\googlecode\json-simple\json-simple\1.1.1\json-simple-1.1.1.jar;"/>
    <property name="sun.cpu.endian" value="little"/>
    <property name="user.home" value="C:\Users\sella"/>
    <property name="user.language" value="en"/>
    <property name="java.specification.vendor" value="Oracle Corporation"/>
    <property name="jdk.module.path" value="D:\KULIAH\kmrdeka\Weekly2\target\Weekly2-1.0-SNAPSHOT.jar"/>
    <property name="java.version.date" value="2023-01-17"/>
    <property name="java.home" value="C:\Program Files\Java\jdk-19"/>
    <property name="file.separator" value="\"/>
    <property name="basedir" value="D:\KULIAH\kmrdeka\Weekly2"/>
    <property name="java.vm.compressedOopsMode" value="32-bit"/>
    <property name="line.separator" value="&#10;"/>
    <property name="java.vm.specification.vendor" value="Oracle Corporation"/>
    <property name="java.specification.name" value="Java Platform API Specification"/>
    <property name="surefire.real.class.path" value="C:\Users\sella\.m2\repository\org\apache\maven\surefire\surefire-booter\3.0.0-M5\surefire-booter-3.0.0-M5.jar;C:\Users\sella\.m2\repository\org\apache\maven\surefire\surefire-api\3.0.0-M5\surefire-api-3.0.0-M5.jar;C:\Users\sella\.m2\repository\org\apache\maven\surefire\surefire-logger-api\3.0.0-M5\surefire-logger-api-3.0.0-M5.jar;C:\Users\sella\.m2\repository\org\apache\maven\surefire\surefire-shared-utils\3.0.0-M4\surefire-shared-utils-3.0.0-M4.jar;C:\Users\sella\.m2\repository\org\apache\maven\surefire\surefire-extensions-spi\3.0.0-M5\surefire-extensions-spi-3.0.0-M5.jar;D:\KULIAH\kmrdeka\Weekly2\target\test-classes;C:\Users\sella\.m2\repository\net\serenity-bdd\serenity-core\3.5.1\serenity-core-3.5.1.jar;C:\Users\sella\.m2\repository\net\serenity-bdd\serenity-model\3.5.1\serenity-model-3.5.1.jar;C:\Users\sella\.m2\repository\org\apache\commons\commons-text\1.10.0\commons-text-1.10.0.jar;C:\Users\sella\.m2\repository\commons-net\commons-net\3.8.0\commons-net-3.8.0.jar;C:\Users\sella\.m2\repository\com\google\guava\guava\31.1-jre\guava-31.1-jre.jar;C:\Users\sella\.m2\repository\com\google\guava\failureaccess\1.0.1\failureaccess-1.0.1.jar;C:\Users\sella\.m2\repository\com\google\guava\listenablefuture\9999.0-empty-to-avoid-conflict-with-guava\listenablefuture-9999.0-empty-to-avoid-conflict-with-guava.jar;C:\Users\sella\.m2\repository\com\google\code\findbugs\jsr305\3.0.2\jsr305-3.0.2.jar;C:\Users\sella\.m2\repository\org\checkerframework\checker-qual\3.12.0\checker-qual-3.12.0.jar;C:\Users\sella\.m2\repository\com\google\errorprone\error_prone_annotations\2.11.0\error_prone_annotations-2.11.0.jar;C:\Users\sella\.m2\repository\com\google\j2objc\j2objc-annotations\1.3\j2objc-annotations-1.3.jar;C:\Users\sella\.m2\repository\com\google\inject\guice\5.1.0\guice-5.1.0.jar;C:\Users\sella\.m2\repository\javax\inject\javax.inject\1\javax.inject-1.jar;C:\Users\sella\.m2\repository\aopalliance\aopalliance\1.0\aopalliance-1.0.jar;C:\Users\sella\.m2\repository\org\jsoup\jsoup\1.14.3\jsoup-1.14.3.jar;C:\Users\sella\.m2\repository\com\thoughtworks\xstream\xstream\1.4.19\xstream-1.4.19.jar;C:\Users\sella\.m2\repository\io\github\x-stream\mxparser\1.2.2\mxparser-1.2.2.jar;C:\Users\sella\.m2\repository\xmlpull\xmlpull\1.1.3.1\xmlpull-1.1.3.1.jar;C:\Users\sella\.m2\repository\com\typesafe\config\1.4.2\config-1.4.2.jar;C:\Users\sella\.m2\repository\org\imgscalr\imgscalr-lib\4.2\imgscalr-lib-4.2.jar;C:\Users\sella\.m2\repository\org\awaitility\awaitility\4.2.0\awaitility-4.2.0.jar;C:\Users\sella\.m2\repository\org\freemarker\freemarker\2.3.31\freemarker-2.3.31.jar;C:\Users\sella\.m2\repository\io\github\classgraph\classgraph\4.8.138\classgraph-4.8.138.jar;C:\Users\sella\.m2\repository\net\sourceforge\jexcelapi\jxl\2.6.12\jxl-2.6.12.jar;C:\Users\sella\.m2\repository\net\bytebuddy\byte-buddy-agent\1.12.18\byte-buddy-agent-1.12.18.jar;C:\Users\sella\.m2\repository\org\objenesis\objenesis\3.1\objenesis-3.1.jar;C:\Users\sella\.m2\repository\net\serenity-bdd\serenity-reports\3.5.1\serenity-reports-3.5.1.jar;C:\Users\sella\.m2\repository\net\serenity-bdd\serenity-stats\3.5.1\serenity-stats-3.5.1.jar;C:\Users\sella\.m2\repository\net\serenity-bdd\serenity-reports-configuration\3.5.1\serenity-reports-configuration-3.5.1.jar;C:\Users\sella\.m2\repository\com\vladsch\flexmark\flexmark-all\0.34.30\flexmark-all-0.34.30.jar;C:\Users\sella\.m2\repository\com\vladsch\flexmark\flexmark\0.34.30\flexmark-0.34.30.jar;C:\Users\sella\.m2\repository\com\vladsch\flexmark\flexmark-ext-abbreviation\0.34.30\flexmark-ext-abbreviation-0.34.30.jar;C:\Users\sella\.m2\repository\com\vladsch\flexmark\flexmark-ext-admonition\0.34.30\flexmark-ext-admonition-0.34.30.jar;C:\Users\sella\.m2\repository\com\vladsch\flexmark\flexmark-ext-anchorlink\0.34.30\flexmark-ext-anchorlink-0.34.30.jar;C:\Users\sella\.m2\repository\com\vladsch\flexmark\flexmark-ext-aside\0.34.30\flexmark-ext-aside-0.34.30.jar;C:\Users\sella\.m2\repository\com\vladsch\flexmark\flexmark-ext-attributes\0.34.30\flexmark-ext-attributes-0.34.30.jar;C:\Users\sella\.m2\repository\com\vladsch\flexmark\flexmark-ext-autolink\0.34.30\flexmark-ext-autolink-0.34.30.jar;C:\Users\sella\.m2\repository\org\nibor\autolink\autolink\0.6.0\autolink-0.6.0.jar;C:\Users\sella\.m2\repository\com\vladsch\flexmark\flexmark-ext-definition\0.34.30\flexmark-ext-definition-0.34.30.jar;C:\Users\sella\.m2\repository\com\vladsch\flexmark\flexmark-ext-emoji\0.34.30\flexmark-ext-emoji-0.34.30.jar;C:\Users\sella\.m2\repository\com\vladsch\flexmark\flexmark-ext-enumerated-reference\0.34.30\flexmark-ext-enumerated-reference-0.34.30.jar;C:\Users\sella\.m2\repository\com\vladsch\flexmark\flexmark-ext-escaped-character\0.34.30\flexmark-ext-escaped-character-0.34.30.jar;C:\Users\sella\.m2\repository\com\vladsch\flexmark\flexmark-ext-footnotes\0.34.30\flexmark-ext-footnotes-0.34.30.jar;C:\Users\sella\.m2\repository\com\vladsch\flexmark\flexmark-ext-gfm-issues\0.34.30\flexmark-ext-gfm-issues-0.34.30.jar;C:\Users\sella\.m2\repository\com\vladsch\flexmark\flexmark-ext-gfm-strikethrough\0.34.30\flexmark-ext-gfm-strikethrough-0.34.30.jar;C:\Users\sella\.m2\repository\com\vladsch\flexmark\flexmark-ext-gfm-tables\0.34.30\flexmark-ext-gfm-tables-0.34.30.jar;C:\Users\sella\.m2\repository\com\vladsch\flexmark\flexmark-ext-gfm-tasklist\0.34.30\flexmark-ext-gfm-tasklist-0.34.30.jar;C:\Users\sella\.m2\repository\com\vladsch\flexmark\flexmark-ext-gfm-users\0.34.30\flexmark-ext-gfm-users-0.34.30.jar;C:\Users\sella\.m2\repository\com\vladsch\flexmark\flexmark-ext-gitlab\0.34.30\flexmark-ext-gitlab-0.34.30.jar;C:\Users\sella\.m2\repository\com\vladsch\flexmark\flexmark-ext-jekyll-front-matter\0.34.30\flexmark-ext-jekyll-front-matter-0.34.30.jar;C:\Users\sella\.m2\repository\com\vladsch\flexmark\flexmark-ext-jekyll-tag\0.34.30\flexmark-ext-jekyll-tag-0.34.30.jar;C:\Users\sella\.m2\repository\com\vladsch\flexmark\flexmark-ext-media-tags\0.34.30\flexmark-ext-media-tags-0.34.30.jar;C:\Users\sella\.m2\repository\com\vladsch\flexmark\flexmark-test-util\0.34.30\flexmark-test-util-0.34.30.jar;C:\Users\sella\.m2\repository\com\vladsch\flexmark\flexmark-ext-ins\0.34.30\flexmark-ext-ins-0.34.30.jar;C:\Users\sella\.m2\repository\com\vladsch\flexmark\flexmark-ext-xwiki-macros\0.34.30\flexmark-ext-xwiki-macros-0.34.30.jar;C:\Users\sella\.m2\repository\com\vladsch\flexmark\flexmark-ext-superscript\0.34.30\flexmark-ext-superscript-0.34.30.jar;C:\Users\sella\.m2\repository\com\vladsch\flexmark\flexmark-ext-tables\0.34.30\flexmark-ext-tables-0.34.30.jar;C:\Users\sella\.m2\repository\com\vladsch\flexmark\flexmark-ext-toc\0.34.30\flexmark-ext-toc-0.34.30.jar;C:\Users\sella\.m2\repository\com\vladsch\flexmark\flexmark-ext-typographic\0.34.30\flexmark-ext-typographic-0.34.30.jar;C:\Users\sella\.m2\repository\com\vladsch\flexmark\flexmark-ext-wikilink\0.34.30\flexmark-ext-wikilink-0.34.30.jar;C:\Users\sella\.m2\repository\com\vladsch\flexmark\flexmark-ext-yaml-front-matter\0.34.30\flexmark-ext-yaml-front-matter-0.34.30.jar;C:\Users\sella\.m2\repository\com\vladsch\flexmark\flexmark-ext-youtube-embedded\0.34.30\flexmark-ext-youtube-embedded-0.34.30.jar;C:\Users\sella\.m2\repository\com\vladsch\flexmark\flexmark-formatter\0.34.30\flexmark-formatter-0.34.30.jar;C:\Users\sella\.m2\repository\com\vladsch\flexmark\flexmark-html-parser\0.34.30\flexmark-html-parser-0.34.30.jar;C:\Users\sella\.m2\repository\com\vladsch\flexmark\flexmark-jira-converter\0.34.30\flexmark-jira-converter-0.34.30.jar;C:\Users\sella\.m2\repository\com\vladsch\flexmark\flexmark-pdf-converter\0.34.30\flexmark-pdf-converter-0.34.30.jar;C:\Users\sella\.m2\repository\com\openhtmltopdf\openhtmltopdf-core\0.0.1-RC13\openhtmltopdf-core-0.0.1-RC13.jar;C:\Users\sella\.m2\repository\com\openhtmltopdf\openhtmltopdf-pdfbox\0.0.1-RC13\openhtmltopdf-pdfbox-0.0.1-RC13.jar;C:\Users\sella\.m2\repository\org\apache\pdfbox\pdfbox\2.0.8\pdfbox-2.0.8.jar;C:\Users\sella\.m2\repository\org\apache\pdfbox\fontbox\2.0.8\fontbox-2.0.8.jar;C:\Users\sella\.m2\repository\org\apache\pdfbox\xmpbox\2.0.8\xmpbox-2.0.8.jar;C:\Users\sella\.m2\repository\de\rototor\pdfbox\graphics2d\0.12\graphics2d-0.12.jar;C:\Users\sella\.m2\repository\com\openhtmltopdf\openhtmltopdf-rtl-support\0.0.1-RC13\openhtmltopdf-rtl-support-0.0.1-RC13.jar;C:\Users\sella\.m2\repository\com\ibm\icu\icu4j\59.1\icu4j-59.1.jar;C:\Users\sella\.m2\repository\com\openhtmltopdf\openhtmltopdf-jsoup-dom-converter\0.0.1-RC13\openhtmltopdf-jsoup-dom-converter-0.0.1-RC13.jar;C:\Users\sella\.m2\repository\com\vladsch\flexmark\flexmark-profile-pegdown\0.34.30\flexmark-profile-pegdown-0.34.30.jar;C:\Users\sella\.m2\repository\com\vladsch\flexmark\flexmark-util\0.34.30\flexmark-util-0.34.30.jar;C:\Users\sella\.m2\repository\com\vladsch\flexmark\flexmark-youtrack-converter\0.34.30\flexmark-youtrack-converter-0.34.30.jar;C:\Users\sella\.m2\repository\es\nitaur\markdown\txtmark\0.16\txtmark-0.16.jar;C:\Users\sella\.m2\repository\net\serenity-bdd\serenity-report-resources\3.5.1\serenity-report-resources-3.5.1.jar;C:\Users\sella\.m2\repository\com\google\code\gson\gson\2.9.0\gson-2.9.0.jar;C:\Users\sella\.m2\repository\com\fasterxml\jackson\core\jackson-core\2.13.4\jackson-core-2.13.4.jar;C:\Users\sella\.m2\repository\com\fasterxml\jackson\core\jackson-databind\2.13.4\jackson-databind-2.13.4.jar;C:\Users\sella\.m2\repository\com\fasterxml\jackson\core\jackson-annotations\2.13.4\jackson-annotations-2.13.4.jar;C:\Users\sella\.m2\repository\commons-codec\commons-codec\1.15\commons-codec-1.15.jar;C:\Users\sella\.m2\repository\commons-io\commons-io\2.11.0\commons-io-2.11.0.jar;C:\Users\sella\.m2\repository\org\apache\httpcomponents\httpclient\4.5.13\httpclient-4.5.13.jar;C:\Users\sella\.m2\repository\org\apache\httpcomponents\httpcore\4.4.13\httpcore-4.4.13.jar;C:\Users\sella\.m2\repository\commons-logging\commons-logging\1.2\commons-logging-1.2.jar;C:\Users\sella\.m2\repository\org\seleniumhq\selenium\selenium-java\4.7.1\selenium-java-4.7.1.jar;C:\Users\sella\.m2\repository\org\seleniumhq\selenium\selenium-devtools-v106\4.7.1\selenium-devtools-v106-4.7.1.jar;C:\Users\sella\.m2\repository\org\seleniumhq\selenium\selenium-devtools-v107\4.7.1\selenium-devtools-v107-4.7.1.jar;C:\Users\sella\.m2\repository\org\seleniumhq\selenium\selenium-devtools-v108\4.7.1\selenium-devtools-v108-4.7.1.jar;C:\Users\sella\.m2\repository\org\seleniumhq\selenium\selenium-devtools-v85\4.7.1\selenium-devtools-v85-4.7.1.jar;C:\Users\sella\.m2\repository\org\seleniumhq\selenium\selenium-remote-driver\4.7.1\selenium-remote-driver-4.7.1.jar;C:\Users\sella\.m2\repository\com\beust\jcommander\1.82\jcommander-1.82.jar;C:\Users\sella\.m2\repository\io\netty\netty-buffer\4.1.84.Final\netty-buffer-4.1.84.Final.jar;C:\Users\sella\.m2\repository\io\netty\netty-codec-http\4.1.84.Final\netty-codec-http-4.1.84.Final.jar;C:\Users\sella\.m2\repository\io\netty\netty-codec\4.1.84.Final\netty-codec-4.1.84.Final.jar;C:\Users\sella\.m2\repository\io\netty\netty-handler\4.1.84.Final\netty-handler-4.1.84.Final.jar;C:\Users\sella\.m2\repository\io\netty\netty-common\4.1.84.Final\netty-common-4.1.84.Final.jar;C:\Users\sella\.m2\repository\io\netty\netty-transport-classes-epoll\4.1.84.Final\netty-transport-classes-epoll-4.1.84.Final.jar;C:\Users\sella\.m2\repository\io\netty\netty-transport-classes-kqueue\4.1.84.Final\netty-transport-classes-kqueue-4.1.84.Final.jar;C:\Users\sella\.m2\repository\io\netty\netty-transport-native-epoll\4.1.84.Final\netty-transport-native-epoll-4.1.84.Final.jar;C:\Users\sella\.m2\repository\io\netty\netty-transport-native-kqueue\4.1.84.Final\netty-transport-native-kqueue-4.1.84.Final.jar;C:\Users\sella\.m2\repository\io\netty\netty-transport-native-unix-common\4.1.84.Final\netty-transport-native-unix-common-4.1.84.Final.jar;C:\Users\sella\.m2\repository\io\netty\netty-transport\4.1.84.Final\netty-transport-4.1.84.Final.jar;C:\Users\sella\.m2\repository\io\netty\netty-resolver\4.1.84.Final\netty-resolver-4.1.84.Final.jar;C:\Users\sella\.m2\repository\io\opentelemetry\opentelemetry-api\1.19.0\opentelemetry-api-1.19.0.jar;C:\Users\sella\.m2\repository\io\opentelemetry\opentelemetry-context\1.19.0\opentelemetry-context-1.19.0.jar;C:\Users\sella\.m2\repository\io\opentelemetry\opentelemetry-exporter-logging\1.19.0\opentelemetry-exporter-logging-1.19.0.jar;C:\Users\sella\.m2\repository\io\opentelemetry\opentelemetry-sdk-metrics\1.19.0\opentelemetry-sdk-metrics-1.19.0.jar;C:\Users\sella\.m2\repository\io\opentelemetry\opentelemetry-sdk-logs\1.19.0-alpha\opentelemetry-sdk-logs-1.19.0-alpha.jar;C:\Users\sella\.m2\repository\io\opentelemetry\opentelemetry-api-logs\1.19.0-alpha\opentelemetry-api-logs-1.19.0-alpha.jar;C:\Users\sella\.m2\repository\io\opentelemetry\opentelemetry-sdk-common\1.19.0\opentelemetry-sdk-common-1.19.0.jar;C:\Users\sella\.m2\repository\io\opentelemetry\opentelemetry-sdk-extension-autoconfigure-spi\1.19.0\opentelemetry-sdk-extension-autoconfigure-spi-1.19.0.jar;C:\Users\sella\.m2\repository\io\opentelemetry\opentelemetry-sdk-extension-autoconfigure\1.19.0-alpha\opentelemetry-sdk-extension-autoconfigure-1.19.0-alpha.jar;C:\Users\sella\.m2\repository\io\opentelemetry\opentelemetry-exporter-common\1.19.0\opentelemetry-exporter-common-1.19.0.jar;C:\Users\sella\.m2\repository\io\opentelemetry\opentelemetry-sdk-trace\1.19.0\opentelemetry-sdk-trace-1.19.0.jar;C:\Users\sella\.m2\repository\io\opentelemetry\opentelemetry-sdk\1.19.0\opentelemetry-sdk-1.19.0.jar;C:\Users\sella\.m2\repository\io\opentelemetry\opentelemetry-semconv\1.19.0-alpha\opentelemetry-semconv-1.19.0-alpha.jar;C:\Users\sella\.m2\repository\io\ous\jtoml\2.0.0\jtoml-2.0.0.jar;C:\Users\sella\.m2\repository\org\apache\commons\commons-exec\1.3\commons-exec-1.3.jar;C:\Users\sella\.m2\repository\org\asynchttpclient\async-http-client\2.12.3\async-http-client-2.12.3.jar;C:\Users\sella\.m2\repository\org\asynchttpclient\async-http-client-netty-utils\2.12.3\async-http-client-netty-utils-2.12.3.jar;C:\Users\sella\.m2\repository\io\netty\netty-codec-socks\4.1.60.Final\netty-codec-socks-4.1.60.Final.jar;C:\Users\sella\.m2\repository\io\netty\netty-handler-proxy\4.1.60.Final\netty-handler-proxy-4.1.60.Final.jar;C:\Users\sella\.m2\repository\io\netty\netty-transport-native-epoll\4.1.60.Final\netty-transport-native-epoll-4.1.60.Final-linux-x86_64.jar;C:\Users\sella\.m2\repository\io\netty\netty-transport-native-kqueue\4.1.60.Final\netty-transport-native-kqueue-4.1.60.Final-osx-x86_64.jar;C:\Users\sella\.m2\repository\org\reactivestreams\reactive-streams\1.0.3\reactive-streams-1.0.3.jar;C:\Users\sella\.m2\repository\com\typesafe\netty\netty-reactive-streams\2.0.4\netty-reactive-streams-2.0.4.jar;C:\Users\sella\.m2\repository\org\seleniumhq\selenium\selenium-manager\4.7.1\selenium-manager-4.7.1.jar;C:\Users\sella\.m2\repository\org\seleniumhq\selenium\selenium-safari-driver\4.7.1\selenium-safari-driver-4.7.1.jar;C:\Users\sella\.m2\repository\org\seleniumhq\selenium\selenium-api\4.7.1\selenium-api-4.7.1.jar;C:\Users\sella\.m2\repository\org\seleniumhq\selenium\selenium-support\4.7.1\selenium-support-4.7.1.jar;C:\Users\sella\.m2\repository\com\google\auto\service\auto-service-annotations\1.0.1\auto-service-annotations-1.0.1.jar;C:\Users\sella\.m2\repository\com\google\auto\service\auto-service\1.0.1\auto-service-1.0.1.jar;C:\Users\sella\.m2\repository\com\google\auto\auto-common\1.2\auto-common-1.2.jar;C:\Users\sella\.m2\repository\org\seleniumhq\selenium\selenium-json\4.7.1\selenium-json-4.7.1.jar;C:\Users\sella\.m2\repository\org\seleniumhq\selenium\selenium-chrome-driver\4.7.1\selenium-chrome-driver-4.7.1.jar;C:\Users\sella\.m2\repository\org\seleniumhq\selenium\selenium-chromium-driver\4.7.1\selenium-chromium-driver-4.7.1.jar;C:\Users\sella\.m2\repository\org\seleniumhq\selenium\selenium-firefox-driver\4.7.1\selenium-firefox-driver-4.7.1.jar;C:\Users\sella\.m2\repository\org\seleniumhq\selenium\selenium-http\4.7.1\selenium-http-4.7.1.jar;C:\Users\sella\.m2\repository\dev\failsafe\failsafe\3.3.0\failsafe-3.3.0.jar;C:\Users\sella\.m2\repository\org\seleniumhq\selenium\selenium-edge-driver\4.7.1\selenium-edge-driver-4.7.1.jar;C:\Users\sella\.m2\repository\org\seleniumhq\selenium\selenium-ie-driver\4.7.1\selenium-ie-driver-4.7.1.jar;C:\Users\sella\.m2\repository\org\projectlombok\lombok\1.18.20\lombok-1.18.20.jar;C:\Users\sella\.m2\repository\io\appium\java-client\8.3.0\java-client-8.3.0.jar;C:\Users\sella\.m2\repository\commons-validator\commons-validator\1.7\commons-validator-1.7.jar;C:\Users\sella\.m2\repository\commons-digester\commons-digester\2.1\commons-digester-2.1.jar;C:\Users\sella\.m2\repository\org\apache\groovy\groovy\4.0.6\groovy-4.0.6.jar;C:\Users\sella\.m2\repository\net\sf\opencsv\opencsv\2.0\opencsv-2.0.jar;C:\Users\sella\.m2\repository\commons-beanutils\commons-beanutils\1.9.4\commons-beanutils-1.9.4.jar;C:\Users\sella\.m2\repository\org\apache\commons\commons-lang3\3.12.0\commons-lang3-3.12.0.jar;C:\Users\sella\.m2\repository\commons-collections\commons-collections\3.2.2\commons-collections-3.2.2.jar;C:\Users\sella\.m2\repository\org\fluentlenium\fluentlenium-core\0.10.2\fluentlenium-core-0.10.2.jar;C:\Users\sella\.m2\repository\io\github\bonigarcia\webdrivermanager\5.3.0\webdrivermanager-5.3.0.jar;C:\Users\sella\.m2\repository\com\github\docker-java\docker-java\3.2.13\docker-java-3.2.13.jar;C:\Users\sella\.m2\repository\com\github\docker-java\docker-java-core\3.2.13\docker-java-core-3.2.13.jar;C:\Users\sella\.m2\repository\com\github\docker-java\docker-java-api\3.2.13\docker-java-api-3.2.13.jar;C:\Users\sella\.m2\repository\org\apache\commons\commons-compress\1.21\commons-compress-1.21.jar;C:\Users\sella\.m2\repository\org\bouncycastle\bcpkix-jdk15on\1.64\bcpkix-jdk15on-1.64.jar;C:\Users\sella\.m2\repository\org\bouncycastle\bcprov-jdk15on\1.64\bcprov-jdk15on-1.64.jar;C:\Users\sella\.m2\repository\org\slf4j\jcl-over-slf4j\1.7.30\jcl-over-slf4j-1.7.30.jar;C:\Users\sella\.m2\repository\com\github\docker-java\docker-java-transport-httpclient5\3.2.13\docker-java-transport-httpclient5-3.2.13.jar;C:\Users\sella\.m2\repository\com\github\docker-java\docker-java-transport\3.2.13\docker-java-transport-3.2.13.jar;C:\Users\sella\.m2\repository\net\java\dev\jna\jna\5.8.0\jna-5.8.0.jar;C:\Users\sella\.m2\repository\org\brotli\dec\0.1.2\dec-0.1.2.jar;C:\Users\sella\.m2\repository\org\apache\httpcomponents\client5\httpclient5\5.1.3\httpclient5-5.1.3.jar;C:\Users\sella\.m2\repository\org\apache\httpcomponents\core5\httpcore5\5.1.3\httpcore5-5.1.3.jar;C:\Users\sella\.m2\repository\org\apache\httpcomponents\core5\httpcore5-h2\5.1.3\httpcore5-h2-5.1.3.jar;C:\Users\sella\.m2\repository\com\jhlabs\filters\2.0.235\filters-2.0.235.jar;C:\Users\sella\.m2\repository\com\paulhammant\ngwebdriver\1.1.6\ngwebdriver-1.1.6.jar;C:\Users\sella\.m2\repository\joda-time\joda-time\2.8.2\joda-time-2.8.2.jar;C:\Users\sella\.m2\repository\org\hamcrest\hamcrest\2.2\hamcrest-2.2.jar;C:\Users\sella\.m2\repository\com\google\jimfs\jimfs\1.2\jimfs-1.2.jar;C:\Users\sella\.m2\repository\org\mockito\mockito-core\3.3.3\mockito-core-3.3.3.jar;C:\Users\sella\.m2\repository\javax\xml\bind\jaxb-api\2.3.1\jaxb-api-2.3.1.jar;C:\Users\sella\.m2\repository\javax\activation\javax.activation-api\1.2.0\javax.activation-api-1.2.0.jar;C:\Users\sella\.m2\repository\com\sun\xml\bind\jaxb-core\2.3.0.1\jaxb-core-2.3.0.1.jar;C:\Users\sella\.m2\repository\com\sun\xml\bind\jaxb-impl\2.3.3\jaxb-impl-2.3.3.jar;C:\Users\sella\.m2\repository\jakarta\xml\bind\jakarta.xml.bind-api\2.3.3\jakarta.xml.bind-api-2.3.3.jar;C:\Users\sella\.m2\repository\com\sun\activation\jakarta.activation\1.2.2\jakarta.activation-1.2.2.jar;C:\Users\sella\.m2\repository\javax\activation\activation\1.1.1\activation-1.1.1.jar;C:\Users\sella\.m2\repository\net\serenity-bdd\serenity-rest-assured\3.5.1\serenity-rest-assured-3.5.1.jar;C:\Users\sella\.m2\repository\io\rest-assured\rest-assured\5.2.0\rest-assured-5.2.0.jar;C:\Users\sella\.m2\repository\org\apache\httpcomponents\httpmime\4.5.13\httpmime-4.5.13.jar;C:\Users\sella\.m2\repository\org\ccil\cowan\tagsoup\tagsoup\1.2.1\tagsoup-1.2.1.jar;C:\Users\sella\.m2\repository\io\rest-assured\json-path\5.2.0\json-path-5.2.0.jar;C:\Users\sella\.m2\repository\io\rest-assured\rest-assured-common\5.2.0\rest-assured-common-5.2.0.jar;C:\Users\sella\.m2\repository\io\rest-assured\xml-path\5.2.0\xml-path-5.2.0.jar;C:\Users\sella\.m2\repository\org\apache\groovy\groovy-json\4.0.6\groovy-json-4.0.6.jar;C:\Users\sella\.m2\repository\org\apache\groovy\groovy-xml\4.0.6\groovy-xml-4.0.6.jar;C:\Users\sella\.m2\repository\org\opentest4j\opentest4j\1.2.0\opentest4j-1.2.0.jar;C:\Users\sella\.m2\repository\net\serenity-bdd\serenity-cucumber\3.5.1\serenity-cucumber-3.5.1.jar;C:\Users\sella\.m2\repository\io\cucumber\cucumber-core\7.8.1\cucumber-core-7.8.1.jar;C:\Users\sella\.m2\repository\io\cucumber\cucumber-gherkin\7.8.1\cucumber-gherkin-7.8.1.jar;C:\Users\sella\.m2\repository\io\cucumber\cucumber-gherkin-messages\7.8.1\cucumber-gherkin-messages-7.8.1.jar;C:\Users\sella\.m2\repository\io\cucumber\gherkin\24.0.0\gherkin-24.0.0.jar;C:\Users\sella\.m2\repository\io\cucumber\messages\19.1.4\messages-19.1.4.jar;C:\Users\sella\.m2\repository\io\cucumber\tag-expressions\4.1.0\tag-expressions-4.1.0.jar;C:\Users\sella\.m2\repository\io\cucumber\cucumber-expressions\16.0.0\cucumber-expressions-16.0.0.jar;C:\Users\sella\.m2\repository\io\cucumber\datatable\7.8.1\datatable-7.8.1.jar;C:\Users\sella\.m2\repository\io\cucumber\cucumber-plugin\7.8.1\cucumber-plugin-7.8.1.jar;C:\Users\sella\.m2\repository\io\cucumber\docstring\7.8.1\docstring-7.8.1.jar;C:\Users\sella\.m2\repository\io\cucumber\html-formatter\20.1.0\html-formatter-20.1.0.jar;C:\Users\sella\.m2\repository\io\cucumber\ci-environment\9.1.0\ci-environment-9.1.0.jar;C:\Users\sella\.m2\repository\io\cucumber\cucumber-java\7.8.1\cucumber-java-7.8.1.jar;C:\Users\sella\.m2\repository\io\cucumber\cucumber-junit\7.8.1\cucumber-junit-7.8.1.jar;C:\Users\sella\.m2\repository\org\apache\commons\commons-csv\1.5\commons-csv-1.5.jar;C:\Users\sella\.m2\repository\net\serenity-bdd\serenity-screenplay\3.5.1\serenity-screenplay-3.5.1.jar;C:\Users\sella\.m2\repository\net\serenity-bdd\serenity-screenplay-webdriver\3.5.1\serenity-screenplay-webdriver-3.5.1.jar;C:\Users\sella\.m2\repository\net\serenity-bdd\serenity-ensure\3.5.1\serenity-ensure-3.5.1.jar;C:\Users\sella\.m2\repository\net\serenity-bdd\serenity-junit\3.5.1\serenity-junit-3.5.1.jar;C:\Users\sella\.m2\repository\org\jetbrains\kotlin\kotlin-stdlib\1.7.21\kotlin-stdlib-1.7.21.jar;C:\Users\sella\.m2\repository\org\jetbrains\kotlin\kotlin-stdlib-common\1.7.21\kotlin-stdlib-common-1.7.21.jar;C:\Users\sella\.m2\repository\org\jetbrains\annotations\13.0\annotations-13.0.jar;C:\Users\sella\.m2\repository\org\junit\platform\junit-platform-launcher\1.8.2\junit-platform-launcher-1.8.2.jar;C:\Users\sella\.m2\repository\org\junit\platform\junit-platform-engine\1.8.2\junit-platform-engine-1.8.2.jar;C:\Users\sella\.m2\repository\org\junit\platform\junit-platform-commons\1.8.2\junit-platform-commons-1.8.2.jar;C:\Users\sella\.m2\repository\org\apiguardian\apiguardian-api\1.1.2\apiguardian-api-1.1.2.jar;C:\Users\sella\.m2\repository\org\junit\jupiter\junit-jupiter-engine\5.8.2\junit-jupiter-engine-5.8.2.jar;C:\Users\sella\.m2\repository\org\junit\jupiter\junit-jupiter-api\5.8.2\junit-jupiter-api-5.8.2.jar;C:\Users\sella\.m2\repository\org\junit\vintage\junit-vintage-engine\5.8.2\junit-vintage-engine-5.8.2.jar;C:\Users\sella\.m2\repository\junit\junit\4.13.2\junit-4.13.2.jar;C:\Users\sella\.m2\repository\org\hamcrest\hamcrest-core\1.3\hamcrest-core-1.3.jar;C:\Users\sella\.m2\repository\ch\qos\logback\logback-classic\1.2.10\logback-classic-1.2.10.jar;C:\Users\sella\.m2\repository\ch\qos\logback\logback-core\1.2.10\logback-core-1.2.10.jar;C:\Users\sella\.m2\repository\org\slf4j\slf4j-api\1.7.32\slf4j-api-1.7.32.jar;C:\Users\sella\.m2\repository\org\assertj\assertj-core\3.23.1\assertj-core-3.23.1.jar;C:\Users\sella\.m2\repository\net\bytebuddy\byte-buddy\1.12.10\byte-buddy-1.12.10.jar;C:\Users\sella\.m2\repository\com\googlecode\json-simple\json-simple\1.1.1\json-simple-1.1.1.jar;C:\Users\sella\.m2\repository\org\apache\maven\surefire\surefire-junit-platform\3.0.0-M5\surefire-junit-platform-3.0.0-M5.jar;C:\Users\sella\.m2\repository\org\apache\maven\surefire\common-java5\3.0.0-M5\common-java5-3.0.0-M5.jar"/>
    <property name="user.script" value=""/>
    <property name="sun.management.compiler" value="HotSpot 64-Bit Tiered Compilers"/>
    <property name="java.runtime.version" value="19.0.2+7-44"/>
    <property name="user.name" value="sella"/>
    <property name="stdout.encoding" value="Cp1252"/>
    <property name="path.separator" value=";"/>
    <property name="os.version" value="10.0"/>
    <property name="java.runtime.name" value="Java(TM) SE Runtime Environment"/>
    <property name="file.encoding" value="UTF-8"/>
    <property name="webdriver.base.url" value=""/>
    <property name="java.vm.name" value="Java HotSpot(TM) 64-Bit Server VM"/>
    <property name="localRepository" value="C:\Users\sella\.m2\repository"/>
    <property name="java.vendor.url.bug" value="https://bugreport.java.com/bugreport/"/>
    <property name="java.io.tmpdir" value="C:\Users\sella\AppData\Local\Temp\"/>
    <property name="java.version" value="19.0.2"/>
    <property name="user.dir" value="D:\KULIAH\kmrdeka\Weekly2"/>
    <property name="os.arch" value="amd64"/>
    <property name="java.vm.specification.name" value="Java Virtual Machine Specification"/>
    <property name="sun.os.patch.level" value=""/>
    <property name="native.encoding" value="Cp1252"/>
    <property name="java.library.path" value="C:\Program Files\Java\jdk-19\bin;C:\Windows\Sun\Java\bin;C:\Windows\system32;C:\Windows;C:\Python311\Scripts\;C:\Python311\;C:\Program Files\Common Files\Oracle\Java\javapath;C:\Program Files (x86)\Common Files\Oracle\Java\javapath;C:\Program Files (x86)\Common Files\Intel\Shared Files\cpp\bin\Intel64;C:\Windows\system32;C:\Windows;C:\Windows\System32\Wbem;C:\Windows\System32\WindowsPowerShell\v1.0\;C:\Windows\System32\OpenSSH\;C:\Program Files\Java\jdk-19\bin;C:\Program Files\Common Files\Oracle\Java\javapath;C:\Program Files\Java\jre1.8.0_361\bin;C:\Program Files\Git\cmd;C:\Program Files\nodejs\;C:\ProgramData\chocolatey\bin;C:\Program Files\apache-maven-3.8.8\bin;C:\Users\sella\AppData\Local\Microsoft\WindowsApps;C:\Users\sella\AppData\Local\Programs\Microsoft VS Code\bin;C:\Users\sella\AppData\Local\GitHubDesktop\bin;C:\Users\sella\AppData\Roaming\npm;."/>
    <property name="java.vm.info" value="mixed mode"/>
    <property name="stderr.encoding" value="Cp1252"/>
    <property name="java.vendor" value="Oracle Corporation"/>
    <property name="java.vm.version" value="19.0.2+7-44"/>
    <property name="sun.io.unicode.encoding" value="UnicodeLittle"/>
    <property name="java.class.version" value="63.0"/>
  </properties>
  <testcase name="Successful login" classname="RestFull API Test" time="5.324">
    <system-out><![CDATA[19:47:39.907 [main] DEBUG net.thucydides.core.guice.Injectors - Created injector for module net.thucydides.core.guice.ThucydidesModule
19:47:40.139 [main] INFO io.cucumber.core.plugin.SerenityReporter - Running feature from file:///D:/KULIAH/kmrdeka/Weekly2/src/test/resources/api/user.feature
19:47:40.139 [main] WARN io.cucumber.core.plugin.SerenityReporter - Feature from file:///D:/KULIAH/kmrdeka/Weekly2/src/test/resources/api/user.feature is not under the 'features' directory. Requirements report will not be correctly generated!
19:47:40.291 [main] DEBUG net.thucydides.core.guice.Injectors - Created injector for module net.thucydides.core.guice.webdriver.WebDriverModule
19:47:40.317 [main] INFO  - 

-------------------------------------------------------------------------------------
     _______. _______ .______       _______ .__   __.  __  .___________.____    ____ 
    /       ||   ____||   _  \     |   ____||  \ |  | |  | |           |\   \  /   / 
   |   (----`|  |__   |  |_)  |    |  |__   |   \|  | |  | `---|  |----` \   \/   /  
    \   \    |   __|  |      /     |   __|  |  . `  | |  |     |  |       \_    _/   
.----)   |   |  |____ |  |\  \----.|  |____ |  |\   | |  |     |  |         |  |     
|_______/    |_______|| _| `._____||_______||__| \__| |__|     |__|         |__|    
                                                                                     
 News and tutorials at http://www.serenity-bdd.info                                  
 Documentation at https://wakaleo.gitbooks.io/the-serenity-book/content/             
 Join the Serenity Community on Gitter: https://gitter.im/serenity-bdd/serenity-core 
 Serenity BDD Support and Training at http://serenity-bdd.info/#/trainingandsupport  
-------------------------------------------------------------------------------------

19:47:40.320 [main] DEBUG net.thucydides.core.steps.StepEventBus - Test suite started for story net.thucydides.core.model.Story@8eb6d956
19:47:40.321 [main] INFO  - Test Suite Started: RestFull API Test
19:47:40.340 [main] INFO io.cucumber.core.plugin.SerenityReporter - Running feature from file:///D:/KULIAH/kmrdeka/Weekly2/src/test/resources/api/user.feature
19:47:40.341 [main] WARN io.cucumber.core.plugin.SerenityReporter - Feature from file:///D:/KULIAH/kmrdeka/Weekly2/src/test/resources/api/user.feature is not under the 'features' directory. Requirements report will not be correctly generated!
19:47:40.345 [main] DEBUG net.thucydides.core.steps.StepEventBus - Test suite started for story net.thucydides.core.model.Story@8eb6d956
19:47:40.346 [main] INFO  - Test Suite Started: RestFull API Test

Scenario: Successful login                                                                     &amp#27;[90m# src/test/resources/api/user.feature:6&amp#27;[0m
19:47:40.441 [main] INFO io.cucumber.core.plugin.SerenityReporter - Running feature from file:///D:/KULIAH/kmrdeka/Weekly2/src/test/resources/api/user.feature
19:47:40.441 [main] WARN io.cucumber.core.plugin.SerenityReporter - Feature from file:///D:/KULIAH/kmrdeka/Weekly2/src/test/resources/api/user.feature is not under the 'features' directory. Requirements report will not be correctly generated!
19:47:40.542 [main] INFO  - 
  _____   ___   ___   _____     ___   _____     _     ___   _____   ___   ___  
 |_   _| | __| / __| |_   _|   / __| |_   _|   /_\   | _ \ |_   _| | __| |   \ 
   | |   | _|  \__ \   | |     \__ \   | |    / _ \  |   /   | |   | _|  | |) |
   |_|   |___| |___/   |_|     |___/   |_|   /_/ \_\ |_|_\   |_|   |___| |___/ 

Successful login(restfull-api-test;successful-login)
--------------------------------------------------------------------------------
  &amp#27;[32mGiven &amp#27;[0m&amp#27;[32mI have valid credentials&amp#27;[0m                                                               &amp#27;[90m# starter.stepdefinitions.UserSteps.validCredentials()&amp#27;[0m
19:47:41.613 [main] DEBUG org.apache.http.impl.conn.BasicClientConnectionManager - Get connection for route {s}->https://fakestoreapi.com:443
19:47:41.624 [main] DEBUG org.apache.http.impl.conn.DefaultClientConnectionOperator - Connecting to fakestoreapi.com:443
19:47:41.814 [main] DEBUG org.apache.http.client.protocol.RequestAddCookies - CookieSpec selected: ignoreCookies
19:47:41.815 [main] DEBUG org.apache.http.client.protocol.RequestAuthCache - Auth cache not set in the context
19:47:41.815 [main] DEBUG org.apache.http.client.protocol.RequestTargetAuthentication - Target auth state: UNCHALLENGED
19:47:41.816 [main] DEBUG org.apache.http.client.protocol.RequestProxyAuthentication - Proxy auth state: UNCHALLENGED
19:47:41.816 [main] DEBUG org.apache.http.impl.client.DefaultHttpClient - Attempt 1 to execute request
19:47:41.816 [main] DEBUG org.apache.http.impl.conn.DefaultClientConnection - Sending request: POST /auth/login HTTP/1.1
19:47:41.816 [main] DEBUG org.apache.http.wire -  >> "POST /auth/login HTTP/1.1[\r][\n]"
19:47:41.816 [main] DEBUG org.apache.http.wire -  >> "Accept: */*[\r][\n]"
19:47:41.816 [main] DEBUG org.apache.http.wire -  >> "Content-Type: application/json[\r][\n]"
19:47:41.817 [main] DEBUG org.apache.http.wire -  >> "Content-Length: 46[\r][\n]"
19:47:41.817 [main] DEBUG org.apache.http.wire -  >> "Host: fakestoreapi.com[\r][\n]"
19:47:41.817 [main] DEBUG org.apache.http.wire -  >> "Connection: Keep-Alive[\r][\n]"
19:47:41.817 [main] DEBUG org.apache.http.wire -  >> "User-Agent: Apache-HttpClient/4.5.13 (Java/19.0.2)[\r][\n]"
19:47:41.817 [main] DEBUG org.apache.http.wire -  >> "Accept-Encoding: gzip,deflate[\r][\n]"
19:47:41.817 [main] DEBUG org.apache.http.wire -  >> "[\r][\n]"
19:47:41.817 [main] DEBUG org.apache.http.headers - >> POST /auth/login HTTP/1.1
19:47:41.817 [main] DEBUG org.apache.http.headers - >> Accept: */*
19:47:41.817 [main] DEBUG org.apache.http.headers - >> Content-Type: application/json
19:47:41.817 [main] DEBUG org.apache.http.headers - >> Content-Length: 46
19:47:41.817 [main] DEBUG org.apache.http.headers - >> Host: fakestoreapi.com
19:47:41.817 [main] DEBUG org.apache.http.headers - >> Connection: Keep-Alive
19:47:41.817 [main] DEBUG org.apache.http.headers - >> User-Agent: Apache-HttpClient/4.5.13 (Java/19.0.2)
19:47:41.817 [main] DEBUG org.apache.http.headers - >> Accept-Encoding: gzip,deflate
19:47:41.817 [main] DEBUG org.apache.http.wire -  >> "{"username": "mor_2314", "password": "83r5^_"}"
19:47:45.163 [main] DEBUG org.apache.http.wire -  << "HTTP/1.1 200 OK[\r][\n]"
19:47:45.164 [main] DEBUG org.apache.http.wire -  << "Date: Mon, 17 Apr 2023 12:47:44 GMT[\r][\n]"
19:47:45.164 [main] DEBUG org.apache.http.wire -  << "Content-Type: application/json; charset=utf-8[\r][\n]"
19:47:45.164 [main] DEBUG org.apache.http.wire -  << "Transfer-Encoding: chunked[\r][\n]"
19:47:45.164 [main] DEBUG org.apache.http.wire -  << "Connection: keep-alive[\r][\n]"
19:47:45.164 [main] DEBUG org.apache.http.wire -  << "Access-Control-Allow-Origin: *[\r][\n]"
19:47:45.164 [main] DEBUG org.apache.http.wire -  << "Etag: W/"98-mG398F5Fd6j21q96g4znFNraofg"[\r][\n]"
19:47:45.164 [main] DEBUG org.apache.http.wire -  << "X-Powered-By: Express[\r][\n]"
19:47:45.164 [main] DEBUG org.apache.http.wire -  << "CF-Cache-Status: DYNAMIC[\r][\n]"
19:47:45.164 [main] DEBUG org.apache.http.wire -  << "Report-To: {"endpoints":[{"url":"https:\/\/a.nel.cloudflare.com\/report\/v3?s=1ms9M3eXXmOxenzoveyej4yrgzi2OrPpgmp9NK6k7QYzozKKMXWw2Zt7IELXkolfkkjG%2BrBtKsOcMMsFeTKFr6KE9D52YQjpwP1zMPdJbiofI5kmEudINyuCe3GYMRQ9PDMa"}],"group":"cf-nel","max_age":604800}[\r][\n]"
19:47:45.165 [main] DEBUG org.apache.http.wire -  << "NEL: {"success_fraction":0,"report_to":"cf-nel","max_age":604800}[\r][\n]"
19:47:45.165 [main] DEBUG org.apache.http.wire -  << "Server: cloudflare[\r][\n]"
19:47:45.165 [main] DEBUG org.apache.http.wire -  << "CF-RAY: 7b94c729b9e83fb0-SIN[\r][\n]"
19:47:45.165 [main] DEBUG org.apache.http.wire -  << "Content-Encoding: gzip[\r][\n]"
19:47:45.165 [main] DEBUG org.apache.http.wire -  << "alt-svc: h3=":443"; ma=86400, h3-29=":443"; ma=86400[\r][\n]"
19:47:45.165 [main] DEBUG org.apache.http.wire -  << "[\r][\n]"
19:47:45.165 [main] DEBUG org.apache.http.impl.conn.DefaultClientConnection - Receiving response: HTTP/1.1 200 OK
19:47:45.165 [main] DEBUG org.apache.http.headers - << HTTP/1.1 200 OK
19:47:45.165 [main] DEBUG org.apache.http.headers - << Date: Mon, 17 Apr 2023 12:47:44 GMT
19:47:45.165 [main] DEBUG org.apache.http.headers - << Content-Type: application/json; charset=utf-8
19:47:45.165 [main] DEBUG org.apache.http.headers - << Transfer-Encoding: chunked
19:47:45.165 [main] DEBUG org.apache.http.headers - << Connection: keep-alive
19:47:45.165 [main] DEBUG org.apache.http.headers - << Access-Control-Allow-Origin: *
19:47:45.165 [main] DEBUG org.apache.http.headers - << Etag: W/"98-mG398F5Fd6j21q96g4znFNraofg"
19:47:45.165 [main] DEBUG org.apache.http.headers - << X-Powered-By: Express
19:47:45.166 [main] DEBUG org.apache.http.headers - << CF-Cache-Status: DYNAMIC
19:47:45.166 [main] DEBUG org.apache.http.headers - << Report-To: {"endpoints":[{"url":"https:\/\/a.nel.cloudflare.com\/report\/v3?s=1ms9M3eXXmOxenzoveyej4yrgzi2OrPpgmp9NK6k7QYzozKKMXWw2Zt7IELXkolfkkjG%2BrBtKsOcMMsFeTKFr6KE9D52YQjpwP1zMPdJbiofI5kmEudINyuCe3GYMRQ9PDMa"}],"group":"cf-nel","max_age":604800}
19:47:45.166 [main] DEBUG org.apache.http.headers - << NEL: {"success_fraction":0,"report_to":"cf-nel","max_age":604800}
19:47:45.166 [main] DEBUG org.apache.http.headers - << Server: cloudflare
19:47:45.166 [main] DEBUG org.apache.http.headers - << CF-RAY: 7b94c729b9e83fb0-SIN
19:47:45.166 [main] DEBUG org.apache.http.headers - << Content-Encoding: gzip
19:47:45.166 [main] DEBUG org.apache.http.headers - << alt-svc: h3=":443"; ma=86400, h3-29=":443"; ma=86400
19:47:45.169 [main] DEBUG org.apache.http.impl.client.DefaultHttpClient - Connection can be kept alive indefinitely
19:47:45.173 [main] DEBUG io.restassured.internal.RestAssuredHttpBuilder - Parsing response as: application/json; charset=utf-8
19:47:45.174 [main] DEBUG org.apache.http.wire -  << "a6[\r][\n]"
19:47:45.174 [main] DEBUG org.apache.http.wire -  << "[0x1f][0x8b][0x8][0x0][0x0][0x0][0x0][0x0][0x0][0x3][0x14][0xcb]M[0xf][0x82] [0x18][0x0][0xe0][0xff][0xc2]=[0xa7]V[0xb4][0xba]r[0xc8][0x97][0x2][0xcd]L[0xc1][0xa3]H[0x13])m[0xd3][0xf2][0xa3][0xf5][0xdf][0x9b][0xe7]g[0xcf][0x17][0xf5][0xad][0xd5][\r]: =[0xd1][0xaa]8*[0x13][0x1a][\n]"
19:47:45.174 [main] DEBUG org.apache.http.wire -  << "[0xb7][0x19]<n[0xa0][0x83]&[0xde]*[0x2][0x18][0xec]K[0xa4][0x84][0xee][0x1d]=[0xd1][0xb9][0xcc][0xc0][0x84][0xf5][0x82][0xe9][0x9c][0xb]XB_[0xac][0xe9][0x9d][0xd5]l[0xe4][0x4]:x>[0xaa][0x92][0x0]f[0x89][0xdc][0xb0]D[0xcd]<[0x91]>[0xf]\[0xa7][0x1f]w[0xec][0x1a][0xa9][0x93][0x1e][0xe2][0xb3]%~[0xae]3[0xd1][0x8a]`[0x0][0x8c]#c/[0xd2]{[0x13][0xee]`[0x1d][0xac][0xa4][0x8b]~[0x0][0x0][0x0][0xff][0xff][0x3][0x0][\r][0x1d]{|[0x98][0x0][0x0][0x0]"
19:47:45.174 [main] DEBUG org.apache.http.wire -  << "[\r][\n]"
19:47:45.174 [main] DEBUG org.apache.http.wire -  << "0[\r][\n]"
19:47:45.174 [main] DEBUG org.apache.http.wire -  << "[\r][\n]"
19:47:45.174 [main] DEBUG io.restassured.internal.RestAssuredHttpBuilder - Parsed data to instance of: class org.apache.http.conn.EofSensorInputStream
  &amp#27;[32mWhen &amp#27;[0m&amp#27;[32mI submit a POST request to &amp#27;[0m&amp#27;[32m&amp#27;[1m"/auth/login"&amp#27;[0m&amp#27;[32m with username &amp#27;[0m&amp#27;[32m&amp#27;[1m"mor_2314"&amp#27;[0m&amp#27;[32m and password &amp#27;[0m&amp#27;[32m&amp#27;[1m"83r5^_"&amp#27;[0m &amp#27;[90m# starter.stepdefinitions.UserSteps.submitUsernamePassword(java.lang.String,java.lang.String,java.lang.String)&amp#27;[0m
  &amp#27;[32mThen &amp#27;[0m&amp#27;[32mI should get a &amp#27;[0m&amp#27;[32m&amp#27;[1m200&amp#27;[0m&amp#27;[32m response code&amp#27;[0m                                                        &amp#27;[90m# starter.stepdefinitions.UserSteps.getResponseCode(int)&amp#27;[0m
19:47:45.272 [main] DEBUG org.apache.http.impl.conn.BasicClientConnectionManager - Releasing connection org.apache.http.impl.conn.ManagedClientConnectionImpl@4a9bce99
19:47:45.273 [main] DEBUG org.apache.http.impl.conn.BasicClientConnectionManager - Connection can be kept alive indefinitely
  &amp#27;[32mAnd &amp#27;[0m&amp#27;[32mthe response should contain an access token&amp#27;[0m                                              &amp#27;[90m# starter.stepdefinitions.UserSteps.responseAccessToken()&amp#27;[0m
19:47:45.668 [main] INFO  - 
  _____   ___   ___   _____     ___     _     ___   ___   ___   ___  
 |_   _| | __| / __| |_   _|   | _ \   /_\   / __| / __| | __| |   \ 
   | |   | _|  \__ \   | |     |  _/  / _ \  \__ \ \__ \ | _|  | |) |
   |_|   |___| |___/   |_|     |_|   /_/ \_\ |___/ |___/ |___| |___/ 

Successful login
----------------------------------------------------------------------
]]></system-out>
  </testcase>
  <testcase name="Invalid login" classname="RestFull API Test" time="3.735">
    <system-out><![CDATA[
Scenario: Invalid login                                                                        &amp#27;[90m# src/test/resources/api/user.feature:12&amp#27;[0m
19:47:45.697 [main] INFO io.cucumber.core.plugin.SerenityReporter - Running feature from file:///D:/KULIAH/kmrdeka/Weekly2/src/test/resources/api/user.feature
19:47:45.697 [main] WARN io.cucumber.core.plugin.SerenityReporter - Feature from file:///D:/KULIAH/kmrdeka/Weekly2/src/test/resources/api/user.feature is not under the 'features' directory. Requirements report will not be correctly generated!
19:47:45.701 [main] INFO  - 
  _____   ___   ___   _____     ___   _____     _     ___   _____   ___   ___  
 |_   _| | __| / __| |_   _|   / __| |_   _|   /_\   | _ \ |_   _| | __| |   \ 
   | |   | _|  \__ \   | |     \__ \   | |    / _ \  |   /   | |   | _|  | |) |
   |_|   |___| |___/   |_|     |___/   |_|   /_/ \_\ |_|_\   |_|   |___| |___/ 

Invalid login(restfull-api-test;invalid-login)
--------------------------------------------------------------------------------
  &amp#27;[32mGiven &amp#27;[0m&amp#27;[32mI have valid credentials&amp#27;[0m                                                               &amp#27;[90m# starter.stepdefinitions.UserSteps.validCredentials()&amp#27;[0m
19:47:45.729 [main] DEBUG org.apache.http.impl.conn.BasicClientConnectionManager - Get connection for route {s}->https://fakestoreapi.com:443
19:47:45.729 [main] DEBUG org.apache.http.impl.conn.DefaultClientConnectionOperator - Connecting to fakestoreapi.com:443
19:47:45.808 [main] DEBUG org.apache.http.client.protocol.RequestAddCookies - CookieSpec selected: ignoreCookies
19:47:45.808 [main] DEBUG org.apache.http.client.protocol.RequestAuthCache - Auth cache not set in the context
19:47:45.808 [main] DEBUG org.apache.http.client.protocol.RequestTargetAuthentication - Target auth state: UNCHALLENGED
19:47:45.808 [main] DEBUG org.apache.http.client.protocol.RequestProxyAuthentication - Proxy auth state: UNCHALLENGED
19:47:45.808 [main] DEBUG org.apache.http.impl.client.DefaultHttpClient - Attempt 1 to execute request
19:47:45.808 [main] DEBUG org.apache.http.impl.conn.DefaultClientConnection - Sending request: POST /auth/login HTTP/1.1
19:47:45.808 [main] DEBUG org.apache.http.wire -  >> "POST /auth/login HTTP/1.1[\r][\n]"
19:47:45.808 [main] DEBUG org.apache.http.wire -  >> "Accept: */*[\r][\n]"
19:47:45.808 [main] DEBUG org.apache.http.wire -  >> "Content-Type: application/json[\r][\n]"
19:47:45.808 [main] DEBUG org.apache.http.wire -  >> "Content-Length: 46[\r][\n]"
19:47:45.808 [main] DEBUG org.apache.http.wire -  >> "Host: fakestoreapi.com[\r][\n]"
19:47:45.808 [main] DEBUG org.apache.http.wire -  >> "Connection: Keep-Alive[\r][\n]"
19:47:45.808 [main] DEBUG org.apache.http.wire -  >> "User-Agent: Apache-HttpClient/4.5.13 (Java/19.0.2)[\r][\n]"
19:47:45.808 [main] DEBUG org.apache.http.wire -  >> "Accept-Encoding: gzip,deflate[\r][\n]"
19:47:45.808 [main] DEBUG org.apache.http.wire -  >> "[\r][\n]"
19:47:45.808 [main] DEBUG org.apache.http.headers - >> POST /auth/login HTTP/1.1
19:47:45.808 [main] DEBUG org.apache.http.headers - >> Accept: */*
19:47:45.808 [main] DEBUG org.apache.http.headers - >> Content-Type: application/json
19:47:45.808 [main] DEBUG org.apache.http.headers - >> Content-Length: 46
19:47:45.808 [main] DEBUG org.apache.http.headers - >> Host: fakestoreapi.com
19:47:45.808 [main] DEBUG org.apache.http.headers - >> Connection: Keep-Alive
19:47:45.808 [main] DEBUG org.apache.http.headers - >> User-Agent: Apache-HttpClient/4.5.13 (Java/19.0.2)
19:47:45.809 [main] DEBUG org.apache.http.headers - >> Accept-Encoding: gzip,deflate
19:47:45.809 [main] DEBUG org.apache.http.wire -  >> "{"username": "83r5^_", "password": "p@ssw0rd"}"
19:47:49.399 [main] DEBUG org.apache.http.wire -  << "HTTP/1.1 401 Unauthorized[\r][\n]"
19:47:49.399 [main] DEBUG org.apache.http.wire -  << "Date: Mon, 17 Apr 2023 12:47:48 GMT[\r][\n]"
19:47:49.399 [main] DEBUG org.apache.http.wire -  << "Content-Type: text/html; charset=utf-8[\r][\n]"
19:47:49.399 [main] DEBUG org.apache.http.wire -  << "Transfer-Encoding: chunked[\r][\n]"
19:47:49.399 [main] DEBUG org.apache.http.wire -  << "Connection: keep-alive[\r][\n]"
19:47:49.399 [main] DEBUG org.apache.http.wire -  << "Access-Control-Allow-Origin: *[\r][\n]"
19:47:49.399 [main] DEBUG org.apache.http.wire -  << "X-Powered-By: Express[\r][\n]"
19:47:49.399 [main] DEBUG org.apache.http.wire -  << "CF-Cache-Status: DYNAMIC[\r][\n]"
19:47:49.399 [main] DEBUG org.apache.http.wire -  << "Report-To: {"endpoints":[{"url":"https:\/\/a.nel.cloudflare.com\/report\/v3?s=KKurwqV4UgfT2jynr7XcyHT25CmGWQvoDnKSMbld9gUvYszYxfjwTHwnL7ybXRQf1BGtlapKDIYmFkJZhcJNDwaUZFk4oxhOcmUhR9pf%2FK1%2FUB5A0uUtzWSFpg5xVs9r0yAi"}],"group":"cf-nel","max_age":604800}[\r][\n]"
19:47:49.399 [main] DEBUG org.apache.http.wire -  << "NEL: {"success_fraction":0,"report_to":"cf-nel","max_age":604800}[\r][\n]"
19:47:49.399 [main] DEBUG org.apache.http.wire -  << "Server: cloudflare[\r][\n]"
19:47:49.400 [main] DEBUG org.apache.http.wire -  << "CF-RAY: 7b94c742ab4344bb-SIN[\r][\n]"
19:47:49.400 [main] DEBUG org.apache.http.wire -  << "alt-svc: h3=":443"; ma=86400, h3-29=":443"; ma=86400[\r][\n]"
19:47:49.400 [main] DEBUG org.apache.http.wire -  << "[\r][\n]"
19:47:49.400 [main] DEBUG org.apache.http.impl.conn.DefaultClientConnection - Receiving response: HTTP/1.1 401 Unauthorized
19:47:49.400 [main] DEBUG org.apache.http.headers - << HTTP/1.1 401 Unauthorized
19:47:49.400 [main] DEBUG org.apache.http.headers - << Date: Mon, 17 Apr 2023 12:47:48 GMT
19:47:49.400 [main] DEBUG org.apache.http.headers - << Content-Type: text/html; charset=utf-8
19:47:49.400 [main] DEBUG org.apache.http.headers - << Transfer-Encoding: chunked
19:47:49.400 [main] DEBUG org.apache.http.headers - << Connection: keep-alive
19:47:49.400 [main] DEBUG org.apache.http.headers - << Access-Control-Allow-Origin: *
19:47:49.400 [main] DEBUG org.apache.http.headers - << X-Powered-By: Express
19:47:49.400 [main] DEBUG org.apache.http.headers - << CF-Cache-Status: DYNAMIC
19:47:49.400 [main] DEBUG org.apache.http.headers - << Report-To: {"endpoints":[{"url":"https:\/\/a.nel.cloudflare.com\/report\/v3?s=KKurwqV4UgfT2jynr7XcyHT25CmGWQvoDnKSMbld9gUvYszYxfjwTHwnL7ybXRQf1BGtlapKDIYmFkJZhcJNDwaUZFk4oxhOcmUhR9pf%2FK1%2FUB5A0uUtzWSFpg5xVs9r0yAi"}],"group":"cf-nel","max_age":604800}
19:47:49.400 [main] DEBUG org.apache.http.headers - << NEL: {"success_fraction":0,"report_to":"cf-nel","max_age":604800}
19:47:49.400 [main] DEBUG org.apache.http.headers - << Server: cloudflare
19:47:49.400 [main] DEBUG org.apache.http.headers - << CF-RAY: 7b94c742ab4344bb-SIN
19:47:49.400 [main] DEBUG org.apache.http.headers - << alt-svc: h3=":443"; ma=86400, h3-29=":443"; ma=86400
19:47:49.400 [main] DEBUG org.apache.http.impl.client.DefaultHttpClient - Connection can be kept alive indefinitely
19:47:49.400 [main] DEBUG org.apache.http.impl.client.DefaultHttpClient - Authentication required
19:47:49.400 [main] DEBUG org.apache.http.impl.client.DefaultHttpClient - fakestoreapi.com:443 requested authentication
19:47:49.400 [main] DEBUG org.apache.http.impl.client.DefaultHttpClient - Response contains no authentication challenges
19:47:49.400 [main] DEBUG io.restassured.internal.RestAssuredHttpBuilder - Parsing response as: text/html; charset=utf-8
19:47:49.400 [main] DEBUG io.restassured.internal.RestAssuredHttpBuilder - Parsed data to instance of: class org.apache.http.conn.EofSensorInputStream
  &amp#27;[32mWhen &amp#27;[0m&amp#27;[32mI submit a POST request to &amp#27;[0m&amp#27;[32m&amp#27;[1m"/auth/login"&amp#27;[0m&amp#27;[32m with username &amp#27;[0m&amp#27;[32m&amp#27;[1m"83r5^_"&amp#27;[0m&amp#27;[32m and password &amp#27;[0m&amp#27;[32m&amp#27;[1m"p@ssw0rd"&amp#27;[0m &amp#27;[90m# starter.stepdefinitions.UserSteps.submitUsernamePassword(java.lang.String,java.lang.String,java.lang.String)&amp#27;[0m
  &amp#27;[32mThen &amp#27;[0m&amp#27;[32mI should get a &amp#27;[0m&amp#27;[32m&amp#27;[1m401&amp#27;[0m&amp#27;[32m response code&amp#27;[0m                                                        &amp#27;[90m# starter.stepdefinitions.UserSteps.getResponseCode(int)&amp#27;[0m
19:47:49.407 [main] INFO  - 
  _____   ___   ___   _____     ___     _     ___   ___   ___   ___  
 |_   _| | __| / __| |_   _|   | _ \   /_\   / __| / __| | __| |   \ 
   | |   | _|  \__ \   | |     |  _/  / _ \  \__ \ \__ \ | _|  | |) |
   |_|   |___| |___/   |_|     |_|   /_/ \_\ |___/ |___/ |___| |___/ 

Invalid login
----------------------------------------------------------------------
]]></system-out>
  </testcase>
  <testcase name="Retrieve all products" classname="RestFull API Test" time="1.639">
    <system-out><![CDATA[
Scenario: Retrieve all products               &amp#27;[90m# src/test/resources/api/user.feature:17&amp#27;[0m
19:47:49.420 [main] INFO io.cucumber.core.plugin.SerenityReporter - Running feature from file:///D:/KULIAH/kmrdeka/Weekly2/src/test/resources/api/user.feature
19:47:49.420 [main] WARN io.cucumber.core.plugin.SerenityReporter - Feature from file:///D:/KULIAH/kmrdeka/Weekly2/src/test/resources/api/user.feature is not under the 'features' directory. Requirements report will not be correctly generated!
19:47:49.423 [main] INFO  - 
  _____   ___   ___   _____     ___   _____     _     ___   _____   ___   ___  
 |_   _| | __| / __| |_   _|   / __| |_   _|   /_\   | _ \ |_   _| | __| |   \ 
   | |   | _|  \__ \   | |     \__ \   | |    / _ \  |   /   | |   | _|  | |) |
   |_|   |___| |___/   |_|     |___/   |_|   /_/ \_\ |_|_\   |_|   |___| |___/ 

Retrieve all products(restfull-api-test;retrieve-all-products)
--------------------------------------------------------------------------------
19:47:49.939 [Finalizer] DEBUG org.apache.http.impl.conn.DefaultClientConnection - Connection 0.0.0.0:61211<->104.21.3.149:443 closed
19:47:50.538 [main] DEBUG org.apache.http.impl.conn.BasicClientConnectionManager - Get connection for route {s}->https://fakestoreapi.com:443
19:47:50.539 [main] DEBUG org.apache.http.impl.conn.DefaultClientConnectionOperator - Connecting to fakestoreapi.com:443
19:47:50.616 [main] DEBUG org.apache.http.client.protocol.RequestAddCookies - CookieSpec selected: ignoreCookies
19:47:50.616 [main] DEBUG org.apache.http.client.protocol.RequestAuthCache - Auth cache not set in the context
19:47:50.616 [main] DEBUG org.apache.http.client.protocol.RequestTargetAuthentication - Target auth state: UNCHALLENGED
19:47:50.616 [main] DEBUG org.apache.http.client.protocol.RequestProxyAuthentication - Proxy auth state: UNCHALLENGED
19:47:50.616 [main] DEBUG org.apache.http.impl.client.DefaultHttpClient - Attempt 1 to execute request
19:47:50.616 [main] DEBUG org.apache.http.impl.conn.DefaultClientConnection - Sending request: GET /products HTTP/1.1
19:47:50.616 [main] DEBUG org.apache.http.wire -  >> "GET /products HTTP/1.1[\r][\n]"
19:47:50.616 [main] DEBUG org.apache.http.wire -  >> "Accept: */*[\r][\n]"
19:47:50.616 [main] DEBUG org.apache.http.wire -  >> "Host: fakestoreapi.com[\r][\n]"
19:47:50.616 [main] DEBUG org.apache.http.wire -  >> "Connection: Keep-Alive[\r][\n]"
19:47:50.616 [main] DEBUG org.apache.http.wire -  >> "User-Agent: Apache-HttpClient/4.5.13 (Java/19.0.2)[\r][\n]"
19:47:50.616 [main] DEBUG org.apache.http.wire -  >> "Accept-Encoding: gzip,deflate[\r][\n]"
19:47:50.616 [main] DEBUG org.apache.http.wire -  >> "[\r][\n]"
19:47:50.616 [main] DEBUG org.apache.http.headers - >> GET /products HTTP/1.1
19:47:50.616 [main] DEBUG org.apache.http.headers - >> Accept: */*
19:47:50.616 [main] DEBUG org.apache.http.headers - >> Host: fakestoreapi.com
19:47:50.616 [main] DEBUG org.apache.http.headers - >> Connection: Keep-Alive
19:47:50.616 [main] DEBUG org.apache.http.headers - >> User-Agent: Apache-HttpClient/4.5.13 (Java/19.0.2)
19:47:50.616 [main] DEBUG org.apache.http.headers - >> Accept-Encoding: gzip,deflate
19:47:50.978 [main] DEBUG org.apache.http.wire -  << "HTTP/1.1 200 OK[\r][\n]"
19:47:50.978 [main] DEBUG org.apache.http.wire -  << "Date: Mon, 17 Apr 2023 12:47:50 GMT[\r][\n]"
19:47:50.978 [main] DEBUG org.apache.http.wire -  << "Content-Type: application/json; charset=utf-8[\r][\n]"
19:47:50.978 [main] DEBUG org.apache.http.wire -  << "Transfer-Encoding: chunked[\r][\n]"
19:47:50.978 [main] DEBUG org.apache.http.wire -  << "Connection: keep-alive[\r][\n]"
19:47:50.978 [main] DEBUG org.apache.http.wire -  << "Access-Control-Allow-Origin: *[\r][\n]"
19:47:50.978 [main] DEBUG org.apache.http.wire -  << "Etag: W/"297c-h+n6NsR3M51S6528jZo3BluzvtU"[\r][\n]"
19:47:50.978 [main] DEBUG org.apache.http.wire -  << "X-Powered-By: Express[\r][\n]"
19:47:50.978 [main] DEBUG org.apache.http.wire -  << "CF-Cache-Status: DYNAMIC[\r][\n]"
19:47:50.978 [main] DEBUG org.apache.http.wire -  << "Report-To: {"endpoints":[{"url":"https:\/\/a.nel.cloudflare.com\/report\/v3?s=dVrk%2BNS8c5TjihLMXvRfDM%2FAfPb4M%2FXHw6tX0mHjkuWj%2BdTJNXzixhLlWHOgNSY2DuOXUkNWMsKT7gQUhEBHm9k%2BzwUrWKgWLbakM5jopO8VImvI2OuQ7i0OlkCTW1BjO2Hr"}],"group":"cf-nel","max_age":604800}[\r][\n]"
19:47:50.978 [main] DEBUG org.apache.http.wire -  << "NEL: {"success_fraction":0,"report_to":"cf-nel","max_age":604800}[\r][\n]"
19:47:50.978 [main] DEBUG org.apache.http.wire -  << "Server: cloudflare[\r][\n]"
19:47:50.978 [main] DEBUG org.apache.http.wire -  << "CF-RAY: 7b94c760b815496b-SIN[\r][\n]"
19:47:50.978 [main] DEBUG org.apache.http.wire -  << "Content-Encoding: gzip[\r][\n]"
19:47:50.978 [main] DEBUG org.apache.http.wire -  << "alt-svc: h3=":443"; ma=86400, h3-29=":443"; ma=86400[\r][\n]"
19:47:50.978 [main] DEBUG org.apache.http.wire -  << "[\r][\n]"
19:47:50.978 [main] DEBUG org.apache.http.impl.conn.DefaultClientConnection - Receiving response: HTTP/1.1 200 OK
19:47:50.978 [main] DEBUG org.apache.http.headers - << HTTP/1.1 200 OK
19:47:50.978 [main] DEBUG org.apache.http.headers - << Date: Mon, 17 Apr 2023 12:47:50 GMT
19:47:50.978 [main] DEBUG org.apache.http.headers - << Content-Type: application/json; charset=utf-8
19:47:50.978 [main] DEBUG org.apache.http.headers - << Transfer-Encoding: chunked
19:47:50.978 [main] DEBUG org.apache.http.headers - << Connection: keep-alive
19:47:50.978 [main] DEBUG org.apache.http.headers - << Access-Control-Allow-Origin: *
19:47:50.978 [main] DEBUG org.apache.http.headers - << Etag: W/"297c-h+n6NsR3M51S6528jZo3BluzvtU"
19:47:50.979 [main] DEBUG org.apache.http.headers - << X-Powered-By: Express
19:47:50.979 [main] DEBUG org.apache.http.headers - << CF-Cache-Status: DYNAMIC
19:47:50.979 [main] DEBUG org.apache.http.headers - << Report-To: {"endpoints":[{"url":"https:\/\/a.nel.cloudflare.com\/report\/v3?s=dVrk%2BNS8c5TjihLMXvRfDM%2FAfPb4M%2FXHw6tX0mHjkuWj%2BdTJNXzixhLlWHOgNSY2DuOXUkNWMsKT7gQUhEBHm9k%2BzwUrWKgWLbakM5jopO8VImvI2OuQ7i0OlkCTW1BjO2Hr"}],"group":"cf-nel","max_age":604800}
19:47:50.979 [main] DEBUG org.apache.http.headers - << NEL: {"success_fraction":0,"report_to":"cf-nel","max_age":604800}
19:47:50.979 [main] DEBUG org.apache.http.headers - << Server: cloudflare
19:47:50.979 [main] DEBUG org.apache.http.headers - << CF-RAY: 7b94c760b815496b-SIN
19:47:50.979 [main] DEBUG org.apache.http.headers - << Content-Encoding: gzip
19:47:50.979 [main] DEBUG org.apache.http.headers - << alt-svc: h3=":443"; ma=86400, h3-29=":443"; ma=86400
19:47:50.979 [main] DEBUG org.apache.http.impl.client.DefaultHttpClient - Connection can be kept alive indefinitely
19:47:50.979 [main] DEBUG io.restassured.internal.RestAssuredHttpBuilder - Parsing response as: application/json; charset=utf-8
19:47:50.979 [main] DEBUG org.apache.http.wire -  << "114d[\r][\n]"
19:47:50.979 [main] DEBUG org.apache.http.wire -  << "[0x1f][0x8b][0x8][0x0][0x0][0x0][0x0][0x0][0x0][0x3][0xac]Z[0xdd]r[0x1a][0xc9][0x92]~[0x95][0xc]Ex[0xc6][0x8e][0xd3][0xb4][0x0][0x81][0xfe][0xe6][\n]"
19:47:50.979 [main] DEBUG org.apache.http.wire -  << "[0x1][0x12][0xf8][0x0][0x92]idY[0xde][0xd8]p[0x14][0xdd][0x9]][0xa6][0xba][0xaa][0xa7][0xaa]Z[0x18][0x9d][0x99][0x88]y[0x87][0xbd][0xda][0x8b]}[0xb9]y[0x92][0x8d][0xac]j[0xa0]e[0xcb]g=;[0xba][0xe2][0xa7][0xab][0xeb]'[0xf3][0xcb][0xcc]/3[0xeb]?[0xfe]u[0xc0][0x93][0x83][0xf3]Fp`[0xb9][0x15]xp~p[0xf9][0x99][0x9][0xa1][0xd9][0x3]J[0xa8][0xc1][0xa5][0x12][0x89]a[0xf1][\n]"
19:47:50.979 [main] DEBUG org.apache.http.wire -  << "&*[0x84][0x6]\[0xb0]x[0x95][0xb3]x[0x15][0xc0]%[0xb7][0x6][0x1a]m[0x18][0xb1][0xdc][0xaa][0xdc][0x1c][0x4][0x7][0xb9][0xe6]1[0x1e][0x9c]7[0xea]g[0xe1]Y;8H[0xd0][0xc4][0x9a][0xe7][0x96]+yp~p[0xaf][\n]"
19:47:50.979 [main] DEBUG org.apache.http.wire -  << "[\r]9[0xea][0x5][0xc6][0x16]h[0x6]X([\r][0xf8][0x80]z[0x93][0xb0][\r][0x14][0x6][0x81][0xc9][0x4][0xd6]L[0xac][0xc]p[0x9]6E[0x1a][0x81][0xc6][0x86][0x10]YfR[0xd8][0xd0][0xc][0xc2][0xad][0x6][0xaf][0x8b][0x1c][0xac][0xa2][0xe5][0xb9][0x8c]S4o[0xb6][0xaf][0xe4],I0[0x1]#[0x10][0x1f]0[0xf0][0xef]l[0x17]9[0x8][0xe]bfq[0xa9][0xf4][0xe6][0xe0][0xfc] C[0xf9][0xb3][0x81]X([0x9b]r[0xb9]<[0x8][0xe]x[0xc6][0x96]t[0xfc][0xd4][0xda][0xdc][0x9c][0x1f][0x1e].[0xd8][\n]"
19:47:50.979 [main] DEBUG org.apache.http.wire -  << "[0x8d]U[0x1a]Y[0xce][0xc3]Xe[0x87]<[[0x1e][0x9e]6[0x16]7[0xff]Lj[0xcd][0xce][0xfd]([0xfc][0xd4][0xe9]~[0x8a]F[0x8d]v[0xbd][0xfe])[0xfc][0x9c][0xd3][0x14][0x9a]Y[0x9a][0xeb][0xfc]_[0xf4][\r][0xf][0xce][0x8f][0xc2][0xb3][0xe0] V[0x85][0xb4][0x7][0xe7][0x8d]f[0xfd][0xf7][0xdf][0x3]/[0xec][0xe6]^[0xd8]c[0x94][0x6][0xba][0xcc][0x14]L[0xc0][0x8d][0xc6][0x8c][0x17][0x19]D[0x82]g$_[0x98][0xd5][0xa2][0x94]kk`/[0xdd]f3<[0xfa]Z[0xb6]4[0xbe][0xb6][0xe0][0x96][0x16][0x7]c7[0x2][0x3][0x88][0x95][0xb4][0x9a][0x19][0xb][0x9a]-[0x5][0x93] [0x14]=+[0xc5]bS[0x8d]X[0x9b][0x17][0xd6]*[0x9])J[0x81][0x1b][0xc8][0x5][0x8b]Wh[0x3][0x10]|[0x99]ZX[0xa3][0xfb][0xf8][0x9][0x8c]ZXX[0xb0][0xb9][0xe6][0xb1]S[0xd9]\#[0xb3])[0x9b][0xb][0xaf][0xb0]Xe[0xb][0xa5][0xad][0xfb][0xbd]F[0xa6][0xb9]\[0x86][0xd0][0x91][0x9]DJ[0xf0][0x4][0x8c][0xe5]6NI#[0xfe] knS[0xd0][0xaa][0x90][0x9]H[0x8c]W[0x90][0xb1][0xc4][0xe9][0x19][0x92]B[0xb3]9[0x17][0xdc]n[0xdc][0xb4][0xc][0x96][0xb4][0xe],[0xb8]u[0x8f]c/[0xa1][0x5]3)W[0xd2][0xad][0xe4][0xc6]%[0x1c]S[0xa6][0x13][0x98]3[0x83]s&h[0x84]4![0xcc]R[0x84][0x81]?[0x97][0x93]GeI[0xc1]%[0x12]jD[0x91][0xa0][0x1][0xf6]T[0x16][0xa5][0x10][0xc2][0x97][0x80][0xca]I[0xa3]v4[0xf8]|5[0xe9][0xdd][0x96]P[0xb9]?=9[0xb]?E[0x1f][0xc2]O[0xb7][0x1f][0xc2]O[0xd1]}[0xf8][0xe9][0xf6][0xfe]{[0xc8]i[0x85][0x8d][0x1d]r[0x9a][0xed][0xb3][0x1d]r[0x8e][0xbe]F[0x8e]r[0xfb]~[0xeb][0xb6][0xbd]GI[0xbb][0x1d][0x9e][0x9d]}[\r][0x13]/QUX[0xd4]N"
19:47:50.979 [main] DEBUG org.apache.http.wire -  << "~[0x9f][0xdd]K[0xc6][0xc9]7[0xca]Is[0x87][0x9d][0xc2][0x16][0x99]<[0xbc][0xe3][0xd2][0xa2][0xe][0xc0][0x14][0xdc]k[0x96][0x86]dLn@[0xc5]13\IC[0xf][0xe3][0x14][0x98][0x81][0xb5][0xd2]+.[0x97][0x1][0xa4][0xdc][0xc6],[0xcb][0xdd][0x97][0x8c][0xf6][0xcf][0xb8]<[0xd4]*^A,x6[0xf7][0x3]6[0xb1]p_,y[0x19][0xfa][\n]"
19:47:50.979 [main] DEBUG org.apache.http.wire -  << "J[0x83][0xb2])j[0xda]^[0xa2][0x94]6!\)[0x95][0xc0][0x92]/,[0xc4][0xa9][0xe2][0xb1][0xdf][0xc4]F[0x15][0xe0]?4,X[0xc6][0xc5][0x6]2[0xcc][0xe6][0xa8]C[0xe8][0xc0][0x9a][0xe9][0xc]Rd[0xda]b[0x2]B= [0xf9][0x88]KF[0xf3][0x6][0x90][0x16]fN[0x88]Q[0x1a][0x8c][0x92][0xde]_p[0x3]6ere[0x96][0xfc][0xa1][0xdc]E7[0xd5][0xdc][0xd8][0x8c][0x19][0xe8][0xb1][0xcd][0xb][0xe1]@[0xf0]Z[0xf1][0xd9][0x8a][0x12][0x7][0xb7][0x1f][0x8e]O[0xce][0xbe][0xaf][0xf7][0x93][0x9d][0xde][0xdb][0xf5][0xbd][0xc7]h=[0xef]1[0xb6][0x9e][0xa2][0xe2]}[0x9f][0xd3]<[0x99]C[0xac][0x4][0xd9][0x91]*D[0x2]s[0x4][0xe3][0xcc]\l [0xe1][0x8b][0x5]j[0x94][0x16][0xe6]h[0xd7][0x88][0x12][0x94]w[0xa5]&[0xd6][0xf4][0x8b]d[0xc6]%[0xe4][0x9a][0xc5][0x96][0xc7][0x18][0xc2]![0xdc][0x8]d[0x6]A*[0x8b]$?[0xb]s[0x95]l`^p[0x91][0x18]x`z[0x3][0xf3][\r][0xf9]z[0xa3]$[0xf9][0x1a][0xd4]H[0x9e]<[0x80][0x4]-[0xe3][0x82][0x9c][0x1]$[0x1b]\([0x9d]1[0xda]"[0x98]t[0xbb]/[0x8d][0xf][0x1c][0xd7]H[0xdf][0x85]Zo[0xf7][0x92]k[0x95][0x14][0xb1][0x85][0xca][0xb1]^H7[0xf7][0x1f][0x1e][0xf1][0xba]0[0xa2][0xd4][\r][0xd9][0xe8][0xf7]t[0xd3][0xac][0xd8]d[0xeb]h[0xaf][0x9b][0xf6]^7oU*a[0xc0]t[0xb2][0x81];[0xe5][0xb7]4[0xc2]%[0xca][0xc4][0xc0][0x84]-[0x19]\)[0x91][0xc0]O[0x10]q[0xf1][0x80][0x1a]z[0x9a]-[0x95][0xa4][0xf0][0xe6][0x84][0xd0]M[0x19][0x97]p[0xa1]Y[0x8c][0xa2]j[0xcc][0xc7][0xdf]F[0xd3]K[0xad]2 [0x1b][0xd8][0xce][0xde]UB`LO[0x9d][0xc4][0xfd]jkF[0xa1][0xd4][0xe4]\[0x93]<7[0xee]A[0xb6][0xb1])[0x8f][0x99][0x80]5[0xb3][0xa8]![0xf1][pZ[0xcc][0xb5][0xb2][0x18][[0xe3][0xc6][0xa9][0x18][0x19]m?G[0xa6]E[0x8]w[0xe4]0[0x16],&+[0xe1]rM.[0xd7]*[0xd2][0xd7][0x9c][0x84]J[0xfa]r[0x9e][0xdd][0x19][0x9d][0xf3][0xdf][0xf3]B&L[0xc6][0x18]8[0xd3].[0xac]{[0x85],[0xb8]\[0xe5][[\r]~[0xc6]5[\n]"
19:47:50.980 [main] DEBUG org.apache.http.wire -  << "[0xd4][0x9b][0x1f][0xd7]]~[0xf7][0x98]&o'[0xeb]Rw[0xa3][0xe3]V[0xfd][0xd3][0xbb][0xd1]q[0xfb][0xd3]xt[0xf4]}[0x3];[0xde]+[0xb1]b`[0xc7]{%[0xfa][0xc8][0xe5]Tu[0x83][0x96][[0x84]1[0x8f][0xb5][0xca][0xd9][0x3]V[0x2]q[0xe3][0xf8][0xf4][0x9b]8[0xcc],7[0xb][0xe6][0xe][0x7]W[0x5][0xd3]LZ[0xc4]$[0x84])[0xda]BK[0x92][0x4]~[0x89]S&[0x97]$[0xa4][\r]([0x9d][0xa0]v[0x82][0xe3][0x12][0x8e][0xea][0x90][0xb0][0x8d][0x9]{h[0xf8]Rb[0xe2][0xc4]hh[0x13][0xf3][\r][0xc][0xd8][0x2][0xf1][0x11][0xba]H~y[0xcb]un%'GG[0xf0]A[0x13][0xc2][0x8b][0xac][0xfe][0xf7]Tr[0xdc]0[0xf3]1[0xbf][0x95][0xea][0xea][0xaf][0xa8][0xa4][0xca][0x92]N[0xf6][0x1a]9[0xd9]k[0xe4].%-x[0x8d][0x8]F[0x87][0xbe][0xd1]\[0xc6]h*[0xb4][0xf3][0xec][0x19][0xbf][0xd7][0x15][0xcc][0x18][0x1e]C[0x97]"[0x1f]&p[0x87]IB[0x8][0xee][0xcb]%[bFN[0x8f][0x94]m[0x19][0xd7][0x8]=[0xce]2%ij[0x95]q[0x83]0[0xa5][0x91][0x84][0xd8][0x1]E[0x97]+[0xbe] [0xcb]P`r[0xc5]EIF[0x9][0xed][0x99][0xd2]>4[0xed]'[\r][0xb6][0xb][0x5][0xd0][0x91][0x92]?[0xa0]6Lo[0x2]x[0xcf][0x4]J[0xcb]%[0xfe][0xec][0xa3]K[0xf8][0xb7]-[0xe0][0xbe]3[0xbc][0xbc]m[0x9d][0xe][0xff][0x92][0xb8][0x9f][0xc5][0xff][0xe9]^[0xda]7[0x1c]u[0x8c][0x9]\[0xaf][0x5]L[0x95]y*[0xf8][0x88][0x2][0xba]@c [0xb2][0x88][0x2]z[0xaa][0x98][0xb][0xac][0xb2][0xff]g[0xf4][0xf0][0xcd],[0xfe]-[0xb8][0x14][0x8c]\[0xd3][0xac][0x90][0x12][0x5][0xdc][0x88]b[0x9]}[0xa6][0x89][0x89][0x98][0x10][0xc6]D[\r][0xd5][0x2][0x8e][0x1a][0xc7][0xa3][0xaf][0x97][0xfd]{rk7n{[0xfd][0xc7][0xf1][0xdb][0xf7][0xf9]_[0x91][[0xa3]J[0xe6]+[0x92];[0xab][0xe0][0xb4][0x7][0xcd][0xd9][0x5][0xf4][0x85][0x83][0x81][0x81][0x9b]-3[0xee][0xb1][0xa8]%[0x13].6@O[0xf3][0x7][0x84][0x1a][0xdc]F[0x17]p[0x14][0xd6]+N[0xe5][0xb8][0xf5][0xb5][0xe8][0xb6]c[0xc8][0x1b][0xd0][0xf7]fX[0x87][0xae][0xca]rfyI[0x97]/[0x89][0xe5]'[0xcc]2[0xa2]S[0xd2],P[0x1b][0x18]f[0xb9]&p[0xde]t[0xe1][0x6][0xb5][0x8b][0xb3]2F[0x18][0xf0]e[\n]"
19:47:50.980 [main] DEBUG org.apache.http.wire -  << "][0x96][0xb3][0x98][0xdb][0xcd]/_[0xcf][0xe3][0xa2]1ig2[0xbb][0x8c][0x1c][0xa4][0xef][0xb8]L[0xd4][0xda]@[0xa3][0x1e][0xec][0xbe][0x9f][0x86][0x8d][0xfd][0x8f][0x93]_`[0x8a]>[0x8c][0xbb][0xe4]#c[0x1b][0x1f][0xc4]-\[0xd0]Y[0xec]y][0x8e]^[0xa0]`6[0xc6]bf[0xbe]^[0x9e]^u[0xdc]![0xc1][0x1c][0xa5]3S%)/[0xd4][0xfe][0xf1][0xdf][0x6][0x88][0xe5][0xaf][0x99]&[0x1e]#[0x17]|Yh[0x1f]3[0x1d][0xa3][0xfb]j[0xea][0xa7][0xe0]@[0x8a][0x8b]ZI[0x1e][0x9b][0x1f]wc[0xc3][0x8b][0x8b][0xf7]o[0x1f][0xa2]^[0x85][0xb9][0xdf]{[0xed][\r][0xaa]Y?[0xda][0xc1][0xa2]Q[0xaf]D[0x14]&{[0xdc][0xac] [0x8a]zp3[0xba][0x8d][0xa0]1[0xbb][0x80][0xa1],1A[0xff][0xd6] [0xea][0xcc]:0[0x1c][0xe][0xe1][0x18][0xae][0xe6][0x87]O[0xf3][0xe9][0xaf]A[0xd1]gf[0x3]E[0xbe][0xd4][0xdb][0xec]i[0xc1][0xc][0x5][0x86][0xb9]R[0x16][0x8a]<[0x0][0x93][0x12][0x8d]^[0xcb][0x0]X[0x9e][0xb][0x1e]{a[0x9][0xc5]|X[0xd1]hr%[\r][0xc2][0xeb][0x8e][0xa1][0xc].wfh[0x15][0xb4][[0xf5]:Lo[0xc6]~7[0xcd][0xb0][0xfd][0xe7][0x1f][0xff][0xe3]D[0xf][0x9]a[0xf6][0x17][0xb8]`[0x6][0x13]RL^[0xcc][0x5]7.[0xb3][0xcb]1[0xe6][0x8b]r[\r]S[0xf2][0xc5][0xf2]hs[0x94]q[0x9a]1[0x97] [0x80]Ec[\r][0x14][0x86][0xbe][0xdf]t[0xc7]L[0xaf][0xe0][0x81]I[0xcb][0x96][0xc4]5)[0xd5][0x3][0x17]J[0xd1][0x98]y[0xa1][0x8d][0x85][0xb5]&[0xaf][0x9f][0xef][0xf1][0x1b]@[0xc6][0xdc]L[0xdc][0x2]O[0x90][0xf2]A[0xa5][0xc1]nrGhn[0xba].[0x15][0xa1]C[0x1a][0x97][0x0]n[0xab][\r]s&[0x1c][0xfa][0xd5][0xa2]:Y)[0x8][0xc1][0xb7]i[0xe7][0x14]Yr[0xe8][0xd7]49bb[0xe8][0x5]_gh[0x1f][0xb5][0xc7][0x17][0x87][0xe6][0xb0][0xd5][0xae][0xd3]'[0xbc][0xde][0x89]awR:[0x1c][0x97][0xcb]_[0x9e][0xd8]"
19:47:50.980 [main] DEBUG org.apache.http.wire -  << "[0xdb]3[0x98].r%[0xbd]0!.[\r]1[0x80]T[0x91][0x9][0xe3][0x3][0xa7]3^G[0x9e]A[0xed][0x15][0x17][0xbe]y[0x1]H[0xdf][0x9e][0xcc][0x1a]+[0xf5][0xee][0xd7][0x12][0xd2][0xff].[0x9]iV<][0xab][0x12][0x91][0x1b][0x95]"Q[0xc4][0x5][0x8f][0x95][0x84][0x1b][0xb5]F[\r][0xcd][0xf6][0xf1][0xd5][0x85][0x3][0xf2]Q[0xf]&[0x9d]I[0xf]:[0xed]6D[0xa3].tY[0x9c][0xe2][0x13][0xa1]8[0x1d][0xef][0xe1][0xde][0xc][0xdb][0xff][0x16][0xeb][0xdb][0x9][0x17][0x82][0x8a]@[0xe4][0x1][0x9c]d<^[0x13][0x14][0x14]^!%[0xc7][0xb6]u[[0xf5]M[0x91][0x90][0xe7][0xfc][0xef][0xd7][0x8f][0x1c][0xdf]E[0xe9]s[0xdb][0xbd][0xed][0x14][0xb9][0x87][0xaf][0xf7][0x9e][0x9][0xa8][0x7][0xd4]TT[0xf0]~[0xa5][0x8a][0x1e]_b`[0xc9][0x3][0xfd]H*'[0x9d]a[0x9c]J%[0xd4]r[0x3]L[0x8][0xf2][0x91]U[0xcc][0xcd][0xdd][0xd9]i[\r][0xaa][0xc7][0xa0][0x6][0xc1][0x17]hr&[0xe1]$[0xcb]('[0xcb]([0xc5][0xe1]K[0xf9]4[0xf5][0xbe][0x15]V[0xb3][0xb9]R+o^[0xee]g[0xcd][0x8d][0xa6][0x1c][0xcc]=[0x8]!*[0xf2]\Q[0x8d]e6[0x1d][0x8e][0xc9][0xaa]3&[0x93][0x0][0xae][0x98][0x9e][0x93][0x89][0xed]3[0x4][0xb0][0xbb]=[0x6]0[0xed][0xc]{[0x81][0x9b][0xb5][0xdf][0xed][0xc2][0xeb][0xbe][0xd6].[0x9][0xc6][0xd8][0x19][0xda]O[0xd0]UZ[0xfb][0xd7][0xde][0x90][0xc0]I0<A[0x9f]"[0xe4][0x96]g[0xfc][0x11][0x93]o[0xcc][\n]"
19:47:50.980 [main] DEBUG org.apache.http.wire -  << "e[0xea][0xe5]R[0xb1][0xaf][0xf0]oc[0xf8][0xa4][0xb1][0xba][0xdb]d[0x1f][0xff][0x11][0xff][0xe3][0x7]0[0xdc][\n]"
19:47:50.980 [main] DEBUG org.apache.http.wire -  << "Ow[0x18]>j[0xec][0xb]([0x8d][0xe6][0x93]p[0xdd][0x9a]][0xc0][0x15][0xcb][0xe8][0xac]>*[0xdf])[0xbd]*[0xcb]T7[0x82]mL[0x99][0x9b][0xb5][0xfe]m,[0xaf][0x0][0xb8][0xf1]M[0x4][0xef][0xc9]I&[0x8e]1[0xde]D-X[0xfa][0xe5][0xf0]K[0x8e][0x9a][0xa3]sk[0xb4][0x12]q[0xf2]5[0xe5][0xca]>[0xa0];12[0xb3][0x9][0xc0] [0xe1]2[0x12][0x88][0xab]-8[0xdc][0xf6][0x1c][0xe6][0xf7]>[0xe4][0xa8][0xb6][0xa1][0x1c]-c[0xb2][0xa0]$[0xa0][0xd0][0xa8]6 x[0xe6][0x92][0x84]5[0xd3][0x94][0xf]l^[0xc0][0x91]dvt[0xdc][0xee][0xb5][0xe2][0xbf][0xa8][0x84]*[0xd9]lT[0xca]X[0x9d][0x18]5D[0x17][0xcd]f[0xfd][0x1d][0xcc]94[0x1b][0xe1][0xb6][0xa8][0xb][0x97][0x85][0x10]0[0xe8][0xc1][0xeb][0xc6]Y[0xb3][0xe]_[0xa0]Q?[0xad][0xbf][0x81][0xe1]MTZ[0xc0],[0xe5][0xb2]R[0xf3][0xfa][0x96]w6[0x1b]![0xfc][0x1f][0xb3][0xad][0xb9]{[0x85]*[0x1d]4q[0xc2]MN[0xca][0xa0][\n]"
19:47:50.980 [main] DEBUG org.apache.http.wire -  << "[0xe6][0x94]%[0xa8]$,4"D[0x1b][0x19]W[0xec]&[0x84][0x89][0xf2][0x81]s[0xc7]_[0xc8]N[0xdf][0xf7][0xa3][0xe][0x8c][0xe9][0xbc]D[0x8b]4[0x9a][0x14][0xa6][0xcc][0xe2]9[0x9c][0xb4][0x7][0x8f]D[0xf8]\[0xec][0x1b][0xf4][0xc6]C S[0x85][0x8f][0xa8]Um[0xa1]Y[0x86][[0xcd][0xfe][0x6][0x85];[0x9a]K[0xca]~[0x83]Vf[0xf6][0xc1][0xda][0xf2][0xc][0xe1]7[0xb7][0xcd][0x9c][0x11]a[0xee]P[0xe8][0xa5][\n]"
19:47:50.980 [main] DEBUG org.apache.http.wire -  << "[0xaf][0xe5][\n]"
19:47:50.980 [main] DEBUG org.apache.http.wire -  << "j[0xd0]8>[0x87][0xb3][0x90][0xc][0x9d][\n]"
19:47:50.980 [main] DEBUG org.apache.http.wire -  << "z[0xde][0x1b]`[0xe2][0x1e][0x84]p[0x2][0x19][0x17][0x82][0xa0][0xec][\n]"
19:47:50.980 [main] DEBUG org.apache.http.wire -  << "A&[0x84][0xb]M[0x15] I[0x9c][0xba][0x6][0xcd]v[0x1d]$U[0x9c][0xb9] [0xec]-[0x5]B[0xad][\r][0x9].[0xe9][0xf0][0xbe][0xd2][0xee][0x84]0P[0x9a]?*i[0x99][0x0]*[0xd5][0xd0][0x89][0xdc][0xb][0xb5][0xc6][0xc9][0xe9]n[0xd0]{[0xd4][0xd6]E[0xe5][0xef][\r][0x81][0x93]6[0xa4][0xa8][0xed][0xe3][0xdf]F[0xe4]i[0xe3]][0xbe][0x1a][0xc6][0xf6][0xd7][0x9b][0xbf][0x18][0xda][0x9a][0xed][\n]"
19:47:50.980 [main] DEBUG org.apache.http.wire -  << ""[U[0xb6][0x96][0x99]B.[0xa1]uV[0x1b][0xca]8[0x85][0xee][0xe0][0xea][0xac][0xe][0x8d]Vk[0xf0][0x8][0xdd]BS`(][0xc6]XIn[0x95][0x86][0xd7][0xa3]n[0xeb][0x8c]F[0xf5][0xc6][0x93][0xf][0x1f];o[0xe0][0xcf]?[0xfe][0x8b]4[0x80][0xa5][0xeb]&[0x90]A[0xe4]Q[0xf6]n[0xd4][0xef]U[0x18][0xff][0xd9][0xd9]s[0x89]k[0xeb][0xc][0x86][0x93][0xee][0x0][0xa2][0xdb][0x9b][0xfe][0x14]nG[0xb3]i[0xe7]n[0xd8][0xeb][0xc3]Q[0xf3][0xfc][0xc][0xba][0xb7][0xd3][0xf7][0xfd][0x1e]\u[0xc6][0xc3][0xc9][0x15][0x8c][0xaf]'[0xc3][0xd9][0xf5][0xd4][0xfb][0x84][0x84][0x8a][0x82][0xcd][0x13][0x7][0xf9]m[0x1][0xcf][0xd0][0xe2][0xf3][0x8d][0xff]|w[0xdb][0x99][0xcc]n[0xc7][0xd0][0xbb][0x9e][0xc1]k[0xda][0xca][0x1b][0x98][0xf5][0xbb][0x83][0xc9][0xf5][0xe8][0xfa][0xea]>[0x80]Ao[\n]"
19:47:50.980 [main] DEBUG org.apache.http.wire -  << "[0xc6]#[0xc7]y [0xf2]$Jo f[0x82][0xcf]K[0xca]][0x86][0x0][0x3][0xc6][0x16]Rr[0xb9][0x14][0x1b][0xd0][0xc8][0x4]7[0x96][0xc7][0x9e][0xba][0xc4]1[0xf1][0xf3]m[0xcd][0xd1][0xb7][0x9][0xca]v[0x4][0x89][0xf1]#[0xc][0x86]W[0x3][0x98][0xf6]/[0xa7][0xfd]h[0x0][0xd3][0xce][0xac][0xef][0x6]52[0xe3][0xe1][0xef]b[0xf2]W[0xc0]'nGHDri[0x92]f[0xcf][0x94][0xdb][0xcf]\[0x14]:[0x80]%q([0x97]r{^[0x97][0x14]1[0x95][0x18][0xf3][0xc2][0x82]`[0xcb][0x17][0x0][0xd9]G[0xdb]jr[0xd5]][0xfe][0x10][0xc8][0x9a][0xfb]L[0xb1]U[0x1]Y[0xa5]Rx1[0xbc][0x1f]u[0xba][0xa3]~[0xd4][0x9f][0xec]J[0x85]G5.k[\r][0x88][0xa4]Z[0xcf][0x15][0x5][0x17]_[0xd6][0x7]_[0x8e][0x87][0xae]b[0xb6][0x92][0x17][0xb4][0x8f][0x9f][0x1][0xce]DY<'j[0xf2][0xb6],[0xee]s[0x3][0xb7][0x11][0x18][0xcb]dB3R[0xe5]5[0xd8][0x16]p[0xe3]TQb[0xee][0xaa][0xb1][0xcc][0xf8][0x8]U[0xb8][0xba][0xb2][0xeb][0xf][0x8c][0xa9]B[0xc8][0x99]8[0x87]F[0xbd][0xfe][\n]"
19:47:50.980 [main] DEBUG org.apache.http.wire -  << "n[0x94][0xd8] Q[0xa5]_[0xa0][0x87][0x96][0xc5][0xbe][0x7]4[0xe2][0x12]5\[0xba][0xfe][0xd0]9[0xdc]Q[0x5][0xfe]R [0x12]C[0xaa][0x8c][0xba],[0xa4][0xe3][0x10]L[0xf8][0x17][0xce]!Zq[0x9][0x97][0x14][0x0][0x13][0xb1][0x9]`D[0xbe][0x88]zN[0x1e]w4O[0x18][0xd1][0xa6][0x1d]oa[0xba]\[0xe7]s[0xd9][0xa3]Z![0xe6][0xae][0x17][0xe0]J[0xfe][0xdc]9[0xb5][0x84]vM[0xb9]f[0x8][0x1f]y[0x9e]#[0xa5]47[0xca]I[0xe1][0x1c][0x9a][0xfb][0xff][0x6]4k[0xf9] [0xa8]>([0xff][0x3]W[0x8a]Ec[0xe1]5JU[0x10][0xb1]T~[0xc1][0x98]i[0xca][\n]"
19:47:50.980 [main] DEBUG org.apache.http.wire -  << "4[0xac]pc[0xde]8[0xc4][0xc2][0x80]'[0x9][0xca][0xf2]][0x18]J[0xb2][0xb2][0xf0][0xd9][0xb5][0xdc][0xc1][0x9e][0xe][0xdf][0x1e]C[0x83][0xab]Z[0x1b]0[0x18][0x17][0x9a]|l[0x91]1[0xe9][0xa8][0x95]/[0x7][0x9e]C'[0xf9]\[0x18][0xbb]k[0xbb]Ud;[0xa0]>[0x9][0xfd]W[0x19][0x12][0x17][0x8b][0x85][0xa7]k[0xf8]@U.[0xa2]kk.[0x93][0xb2][0xc7]J[0xcd][0x1d][0x8a]W[0xec]I[0xfb]n[0xc1]m[0x8]G$[0xcd]Fu~[0xbf][0x83][0x1d][0xf3]s[0xf5][0xae]X[0xc9][0x7][0x94]%{!=[0xc4]L[0x82][0xc1][0x9c]9[0xb3][0xb7][0xae][0xdd]"
19:47:50.981 [main] DEBUG org.apache.http.wire -  << "[0xc0]l[0x99][0xb][0x92][0xe2][0x98][0x1][0x89][0x98]`[0xe2][0xea][0xc1][0xe]^[0xdc][0x82]UK[0xf4][0x1a][0x1b]ZB[0xea][0x13][0xd2][0xbb]oL[0x18]d[0xa6][0xcc][0xf5]S[0x14]^[0xf1],a[0xb9]u)[0xc0]n[0x18]5[0x98][0xa8][0x14][0xfa][0xd4][0xd8][0xd7][0xea][0xff][0xd7][0x1a]h7[0xee][0xdb][0x93]am[0xd8][0xfe][0xfc][0x3]m[0x9b]f[0xa5][0xaa][0xdc]<j[0xef]-[0xbe]RV[0x1e]Q[0x13][0x8c][0xce]0R[0x8e]g[0xfa]mM1S[0xf];=b[0x2][0x97][0xac][0xf8][0x2]#[0x8f]d[0x18]+[0xab][0xe0][0x82][0xaf]P[0xd3][0xe2]k>[0xd7]e[0xf7][0x86]z=[0xba][0xbf][0x9d][0xf6]g[0x83][0xce][0xa4][0xff][0xda][0xa4]([0xc4][0x1b][0xd8]=[0xe8]G[0xb3][0xfe][0xf4][0xb5][0xe0][0xe4][0xb8][0xdf][0xc0]I[0xbb][0xf2]/4[0xdb][0xaf][0xa0]{=[0x9b]]O[0xe0]ut[0xd7][0xef][0xcc][0xfa][0xd3]7[0x81][0xdf][0x90](7[0x94][0x95]>[0xc1]i[0xc8][0xb7]V+]`8[0x84]&[0xe4][3Z[0xc0]B+[0xaa][0x86]6k[0x97]J[0xd7][0xae][0xe5][0xee][0x8c][0x9]J[0x9e][0x95][0xaf]/[0xaa][0xd3]o[0xed][0xfb][0xc2][0xb7]c}[0xc3][0x88][0xc]r[0xcd][0xb8][0xa1][0xe9]{[0xfe][0x1f][0xdf]Vv[0xbc][0xc2][0xba][0xc0]f[0x2][0x18]P[0x96]x[0xd7][0x89][0x6]p=[0x19][0xdd][0xd3][0xd8]k[0x98]\[0xcf][0xe0]b[0xd4][0xef]t[0x7]p[0x8][0xa3][0xe1][0xa4][0xf][0xbd]i[0xe5][0xd1]pz=y[0x19][0xb4][0x9c]6>[0xc][0xea]x[0xba][0xc0][0xc5][0xf]5[0x92][0xf6]$[0xe4][0xa8][0x1a][0x1f]*%[0xef])[0xf5][0x82][0xb6][0xfe][0x9f]6[0xe5]jn[0xd4]|'0DV[0xf3][0x1c][0x13][0xe8][0x96]=U[0xa0][0xe1][0xf1][0xd3][0xf8]p[0xf4][0x1c][0xb1][0xd8][0xf9][0xd9][0xd4][0xfa][0xfa][0x88]o[0xaf][0xd3]t[0xb0]o[0xb3][0x93]}[0xd6]j[0xb5][0xd1][0xfe][0xce]@[0x99]r8[0xf5][0x5][0xc0][0xf6][0x9e]&[0xd1]lm,[0x95]lK[0x1d]y"[0x1b]nUH[0xe8]xt[0xee][0xd0][0xa3][0x81]$k[\n]"
19:47:50.981 [main] DEBUG org.apache.http.wire -  << "[0x8d][0xa0][0xcb][0x1d][0x7][0xb0]([0x84][0xa0]>=[0x1d][0xc9]8G[0xef][0xfd][0x14][0x85][0xb1][0xed][0xb9] e[0x6][0x9a][0x9e][0xc3]l[0x1][0xe6]j[0x1][0xb0]$[0xf7][0xe7]B[0x98]U[0x90]R[0x18][0xa0][0x8c]}[0xc5][0xa5]/[0xe0]x[0xc7][0x1a][0x90][0xb7][0x89])[0x9d][0xf7][0xdd][0xad][0x94][0xe7][0xc6]3[0x5][0xf7][0x8b][0xa6][0xe0][0x6][0x96](Q[0xab][0x82][0xea]O[0x16][0x12][0x85]F[0xfe]l][\r] Q[0xc0]m[0xd8][0xb1][0xe4][0x13]I[0xea][0xbe][0xe9][0xee]w[0xea][0xdc][0xaf][0x93]N[0xc5][0xff][0xf6]vR1[0xb0][0xa4][0xb4][0x92][`[0x8e]%y[0xd4]S[0xfe][0xaf]V[0xe1][0xcb]`[0xef][0xa4]1[0x98][0x8b][0xce][0xc0][0xb4][0xbf]T[0xb1]Wk~[0xb7]`[0xb9]O[0xca][0x8e]O*[0x99]q[0xa5][0x5]0[0xbe]x[0xbb][0xf3]P[0xbe][0x1d][0x16][0xa5]d[0xdf][0x91][0x7][0xc3][0x5]idB[0xf7]7[0xde]W[0xa9]lx[0xfa][0x8d]C:k[0xbf][0x82]i[0xe7][0xfe]z[0x2][0xed]W[0x10][0xdd]t&[0xbd][0xfe][0x87][0xc0][0x97][0xf6][0xb9][0x84][0xdb][0xa8]C[0xa8][0x1b]f>U[0x9][0xa0][0xa7]`[0xa2],\[0x8]dqZa[0x5][0xe9][0xee][\n]"
19:47:50.981 [main] DEBUG org.apache.http.wire -  << "[0x8a][0x93][0xb4][0xbf][0xc9]`[0xac]F[0x1b][0xa7][0xfe]~[0x88]w@[0x1]L[0xf9]|[0xee]Ks[0x1e][0xb8]>[0xec][0xee].~[0x1c]n[[0xf]{[0xf]B[0x14][0x92][0x14]JW[0x7][0xb2][0x97][0xd2][0xc8][0xe3][0xd1]*[0x1f]w[0xee][0xcd][0xf]x[0x83]j[0xcb][0xbf]Qi+7*[0x8d][0x85][0xeb]\[0xb2][0xbd]B[0xaa][0xaa][0x18]+n([0xd9][0xdf][0xab][0xe1][0xe4][0xbb]qaK[0xe0]H[0x1]tv[0xa4][0xe]q[0x1a][0xf8][0xe0][0xe0]K[0x8d]<[0x86]|;[0xcc][0x17]7[0x85][0xa2][0xdb]^[0xdb][0x17][0xee][0xa8][0x8][0xf7][0x13][0xdd]T[0x82]([0xd5][0x85][0xf4][0xd7][0xb8][0x18]\9[0x8d]\r[0xfb]Di[0x1]h[0xa5]2[0xa3][0x87][0xca][0x15]bS[0xbd]>[0xe4]T[0x99][0x95][0xfb][0x87]5[0xf7]%[0xa7][0xad][0x9e]S[0x1e][0xa7].[0xdc][0x9b][0x1d][0xff][0xda][0x8d]ek[0xb6][0x9] [0xa2][0x9b]IU[0x88]\V R%6[0xef]k[0xee][0xae]Q[0xec][0x99][0xa4][0xbf]^D[0xd5][0xb3][0x8c][0x9c][0x12]m[0xb9],#[0x1a][0xf7]?[0xe2]*([0xbb]z[0x98]Q[0x9c]$[0x86],RU[0xa0][0xb5]X[0x12][0xad][0xc4]y[0x1][0xb7][0xc2]K[0xb1][\r]\[0xb6][0xdb][0xc5]][0x96][0xfc][0xd0]%[0x91]v%[0xbf]8[0xde]_+[0xab][0xb4][0x1c]z[0x9d][0xc9][0xfb][0xeb][0xdb]{[0xf][0x1a][0x3]3p7[0xc9][0xb6][0xf7]FJ[0xf][0xe6][0x90]T)^5[0x9f][0x89][0x18]g[0xed]W~t[0xd0]~[0x15]Q%[0xb][0xbf][0x4]p[0x89][0x8c][0x14]a[0xce][0xcb][0x9][0x83]'[0xa0][0xc]`D[0xb2][0xd2][0xae]Kk[0x83][0xf7]5r[0x15][0xc1]eywk[0x86][0x14][0xad][0xc9][0xb9][0x97][0xaa]&[0xe2]G[0xaa]t(a[0xf4]#[0xc3][0xad]q[0x87][0x1]\[0x97]W[0x8e][0xb6]k[0x1d]^/[0x16]<[0xc6][0xc3][0xb][0xf2][0x11][0x87][0x11]%1[0xe2]p[0xa0]2<[0x8c][0xac]F[0xa4][0xfb][0x82][0x8e]/[0x9e][0x97][0x97][0x9a][0x82][0xa8] M[0x7][0xfe]nS[0xe0][0x93][0xa9][0x17]r[0xbd][0xc7][0x8d]|[0xd0][0xe9][0xbf]mM[0xc6]?[0xa0][0xb6][0xa3][\n]"
19:47:50.981 [main] DEBUG org.apache.http.wire -  << "Il[0xb4][0xda][0xbf][0xff][0xfe][0x9f][0xff][0xb][0x0][0x0][0xff][0xff][0x3][0x0]L[0xf][0xa7][0xc9]|)[0x0][0x0]"
19:47:50.981 [main] DEBUG org.apache.http.wire -  << "[\r][\n]"
19:47:50.981 [main] DEBUG org.apache.http.wire -  << "0[\r][\n]"
19:47:50.981 [main] DEBUG org.apache.http.wire -  << "[\r][\n]"
19:47:50.981 [main] DEBUG io.restassured.internal.RestAssuredHttpBuilder - Parsed data to instance of: class org.apache.http.conn.EofSensorInputStream
19:47:50.989 [main] DEBUG org.apache.http.impl.conn.BasicClientConnectionManager - Releasing connection org.apache.http.impl.conn.ManagedClientConnectionImpl@5a8656a2
19:47:50.990 [main] DEBUG org.apache.http.impl.conn.BasicClientConnectionManager - Connection can be kept alive indefinitely
  &amp#27;[32mGiven &amp#27;[0m&amp#27;[32mI set GET products endpoint&amp#27;[0m           &amp#27;[90m# starter.stepdefinitions.UserSteps.getProductEndpoint()&amp#27;[0m
  &amp#27;[32mWhen &amp#27;[0m&amp#27;[32mI send GET HTTP request&amp#27;[0m                &amp#27;[90m# starter.stepdefinitions.UserSteps.getHttpRequest()&amp#27;[0m
  &amp#27;[32mThen &amp#27;[0m&amp#27;[32mthe response status code should be &amp#27;[0m&amp#27;[32m&amp#27;[1m200&amp#27;[0m &amp#27;[90m# starter.stepdefinitions.UserSteps.responseCode(java.lang.Integer)&amp#27;[0m
  &amp#27;[32mAnd &amp#27;[0m&amp#27;[32mthe response should contain products&amp#27;[0m    &amp#27;[90m# starter.stepdefinitions.UserSteps.responseProducts()&amp#27;[0m
19:47:51.046 [main] INFO  - 
  _____   ___   ___   _____     ___     _     ___   ___   ___   ___  
 |_   _| | __| / __| |_   _|   | _ \   /_\   / __| / __| | __| |   \ 
   | |   | _|  \__ \   | |     |  _/  / _ \  \__ \ \__ \ | _|  | |) |
   |_|   |___| |___/   |_|     |_|   /_/ \_\ |___/ |___/ |___| |___/ 

Retrieve all products
----------------------------------------------------------------------
]]></system-out>
  </testcase>
  <testcase name="Retrieve a single product" classname="RestFull API Test" time="0.515">
    <system-out><![CDATA[
Scenario: Retrieve a single product                 &amp#27;[90m# src/test/resources/api/user.feature:23&amp#27;[0m
19:47:51.060 [main] INFO io.cucumber.core.plugin.SerenityReporter - Running feature from file:///D:/KULIAH/kmrdeka/Weekly2/src/test/resources/api/user.feature
19:47:51.060 [main] WARN io.cucumber.core.plugin.SerenityReporter - Feature from file:///D:/KULIAH/kmrdeka/Weekly2/src/test/resources/api/user.feature is not under the 'features' directory. Requirements report will not be correctly generated!
19:47:51.063 [main] INFO  - 
  _____   ___   ___   _____     ___   _____     _     ___   _____   ___   ___  
 |_   _| | __| / __| |_   _|   / __| |_   _|   /_\   | _ \ |_   _| | __| |   \ 
   | |   | _|  \__ \   | |     \__ \   | |    / _ \  |   /   | |   | _|  | |) |
   |_|   |___| |___/   |_|     |___/   |_|   /_/ \_\ |_|_\   |_|   |___| |___/ 

Retrieve a single product(restfull-api-test;retrieve-a-single-product)
--------------------------------------------------------------------------------
19:47:51.093 [main] DEBUG org.apache.http.impl.conn.BasicClientConnectionManager - Get connection for route {s}->https://fakestoreapi.com:443
19:47:51.093 [main] DEBUG org.apache.http.impl.conn.DefaultClientConnectionOperator - Connecting to fakestoreapi.com:443
19:47:51.171 [main] DEBUG org.apache.http.client.protocol.RequestAddCookies - CookieSpec selected: ignoreCookies
19:47:51.171 [main] DEBUG org.apache.http.client.protocol.RequestAuthCache - Auth cache not set in the context
19:47:51.171 [main] DEBUG org.apache.http.client.protocol.RequestTargetAuthentication - Target auth state: UNCHALLENGED
19:47:51.171 [main] DEBUG org.apache.http.client.protocol.RequestProxyAuthentication - Proxy auth state: UNCHALLENGED
19:47:51.171 [main] DEBUG org.apache.http.impl.client.DefaultHttpClient - Attempt 1 to execute request
19:47:51.171 [main] DEBUG org.apache.http.impl.conn.DefaultClientConnection - Sending request: GET /products/1 HTTP/1.1
19:47:51.172 [main] DEBUG org.apache.http.wire -  >> "GET /products/1 HTTP/1.1[\r][\n]"
19:47:51.172 [main] DEBUG org.apache.http.wire -  >> "Accept: */*[\r][\n]"
19:47:51.172 [main] DEBUG org.apache.http.wire -  >> "Host: fakestoreapi.com[\r][\n]"
19:47:51.172 [main] DEBUG org.apache.http.wire -  >> "Connection: Keep-Alive[\r][\n]"
19:47:51.172 [main] DEBUG org.apache.http.wire -  >> "User-Agent: Apache-HttpClient/4.5.13 (Java/19.0.2)[\r][\n]"
19:47:51.172 [main] DEBUG org.apache.http.wire -  >> "Accept-Encoding: gzip,deflate[\r][\n]"
19:47:51.172 [main] DEBUG org.apache.http.wire -  >> "[\r][\n]"
19:47:51.172 [main] DEBUG org.apache.http.headers - >> GET /products/1 HTTP/1.1
19:47:51.172 [main] DEBUG org.apache.http.headers - >> Accept: */*
19:47:51.172 [main] DEBUG org.apache.http.headers - >> Host: fakestoreapi.com
19:47:51.172 [main] DEBUG org.apache.http.headers - >> Connection: Keep-Alive
19:47:51.172 [main] DEBUG org.apache.http.headers - >> User-Agent: Apache-HttpClient/4.5.13 (Java/19.0.2)
19:47:51.172 [main] DEBUG org.apache.http.headers - >> Accept-Encoding: gzip,deflate
19:47:51.538 [main] DEBUG org.apache.http.wire -  << "HTTP/1.1 200 OK[\r][\n]"
19:47:51.538 [main] DEBUG org.apache.http.wire -  << "Date: Mon, 17 Apr 2023 12:47:50 GMT[\r][\n]"
19:47:51.538 [main] DEBUG org.apache.http.wire -  << "Content-Type: application/json; charset=utf-8[\r][\n]"
19:47:51.538 [main] DEBUG org.apache.http.wire -  << "Transfer-Encoding: chunked[\r][\n]"
19:47:51.538 [main] DEBUG org.apache.http.wire -  << "Connection: keep-alive[\r][\n]"
19:47:51.538 [main] DEBUG org.apache.http.wire -  << "Access-Control-Allow-Origin: *[\r][\n]"
19:47:51.538 [main] DEBUG org.apache.http.wire -  << "Etag: W/"16c-MMdrqY6N0sTiefLdsgtBej9eunY"[\r][\n]"
19:47:51.538 [main] DEBUG org.apache.http.wire -  << "X-Powered-By: Express[\r][\n]"
19:47:51.538 [main] DEBUG org.apache.http.wire -  << "CF-Cache-Status: DYNAMIC[\r][\n]"
19:47:51.538 [main] DEBUG org.apache.http.wire -  << "Report-To: {"endpoints":[{"url":"https:\/\/a.nel.cloudflare.com\/report\/v3?s=sf8M1UEddwcWv%2FUid8RA7DLaR1Gg5zyQizBnZjxCuILHcHo0bOKPuyvuT7g19wO52CV1P7LTwnGSVkGqAffr3%2BUZhofT3N4%2FChDQ3nrruN12iTZTx7PZXuig5R%2Bx1qfLPyct"}],"group":"cf-nel","max_age":604800}[\r][\n]"
19:47:51.538 [main] DEBUG org.apache.http.wire -  << "NEL: {"success_fraction":0,"report_to":"cf-nel","max_age":604800}[\r][\n]"
19:47:51.538 [main] DEBUG org.apache.http.wire -  << "Server: cloudflare[\r][\n]"
19:47:51.538 [main] DEBUG org.apache.http.wire -  << "CF-RAY: 7b94c76438019fcd-SIN[\r][\n]"
19:47:51.538 [main] DEBUG org.apache.http.wire -  << "Content-Encoding: gzip[\r][\n]"
19:47:51.538 [main] DEBUG org.apache.http.wire -  << "alt-svc: h3=":443"; ma=86400, h3-29=":443"; ma=86400[\r][\n]"
19:47:51.538 [main] DEBUG org.apache.http.wire -  << "[\r][\n]"
19:47:51.538 [main] DEBUG org.apache.http.impl.conn.DefaultClientConnection - Receiving response: HTTP/1.1 200 OK
19:47:51.538 [main] DEBUG org.apache.http.headers - << HTTP/1.1 200 OK
19:47:51.538 [main] DEBUG org.apache.http.headers - << Date: Mon, 17 Apr 2023 12:47:50 GMT
19:47:51.538 [main] DEBUG org.apache.http.headers - << Content-Type: application/json; charset=utf-8
19:47:51.538 [main] DEBUG org.apache.http.headers - << Transfer-Encoding: chunked
19:47:51.538 [main] DEBUG org.apache.http.headers - << Connection: keep-alive
19:47:51.538 [main] DEBUG org.apache.http.headers - << Access-Control-Allow-Origin: *
19:47:51.538 [main] DEBUG org.apache.http.headers - << Etag: W/"16c-MMdrqY6N0sTiefLdsgtBej9eunY"
19:47:51.538 [main] DEBUG org.apache.http.headers - << X-Powered-By: Express
19:47:51.538 [main] DEBUG org.apache.http.headers - << CF-Cache-Status: DYNAMIC
19:47:51.538 [main] DEBUG org.apache.http.headers - << Report-To: {"endpoints":[{"url":"https:\/\/a.nel.cloudflare.com\/report\/v3?s=sf8M1UEddwcWv%2FUid8RA7DLaR1Gg5zyQizBnZjxCuILHcHo0bOKPuyvuT7g19wO52CV1P7LTwnGSVkGqAffr3%2BUZhofT3N4%2FChDQ3nrruN12iTZTx7PZXuig5R%2Bx1qfLPyct"}],"group":"cf-nel","max_age":604800}
19:47:51.538 [main] DEBUG org.apache.http.headers - << NEL: {"success_fraction":0,"report_to":"cf-nel","max_age":604800}
19:47:51.538 [main] DEBUG org.apache.http.headers - << Server: cloudflare
19:47:51.538 [main] DEBUG org.apache.http.headers - << CF-RAY: 7b94c76438019fcd-SIN
19:47:51.538 [main] DEBUG org.apache.http.headers - << Content-Encoding: gzip
19:47:51.538 [main] DEBUG org.apache.http.headers - << alt-svc: h3=":443"; ma=86400, h3-29=":443"; ma=86400
19:47:51.538 [main] DEBUG org.apache.http.impl.client.DefaultHttpClient - Connection can be kept alive indefinitely
19:47:51.539 [main] DEBUG io.restassured.internal.RestAssuredHttpBuilder - Parsing response as: application/json; charset=utf-8
19:47:51.539 [main] DEBUG org.apache.http.wire -  << "124[\r][\n]"
19:47:51.539 [main] DEBUG org.apache.http.wire -  << "[0x1f][0x8b][0x8][0x0][0x0][0x0][0x0][0x0][0x0][0x3]4[0x8f]Mk[0xc3]0[0x10]D[0xff][0xca][0xb2][0x97][0xb6][0xa0][0xf8]#%[0xd0][0xe8][0x96][0x16]ri([0x85][0x9c]r[\n]"
19:47:51.539 [main] DEBUG org.apache.http.wire -  << "BZ[0xdb][0x8a]eIH[0xeb][0x14][0x13][0xf2][0xdf][0x8b]Zr[0x9b][0xc3][0xcc]{[0xcc][\r][0xad]A[0xd9][\n]"
19:47:51.539 [main] DEBUG org.apache.http.wire -  << "d[0xcb][0x8e]P[0xe2][0xfe][0xa2][0x9c]K[0xea]J[0x1e]V[0xb0][0xf][0xce]d[0xa5]G[0xf8][\n]"
19:47:51.539 [main] DEBUG org.apache.http.wire -  << "[0x15][0xb4][0xf0][0xae][0xf4][0x18][0x95][0x1e][0x5][0xec]-gh7pP[0x91]C[0xcc](0&[0xab][0x9]e[0xdb]l[0xab][0xed]F[0xa0][0xa1][0xac][0x93][0x8d]l[0x83]G[0x89][0xa7]0'[0x88][0x94]:[0xd2][0xc][0x85][0x0]]H@WJ[0x8b]Q[0xb][0xcc][0x99]@y[0x3]?[0xca][0x8d][0x19][0xac][0x7][0x1e][0xa8]4(s[0x5]GVy[0x80][0xa5][0x10][0xdc][0x9f][\r][0x9e][0xe7][0x8][0x1c][0x8a][0xde]z=P~yL[0xa2]2[0x86][0xc]dGt%[0xf1][0xbf]yHP[0xa0]VL}H[0xb]J[0x9c][0xc8]?e[0xd0].[0xf0]`}[0x8f][0x2][0xed][0xa4][0xfa]r`[0x8e]Y[0xd6]u[0xa7]F[0xca][0x1c][0x12][0xa9]h+[0x1d][0xa6][0xda]N}[0xfd][0xd6]v[0xdf][0x9f]f[0xb5][0xde][0x9d][0xe][0xd5]y[0xf7]q>[0x1e][0xda]M[0xd3][0x9c][0xab]K,[0x88][0xa4][0xb8][0xb0][0xe4][0xad]$B[0xf9]Zm[0x5][0xea]0{F[0xd9][0xae][0x9b][0xfb][0xfd][0x17][0x0][0x0][0xff][0xff][0x3][0x0]hW[0xe2][0x13]l[0x1][0x0][0x0]"
19:47:51.539 [main] DEBUG org.apache.http.wire -  << "[\r][\n]"
19:47:51.539 [main] DEBUG org.apache.http.wire -  << "0[\r][\n]"
19:47:51.539 [main] DEBUG org.apache.http.wire -  << "[\r][\n]"
19:47:51.539 [main] DEBUG io.restassured.internal.RestAssuredHttpBuilder - Parsed data to instance of: class org.apache.http.conn.EofSensorInputStream
19:47:51.541 [main] DEBUG org.apache.http.impl.conn.BasicClientConnectionManager - Releasing connection org.apache.http.impl.conn.ManagedClientConnectionImpl@788a0513
19:47:51.541 [main] DEBUG org.apache.http.impl.conn.BasicClientConnectionManager - Connection can be kept alive indefinitely
  &amp#27;[32mGiven &amp#27;[0m&amp#27;[32mI set GET product endpoint with id &amp#27;[0m&amp#27;[32m&amp#27;[1m1&amp#27;[0m        &amp#27;[90m# starter.stepdefinitions.UserSteps.setWithId(java.lang.Integer)&amp#27;[0m
  &amp#27;[32mWhen &amp#27;[0m&amp#27;[32mI send GET HTTP request&amp#27;[0m                      &amp#27;[90m# starter.stepdefinitions.UserSteps.getHttpRequest()&amp#27;[0m
  &amp#27;[32mThen &amp#27;[0m&amp#27;[32mthe response status code should be &amp#27;[0m&amp#27;[32m&amp#27;[1m200&amp#27;[0m       &amp#27;[90m# starter.stepdefinitions.UserSteps.responseCode(java.lang.Integer)&amp#27;[0m
  &amp#27;[32mAnd &amp#27;[0m&amp#27;[32mthe response should contain product with id &amp#27;[0m&amp#27;[32m&amp#27;[1m1&amp#27;[0m &amp#27;[90m# starter.stepdefinitions.UserSteps.responseProductWithId(java.lang.Integer)&amp#27;[0m
19:47:51.562 [main] INFO  - 
  _____   ___   ___   _____     ___     _     ___   ___   ___   ___  
 |_   _| | __| / __| |_   _|   | _ \   /_\   / __| / __| | __| |   \ 
   | |   | _|  \__ \   | |     |  _/  / _ \  \__ \ \__ \ | _|  | |) |
   |_|   |___| |___/   |_|     |_|   /_/ \_\ |___/ |___/ |___| |___/ 

Retrieve a single product
----------------------------------------------------------------------
]]></system-out>
  </testcase>
  <testcase name="Retrieve a non-existent product" classname="RestFull API Test" time="0.482">
    <system-out><![CDATA[
Scenario: Retrieve a non-existent product     &amp#27;[90m# src/test/resources/api/user.feature:29&amp#27;[0m
19:47:51.569 [main] INFO io.cucumber.core.plugin.SerenityReporter - Running feature from file:///D:/KULIAH/kmrdeka/Weekly2/src/test/resources/api/user.feature
19:47:51.569 [main] WARN io.cucumber.core.plugin.SerenityReporter - Feature from file:///D:/KULIAH/kmrdeka/Weekly2/src/test/resources/api/user.feature is not under the 'features' directory. Requirements report will not be correctly generated!
19:47:51.572 [main] INFO  - 
  _____   ___   ___   _____     ___   _____     _     ___   _____   ___   ___  
 |_   _| | __| / __| |_   _|   / __| |_   _|   /_\   | _ \ |_   _| | __| |   \ 
   | |   | _|  \__ \   | |     \__ \   | |    / _ \  |   /   | |   | _|  | |) |
   |_|   |___| |___/   |_|     |___/   |_|   /_/ \_\ |_|_\   |_|   |___| |___/ 

Retrieve a non-existent product(restfull-api-test;retrieve-a-non-existent-product)
--------------------------------------------------------------------------------
19:47:51.594 [main] DEBUG org.apache.http.impl.conn.BasicClientConnectionManager - Get connection for route {s}->https://fakestoreapi.com:443
19:47:51.594 [main] DEBUG org.apache.http.impl.conn.DefaultClientConnectionOperator - Connecting to fakestoreapi.com:443
19:47:51.669 [main] DEBUG org.apache.http.client.protocol.RequestAddCookies - CookieSpec selected: ignoreCookies
19:47:51.669 [main] DEBUG org.apache.http.client.protocol.RequestAuthCache - Auth cache not set in the context
19:47:51.669 [main] DEBUG org.apache.http.client.protocol.RequestTargetAuthentication - Target auth state: UNCHALLENGED
19:47:51.669 [main] DEBUG org.apache.http.client.protocol.RequestProxyAuthentication - Proxy auth state: UNCHALLENGED
19:47:51.669 [main] DEBUG org.apache.http.impl.client.DefaultHttpClient - Attempt 1 to execute request
19:47:51.669 [main] DEBUG org.apache.http.impl.conn.DefaultClientConnection - Sending request: GET /products/0 HTTP/1.1
19:47:51.670 [main] DEBUG org.apache.http.wire -  >> "GET /products/0 HTTP/1.1[\r][\n]"
19:47:51.670 [main] DEBUG org.apache.http.wire -  >> "Accept: */*[\r][\n]"
19:47:51.670 [main] DEBUG org.apache.http.wire -  >> "Host: fakestoreapi.com[\r][\n]"
19:47:51.670 [main] DEBUG org.apache.http.wire -  >> "Connection: Keep-Alive[\r][\n]"
19:47:51.670 [main] DEBUG org.apache.http.wire -  >> "User-Agent: Apache-HttpClient/4.5.13 (Java/19.0.2)[\r][\n]"
19:47:51.670 [main] DEBUG org.apache.http.wire -  >> "Accept-Encoding: gzip,deflate[\r][\n]"
19:47:51.670 [main] DEBUG org.apache.http.wire -  >> "[\r][\n]"
19:47:51.670 [main] DEBUG org.apache.http.headers - >> GET /products/0 HTTP/1.1
19:47:51.670 [main] DEBUG org.apache.http.headers - >> Accept: */*
19:47:51.670 [main] DEBUG org.apache.http.headers - >> Host: fakestoreapi.com
19:47:51.670 [main] DEBUG org.apache.http.headers - >> Connection: Keep-Alive
19:47:51.670 [main] DEBUG org.apache.http.headers - >> User-Agent: Apache-HttpClient/4.5.13 (Java/19.0.2)
19:47:51.670 [main] DEBUG org.apache.http.headers - >> Accept-Encoding: gzip,deflate
19:47:52.034 [main] DEBUG org.apache.http.wire -  << "HTTP/1.1 200 OK[\r][\n]"
19:47:52.035 [main] DEBUG org.apache.http.wire -  << "Date: Mon, 17 Apr 2023 12:47:51 GMT[\r][\n]"
19:47:52.035 [main] DEBUG org.apache.http.wire -  << "Content-Type: application/json; charset=utf-8[\r][\n]"
19:47:52.035 [main] DEBUG org.apache.http.wire -  << "Content-Length: 0[\r][\n]"
19:47:52.035 [main] DEBUG org.apache.http.wire -  << "Connection: keep-alive[\r][\n]"
19:47:52.035 [main] DEBUG org.apache.http.wire -  << "Access-Control-Allow-Origin: *[\r][\n]"
19:47:52.035 [main] DEBUG org.apache.http.wire -  << "X-Powered-By: Express[\r][\n]"
19:47:52.035 [main] DEBUG org.apache.http.wire -  << "CF-Cache-Status: DYNAMIC[\r][\n]"
19:47:52.035 [main] DEBUG org.apache.http.wire -  << "Report-To: {"endpoints":[{"url":"https:\/\/a.nel.cloudflare.com\/report\/v3?s=3uK7IrTpsM%2FJn646LupnAwq9srL973b1FQDO%2B9nqf6jSHlDh7%2FkmuguyMr8J6Z93NoTgnTAK%2Bc6YMXHBkkdomN1G%2FoUdZYdBKDvKgn3UHEMqIGelvVt0pjRK5Cg36oh%2FgpQ9"}],"group":"cf-nel","max_age":604800}[\r][\n]"
19:47:52.035 [main] DEBUG org.apache.http.wire -  << "NEL: {"success_fraction":0,"report_to":"cf-nel","max_age":604800}[\r][\n]"
19:47:52.035 [main] DEBUG org.apache.http.wire -  << "Server: cloudflare[\r][\n]"
19:47:52.035 [main] DEBUG org.apache.http.wire -  << "CF-RAY: 7b94c76749254bf2-SIN[\r][\n]"
19:47:52.035 [main] DEBUG org.apache.http.wire -  << "alt-svc: h3=":443"; ma=86400, h3-29=":443"; ma=86400[\r][\n]"
19:47:52.035 [main] DEBUG org.apache.http.wire -  << "[\r][\n]"
19:47:52.035 [main] DEBUG org.apache.http.impl.conn.DefaultClientConnection - Receiving response: HTTP/1.1 200 OK
19:47:52.035 [main] DEBUG org.apache.http.headers - << HTTP/1.1 200 OK
19:47:52.035 [main] DEBUG org.apache.http.headers - << Date: Mon, 17 Apr 2023 12:47:51 GMT
19:47:52.035 [main] DEBUG org.apache.http.headers - << Content-Type: application/json; charset=utf-8
19:47:52.035 [main] DEBUG org.apache.http.headers - << Content-Length: 0
19:47:52.035 [main] DEBUG org.apache.http.headers - << Connection: keep-alive
19:47:52.035 [main] DEBUG org.apache.http.headers - << Access-Control-Allow-Origin: *
19:47:52.035 [main] DEBUG org.apache.http.headers - << X-Powered-By: Express
19:47:52.035 [main] DEBUG org.apache.http.headers - << CF-Cache-Status: DYNAMIC
19:47:52.035 [main] DEBUG org.apache.http.headers - << Report-To: {"endpoints":[{"url":"https:\/\/a.nel.cloudflare.com\/report\/v3?s=3uK7IrTpsM%2FJn646LupnAwq9srL973b1FQDO%2B9nqf6jSHlDh7%2FkmuguyMr8J6Z93NoTgnTAK%2Bc6YMXHBkkdomN1G%2FoUdZYdBKDvKgn3UHEMqIGelvVt0pjRK5Cg36oh%2FgpQ9"}],"group":"cf-nel","max_age":604800}
19:47:52.035 [main] DEBUG org.apache.http.headers - << NEL: {"success_fraction":0,"report_to":"cf-nel","max_age":604800}
19:47:52.035 [main] DEBUG org.apache.http.headers - << Server: cloudflare
19:47:52.035 [main] DEBUG org.apache.http.headers - << CF-RAY: 7b94c76749254bf2-SIN
19:47:52.035 [main] DEBUG org.apache.http.headers - << alt-svc: h3=":443"; ma=86400, h3-29=":443"; ma=86400
19:47:52.035 [main] DEBUG org.apache.http.impl.client.DefaultHttpClient - Connection can be kept alive indefinitely
  &amp#27;[32mGiven &amp#27;[0m&amp#27;[32mI set GET product endpoint with id &amp#27;[0m&amp#27;[32m&amp#27;[1m0&amp#27;[0m  &amp#27;[90m# starter.stepdefinitions.UserSteps.setWithId(java.lang.Integer)&amp#27;[0m
  &amp#27;[32mWhen &amp#27;[0m&amp#27;[32mI send GET HTTP request&amp#27;[0m                &amp#27;[90m# starter.stepdefinitions.UserSteps.getHttpRequest()&amp#27;[0m
  &amp#27;[32mThen &amp#27;[0m&amp#27;[32mthe response status code should be &amp#27;[0m&amp#27;[32m&amp#27;[1m200&amp#27;[0m &amp#27;[90m# starter.stepdefinitions.UserSteps.responseCode(java.lang.Integer)&amp#27;[0m
19:47:52.044 [main] INFO  - 
  _____   ___   ___   _____     ___     _     ___   ___   ___   ___  
 |_   _| | __| / __| |_   _|   | _ \   /_\   / __| / __| | __| |   \ 
   | |   | _|  \__ \   | |     |  _/  / _ \  \__ \ \__ \ | _|  | |) |
   |_|   |___| |___/   |_|     |_|   /_/ \_\ |___/ |___/ |___| |___/ 

Retrieve a non-existent product
----------------------------------------------------------------------
]]></system-out>
  </testcase>
  <testcase name="Get product with limit 5" classname="RestFull API Test" time="0.866">
    <system-out><![CDATA[
Scenario: Get product with limit 5                      &amp#27;[90m# src/test/resources/api/user.feature:34&amp#27;[0m
19:47:52.059 [main] INFO io.cucumber.core.plugin.SerenityReporter - Running feature from file:///D:/KULIAH/kmrdeka/Weekly2/src/test/resources/api/user.feature
19:47:52.059 [main] WARN io.cucumber.core.plugin.SerenityReporter - Feature from file:///D:/KULIAH/kmrdeka/Weekly2/src/test/resources/api/user.feature is not under the 'features' directory. Requirements report will not be correctly generated!
19:47:52.063 [main] INFO  - 
  _____   ___   ___   _____     ___   _____     _     ___   _____   ___   ___  
 |_   _| | __| / __| |_   _|   / __| |_   _|   /_\   | _ \ |_   _| | __| |   \ 
   | |   | _|  \__ \   | |     \__ \   | |    / _ \  |   /   | |   | _|  | |) |
   |_|   |___| |___/   |_|     |___/   |_|   /_/ \_\ |_|_\   |_|   |___| |___/ 

Get product with limit 5(restfull-api-test;get-product-with-limit-5)
--------------------------------------------------------------------------------
19:47:52.094 [main] DEBUG org.apache.http.impl.conn.BasicClientConnectionManager - Get connection for route {s}->https://fakestoreapi.com:443
19:47:52.094 [main] DEBUG org.apache.http.impl.conn.DefaultClientConnectionOperator - Connecting to fakestoreapi.com:443
19:47:52.176 [main] DEBUG org.apache.http.client.protocol.RequestAddCookies - CookieSpec selected: ignoreCookies
19:47:52.176 [main] DEBUG org.apache.http.client.protocol.RequestAuthCache - Auth cache not set in the context
19:47:52.176 [main] DEBUG org.apache.http.client.protocol.RequestTargetAuthentication - Target auth state: UNCHALLENGED
19:47:52.176 [main] DEBUG org.apache.http.client.protocol.RequestProxyAuthentication - Proxy auth state: UNCHALLENGED
19:47:52.176 [main] DEBUG org.apache.http.impl.client.DefaultHttpClient - Attempt 1 to execute request
19:47:52.176 [main] DEBUG org.apache.http.impl.conn.DefaultClientConnection - Sending request: GET /products?limit=5 HTTP/1.1
19:47:52.176 [main] DEBUG org.apache.http.wire -  >> "GET /products?limit=5 HTTP/1.1[\r][\n]"
19:47:52.176 [main] DEBUG org.apache.http.wire -  >> "Accept: */*[\r][\n]"
19:47:52.176 [main] DEBUG org.apache.http.wire -  >> "Host: fakestoreapi.com[\r][\n]"
19:47:52.176 [main] DEBUG org.apache.http.wire -  >> "Connection: Keep-Alive[\r][\n]"
19:47:52.176 [main] DEBUG org.apache.http.wire -  >> "User-Agent: Apache-HttpClient/4.5.13 (Java/19.0.2)[\r][\n]"
19:47:52.177 [main] DEBUG org.apache.http.wire -  >> "Accept-Encoding: gzip,deflate[\r][\n]"
19:47:52.177 [main] DEBUG org.apache.http.wire -  >> "[\r][\n]"
19:47:52.177 [main] DEBUG org.apache.http.headers - >> GET /products?limit=5 HTTP/1.1
19:47:52.177 [main] DEBUG org.apache.http.headers - >> Accept: */*
19:47:52.177 [main] DEBUG org.apache.http.headers - >> Host: fakestoreapi.com
19:47:52.177 [main] DEBUG org.apache.http.headers - >> Connection: Keep-Alive
19:47:52.177 [main] DEBUG org.apache.http.headers - >> User-Agent: Apache-HttpClient/4.5.13 (Java/19.0.2)
19:47:52.177 [main] DEBUG org.apache.http.headers - >> Accept-Encoding: gzip,deflate
19:47:52.882 [main] DEBUG org.apache.http.wire -  << "HTTP/1.1 200 OK[\r][\n]"
19:47:52.882 [main] DEBUG org.apache.http.wire -  << "Date: Mon, 17 Apr 2023 12:47:52 GMT[\r][\n]"
19:47:52.882 [main] DEBUG org.apache.http.wire -  << "Content-Type: application/json; charset=utf-8[\r][\n]"
19:47:52.882 [main] DEBUG org.apache.http.wire -  << "Transfer-Encoding: chunked[\r][\n]"
19:47:52.882 [main] DEBUG org.apache.http.wire -  << "Connection: keep-alive[\r][\n]"
19:47:52.882 [main] DEBUG org.apache.http.wire -  << "Access-Control-Allow-Origin: *[\r][\n]"
19:47:52.882 [main] DEBUG org.apache.http.wire -  << "Etag: W/"901-RZCdFEZQ+j7q2G9bMJOMuLfz40Y"[\r][\n]"
19:47:52.882 [main] DEBUG org.apache.http.wire -  << "X-Powered-By: Express[\r][\n]"
19:47:52.882 [main] DEBUG org.apache.http.wire -  << "CF-Cache-Status: DYNAMIC[\r][\n]"
19:47:52.883 [main] DEBUG org.apache.http.wire -  << "Report-To: {"endpoints":[{"url":"https:\/\/a.nel.cloudflare.com\/report\/v3?s=9GG9FCv5v3jJbCH%2Bquzffm83%2FgGQOZXg4X%2B52oGyY8SY9h%2BnHYfwzJhel2DCa7nYEMnFRL1haGXz4QuCWavEGOHomOnyMOIBbDIwqNuml4nw1q8KqwaQA39VhO1yYYVdznsM"}],"group":"cf-nel","max_age":604800}[\r][\n]"
19:47:52.883 [main] DEBUG org.apache.http.wire -  << "NEL: {"success_fraction":0,"report_to":"cf-nel","max_age":604800}[\r][\n]"
19:47:52.883 [main] DEBUG org.apache.http.wire -  << "Server: cloudflare[\r][\n]"
19:47:52.883 [main] DEBUG org.apache.http.wire -  << "CF-RAY: 7b94c76a78f691a7-SIN[\r][\n]"
19:47:52.883 [main] DEBUG org.apache.http.wire -  << "Content-Encoding: gzip[\r][\n]"
19:47:52.883 [main] DEBUG org.apache.http.wire -  << "alt-svc: h3=":443"; ma=86400, h3-29=":443"; ma=86400[\r][\n]"
19:47:52.883 [main] DEBUG org.apache.http.wire -  << "[\r][\n]"
19:47:52.883 [main] DEBUG org.apache.http.impl.conn.DefaultClientConnection - Receiving response: HTTP/1.1 200 OK
19:47:52.883 [main] DEBUG org.apache.http.headers - << HTTP/1.1 200 OK
19:47:52.883 [main] DEBUG org.apache.http.headers - << Date: Mon, 17 Apr 2023 12:47:52 GMT
19:47:52.883 [main] DEBUG org.apache.http.headers - << Content-Type: application/json; charset=utf-8
19:47:52.883 [main] DEBUG org.apache.http.headers - << Transfer-Encoding: chunked
19:47:52.883 [main] DEBUG org.apache.http.headers - << Connection: keep-alive
19:47:52.883 [main] DEBUG org.apache.http.headers - << Access-Control-Allow-Origin: *
19:47:52.883 [main] DEBUG org.apache.http.headers - << Etag: W/"901-RZCdFEZQ+j7q2G9bMJOMuLfz40Y"
19:47:52.883 [main] DEBUG org.apache.http.headers - << X-Powered-By: Express
19:47:52.883 [main] DEBUG org.apache.http.headers - << CF-Cache-Status: DYNAMIC
19:47:52.883 [main] DEBUG org.apache.http.headers - << Report-To: {"endpoints":[{"url":"https:\/\/a.nel.cloudflare.com\/report\/v3?s=9GG9FCv5v3jJbCH%2Bquzffm83%2FgGQOZXg4X%2B52oGyY8SY9h%2BnHYfwzJhel2DCa7nYEMnFRL1haGXz4QuCWavEGOHomOnyMOIBbDIwqNuml4nw1q8KqwaQA39VhO1yYYVdznsM"}],"group":"cf-nel","max_age":604800}
19:47:52.883 [main] DEBUG org.apache.http.headers - << NEL: {"success_fraction":0,"report_to":"cf-nel","max_age":604800}
19:47:52.883 [main] DEBUG org.apache.http.headers - << Server: cloudflare
19:47:52.883 [main] DEBUG org.apache.http.headers - << CF-RAY: 7b94c76a78f691a7-SIN
19:47:52.883 [main] DEBUG org.apache.http.headers - << Content-Encoding: gzip
19:47:52.883 [main] DEBUG org.apache.http.headers - << alt-svc: h3=":443"; ma=86400, h3-29=":443"; ma=86400
19:47:52.883 [main] DEBUG org.apache.http.impl.client.DefaultHttpClient - Connection can be kept alive indefinitely
19:47:52.883 [main] DEBUG io.restassured.internal.RestAssuredHttpBuilder - Parsing response as: application/json; charset=utf-8
19:47:52.883 [main] DEBUG org.apache.http.wire -  << "46c[\r][\n]"
19:47:52.883 [main] DEBUG org.apache.http.wire -  << "[0x1f][0x8b][0x8][0x0][0x0][0x0][0x0][0x0][0x0][0x3][0xac]U[0xc1]n[0xdb]8[0x10][0xfd][0x95][0x81][0xe][0xdd]]@[0x96]c'Nj[0xdf][0xd2][0x14]i[0xd1]M[0xd3].[0xdc] [0x9][0x16][0xb]cD[0x8e]D[0xc6][0x14])[0x90]#[0xb]j[0xd1]_[0x90]r[0xea]l[0xdb][0x0]{[0xe8]I[0x14]8[0x9c][0x19][0xbe]7[0xef][0xf1][0xef]/[0x99][0x96][0xd9]j[0x96]g[0xac][0xd9]P[0xb6][0xca].[0x1f][0xd0][0x18][0x8f];[0xb2]0[0x81]Kgd@[0xb1][0x85]kW[0xc0][0xc]^[0xa1][0xd8][0xb6]([0xb6]9\j[0xe]0[[0xc0][0x15][0xb6][0xec][0xda][0x90][0xe5]Y[0xeb][0xb5][0xa0]l5;Z[0x16][0xcb]E[0x9e]I[\n]"
19:47:52.883 [main] DEBUG org.apache.http.wire -  << "[0xc2][0xeb][0x96][0xb5][0xb3][0xd9]*[0xbb]w[0x9d][0x87][0x96]|E[0x82]!f[0x80][0xca]y[0xa0][0x1d][0xf9]A[0xe2][0x0]] @+[0xa1]G[0xb3][\r][0xa0]-[0xb0][0xa2][0x18]A[0x81][0xb]X3[0x6][0x5]C[0xcc]`R5[0xf8][0xbd]k[0x81]],[0xaf][0xad]P[0x14][0xfe]x<[0xd2][0xa2][0x94]$![0x18][0xa2][0x1d][0xe5][0xe3][0x99][0xc7]"Y[0x9e][0x9]d[0xaa][0x9d][0x1f][0xb2]U[0xd6][0x90][0xfd]-[0x80]0[0x8e][0x95][0xb6]u[0x96]g[0xba][0xc1]:^_1[0xb7]a5[0x9d]V[0xb8][0xa5][0xc0][0xce][0x13][0xb6][0xba][0x10][0xae][0x99][0xea][0xa6][0x9e][0xbe][0x9c]U[0x1f][0xff][0x94][0x93][0xf9][0xf9][0xfd]U[0xb1]9[0xbf][0xd8][0xac][0xaf]f[0x8b][0xa3][0xa3]M[0xf1][0xd0][0xc6][0x14][0x1e]9[0xe6]Z}[0x89]+[0xca]V[0xc7][0xc5]2[0xcf][0x84][0xeb],g[0xab][0xd9][0xfc][0xe8][0xeb][0xd7]|[0x4]{~[0x0][0xfb]=[0xd9][0x0][0x17][0x18]:4[0xf0][0xd1]S[0xa3][0xbb][0x6][0xd6]F7[0x11]_[0xf8]4Y+[0xed]9[0xc0][0x1][0xdd][0xf9][0xbc]8[0xfe][0x1e][0xdb][0x18]?[0xa9]4[0xc7][0xe2][0x10]x0[0x94][0x83]p[0x96]=[0x6][0x6][0x8f][0xb5]A[0xb][0xc6][0xc5][0xbd]=,[0xac]<[0xd1][0xa4][0xec][0x98][0x9d][0x5]E[0xd6][0xd0][0x0][0xad]A[0xb1]%[0xce][0xc1][0xe8]Z1[0xf4][0x94]>/ [0xb8][0x8a][0xa1][0xc2][0xd2]k[0x91](+=!+,[0xcd]H[0x98]pM[0xe5]<[0xa7][0xff][0x9e][0xd0]k[[0x17]pn%[0xac][0x9d][0xd1][0x12][0x2]k[0x16]*22^[0xa4][0xd7][0xac][0xc0][0xbb][0xce]J[0xb0]$[0xb6][0xd0][0xa0]L<[0x83][0xec]<[0x96][0xda]h[0x1e]RZ[0x84]:[0xd6][0x81]Js[0xda][0x16]#B[0x15][0x6][0xa5][0x9d]M[0x95]R[0x9c][0xd4][0xa4][0xd0]K(1P[0x89]&F[0xd8]P[0xc0]'E[0xf0]v[0xbc]W[0xc2][0xe3]II[0xa3]-[0xc5][0xa9]1[0x9d][0xa4][0x0][0xf8]_,[0xf6] [0x14][0xbf]bT[0xce]f[0x93][0xe3][0xb7][0xf]o[0xae]_[0xdf][0xec]G[0xe5][0xfe][0xe5][0xd9][0xb2][0xd8][0xac][0xef][0x8a][0xcd][0xcd]][0xb1]Y[0xdf][0x17][0x9b][0x9b][0xfb][0xe7]&[0xe7][0xa4][0x98]}[0x9b][0x9c][0xf9]b[0xf9]mr[0x8e][0xbf][0x9f][0x1c][0x97][0xfa]~[0x97][0xda]>L[0xc9]bQ,[0x97][0xdf][0x8f][0xc9][0x88][0xa8][0xeb][0x98]|[0xc2][0xef]![0x1d][\n]"
19:47:52.883 [main] DEBUG org.apache.http.wire -  << "[0x9][0xdf]u[0x1b][0x99][0x9b][0x9e]w[0xdc]5vz[0xab]-[0x93][0xcf]!tzd6[0x86]4h[0x7]pB`[0xd0][0xce][0x86][0xb8])[0x14]`[0x80][0xde][0xf9]"
19:47:52.883 [main] DEBUG org.apache.http.wire -  << "[0xad][0xb6]u[0xe]J[0x8f]_[0x81]M[0x9b][0x16]M[0xec][0x1f][0xb5][0x9d]z'[0xb6] [0x8c]n[0xca]1`[0x10]&-8[0xba]L\[0x82][0xf3][0xe0]X[0x91][0x8f][0xed]I[0xe7]|([0xe0][0x8d]s[0x12]j]1[0x8][0xe5][0xb4][0x18][0x9b][0x18]\[0x7][0xe3][0xc7]C[0x85][0x8d]6[0x3]4[0xd4][0x94][0xe4][0xb]8[0x87][0x1e]}[0x3][0x8a][0xd0]3I0nG[0xd1]#.1[0xe6][0xcd]Au[0xa1][0x8c][0x13][0xe3]<[0x4]gG[0xbf][0xd0][0x1]X[0xa1][0xdd][0x86]Z[0xef][0xf6]]\([0xaf][0x3]7[0x18][0xe0]5[0xe][0xbf]h[0xe][0x8c][0x9e]t[0xf]l[0xf6]spswz[0xb6]|[0x9e][0xf7][0xb3]o[0xbc]/[0x8e][0xe][0x8e]q[0xf2]s[0xc7]xt[0x8a]'[0xee][0xfb]3[0xe6][0xa3][0x1c][0x84]3QG[0xae]3[0x12]J[0x82][0x90]dn[0x6][0x90][0xba][0xaa][0xc8][0x93]e([0x89]{"[0xb]n[0xb4][0xd2] |[0xfc][0x8b][0x98]i[0xb][0xad]G[0xc1]ZP[0x1]S[0xf8]h[0x8][0x3][0x81]uL[0x11]?[0x86][0xd2][0xc9][0x1][0xca]N[0x1b][0x19]`[0x87]~[0x80]r[0x88]^[0x1f][0x9c][0x8d]^C[0x9e][0xa2][0x93][0xe7] [0x89]Q[0x9b]h[0x6][0xfa]s[0xd4]`[0xe5]|[0x83][0xb1]E[0x8][0xea][0xb1]/O;M=[0xc5][0xb5]q[0xfd]c/[0xad]w[0xb2][0x13][0xc]O[0xae][0xf5][0x8b][0xb8][0xb9][0xbf][0xfb]L[0x1f][0xba]`[0xf6][0xdc]D[0x8d]>[0xc7][0xcd][0xfc][0x89]&O[0x8e][0xf][0xdc],[0xe][0xdc][0xbc]s[0xca][0xc2][[0xf4]r[0x80][7[0xb6]tE5Y[0x19][0xe0][0x1a]k[0x84]7[0xce]Hx[0x1]kmv[0xe4][0xe1][0xb5][0xc7][0xda][0xd9][0xf8][0xbc]%[0x10].[0x14]j[0xb][0xaf]<[\n]"
19:47:52.884 [main] DEBUG org.apache.http.wire -  << "2O[0xc5]|[0xfa][0xe3]kz[0xe9]][0x3]Q[0x3][0x8f][0xd9]/[0x9c]1$[0xe2]nB|[0xac][0xd6]c|JC[0xab]}[0xc4]sH[0x1b][0xcd][0xc0]J[0xb]4[0xd0]#[0x93][0x7]9[0xb6][0x90]Xl[0xbd]c[0x12][0x1c]R[0x9c][0x13][0x84][0xb1][0xfd][0x96][0xd0][0x9b][0x2]n[0xa3]aT([0xa2]J[0xb4][0xed][0xa3][0xe5][0xb2][0x8b]|[0x95][0x11][0xd4][0xc8]Wr[0xf6]$[0xba][0xe4][0xdf]eg%ZAy[0x92]v[0xc7][0xe9]HT[0xf0][0xbe][0xca][0x8f][0xc]>PO[0x86][0xfc][0xf0][0xff][0xb9]ko?+[0xf9][0xee][0xba][0xdf]swuzr[0xb4][0xf9][0xeb][0xea]t[0xb1]yu[0xfc][0xbc][0xc0]N[0xf]$F[0x81][0xfd][0xf3]/[0x0][0x0][0x0][0xff][0xff][0x3][0x0][0xad]~[0xa4][0xf2][0x1][0x9][0x0][0x0]"
19:47:52.884 [main] DEBUG org.apache.http.wire -  << "[\r][\n]"
19:47:52.884 [main] DEBUG org.apache.http.wire -  << "0[\r][\n]"
19:47:52.884 [main] DEBUG org.apache.http.wire -  << "[\r][\n]"
19:47:52.884 [main] DEBUG io.restassured.internal.RestAssuredHttpBuilder - Parsed data to instance of: class org.apache.http.conn.EofSensorInputStream
19:47:52.885 [main] DEBUG org.apache.http.impl.conn.BasicClientConnectionManager - Releasing connection org.apache.http.impl.conn.ManagedClientConnectionImpl@5342032a
19:47:52.886 [main] DEBUG org.apache.http.impl.conn.BasicClientConnectionManager - Connection can be kept alive indefinitely
  &amp#27;[32mGiven &amp#27;[0m&amp#27;[32mI set GET product endpoint with limit &amp#27;[0m&amp#27;[32m&amp#27;[1m5&amp#27;[0m         &amp#27;[90m# starter.stepdefinitions.UserSteps.setWithLimit(java.lang.Integer)&amp#27;[0m
  &amp#27;[32mWhen &amp#27;[0m&amp#27;[32mthe response status code should be &amp#27;[0m&amp#27;[32m&amp#27;[1m200&amp#27;[0m           &amp#27;[90m# starter.stepdefinitions.UserSteps.responseCode(java.lang.Integer)&amp#27;[0m
  &amp#27;[32mThen &amp#27;[0m&amp#27;[32mthe response should contain a list of &amp#27;[0m&amp#27;[32m&amp#27;[1m5&amp#27;[0m&amp#27;[32m products&amp#27;[0m &amp#27;[90m# starter.stepdefinitions.UserSteps.checkProductList(int)&amp#27;[0m
19:47:52.911 [main] INFO  - 
  _____   ___   ___   _____     ___     _     ___   ___   ___   ___  
 |_   _| | __| / __| |_   _|   | _ \   /_\   / __| / __| | __| |   \ 
   | |   | _|  \__ \   | |     |  _/  / _ \  \__ \ \__ \ | _|  | |) |
   |_|   |___| |___/   |_|     |_|   /_/ \_\ |___/ |___/ |___| |___/ 

Get product with limit 5
----------------------------------------------------------------------
]]></system-out>
  </testcase>
  <testcase name="Get product with limit 50" classname="RestFull API Test" time="0.774">
    <system-out><![CDATA[
Scenario: Get product with limit 50                      &amp#27;[90m# src/test/resources/api/user.feature:39&amp#27;[0m
19:47:52.918 [main] INFO io.cucumber.core.plugin.SerenityReporter - Running feature from file:///D:/KULIAH/kmrdeka/Weekly2/src/test/resources/api/user.feature
19:47:52.919 [main] WARN io.cucumber.core.plugin.SerenityReporter - Feature from file:///D:/KULIAH/kmrdeka/Weekly2/src/test/resources/api/user.feature is not under the 'features' directory. Requirements report will not be correctly generated!
19:47:52.921 [main] INFO  - 
  _____   ___   ___   _____     ___   _____     _     ___   _____   ___   ___  
 |_   _| | __| / __| |_   _|   / __| |_   _|   /_\   | _ \ |_   _| | __| |   \ 
   | |   | _|  \__ \   | |     \__ \   | |    / _ \  |   /   | |   | _|  | |) |
   |_|   |___| |___/   |_|     |___/   |_|   /_/ \_\ |_|_\   |_|   |___| |___/ 

Get product with limit 50(restfull-api-test;get-product-with-limit-50)
--------------------------------------------------------------------------------
19:47:52.942 [main] DEBUG org.apache.http.impl.conn.BasicClientConnectionManager - Get connection for route {s}->https://fakestoreapi.com:443
19:47:52.942 [main] DEBUG org.apache.http.impl.conn.DefaultClientConnectionOperator - Connecting to fakestoreapi.com:443
19:47:53.299 [main] DEBUG org.apache.http.client.protocol.RequestAddCookies - CookieSpec selected: ignoreCookies
19:47:53.299 [main] DEBUG org.apache.http.client.protocol.RequestAuthCache - Auth cache not set in the context
19:47:53.299 [main] DEBUG org.apache.http.client.protocol.RequestTargetAuthentication - Target auth state: UNCHALLENGED
19:47:53.299 [main] DEBUG org.apache.http.client.protocol.RequestProxyAuthentication - Proxy auth state: UNCHALLENGED
19:47:53.299 [main] DEBUG org.apache.http.impl.client.DefaultHttpClient - Attempt 1 to execute request
19:47:53.299 [main] DEBUG org.apache.http.impl.conn.DefaultClientConnection - Sending request: GET /products?limit=50 HTTP/1.1
19:47:53.299 [main] DEBUG org.apache.http.wire -  >> "GET /products?limit=50 HTTP/1.1[\r][\n]"
19:47:53.299 [main] DEBUG org.apache.http.wire -  >> "Accept: */*[\r][\n]"
19:47:53.299 [main] DEBUG org.apache.http.wire -  >> "Host: fakestoreapi.com[\r][\n]"
19:47:53.299 [main] DEBUG org.apache.http.wire -  >> "Connection: Keep-Alive[\r][\n]"
19:47:53.299 [main] DEBUG org.apache.http.wire -  >> "User-Agent: Apache-HttpClient/4.5.13 (Java/19.0.2)[\r][\n]"
19:47:53.299 [main] DEBUG org.apache.http.wire -  >> "Accept-Encoding: gzip,deflate[\r][\n]"
19:47:53.299 [main] DEBUG org.apache.http.wire -  >> "[\r][\n]"
19:47:53.299 [main] DEBUG org.apache.http.headers - >> GET /products?limit=50 HTTP/1.1
19:47:53.299 [main] DEBUG org.apache.http.headers - >> Accept: */*
19:47:53.299 [main] DEBUG org.apache.http.headers - >> Host: fakestoreapi.com
19:47:53.299 [main] DEBUG org.apache.http.headers - >> Connection: Keep-Alive
19:47:53.299 [main] DEBUG org.apache.http.headers - >> User-Agent: Apache-HttpClient/4.5.13 (Java/19.0.2)
19:47:53.299 [main] DEBUG org.apache.http.headers - >> Accept-Encoding: gzip,deflate
19:47:53.664 [main] DEBUG org.apache.http.wire -  << "HTTP/1.1 200 OK[\r][\n]"
19:47:53.664 [main] DEBUG org.apache.http.wire -  << "Date: Mon, 17 Apr 2023 12:47:52 GMT[\r][\n]"
19:47:53.664 [main] DEBUG org.apache.http.wire -  << "Content-Type: application/json; charset=utf-8[\r][\n]"
19:47:53.664 [main] DEBUG org.apache.http.wire -  << "Transfer-Encoding: chunked[\r][\n]"
19:47:53.664 [main] DEBUG org.apache.http.wire -  << "Connection: keep-alive[\r][\n]"
19:47:53.664 [main] DEBUG org.apache.http.wire -  << "Access-Control-Allow-Origin: *[\r][\n]"
19:47:53.664 [main] DEBUG org.apache.http.wire -  << "Etag: W/"297c-h+n6NsR3M51S6528jZo3BluzvtU"[\r][\n]"
19:47:53.664 [main] DEBUG org.apache.http.wire -  << "X-Powered-By: Express[\r][\n]"
19:47:53.664 [main] DEBUG org.apache.http.wire -  << "CF-Cache-Status: DYNAMIC[\r][\n]"
19:47:53.664 [main] DEBUG org.apache.http.wire -  << "Report-To: {"endpoints":[{"url":"https:\/\/a.nel.cloudflare.com\/report\/v3?s=QXNeDVSXBHCjiQCmmACspQ3ZZ0e3qNIJoMi07OR5ccqqFV1hV%2BwZpFxZbTDWD%2BYRSKJjEkGI9H2BGdJxt7B4GbTjm%2FggE6oI27%2B8xTd3dyf4wJKdvD8Tm4mip9lus9VLzxfT"}],"group":"cf-nel","max_age":604800}[\r][\n]"
19:47:53.664 [main] DEBUG org.apache.http.wire -  << "NEL: {"success_fraction":0,"report_to":"cf-nel","max_age":604800}[\r][\n]"
19:47:53.664 [main] DEBUG org.apache.http.wire -  << "Server: cloudflare[\r][\n]"
19:47:53.664 [main] DEBUG org.apache.http.wire -  << "CF-RAY: 7b94c77178fb4906-SIN[\r][\n]"
19:47:53.664 [main] DEBUG org.apache.http.wire -  << "Content-Encoding: gzip[\r][\n]"
19:47:53.664 [main] DEBUG org.apache.http.wire -  << "alt-svc: h3=":443"; ma=86400, h3-29=":443"; ma=86400[\r][\n]"
19:47:53.664 [main] DEBUG org.apache.http.wire -  << "[\r][\n]"
19:47:53.664 [main] DEBUG org.apache.http.impl.conn.DefaultClientConnection - Receiving response: HTTP/1.1 200 OK
19:47:53.664 [main] DEBUG org.apache.http.headers - << HTTP/1.1 200 OK
19:47:53.664 [main] DEBUG org.apache.http.headers - << Date: Mon, 17 Apr 2023 12:47:52 GMT
19:47:53.664 [main] DEBUG org.apache.http.headers - << Content-Type: application/json; charset=utf-8
19:47:53.664 [main] DEBUG org.apache.http.headers - << Transfer-Encoding: chunked
19:47:53.664 [main] DEBUG org.apache.http.headers - << Connection: keep-alive
19:47:53.664 [main] DEBUG org.apache.http.headers - << Access-Control-Allow-Origin: *
19:47:53.664 [main] DEBUG org.apache.http.headers - << Etag: W/"297c-h+n6NsR3M51S6528jZo3BluzvtU"
19:47:53.664 [main] DEBUG org.apache.http.headers - << X-Powered-By: Express
19:47:53.664 [main] DEBUG org.apache.http.headers - << CF-Cache-Status: DYNAMIC
19:47:53.664 [main] DEBUG org.apache.http.headers - << Report-To: {"endpoints":[{"url":"https:\/\/a.nel.cloudflare.com\/report\/v3?s=QXNeDVSXBHCjiQCmmACspQ3ZZ0e3qNIJoMi07OR5ccqqFV1hV%2BwZpFxZbTDWD%2BYRSKJjEkGI9H2BGdJxt7B4GbTjm%2FggE6oI27%2B8xTd3dyf4wJKdvD8Tm4mip9lus9VLzxfT"}],"group":"cf-nel","max_age":604800}
19:47:53.664 [main] DEBUG org.apache.http.headers - << NEL: {"success_fraction":0,"report_to":"cf-nel","max_age":604800}
19:47:53.664 [main] DEBUG org.apache.http.headers - << Server: cloudflare
19:47:53.664 [main] DEBUG org.apache.http.headers - << CF-RAY: 7b94c77178fb4906-SIN
19:47:53.664 [main] DEBUG org.apache.http.headers - << Content-Encoding: gzip
19:47:53.664 [main] DEBUG org.apache.http.headers - << alt-svc: h3=":443"; ma=86400, h3-29=":443"; ma=86400
19:47:53.664 [main] DEBUG org.apache.http.impl.client.DefaultHttpClient - Connection can be kept alive indefinitely
19:47:53.664 [main] DEBUG io.restassured.internal.RestAssuredHttpBuilder - Parsing response as: application/json; charset=utf-8
19:47:53.665 [main] DEBUG org.apache.http.wire -  << "8e3[\r][\n]"
19:47:53.665 [main] DEBUG org.apache.http.wire -  << "[0x1f][0x8b][0x8][0x0][0x0][0x0][0x0][0x0][0x0][0x3][0xac]X]s[0xdb][0xb6][0x12][0xfd]+;zh[0x93][0x19][0x9a][0x96]d[0xcb][0x8e][0x9d]'Y[0xb2][0x1d][0xa7][0xb6][0xab]Zv[0x1d][0xcf]}[0xf0],[0x81][0xa5][0x88][0x8][0x4]X[0x0][0x94][0xca]t:[0xd3][0xbf]q[0x1f][0xee][0x9f][0xeb]/[0xb9][0xb3][0xa0]d[0xc9]N[0xd2]i[0xa7]y[0x12])[0x82][0xf8]8[0xe7][0xec][0xd9]][0xfe][0xe7][0xb7][0x8e][0x92][0x9d][0xe3]^[0xd2][0x9]*h[0xea][0x1c]w[0xce]>[0xa2][0xd6][0xe][0x17]d`[0x7][0xce][0xac][0x96][0x1e][0xc5][0x1c][0xae]m[\n]"
19:47:53.665 [main] DEBUG org.apache.http.wire -  << "=8A1[0xaf]P[0xcc][0x13]8S[0xc1]Co[0x0][0x97]X[0x5][[0xf9]N[0xd2][0xa9][0x9c][0x12][0xd4]9[0xee]u[0x8f][0xd2][0xa3]A[0xd2][0x91][0xe4][0x85]SUP[0xd6]t[0x8e];[0xf][0xb6]vP[0x91][0xcb]I[0x4][0xe0][0x19] [0xb7][0xe]hA[0xae][0x91][0xd8]@[0xed][0x9][0xd0]HX[0xa2][0x9e]{P[0x6]BA<[0x82]|Ha[0x1a][0xd0][0x17][0xd0][0xf0][0xc]:[0xae][0x6][0xaf][0xea][\n]"
19:47:53.665 [main] DEBUG org.apache.http.wire -  << "[0x82][0xe5][0xe5][0x95][0x11][0x5][0xf9][0xd7][0xeb]W*[0x94][0x92]$xM[0xb4][0xa0][0xa4]}g[0xbd]H'[0xe9][0x8][0xc]4[0xb3][0xae][0xe9][0x1c]wJ2[0xdf]{[0x10][0xda][0x86]B[0x99]Y'[0xe9][0xa8][0x12]g|[0xfc]"[0x84][0xca][0x1f][0xef][0xee][0xe6]8'[0x1f][0xac]#[0xac]T*l[0xb9][0xab][0xca][0xd9][0xee][0x9b]^>[0xf9]A[0xee][0xf4][0x87][0xf][0x97][0xe9][0xe3]p[0xf4]8[0xbd][0xec][\r][0xba][0xdd][0xc7][0xf4]c[0xc5]S8[0xc]<[0xd7][0xf1]o|E[0x9d][0xe3][0xbd][0xf4]([0xe9][0x8][[0x9b][0xd0]9[0xee][0xf5][0xbb][0xbf][0xff][0x9e][0xb4]`[0xf7]7`_[0x91][0xf1]0B_[0xa3][0x86][0x89][0xa3]R[0xd5]%L[0xb5]*[0x19]_[0xb8][0xdd][0x99][0x16][0xca][0x5][0xf][0x1b]t[0xfb][0xfd]t[0xef]%[0xb6]<~'W[0x81][0x17][0x7][0x1f][0x1a]M[0x9][0x8]k[0x82]C[0x1f][0xc0][0xe1]L[0xa3][0x1]m[0xf9][0xd9][\n]"
19:47:53.665 [main] DEBUG org.apache.http.wire -  << "[0x96]P8[0xa2][0x9d][0xac][0xe][0xc1][0x1a]([0xc8]hj[0xa0][0xd2]([0xe6][0x14][0x12][0xd0]jV[0x4]XR[0xfc][0xf9][0xe][0xbc][0xcd][0x3][0xe4][0x98]9%"e[0x99]#[0xc][0x5]f[0xba]%L[0xd8]2[0xb7].[0xc4][0xfb]%[0xa1]Sf[0x96][0xc2][0xd0]H[0x98]Z[0xad]$[0xf8][0xa0][0x82]([0x98][0x91][0xf6] K[0x15][\n]"
19:47:53.665 [main] DEBUG org.apache.http.wire -  << "p[0xb6]6[0x12][0xc][0x89]9[0x94](#[0xcf] k[0x87][0x99][0xd2]*4qZ[0x84][0x19][0xaf][0x3][0xb9][\n]"
19:47:53.665 [main] DEBUG org.apache.http.wire -  << "[0xf1][0xb1]h[0x11][0xca][0xd1][0x17][0xca][0x9a][0xb8]R[0x1c]'[0x15][0x15][0xe8]$d[0xe8])C[0xcd]#[0x8c]O[0xe1][0xb6] x[0xd7][0x9e]+[0xe2][0xb1][0xb5][0xa4]V[0x86]X5[0xba][0x96][0xe4][0x1][0x9f]c[0xb1][0x2]![0xfd][0x16]R9[0xec][0xed][0xec][0xbd][0xfb]x~=[0xbe][I[0xe5][0xe1][0xcd][0xe1]Q[0xfa]8[0xfd][0x90]>[0xde]}H[0x1f][0xa7][0xf][0xe9][0xe3][0xdd][0xc3][0xd7][0x94][0xb3][0x9f][0xf6][0x9e][0x94][0xd3][0x1f][0x1c]=)g[0xef][0xa5]rl[0xdc][0xf7][0xfb][0xb8][0xed][0x8d]J[0x6][0x83][0xf4][0xe8][0xe8][0xa5]LZDm[0x1d][0xc8]E[0xfc]>[0xc6][0x97]|[0xc4]wZ1s[0xbb][0xc3]:[0xd4][0xa5][0xd9][0xbd]W&[0x90]"
19:47:53.665 [main] DEBUG org.apache.http.wire -  << "K[0xc0][0xd7][0xaa]e[0x96][0x87][0x94]h[0x1a][0xb0]B[0xa0]W[0xd6]x~([\n]"
19:47:53.665 [main] DEBUG org.apache.http.wire -  << "@[0xf]K[0xeb][0xe6][0xca][0xcc][0x12](T[0xfb]+[0xb0][0xac][0xe2]E[0xc9][0xfb]Gev[0x9d][0x15]s[0x10]Z[0x95]Y;[0xa0][0x11]:^[0x4]v[0x19][0xbe][0x4][0xeb][0xc0][0x86][0x82][0x1c]oOZ[0xeb]|[\n]"
19:47:53.665 [main] DEBUG org.apache.http.wire -  << "[0xe7][0xd6]J[0x98][0xa9]<[0x80]([0xac][0x12][0xed]&[0x1a][C[0xfb][0xe3] [0xc7]R[0xe9][0x6]J*3r)[0xc]a[0x89][0xae][0x84][0x82][0xd0][0x5][0x92][0xa0][0xed][0x82][0xd8]#[0xce][0x90][0xe7]M[0xa0][0xa8]}[0xc6][0x8a][0xb1][0xe][0xbc]5[0xad]_([0xf][0xa1]@3[0xf7]3[0xb5]X[0xed]bT8[0xe5]C[0x89][0x1e][0xc6][0xd8]|#[0x1d]h[0xb5]S[0xc]z[0xa5][0x83][0xbb][0xf][0x7][0x87]G_[0xe7][0xfd][0xf0][0x89][0xf7]Aw[0xe3][0x18][0xfb]_v[0x8c][0xb5]Sl[0xb9][0xef][0x97][0x98][0xe7]p[0x10]Vs[0x1c][0xd9]ZK[0xc8][0x8]|[0xc]s[0xdd][0x80]TyN[0x8e]L[0x80][0x8c][0xc2][0x92][0xc8][0x80]m[0xad][0xd4][0xb][0xc7]w[0x8c][0x99]2P9[0x14]A[0x9]Ja[0x17]&[0x9a][0xd0][0x13][0x18][0x1b][0x88][0xf1][0xb][0x90]Y[0xd9]@V+-=,[0xd0]5[0x90]5[0xec][0xf5][0xde][0x1a][0xf6][0x1a]r[0xc4]N[0x9e][0x80][0xa4][0x80]J[0xb3][0x19][0xa8]O[0x1c][0x83][0xb9]u%[0xf2][0x16][0xc1][0x17][0xeb]}9Z(Z[0x12]_k[0xbb]\[0xef][0xa5]rV[0xd6]"[0xc0][0xd6][0xb1][0xbe][0x11]7[0xf][0x1f]>[0xd1][0x8f][0xb5][0xd7]+n8F[0xbf][0xc6]M+&[0xf7][0xf7]6[0xdc][0xc]6[0xdc][0xbc][0xb7][0x85][0x81]w[0xe8]d[0x3][0xf7][0xb6][0xdd][0xd2]%[0xcd][0xc8]H[0xf][0xd7]8C8[0xb7]Z[0xc2]w0UzA[0xe][0xc6][0xe]g[0xd6]pz[0x8b] [0x8c][\n]"
19:47:53.665 [main] DEBUG org.apache.http.wire -  << "T[0x6]N[0x1c][\n]"
19:47:53.665 [main] DEBUG org.apache.http.wire -  << "[0xd2][0xdb][0xc1]|[0xf0]y6=s[0xb6][0x4][0x8e][0x81][0xf5][0xec]#[0xab]5[0x9]~[0x1a][0x11]oW["[0xa7]R_)[0xc7]x6[0xf1]A[0xd9][0x84]B[0x9][0xd4][0xb0][0xc4]@[0xe]d[0xbb][0x85][0xc8]b[0xe5]l [0x11]|[0x1c]g[0x5]!o[0xbf]"t:[0x85]{6[0x8c][0x1c][0x5]G[0x89]2K[0xb6][0xdc]`[0x99][0xaf][0x8c]Ae[0xbe][0xa2][0xb3][0xc7][0xa0][0x8b][0xfe][0x9d][0xd5]F[0xa2][0x11][0x94][0xc4][0xd0][0xae]C|[0x85]#x[0xb5][0xca][0xe7][0xc]~[0xa4]%ir[0xcd][0xdf][0xe7][0xae][0xba][0xff]T[0xc8][0xf7][0xd7][0xcb][0x15]w[0x97][0x7][0xfb][0xdd][0xc7][0x9f].[0xf][0x6][0x8f]W[0x97]{_[0xf][0xb0][0x83][\r][0x89][[0x1]v[0xb0]![0xb1][0xcd]\[0x91][0xaa][0x9][0x5][0x15][0x8][0xae][0x94]p[0xb6][0xc2][0x5]m%[0xe2][0xde][0xc1][0x9b][0xcf][0xf2]0[0x6][0xe5]s[0x8c][0x87][0x83][0xf3][0x1a][0x1d][0x9a]@$S[0xb8][0xa1]P;[0xc3]H[0xd0][0xaf][0xa2]@3c[0x90][0x1a][0xb0]N[0x92][0x8b][0xc0])[0x3]{][0x90][0xd8][0xf8]tL^[0xcd][0xc][0xc9][0x8][0xa3][0xe7]Md[\r][0xbc][0xc3][0x9c][0xe8][0x13][0x8c][0x88]}y][0xeb][0xdc][0x19][0xc5]F[0xc7][0xf2]![0x9f][0xc2]7Y[0xfd][0xdf]Qr[0xd0][0xf3][0xd9][0x95][0xba]3[0xf6][0xfc][0x9f]P[0xb2]]%[0x1d]n[0x18]9[0xdc]0r_0[0xb]-#[0x1a][0xf9][0xd0][0x13][0xa7][0x8c] [0xbf]Uv[0x1e]}[0xc1][0xf7]F[0x1a][0xbd]W[0x2]F[0x9c][0xf9]H[0xc2]=I[0xc9][\n]"
19:47:53.665 [main] DEBUG org.apache.http.wire -  << ">53[0x9c]Q[0xc9][0xa6][0xc7]d[0x7]T[0x8e]`[0xac][0xb0][0xb4][0x86][0xa7][0xb6][0xa5][0xf2][0x4]7<[0x92][0x15][0xfb][0x8e][0xb3][0xcb][0xb9][0xca]92,[0xf8][0xca]*[0xbd]*FY[0xed][0xa5]umj[0xda]L[0x9a][0xac][0x17]J`h[0x8c]Z[0x90][0xf3][0xe8][0x9a][0x4]~FM&(C[0xdf][0xb7][0xd9]%[0xfd][0xd7][0x11][0xf0]0[0xbc]8[0xbb][0xdb]s[0xf1][0x8f][0xe0][0xfe][0xa2][0xfe][0xdf]l[0xd0][0x9e](r[0x82]$[0xfc][0xb8][0xd4]pc[0xfd]s[0xe0][0xa7][0x9c][0xd0]5y[0xf][0xd3]@[0xa4]al[0xeb]L[0xd3]v[0xf5][0xff][0x5][0x1e]>[0x9b][0xa5]}[0xb][0xce]4[0xb2]5[0xdd][0xd6][0xc6][0x90][0x86][0x89][0xae]gp[0x8a][0x8e]+[0x11][0x9f][0xc2][0x15][0x97][0x86]6[0x87][0xbd][0xde][0xc1][0xe5][0xcb]e[0xff][0x1d]n[0x83][0xde][0xdd][0xf8][0xf4][0xd3][0xd5][0xfb][0x9f][0xab][0x82][o[0xbb][0x98][0xdf]B[0xee]hK[0xa7]c[0xe8][0xdf][0x9e][0xc0][0xa9][0x8e]2[0xf0]0YW[0xc6][0xa7][0xbf][0x6]r[0x6]u[0xcc][\r]0vjA[0xb0][0x3]w[0xd3][0x13][0xd8]K[0xbb][[0xa6]r[0xb0][0xff][0x12][0xba][0xf5][0x18]v[0x3][0xbe][0xee][0xa7]][0x18][0xd9][0xb2][0xc2][0xa0]V[0xe5][0xf2][0x19]W[0xf9][0x12][0x3]r9e|N[0xce][0xc3]EY9[0x16][0xe7]d[0x4][0x13]r1[0xcf][0x1a]A[0xf0]N[0xcd][\n]"
19:47:53.665 [main] DEBUG org.apache.http.wire -  << "[0x18]a[0x85]B[0x85][0xe6][0xed][0xcb]yb6fv[0xae]o[0xcf][0xa6]Q[0xd2][0xf7][0xca]H[0xbb][0xf4][0xd0][0xeb]&O[0xd7]o[0xd2][0xde][0xe6][0xe6][0xf0]-[0xdc]P[0x9b][0xc6]c[0xf3]Qb[0xd3]&[0xf1]_[0xea][0x98]t[0xf2]M]WQ[0xb]([0xf8][0xc6][0x7]*[0xfd][0xcb][0xe5][0xf9][0xd5]X;H[0xaa][0xc8][0xc4]0[0xb5][0x86][0xfb]B[0xf7][0xe7][0x1f][0xff][0xf5][0xc0]U[0xfe][0x12][0x1d][0xd7]1&W[0xb3][0xda][0xb5]93Vt/[0xa6]~.[0xe][0xe2][0xbc][0xe8][0xac]Q[0xc2][0xff]}[0x1b][0xbb]89[0xf9][0xf9][0xfd]b:[0xde][0xaa][0xdc][0xbf][0xee]^[0x9b][0x80][0xea]w[0xf7][0x9e]d[0xd1][0xeb]ne[0x14]4c[0xe5][0xe7]0[0x9d][0x8e]ary7[0x85][0xde][0xed][0x9]\[0x98][0x95]&[0xf8][0xdf][0x1d][0x98][0xe]o[0x87]pqq[0x1][0x7]p[0x9e][0xed]>[0xef][0xa7]_[0x8a][0xe2][0x14]}[0x3]u5s[0xeb][0xee])G[0xcf][0x89]![0xb3]6@]%[0xe0][0xb].[0xa3][0x97]&[0x1][0xac]*[0xad]D[0xb][0x96][0xb6][0xd8][0xa6][0x15]G[0xbe][0xb2][0xc6][0x13][0xbc][0x1a]z[0xee][0xe0][0xaa][0x18][0x86][0xc1][0xc2]`[0xbf][0xdb][0x85][0x9b][0xc9]U[0xbb][0x9b]~:[0xf8][0xf3][0x8f][0xff]E[0xe8]A[0xb2]f[0xdf][0xc2][0x9]z[0x92]LLUgZ[0xf9][0xd8][0xd9]U$T[0xbe]Z[0xc3][0xaf][0xea][0xc5][0xd5][0xd1]22[0xa2](16[0x8][0x10][0xc8][0x7][0xf][0xb5][0xe7][0xeb][0xc9][0xe8][\n]"
19:47:53.665 [main] DEBUG org.apache.http.wire -  << "[0xdd][0x1c][0x16]h[0x2][0xce][0xb8][0xd6][0xe4]V[0xff]5[0x9c]X[0xcb]c[0xb2][0xda][0xf9][0x0]K[0xc7][0xae]_m[0xf4][0x9b]@[0x89]q&[0x15]@I[0xe2]~[0xd0]:[0x8]M[0x15][0xb][0x9a][0xc9]([0xb6]"|H[0x1f][0x1b][0xc0][0xf5][0xd7][0x86][0xc]uT[0xbf][0xcd][0xb7]'[[0x1][0xa1][0xd5][0xba][0xed][0xbc]![0x94][0xbb][0xed][0x9a][0xbe]"[0x92][0x9e]_h[0xbf]3[0xc][0xf6][0x6]W'[0xbb]~w[0xd0][0xe5]_x[0xf5][0x4][0xc3][0xd3]I[0xf9]p[0xca][0xcc][0xde]>[0x8b][0xb7]/h[0xba][0xae][0xac]i[0xc1][0x4][0xb1][\n]"
19:47:53.665 [main] DEBUG org.apache.http.wire -  << "[0xc4][0x4][\n]"
19:47:53.665 [main] DEBUG org.apache.http.wire -  << "[0xcb]!L[0xb][0xc5]g[0xfc]q[0xda]VP[0x1b][0xe2][0xd2][0xd7][0xdf]@[0xd2]w[0x87][0xb7][0xbd]"
19:47:53.665 [main] DEBUG org.apache.http.wire -  << "[0xb9][0xfd][0xe9][0x97][0x95][0xa4][0xff][0xaa][0x9][0xe9]o9[0xdd][0xfe]VF[0xee]m}$[0x9a]*[0xad][0x84]50[0xb1]Kr[0xd0][0x1f][0x1c][0x9c][0x9f]D![0xef][0x8d][0xe1]zx=[0x86][0xe1]`[0x0][0xd3][0xcb][0x11][0x8c]P[0x14][0xf4][0xc][0x94][0xc8][0xf1]F[0xee][0xfd]t[0xf0][0x97]Z_O[0x98]k[0xfe][0x8][0xc4][0xe][0x10][0x91]i[0xf5]*Isz[0x85][0x82][0x8d]mmk[0xfa]n[0x88][0x95][0x17][0xfd][0xf7][0xe5][0xa3]X[0xef][0x92]i{[0xdb]M[0xec][0xd4]U+[0xdf][0xd6]=%[0xd8][0x5]9[0xfe][0xa8][0xd0][0xfa][0xca][0xb6]z[0xda]O[0xc]([0x17]|#[0xb7]NzK[0xa2]0V[0xdb]Y[0x3][0xa8]5{[0xe4][0xb6][0xe6][0xb2]xv^[0x83][0xbf][0xc7][0x90][0x3][0xad]r[0xf2][0x15][0x1a]8,K[0xee][0xc9]Jnq[0xd4][0xcc]<o[0xbd][0xef]tp[0x98]Y;o[0xc3]+[0xde][0xee][0xc4][0xd1][0xdc][0x83][0xc5][0x7])L[0xeb][0xaa][0xb2][0xfc][0x8d][0xe5][0xf6][0xe6][0xe2][0x8a][0xa3][0xba]D#[0x13]8G[0x97]q[0x88]m:[0x4][0x8]O{L[0xe0]fx1N[0xe2][0xac][0xa7][0xa3][0x11][0xbc]:u.6[0xc1]$b[0xa0]}[0x7]#[0xeb]\[0xfb][0xda]k[0x6][0x9c][0x81]Q[0x92][0xda][0x16][0xa1][\n]"
19:47:53.665 [main] DEBUG org.apache.http.wire -  << "[0xaa]T[0x9f]H~[0x16]Vd[0x8a][0x16][0x97][0xad][0xf8]zQ[0xeb][0xfc][0x1f][0x0][0x0][0xff][0xff]"
19:47:53.665 [main] DEBUG org.apache.http.wire -  << "[\r][\n]"
19:47:53.666 [main] DEBUG org.apache.http.wire -  << "87d[\r][\n]"
19:47:53.666 [main] DEBUG org.apache.http.wire -  << "[0xac]Z[0xd1]r[0xe2]:[0x12][0xfd][0x95]~[0xc9][0xde][0xa4][0xae]![0xb1][0xc1]![0xb0]O[0x6]L[0xcc][0x14][0x98][0xc]&[0xc9]$U[0xfb][0xa0][0xd8][0x2]4[0xd8][0x16]k[0xc9]CH[0xcd][0xad][0xda][0xd8]?[0xdc]/[0xb9][0xd5][0x92][\r][0xca][0x9d][0xcc]n[0xee][0xdd]<[0xa5]bdYR[0xb7][0xba]O[0x9f][0xd3][0xc1][0x87];[0xf6][0xe6]~[0x9f]=[0xfe][0x1a][0xff][0xfa][0xe][0x1f]n7[0xaf][0xe]>[0xdc][0xb2][0x8f][0x4][0x8a][0xed][0xbc]J[0xd7][0xed]E[0x1f][0xae]I[0x86]{[0xd5]Y[0xf9][0x9e][0x17][0x9b][0x8a][0xa6][0xba]I[0xc9]^T[0xb5]Y[0xfb][0xbf][0xe6]r[0xc3][0x81][0xed][0x1f]2[0xb8][0xff][0xbc][0xc5]3Q[0x88][0xf1]&j[0xc3]J[0x8e]>oi[0xc1][0xa8][\n]"
19:47:53.666 [main] DEBUG org.apache.http.wire -  << "k[0xf8]%[0xc4][0xe4];[0xac][0x95]uBW[0xc7]H[0xc4][0xde][0x2]A[0xd1]/[0xa3][0x94][0xd2]M[0xed][0x1c]jy[0xca][0xe7][0x8f]1[0xa4][0xd5][0xd8]c[0x8d][0x96][0x91][0xbc][0xc4]"[0xa0],h[0xf1][0x8b][0x80][0x94]e[0xaa]H[0xd8][0x91][0x2][0xeb][0x81][0xfd][0x7][0x4][0x92]LN.[0xdd]a;[0xfe][0x93]F0[0xc1][0xa6]m[0xd0]X^L[0xb][0x88][0xfa][0x8e]s[0xf1][0x19][0x9e][0x18]8v[0xb3]&uaT[0xa6])[0x4]C8[0xb5][0xbb][0xce][0x5]<[0x83]}quq[0x6][0xe3][0x9b][0xa8][0xba][0x1][0x8b]5[0xcb][\r][0xce][0xeb]G[0xdc][0xe9][0xd8]M[0xf8][0x1f][0xb3][0xed][0x98]z[0x5][0x99][0xe][0x9c]8ab[0x8b][0xc6]@[0x6]sN[0x12][0xca]sX[0x16][0x94]B[0xb4][0xcf]c[0xe3][0xde]4![0xe4]:q[0x1e][0xf0][0xb][0xde][0xd3];?[0xf2]`[0x8a][0xfb]EXTP[0xb1][0x86]9[0x91][0xb4][0x7][0x1d]7xA[0xc0][0xa7]r_0[0x9c][0x8e][0x1][0xaf]*<[0xd2][0x82]7[0x96][0x5][0xc9]hm[0xd9][0xef]P[0xaa][0xad][0xa9][0xa2][0xec];[0xb4]3qL[0xd6][0x92]e[0x14][0xbe][0xab]en[0x9][0x2]f[0xf]S/2[0xbc][0x92]qh[0x80]}[0xd9][0x83]n[0x13]/:[0x12]z:[0x1a][0xd0]D[0xfd][0xd0][0x84][0xe]d,M[0xd1][0x95][0x15][0x11]$[0x9a][0xd0]/[0x90][0x1][0xca][0x11]S7[0xc0]q/ G[0xc6][0x99][0xa5][0xe8]{[0xab][0x94]B[0xc3][0x85][0x84][0xae]p[0xf3][0x9a]i[0xd7][0xff]4![0xe0][0x5]{[0xe1][0xb9]$) U[0x83];R/4[0xec][0xce][0xd5]a[0xd0][0x1d]-[0xa4][0xca][0xca]?[0x1b][0x2][0x1d][0x17][0xd6][0xb4][0x90]/[0xff][0xb7]G^[0xd9][0x9f][0xb7][0x9b]q,[0xff]y[0xf3]'S[0x9b][0xe3][0x1a][0x1e][0xd9]6[0xd1]Z&[0xca]|[0x5][0xed]nc[0x9c][0xc7]k[0x18][0x4][0xd7][0xdd][0xb][0xb0][0xdb][0xed][0xe0][0x5][0x6]e[0x81][0x89][0xa1][\n]"
19:47:53.666 [main] DEBUG org.apache.http.wire -  << "[0x19]S[0x9e]3[0xc9][0xb]8[0x9d][0xc][0xda]][0x1c]5[0x9c][0x86]_[0x1e][0xbd]3[0xf8][0xcf][0xbf][0xfe][0x8d][0x16][0xa0]U[0xe8]F'[0x83]H{[0xd9][0xe7][0x89]?4[0x10][0xb7][0xfb]V[0xe1][0xda][0xee][0xc2]8[0x1c][0x4][0x10][0xdd][0xde][0xf8]s[0xb8][0x9d],[0xe6][0xde][0xfd]x[0xe8]C[0xcb][0xe9]uap;[0xbf][0xf3][0x87]p[0xed]M[0xc7][0xe1]5Lg[0xe1]x1[0x9b][0xeb][0x98][0x90] )[0xe8]t[0x94][0xcb][0xd7][0x4][0x9e][0xc0][0x8f]?[0xed][0xf5][0xdf][0xcf][0xb7]^[0xb8][0xb8][0x9d][0xc2]p[0xb6][0x80]S\[0xca][0x19],[0xfc]A[0x10][0xce]&[0xb3][0xeb][0x7][0xb][0x82][0xe1][0x1c][0x84][0xf6][0x1c][0x15][0x81]0[0x92][0xf0]b[0xf]1I[0xd9]S[0x5][0xb9][0xab][0x14] @[0xc8]2[0xcf]Y[0xbe]J[0xf7]PP[0x92]2!Y[0xac][0xa1]K[0x1c]#>[0xaf]9G-[0x13]Tr[0x4][0x1e][0xe3]#[0x4][0xe3][0xeb][0x0][0xe6][0xfe]h[0xee]G[0x1][0xcc][0xbd][0x85][0xaf][0x6][0xd9][0x99][0xd0][0xee][0xaf]r[0xf2][0x1f][0x1c][0x1f][0xb1][0x1d]z"[0xc5][0x90][0x96][0xe3][0xec][0x19]W[0xeb]yJ[0xcb][0xc2][0x82][0x15]b(Urk\[0x97][0x94]1R[0x8c][0xdb]RBJV[0x1f][0xe0]d[0x8f][0xb2][0xed]0>X[0xbd][0xcb][0xc9][0x9c]c[0xa5][0xd8]6[0x9c][0xcc]`[\n]"
19:47:53.666 [main] DEBUG org.apache.http.wire -  << "[0xfb][0xe3][0x87][0x89]7[0x98][0xf8][0x91][0x1f][0x1e][0xa8][0xc2]V[0x83][0xe5][\r][0x1b][0xa2][0x9c][0xef][0x9e]8&[0x17]M[0xeb][0x83][0xa6][0xe3]a[0xc0][0x89]4[0xea][0x2][0xf7][0xf2][\r][0xc7][0x9][0xb9][0xa4]=[0x84]&[0x9f]*r[0x9f][0x9][0xb8][0x8d]@H[0x92]'8#2[0xaf]VM[0xe0][0xc6]k[0x8e][0x85][0xb9]bc[0x89][0xd0][0x19][0xaa]T[0xbc][0xb2][0xd2][0x7][0xa6][0xc8][0x10]2[0x92][0xf6][0xc0][0xbe][0xb8]8[0x81][0x1b][0x9e][0xee])B[0xa5][0xbf][0xc3][0x90]J[0x12]k[\r]h[0xc2]rZ[0xc0]H[0xe9]C=[0xb8]G[0x6]~[0x94]R[0x8a][0x8][0xc9][0x18]5*s[0x85]!H[0xaa]_[0xe8]A[0xb4]a9[0x8c]0[0x1]&[0xe9][0xde][0x82][0x9][0xc6]"[0xd4][0x9c][0xb4][0xdf][0xe1]<[0xcd][0x8][0x17][0xad]p[0xb])[0xaa][0xef]|[0xad]4[0xaa][\r][0xa5][[0xa5][0x5]([0xca][0x9f][0xa9][0xa0][0x96][0xe0][0xaa][0xb1][0xd6]l[0xc2]#[0xdb]n)[0x96]47\[0x9d]B[0xf][0x9c][0xe3][0xb3][0x0]g[0xad]~[0xb0][0xcc][0x1f][0xaa]g[0xa0][0xa8]X*$[0x9c][0xd2][0x9c][0x97][0x8],[0xb9][0xfe]`L[\n]"
19:47:53.666 [main] DEBUG org.apache.http.wire -  << "[0xac][\n]"
19:47:53.666 [main] DEBUG org.apache.http.wire -  << "[\n]"
19:47:53.666 [main] DEBUG org.apache.http.wire -  << "[0xd8][0xd0][0xbd]8S[0x1e][0xb][0x1]K[0x12][0x9a]W[0xef][0xc2]8[0xc7][[0xd6]|[0xf3][jc[0xaf][0x87][0xd7][0xdb](@[0xb1][0xd6][0x2][0x4][0x8d][0xcb][0x2]cl[0x99][0x91]\A+M[0x7][0xf6][0xc0]K[0xbe][0x96]B[0x1e]d7[0xe3]l[0x3][0xd4]I[0xf0][0x99]1$.[0x97]K[\r][0xd7][0xe8]7d[0xb9][0x10][0xae][0xed]X[0x9e]T[0x1a]+[0x8a];[0x98][0xaf][0xc8]+[0xf9]n[0xc9]d[0x13]Zx[0x9a][0xb6]9[0xbf]^[0xc1][0x1][0xf9])[0xbe]+[0xe6][0xf9]7[0x9a]W[0xe8][0x5][0xed][0x10][0x93][0x1c][0x4][0xdd][0x12]u[0xed][0xa5][0x92][0x1b][0x88][0xac]jA4[0x1c][0x11][0x90]S[0x9a][0xd0]D[0xf1][0xc1][0xca][0xbd][0x98][0x4][0xc9]WT[l,[0xd1]S_[0x81][0xde][0xa3]0!([0x11]U[0xad][0xbf][0xa6][0xa9]6<I[0xc8]V[0xaa][0x12][0xe0]0[0xc][0x5]&[0xa4]B__[0xf6][0x1d][0xff]k[0xd2][0x80]k?[0xb8][0xe1][0xb8]1v[0xbf][0xbe]C[0xb6]q[0xc]V[0xd9]i[0xb9][0xc7][0x1b]o[0xd0][0xca][0x13][0x14][0xc1]p[0xf][0x13][0xae]p[0xa6]^[0xd6][0x9c]f[0xfc][0xdb][0xc1][0x8e]4[0x81][0x11])[0x9f]a[0xa2]=[0x19][0xa6]\r[0xe8][0xb3][\r]-~[0x90][0xf8][0x9c][0xb7]Tv}Qg[0x93][0x87][0xdb][0xb9][0xbf][0x8][0xbc][0xd0]?[0x15]k[0x9a][0xa6]gp[0xf8][0xc1][0x8f][0x16][0xfe][0xfc]4e[0x18][0xb8][0xcf][0xa0][0xe3][0x1a]O[0xc1]qO`0[,f![0x9c]F[0xf7][0xbe][0xb7][0xf0][0xe7]g[0x96]^PZ-([0xab]b[0x82][0xb2][0x90][0x96]V[\r][0x15][0x18][0xce][0xc1][0x81]m}[0x8d][0x96][0xb0],8[0xb2][0xa1]Nc[0xc4][0x8b][0xc6],?[0xec]1[0xa1]9[0xcb][0xaa][0xd7][0x97][0xe6][0xf4][0xf5][0xfd][0xee]k9V[0xb]Fx!w"
19:47:53.666 [main] DEBUG org.apache.http.wire -  << "[0x84][0x9][0x9c]~[0xa8][0x9f]hYY[0xe1][\n]"
19:47:53.666 [main] DEBUG org.apache.http.wire -  << "[0xa9][0x12][0x9b][0xb0] [0xc0]*[0xf1][0xde][0x8b][0x2][0x98][0x85][0x93][0x7][0x1c];[0x83]p[0xb6][0x80][0xfe][0xc4][0xf7][0x6][0x1][0x9c][0xc3]d[0x1c][0xfa]0[0x9c][0x1b]?[0x8d][0xe7][0xb3][0xf0]c[0xbc][0xe5][0xca][0xfe][0x12]\[0xd0][0xab]%][0xbe]KH:[0x82][0x90][0x96][0x99][0x1f][0xc][0xca]{[0x8e]ZP[0x1d][0xff]qQ[0x8a]sC[0xf1][0x1d][0x9d]![0x92][0x5][0xdb][0xd2][0x4][0x6][0x95][0xa6][\n]"
19:47:53.666 [main] DEBUG org.apache.http.wire -  << "8<~[0x9d][0x1f]Zo[0x1][0x8b]C[0x9c]]K[0xcd][0x8f]hy[0x1d][0xa7][0x83][0xa3][0xcc][0x8e][0xf7][0xb3][0xd1]hL[0x8e]=[0x3]U[0xc9][0xa1][0xcc]g[0x1]9F[0x9a][0xa4] ;![0x91][0xb2][0xad]l[0xa4][0x81]l[0xb3]6!z[0xc7][0x8b][\n]"
19:47:53.666 [main] DEBUG org.apache.http.wire -  << "[0x87][0xda][0x1b][0xf0]dEYP([0xaa][0x15][[0xb0],[0xd3][0x14]uz[0xdc][0x92]P[0x81]^[0xc7])Lc[0xf5][0xbe]`M[0x4]8[0x1a][0xc3][0xd4][0xe][0xa6][0xb8][0x0]Xa[0xf8]S)LrXc[0x1a][0xc0][0x8a]}[0xc3]rM[0xe0][0xe8][0xc0]ja[0xb4][0x89][0xb1][0x9c][0xd7][0xea][0xd6][0x9a]m[0x85]F[\n]"
19:47:53.666 [main] DEBUG org.apache.http.wire -  << "[0xea]?[0x9c][0x82][0x9]X[0xd1][0x9c][0x16][0xbc]D[0xfe]IB[0xc2][0xa9][0xc8][0x91][0x8a][0x3]H80[0xd9][0xf4]$[0xc6]D<u-[0xba][0xeb][0x95][0xaa][0xf0][0xab]N[0xc7][0x88][0xbf][0xc3][0xc3][0xa9][0x8]XaY[0xc9]$[0x10][0x85][0x92][0xb4][0xd7]c[0xfd][0xcf]7[0xcd][0x8f][0xf1][0xbd][0x8e][0x1d]<[0xa5]^ [0xdc]g[0xd3][0xf7][0x1a][0xce]O[0x9][0xcb]cQv[0xd9]1*cC[0x2][0x98][0xf6]?[0x1d]"[0x94][0x96][0xc3][0xa2]5[0xde][0xef]H;C[0x1f]-[0x12]b[0xff][0xc6][0x9d][0x9]e[0x9b]W?[0x4][0xa4][0xae]{[0x2]s[0xef]a[0x16][0x82]{[0x2][0xd1][0x8d][0x17][0xe][0xfd]/[0x96][0xa6][0xf6]Y[0xe][0xb7][0x91][0x87]^7[0xce]t[0xa9]b[0xc1][0x90]C[0xc8]%[0xf4]SJ[0xe2][0xb5][0x81][\n]"
19:47:53.666 [main] DEBUG org.apache.http.wire -  << "[0xd6][0x87][0x16][0x14]u[0xd2][0xba][0x93]A[0xc8][0x82][0xca]x[0xad][0xfb]Ct[0x0][0xb2]`[0xce][0x9e][0x9e]45[0xa7][0x1d]W[0xa7][0xdd]C[0xe3][0xc7]y-=[0x1c]#[0x8]BH4([0xb6][0xe]d[0x1f]e[0x91][0x97][0xd6]f;[0xf5][0x1e][0xc4];[0xa2][0x81])[0xf9][0xdb][0x86][0xac]l[0x1b][0xc2][0xc2]l[0x9b][0x93][0xa3]ALSL9[0x13]X[0xec][0x1f][0xcd][0xd0][0xf9]i^[0xa8][0x1][0x1c][0x1a][0x0][0xf7]NQ!^[:9h[0xaa][0x91][0xc5][0xb0][0xad][0x87]ir3[0xe5][0xd8][0xed]U[0xbf]p[0x8f]$[0xdc][0xdf][0xb0]S[0x9][0xa2]uQ[0xe6][0xba][0x8d][0x8b][0xc0][0xb5][0xb2][0xc8][0x88][0xc9]WF[0xb3][0xa0][0xe0]<[0xd3][0x1d]=HW[0xa4]{[0xb3]}H[0x99]2[0xab][0xd6][0xf];[0xa6])[0xa7][0xda][0xce]k[0x16][0xaf]U[0xba][0x17][0x7][0xfc]u[0x18]KvdoA[0x84][0x9d]I[0xa6][0x8b][0x8c][0xc][0x17]1[0x81][0xcd]]C[0xf5][0x1a][0xc5][0x1a]I[0xea][0xf6]"d[0xcf]2[0xc]J[0xb8][0xe4][0x8a]F[0x14][0xea]9[0xa5][0x1b][0xab]R[0xf5]h[0x86]y[0x12][0x11]r[0xba][0xe6]%[0x95][0x92]V@+QQ@}[0xe1][0xa3][0xd0][0x6]][0xb9]ny[0x9f]%[0xef]j[0x12]q[0x8d][0xfa][0xe2][0xf2][0xd8]VfH[0xe]C/[0xbc][0x9b][0xdd]>h[0xa7][0x11][0xb0][0x0][0xd5]IV[0xf7][0x8d]T[0x11]Ly[0x92]A^9od[0x8c][0xae]{[0xa2]G[[0xee]I[0x84]L[0x16]}[0xb6]`D[0x9][0x1a]B[0xf4][0xaa][0x9][0xad]WNi[0xc1][0x4][0xcf][0xaa]P*[0xad][0xb4][0xee][0x1a][0x18]*[0xac]Q[0xd5][0xbb][0xb5][0xa0][0x98][0xad]1[0xb8]W[0xa6]F[0xe0][0x87][0xa6]T^B[0xf0][0x9f][0x8c][0xd6][0x97][0xbb]i[0xc1][0xac]j9[0xaa][0xbf]u>[.YL[0xcf][0xfb][0x18]#[0xce]#,b[0xd2][0xf3][0x80]g[0xf4]<[0x92][0x5][0xa5][0xd8]/[0xa8][0xf0]b[0xaf]jj[0xb2][0xa2][0x12]-m[0xe9][0xde]&K[0x17]S[0x1f][0x14]z/[0xed]m[0xe0][0xf9][0x9f][0xda][0xe1][0xf4][0x1d]fk[0x19] [0xd1]n[0xbb][0xbf][0xfd][0xf6][0x8f][0xdf][0x1][0x0][0x0][0xff][0xff]"
19:47:53.666 [main] DEBUG org.apache.http.wire -  << "[\r][\n]"
19:47:53.666 [main] DEBUG org.apache.http.wire -  << "a[\r][\n]"
19:47:53.666 [main] DEBUG org.apache.http.wire -  << "[0x3][0x0]L[0xf][0xa7][0xc9]|)[0x0][0x0]"
19:47:53.666 [main] DEBUG org.apache.http.wire -  << "[\r][\n]"
19:47:53.666 [main] DEBUG org.apache.http.wire -  << "0[\r][\n]"
19:47:53.666 [main] DEBUG org.apache.http.wire -  << "[\r][\n]"
19:47:53.666 [main] DEBUG io.restassured.internal.RestAssuredHttpBuilder - Parsed data to instance of: class org.apache.http.conn.EofSensorInputStream
19:47:53.667 [main] DEBUG org.apache.http.impl.conn.BasicClientConnectionManager - Releasing connection org.apache.http.impl.conn.ManagedClientConnectionImpl@71f4aeb6
19:47:53.667 [main] DEBUG org.apache.http.impl.conn.BasicClientConnectionManager - Connection can be kept alive indefinitely
  &amp#27;[32mGiven &amp#27;[0m&amp#27;[32mI set GET product endpoint with limit &amp#27;[0m&amp#27;[32m&amp#27;[1m50&amp#27;[0m         &amp#27;[90m# starter.stepdefinitions.UserSteps.setWithLimit(java.lang.Integer)&amp#27;[0m
  &amp#27;[32mWhen &amp#27;[0m&amp#27;[32mthe response status code should be &amp#27;[0m&amp#27;[32m&amp#27;[1m200&amp#27;[0m            &amp#27;[90m# starter.stepdefinitions.UserSteps.responseCode(java.lang.Integer)&amp#27;[0m
  &amp#27;[32mThen &amp#27;[0m&amp#27;[32mthe response should contain a list of &amp#27;[0m&amp#27;[32m&amp#27;[1m20&amp#27;[0m&amp#27;[32m products&amp#27;[0m &amp#27;[90m# starter.stepdefinitions.UserSteps.checkProductList(int)&amp#27;[0m
19:47:53.685 [main] INFO  - 
  _____   ___   ___   _____     ___     _     ___   ___   ___   ___  
 |_   _| | __| / __| |_   _|   | _ \   /_\   / __| / __| | __| |   \ 
   | |   | _|  \__ \   | |     |  _/  / _ \  \__ \ \__ \ | _|  | |) |
   |_|   |___| |___/   |_|     |_|   /_/ \_\ |___/ |___/ |___| |___/ 

Get product with limit 50
----------------------------------------------------------------------
]]></system-out>
  </testcase>
  <testcase name="Get sorted product list" classname="RestFull API Test" time="0.48">
    <system-out><![CDATA[
Scenario: Get sorted product list                        &amp#27;[90m# src/test/resources/api/user.feature:44&amp#27;[0m
19:47:53.691 [main] INFO io.cucumber.core.plugin.SerenityReporter - Running feature from file:///D:/KULIAH/kmrdeka/Weekly2/src/test/resources/api/user.feature
19:47:53.691 [main] WARN io.cucumber.core.plugin.SerenityReporter - Feature from file:///D:/KULIAH/kmrdeka/Weekly2/src/test/resources/api/user.feature is not under the 'features' directory. Requirements report will not be correctly generated!
19:47:53.693 [main] INFO  - 
  _____   ___   ___   _____     ___   _____     _     ___   _____   ___   ___  
 |_   _| | __| / __| |_   _|   / __| |_   _|   /_\   | _ \ |_   _| | __| |   \ 
   | |   | _|  \__ \   | |     \__ \   | |    / _ \  |   /   | |   | _|  | |) |
   |_|   |___| |___/   |_|     |___/   |_|   /_/ \_\ |_|_\   |_|   |___| |___/ 

Get sorted product list(restfull-api-test;get-sorted-product-list)
--------------------------------------------------------------------------------
19:47:53.712 [main] DEBUG org.apache.http.impl.conn.BasicClientConnectionManager - Get connection for route {s}->https://fakestoreapi.com:443
19:47:53.712 [main] DEBUG org.apache.http.impl.conn.DefaultClientConnectionOperator - Connecting to fakestoreapi.com:443
19:47:53.795 [main] DEBUG org.apache.http.client.protocol.RequestAddCookies - CookieSpec selected: ignoreCookies
19:47:53.795 [main] DEBUG org.apache.http.client.protocol.RequestAuthCache - Auth cache not set in the context
19:47:53.795 [main] DEBUG org.apache.http.client.protocol.RequestTargetAuthentication - Target auth state: UNCHALLENGED
19:47:53.795 [main] DEBUG org.apache.http.client.protocol.RequestProxyAuthentication - Proxy auth state: UNCHALLENGED
19:47:53.795 [main] DEBUG org.apache.http.impl.client.DefaultHttpClient - Attempt 1 to execute request
19:47:53.795 [main] DEBUG org.apache.http.impl.conn.DefaultClientConnection - Sending request: GET /products?sort=desc HTTP/1.1
19:47:53.795 [main] DEBUG org.apache.http.wire -  >> "GET /products?sort=desc HTTP/1.1[\r][\n]"
19:47:53.795 [main] DEBUG org.apache.http.wire -  >> "Accept: */*[\r][\n]"
19:47:53.795 [main] DEBUG org.apache.http.wire -  >> "Host: fakestoreapi.com[\r][\n]"
19:47:53.795 [main] DEBUG org.apache.http.wire -  >> "Connection: Keep-Alive[\r][\n]"
19:47:53.795 [main] DEBUG org.apache.http.wire -  >> "User-Agent: Apache-HttpClient/4.5.13 (Java/19.0.2)[\r][\n]"
19:47:53.795 [main] DEBUG org.apache.http.wire -  >> "Accept-Encoding: gzip,deflate[\r][\n]"
19:47:53.795 [main] DEBUG org.apache.http.wire -  >> "[\r][\n]"
19:47:53.795 [main] DEBUG org.apache.http.headers - >> GET /products?sort=desc HTTP/1.1
19:47:53.795 [main] DEBUG org.apache.http.headers - >> Accept: */*
19:47:53.795 [main] DEBUG org.apache.http.headers - >> Host: fakestoreapi.com
19:47:53.795 [main] DEBUG org.apache.http.headers - >> Connection: Keep-Alive
19:47:53.795 [main] DEBUG org.apache.http.headers - >> User-Agent: Apache-HttpClient/4.5.13 (Java/19.0.2)
19:47:53.795 [main] DEBUG org.apache.http.headers - >> Accept-Encoding: gzip,deflate
19:47:54.153 [main] DEBUG org.apache.http.wire -  << "HTTP/1.1 200 OK[\r][\n]"
19:47:54.154 [main] DEBUG org.apache.http.wire -  << "Date: Mon, 17 Apr 2023 12:47:53 GMT[\r][\n]"
19:47:54.154 [main] DEBUG org.apache.http.wire -  << "Content-Type: application/json; charset=utf-8[\r][\n]"
19:47:54.154 [main] DEBUG org.apache.http.wire -  << "Transfer-Encoding: chunked[\r][\n]"
19:47:54.154 [main] DEBUG org.apache.http.wire -  << "Connection: keep-alive[\r][\n]"
19:47:54.154 [main] DEBUG org.apache.http.wire -  << "Access-Control-Allow-Origin: *[\r][\n]"
19:47:54.154 [main] DEBUG org.apache.http.wire -  << "Etag: W/"297c-kgtAqsPV+9MMR0dzy4sqhhSyR9Q"[\r][\n]"
19:47:54.154 [main] DEBUG org.apache.http.wire -  << "X-Powered-By: Express[\r][\n]"
19:47:54.154 [main] DEBUG org.apache.http.wire -  << "CF-Cache-Status: DYNAMIC[\r][\n]"
19:47:54.154 [main] DEBUG org.apache.http.wire -  << "Report-To: {"endpoints":[{"url":"https:\/\/a.nel.cloudflare.com\/report\/v3?s=WYs2RGl%2BHfIAJYVPuSqNBKuc%2BD4K1CryOH6fCrpqT2X9AmI4K8FqCyZXIQctcjWKOwa5I0VdCTTlR6dcfG%2FUaXXYJv%2BCVZA95MfuBaXPHv4ZwUyS2aLET6KHviHtpk0%2BSj8c"}],"group":"cf-nel","max_age":604800}[\r][\n]"
19:47:54.154 [main] DEBUG org.apache.http.wire -  << "NEL: {"success_fraction":0,"report_to":"cf-nel","max_age":604800}[\r][\n]"
19:47:54.154 [main] DEBUG org.apache.http.wire -  << "Server: cloudflare[\r][\n]"
19:47:54.154 [main] DEBUG org.apache.http.wire -  << "CF-RAY: 7b94c7749f8f40b9-SIN[\r][\n]"
19:47:54.154 [main] DEBUG org.apache.http.wire -  << "Content-Encoding: gzip[\r][\n]"
19:47:54.154 [main] DEBUG org.apache.http.wire -  << "alt-svc: h3=":443"; ma=86400, h3-29=":443"; ma=86400[\r][\n]"
19:47:54.154 [main] DEBUG org.apache.http.wire -  << "[\r][\n]"
19:47:54.154 [main] DEBUG org.apache.http.impl.conn.DefaultClientConnection - Receiving response: HTTP/1.1 200 OK
19:47:54.154 [main] DEBUG org.apache.http.headers - << HTTP/1.1 200 OK
19:47:54.154 [main] DEBUG org.apache.http.headers - << Date: Mon, 17 Apr 2023 12:47:53 GMT
19:47:54.154 [main] DEBUG org.apache.http.headers - << Content-Type: application/json; charset=utf-8
19:47:54.154 [main] DEBUG org.apache.http.headers - << Transfer-Encoding: chunked
19:47:54.154 [main] DEBUG org.apache.http.headers - << Connection: keep-alive
19:47:54.154 [main] DEBUG org.apache.http.headers - << Access-Control-Allow-Origin: *
19:47:54.154 [main] DEBUG org.apache.http.headers - << Etag: W/"297c-kgtAqsPV+9MMR0dzy4sqhhSyR9Q"
19:47:54.154 [main] DEBUG org.apache.http.headers - << X-Powered-By: Express
19:47:54.154 [main] DEBUG org.apache.http.headers - << CF-Cache-Status: DYNAMIC
19:47:54.154 [main] DEBUG org.apache.http.headers - << Report-To: {"endpoints":[{"url":"https:\/\/a.nel.cloudflare.com\/report\/v3?s=WYs2RGl%2BHfIAJYVPuSqNBKuc%2BD4K1CryOH6fCrpqT2X9AmI4K8FqCyZXIQctcjWKOwa5I0VdCTTlR6dcfG%2FUaXXYJv%2BCVZA95MfuBaXPHv4ZwUyS2aLET6KHviHtpk0%2BSj8c"}],"group":"cf-nel","max_age":604800}
19:47:54.154 [main] DEBUG org.apache.http.headers - << NEL: {"success_fraction":0,"report_to":"cf-nel","max_age":604800}
19:47:54.154 [main] DEBUG org.apache.http.headers - << Server: cloudflare
19:47:54.154 [main] DEBUG org.apache.http.headers - << CF-RAY: 7b94c7749f8f40b9-SIN
19:47:54.154 [main] DEBUG org.apache.http.headers - << Content-Encoding: gzip
19:47:54.154 [main] DEBUG org.apache.http.headers - << alt-svc: h3=":443"; ma=86400, h3-29=":443"; ma=86400
19:47:54.154 [main] DEBUG org.apache.http.impl.client.DefaultHttpClient - Connection can be kept alive indefinitely
19:47:54.154 [main] DEBUG io.restassured.internal.RestAssuredHttpBuilder - Parsing response as: application/json; charset=utf-8
19:47:54.154 [main] DEBUG org.apache.http.wire -  << "1153[\r][\n]"
19:47:54.154 [main] DEBUG org.apache.http.wire -  << "[0x1f][0x8b][0x8][0x0][0x0][0x0][0x0][0x0][0x0][0x3][0xac]Z[0xdd]r[0xdb][0xb8][0x92]~[0x95].W[0xcd]LR[0x87][0xa2][0xf5][0xeb][0xbf][0xb9][0x92]%[0xd9]R[0x8e]$;[0xa2][0x1c][0xc7][0xd9][0xda]JAdKD[0x4][0x2][0x1c][0x0][0xb4]"[0x9f][0x99][0xaa]y[0x87][0xbd][0xda][0x8b]}[0xb9][0xf3]$[[\r]P[0x16][0xed]xf3;[0xbe][0xb1],[0x11][0xc4]O[0xf7][0xd7][0xdd]_w[0xe3]?[0xfe]u[0xc0][0x93][0x83][0xb3]f=8[0xb0][0xdc][\n]"
19:47:54.154 [main] DEBUG org.apache.http.wire -  << "<8;[0xe8]w[0xa7][0x1f][0xae]n[0xee][0xe0]Ve([\r][0xcc]!J[0xb9][0xb6][0xd0]c[0xa6]`[0x2]z[0xca]Z%!J[0x95][0xb6][0x7][0xc1]A[0xae]y[0x8c][0x7]g[0x8d]fxz[0x1a][0x1c]$hb[0xcd]s[0xcb][0x95]<8;8[0xed][0xfc][0xe0]G[0x7][0x9d][0x1f][0xa2][0x9c][0xc9][0x4][0xbf][0x6]p[0x81][0xcc][0x16][0x1a][0xcd]Y9a[0xe0][0xa7][0x82]H [0xde]c[0x0]c[0xb4][0x16]5\k.m[0xf0][0xa1]6[0xc5]x[0x1d]\0[0x93]r%a[0x8e]h[0x2][0x98][0xa7][0x8]K[0xb6][0xd0]<[0x6]n[0xc0][0xa8][0xa5][0x5]&[0x13]H[0x19]}[0xc9][0x10][0x8c][0xd5]h[0xe3]4[0xc][0xe0]*[0x8e][0x99][0xe1]J[0xee][0xd6]:[0xbc]Z.y[0x8c][0x87][0xe7][0xc8][0xe2][0xf4]0[0x8a]S[0xa5][0xc4][0xe1]Pex[0x18]Y[0x8d]hC[0x88][0x90][0x19][0x1a][0x1f][0xe5][0x9a][0xcb]U[0x10][0x15]Y[0x86]:[0xe8][0x16][0xb6][0xc8]dp[0xcb][0xa5]E[0x1d][0x1e][0x4][0x7]1[0xb3][0xb8]Rz{pv[0xb0]!)[0xfd]d [0x16][0xca][0xa6]\[0xae][0xe][0x82][0x3][0x9e][0xb1][0x15][0x9]2[0xb5]67g[0x87][0x87]K[0xb6]Fc[0x95]F[0x96][0xf3]0V[0xd9]![0xcf]V[0x87]G[0x8d]|[0xd8][0x1d][0xbc]kO'[0xe3][0xf0]s[0xb7][0xf7][0xf9][0xe6][0xe3][0xd1][0xf1][0xe9][0xe7][0xf0]KN3hfi[0xaa][0xb3][0xd1]xp[0xd6][\n]"
19:47:54.154 [main] DEBUG org.apache.http.wire -  << "[0x8f][0x82][0x83]X[0x15][0xd2][0x1e][0x9c]5[0xda][0x9d][0xdf]~[0xb][0xbc][0xda][0x1a][0xa7]{[0xb5]][0xe5][0x92]y[0x9d][0xfd]d[0x9e][0xc8][0x14]&[0x8a][0x1b][0x92][0xf9]^][0xc7][0xe1]i[0xe7][0xb9][0xb6][0x1a][0xf5][0xfa][0xf]p[0xad][0xc4][0x16][0x8d]E[0x1d][0xc0][0x84][0xc5])[0x97][0x8][0x1b]f[0xd2][0x0][0xdc][0xd3][0x98][0xd1]X[0x1e]C[0xbe][0x1b][0x6]N$B[0xc5][0xeb][0xfd][0xb][0xb7][0xcc][0xa4][0xf0]#\k[0x84]([0xd5][0x85]\[0xc3]Ri`p[0xa9][0x91]Y[0xb8][0xe0]6[0x80]1_[0xa5]v[0x83][0xf4]7[0x0][0xad]T[0xb6][0xf5]*[0xe4][0xab]TlaA[0x3]S[0xb6][0x10][0x8][0x1b]nS[0xc8][0xca][0xfd][0xc3][0x86][0xc7]k.W;[0xed]oR[0x1e][0xa7][0x90][0xa2][0xc8][\r]X[0x5]k[0xc4]|?[0x96]m[0xd8]6[0x80][0x88][0xd0]QY[\r].[0xca]Wi[0xde]XeK[0xa5][0xad][[0xe8]CMb[0xbc][0x86]X[0x9][0xc1][0xb4][0xdb][0xc][0x3]#8[0xa9][0x1f][0x96][0xb4][0xe5][0x4][0x5][0xbf]Gm[0xdc][0xef][0x88][0xeb][0x0]2[0xa5][0x11][0x96][0x98]qI[0xa7]6\[0xa4][0xaa] [0xf0][0xba][0xb7][0xbb]I[0x82][0x9][0xf4][0xfc][\n]"
19:47:54.154 [main] DEBUG org.apache.http.wire -  << "[0xaf][0x83][0x98]N[0x3]W[0x9d]Nq[0x9b]%[0xdf][0x81][0x98]v[0xd8]"
19:47:54.154 [main] DEBUG org.apache.http.wire -  << "[0xa9] [0xe6]h[0x8f][0x98][0x93]=b&[0xe7][0xef][0xf6][0x80]Q[0x82]'Oas[0xae][0x98][0x5][0xb2]?[0xf8][0x0]{[0xe8][0x9c][0x86]'[0x9d][0x17][0xc][0x1d]f[0xdd][0xbb][0xab])t~[0x80][0xe8][0xba];[0xed][0xf]>[0x12][0x1e][0x12][0x4].[0xe1]&[0xea][0x82][0xd2]0[0xca]r[0xa5]-&[0x1][0xf4][0x15]L[0x95][0x85]sAf[0xf8][0x4][0xc][0x8f][0x9a]%[0xf5][0xac][0x1c]^Jkv[0x18]*[0x15][0x16][0xc0][0x8c]/[0x16][0x98][0x80][0x92]N[0x17][0xf7]h[0x9c][0xcc]I[0x83][0x82]tq[0x8]}U[0x90]V[0x8d][0xe5][0x96]@[0xb9][0xa2][0xa1][0xb][0xf2]E[0x19][0xa4][0x98][0xbd][0x8e]>[0x8e][0x1b][0xf][0xad]u>[0xe9][0xde][0x99]R[0x1f]w'[0xa6][0x8f][0xe3][0xbd]>Z[0xf5][0xbd]>[0x8e][0xf7][0xfa][0x98]1.[0xe1][0x1d][0x8b][0xd7]h[0xbd]^[0xe0][0x96][0xcb][0x84][0xac]a[0x8d][0x1a]"[0xab]yN[0x98][0x12]<[[0xd0][0x91]hx[0xac][0x98]5{[0xe5][0xb4]N_p[0xc3]U[0xf9][0xe6][0xa8][0x97]h[0x9d]0i:[0xd2]K[0xec][0xfd][0xfa][0x6][0x99][0xae][0xd5]jc%W[0xa5]P[0xbd][0x16]R[0xa5][0x12]R[0x1a]K[0xbe][0x14][0xc6][0xdb]J[0xa2][0xd9][0xc6]Xr[0x90][0xb0]a[0xdc]XH[0xd0][0xf0][0x95][0xc][0xe1][0xbc]p[0xb1][0x81]t[0xf1][0xc0][0xf3][0x9c]LG+iI[0xb2][0x86]lR[0x97];[0xe]`Y[0x8][0xb1]%[0xdd][0xf2][0x1c][\r][0x8c][0xb9][0xc4][0xc4][0xbd]F[0xbe]}w.[0xe7][0xd1][0x9b]`x[0x82][0x90]+[0x92][0x8a][0x1]F[0x96][\r]+[0xa5][0x12]0[0xfc][0x1][0xc9][0xec]S%[0x12]`B[0xc0][0x9a][0xcb][0xc4][0x80]Z[0x82][0xd3][0xa2][0x9][0x80][[0x88][0x95][0xb3]Y[0x9b]"[0xa4]<7[0x81][[0xc4]}[0xa3])[0xb8][0x81][0x15]J[0xd4][0xaa]0[0xb0](,$[\n]"
19:47:54.154 [main] DEBUG org.apache.http.wire -  << "[0x8d][0xfc][0xc9][0x2][0xbd][0x94]([0xe0]6[0xec]Z[0xcb][0xe2][0xd4]Y[0xb2];[0x9a][0xdf][0xe9][0x90]^v[0xd2][0xe9][0xee][0xa5][0xd2][0x94][0x8a][0x81][0x15][0xbf]GZ[0x9e][0x81]F&[0xc0][0xd8][0xad][0xc0][0x4][0x84]R[0xeb][0xf0][0xb5][0xb0]7\[0x88][0xee][0xd0]t[0xbe]V[0xb1]Wk[0xfe]a[0xfc]8yD[0xdf][0xd1][0xf1][0xe9][0x1e]}G{[0xf4][0x8d]U[0xbc]v[0xe2][0x19][0xab]{|[0xf4][0xb]3[0xcc][0xd4][0xbd];[0xdf][0xd0][0x1][0x1].X[0xf1][0x15][0xc6][0xe4][0xa0]Q[0xc3]DY[0x5][0xe7][0x9c][0xe0][0xe9]q[0xbb][0x87]b[0xf3][0xf4][0xf]c[0xcc][0xd5][0xf8][0xee]f6[0x98][0xf][0xbb][0xd3][0xc1][0x1b][0x93][0xa2][0x10]o[0xe1][0xf1][0xc1] [0x9a][0xf]fo[0x4][0xf9][0xd4][0xd5][8[0xee]T~[0x85]f[0xe7][0x7][0xe8]][0xcd][0xe7]WSx[0x13][0xdd][0xe][0xba][0xf3][0xc1][0xec]m[0xe0]7$[0xca][\r]e[0xcc][0xa2][0xe6]L8[0x84];[0xb1][0xbb]#[0x95][0x8e][0x3][0xe][0xa1][0xf9][0x8]%[0xb5][0xf4][0xe8][0xc][0xa0]Y[0xbb]P[0xba]v%[0x1f][0xcf][0x98][0xa0][0xe4]Y[0xf9][0xfa][0xb2]:[0xfd][0x17]w[0xc8]`[0x7][0xf4][0x4]-[0xe3][0x82]|[0x8b][0xb7][0x83]C[0xe8][0xfb]_[0xf6]~[0x87]<[0x18]O[0x88][0xb6][0xc][0xbb][0xd3]>[0xdc]v[0xa3]!\M[0xc7]w4[0xf6][\n]"
19:47:54.155 [main] DEBUG org.apache.http.wire -  << "[0xa6]Ws8[0x1f][0xf][0xba][0xbd]![0x1c][0xc2]x4[0x1d]@Vy4[0x9a]]M_[0x7]/'[0x8d][0x8f][0xc3]:[0x9e],q[0xf9][0x1d][0xbe][0xaa][0x19][0x9e]>[0xa2][0xa5][0xd5][0xae][0xf8][0xaa][0xce][0x1e]-[0xe7][0xa3][0xbb]q[0xb7]7[0x1e]D[0x83][0xe9]#VZ5.k[\r][0x88][0xa4][0xda],[0x14][0xd3][0xc9][0xa3]/s$[0x1]zO}U[0xe7][0xe8][0x5]_5U[0x16][0xcf][0xc8][0x9][0xf8]W[\r][0x99][0xe8]M[0x4][0xc6]2[0x99][0xd0][0x8c]d[0xf4][0x1]\[0xb]d[0x6][0x81][0xf8][0x9b]A[0xef][0x8][0x98][0x81][0xad]*4[0x14][0x8f][0xce][0xc]&%[0x16][0xce][0xe0])[0xb5][0xf9][0xd9]i)[0xf6][0x4][0x83][0xc]Z[0x97][0xac][0xe0][0xc]n[0x99][0xce][0xe0]B [0xc6][0x18]VG][0x14]2[0xa6][0x1d]2[0xe1]_8[0x83]h[0xcd]%\h[0x8e]2[0x11][0xdb]J[0xc][0xf3]\[0x94][0xe6][0x9]#[0xda]4[0xf4]<[0xa3][0xf0][0xeb][0xec][0xf0][0xe3][0xa8][0xca]V[0x15][0xb0][0xa1][0x5][0xb9]$[0xde][0x91][0xd0][0xae][0x9]e!|r[0xce][0x13][0x13][0xb8][0xf6]X=[0x83][0xe6][0xfe][0xb7]![0xcd]Z>[0x8][0xaa][0xf][0xae]w[0xc0][0x96][0xd0]K[0xd1]Xx[0x83]R[0x15][0xab][0xf4][0x91][0x1b][0xc5]L[0x93][0x83][0xd4][0xb0][0xc6][0xad]yK[0xd3]4`[0xc8][0x93][0x4]e[0xf9].[0x8c]$[0x81]5|q-w[0xb0][0xa7][0xc3]w[0xc7][0xd0][0xa5][0xcb][0x5][0x83]q[0xa1]1[0x84]a[0x91]1[0xc9][0x1f]0[0x81][0xbe][0xb][\r]gUGI[0xf3]Td[0xeb][0x9c][0xa9][0xa7]L[0x8f]C[0xe2]b[0xb9][0xa4]m[0xe7][0x1a][0xef]QZ[0xe7][0xb1]7\[0xfa]q[0x1b][0xd2]k[0xe0]9e[0x95][0xc2]-[0xb9][\r][0xa1]E[0xd2]lT[0xe7][0xf7];[0x80]\[0xab]{[0x8a]$[0x8e][0xb5][0xc5]J[0xde][0xa3][0xe4](c[0xc][0x9c][0x1e]b&[0xc1]`[0xce][0xc8][0x0][0xdc]j.[0x0][0xd1]j\[0x92][0xe2][0x98][0x1][0x89][0xe8][0x2][0xa1][0xd2][0x1e]^[0xdc][0x82]U+[0xf4][0x1a][0x1b]Y[0x97][0x8b][0x14][0xbc][0xdc][0x8a][0xd2][0x90][0xf0][0xe5][0x12]5[0xed][0xde][0xb8][0xa4][0xc2]3\[0x14]^[0xf1],a9MP[0x19][0x16][0xb]N[0xee][0xcb][0xbc][0x16][[0xbc][0xeb]LG[0xb5]Q[0xe7][0xcb]w[0xb0][0xc5]f%[0xbf]h[0xb6]*[0xf9]E{o[0xf1][0x11][0xcb]L!W[0xd0]>[0xad][0x8d]d[0x9c]BoxyZ[0x87]F[0xbb]=|[0x80]^[0xa1][0xef]1[0x81]K[0x96][0x91][0xcf][0x9b]([0xc9][0xad][0xd2][0xf0]f[0xdc]k[0x9f][0xd2][0xa8][0xfe]d[0xfa][0xf1]S[0xf7]-[0xfc][0xfb][0xf7][0xff][0x82][0xa8] ^p#[0xac]f[0x1b][0xd2]G[0x14]kD[0x9][0xef][0xc7][0x83]~[0x95]e[0x9e][0xbe][0xc4]d[0xda][0xa7]0[0x9a][0xf6][0x86][0x10][0xdd]\[0xf]fp3[0x9e][0xcf][0xba][0xb7][0xa3][0xfe][0x0]Z[0xcd][0xb3]S[0xe8][0xdd][0xcc]>[0xc][0xfa]p[0xd9][0x9d][0x8c][0xa6][0x97]0[0xb9][0x9a][0x8e][0xe6]W3[0x1f][0xa5][0x13][0xf2][0x9][0xcd]c[0xe0][0xb4]o[0xe3][0x17]t[0xb4]b[0xb1][0xf5][0x9f][0xef]o[0xba][0xd3][0xf9][0xcd][0x4][0xfa]WsxC[y[0xb][0xf3]Ao8[0xbd][0x1a]_][0xde][0x5]0[0xec][0xcf][0xc0][0x14]9[0xf1]W[0xa7][0xc5]%[0x8b][0xad][0xd2][[0x88][0x99][0xe0][0xb][0xed][0x92][0xa2][0x1d][0xbe][0xc][0x18][H[0x8a]^b[0xeb][0x82]?7[0x96][0xc7]>[0xa1][0x88][0xe3][0xc2][0xe1]+VB[0xe9]2.I[0xab][0x99][0xb1]N[0x8c][0x9f]`8[0xba][0x1c][0xc2]lp1[0x1b]DC[0x98]u[0xe7][0x3]7[0xa8][0x91][0x19](H^[0xb0][0xa4][0xa1][0x1a]M[0xae][0xa4]A[0xb0]<C[0xd8]([0xbd]&[0x18][0xa1][0xe0][0x19][0x97]4{[0xa6][0xdc]~[0x16][0xa2][0xd0][0x1][0xac]ReH[0xd5][0x9e][0xf8]hL[0x8a][0x98]8y^X[0x10]l[0xf5][0x14]i(0[0xb6][0x9a][0xf2];"
19:47:54.155 [main] DEBUG org.apache.http.wire -  << "[0xf3][0xfd]a[0xe5][0x93]m7[0xb9][0xea][0xad]<[0xc8][0xa2]?[0x7]Y[0xb3][0x92][0x92]T[0xc2]Jk[0xf][0xb2]nLL[0xf7][0xbc][0xd9][0xac][0xbf][0x87][0x5][0x87]f#[0xec]8[0xad][0xa1][0x81][0x8b]B[0x8][0x18][0xf6][0xe1]M[0xe3][0xb4]Y[0x87][0xaf][0xd0][0xa8][0x9f][0xd4][0xdf][0xc2][0xe8]:[0xf2]`[0xaa][0xcd]S.+[0xd1][0xe5][[0xf4]4[0x1b]![0xfc][0x1f][0xb3][0x11]"K|[0xd0][0xc4][0x9]7[0xb9]`[[0xe8][0xca][0x4]f,A%a[0xa9][0x11]![0xda][0xca][0x18],[0xc6][0xa9]TB[0xad][0xb6]!L[0x15]y[0xa2][0x9c]Y[0xbe][0xe0][0x82][0xdb][0xad]s[0x0][0x1f][0x6]Q[0x17]&t^[0x98][0xe1]R[0xa3]Ia[0xc6],[0x9e][0xc1]qg[0xf8][0x0]5[0xb8]1d,[0xc3][0xfe]d[0x4][0xe]Y[0x9f]P[0xab][0xda]R[0xb3][0xc]KB[\r][0xbf]z[0xbd][0xd7][0xc8][0xf0][0xe1]Whg[0xe6][0x99][0xf6]u[0xdb][0xcc][0x99]D[0x1]][0x93]cl[0xc1][0xc1][0x11]j[0xd0]8:[0x83][0xd3][0x90][0xc2][0x8f][0xd2]dt>[0xf9]r[0xf]B8[0x86][0x8c][0xb]A0qX4![0x9c]k[0x8a]`[0x12][0x8d][0x81][0x1a]4;u[0x90][0xdc][0xc2][0x9c][0xb][0x2][0xfc]J [0xd4]:[0x90][0xe0][0x8a][0xe]o[0x15]4v_B[0x18]*[0xcd][0x1f][0x94][0xb4]L[0xc0]=[0xc7][0x8d][0xa3]<[0xf4]B[0xad]q|[0xf2]8[0xe8][0x3]j[0xcb][0xe3]?[0x19][0x2][0xc7][0x1d]HQ[0xdb][0x87]W@[0xe4][0xfb]|=[0x8a][0xed]/[0xd7][0xdf][0x85][0xc8]=[0xd1]iv*[0x88]l[0xee][0x11]y[0xdb][0x87][0xf6][0xfc]|[0xe7][0xda][0xfa][0x9a];r[0xac][0xd7][0xc6][0xbb][0x96]k[0xc1][0xb6][0xc6]z[0x17][0xd0][0x86][0xeb]],[0x1a]|[0xb5][0xa8][0x89].[0xc][0x89][0xb5][0xb8][0xb7]*[0xc5]2r[0xab]O[0xb1]9[0xf8]J[0xf5]1[0x1f]K[0xaf][0xa3]6[0xac][0xfc]r[0xf8]5G][0x86])Z[0x9][0x98][0xdc]nR[0xd4][0x8][0x17][0xe4][\n]"
19:47:54.155 [main] DEBUG org.apache.http.wire -  << "[0xe8][0x15]df[0x1b][0x80]A[[0xe4].q_[0xef][0xc0][0xe3][0xb3]7[0xbe]J!f9[0x8b][0xb9][0xdd][0x6][0xd0][0xaa]m)teL[0x16][0xe4][0xc3][\n]"
19:47:54.155 [main] DEBUG org.apache.http.wire -  << "[0x8d][0xfa]'[0x3][0xe4]:[0x8][0x1b][0x1b][0xa6]5[0x93]v[0xfb][0xb7][0x95]p[0xd4][0xc8][0xec][0xf8][0xa8][0xd3]o[0xc7][0xdf][0xa1][0x84]v%7i[0xd7]+JhTb[0xf][0x17]<V[0xc4];6[0xa8][0xa1][0xd9]9[0xba]<[0x87]([0xea]C[0xab][0xf]S[0xa2][0xd5][0xdd]N[0x7][0xa2]q[0xf]z[0x94][0xac][0xc1]5[0xea][0xa5][0xd2][0x19][0x93]1[0x15]1[0x94][0xb1][0x10]u[0xe7]][0x18][0x8d]F[0xd0][0xc];[0x15]=[0xd4][0xbf][0xf1][0x11][0xbb][0x9][0x97][0x82][0x8a]X.[0xdb][0xcc]s[0xc1]1q[0xa1][0xda][0x97][0x80][0xbc]P[0xad]f[0xd2],Q[0x83][0xc9][0x11][0x13][0x97](1[0xbd]v[0xca][0xfe][0xc8][0xa6][0xcc][0x2]J[0xcf][0xc][0x98]+[0x9b]-[0x94]"[0x85]9[0x82][0x91]Q[0xe8][0xa0]j[0xc6]=j[0xca]c[0xcd][0xd6]X[0xcc]\[0xaa]^[0x9e]"ty1K[0xee][0xe9]KR9[0xe9][0xfc][0xd1][0x7]Q[0x6][0xac]6[0xa6][0xfa][0x16]-R[0x82]D([0xb9]B[\r][0x82]/[0xd1][0xe4]L[0xc2]q[0x96][0xb9][0xea][0xd6][0xe]+O[0x88][0x8b]s[0xa7][0xb][0xa5][0xd6][0x9e][0xf2]y[0xef][0xea]FKe[0xd1]=[0x8]w[0x1e][0xc5][0xc0]|6[0x9a][0x90][0xf3][0xcb][0x98]L[0x2][0xb8]dz[0xc1]V[0xe8]X/:[0xca]\[0xf1][0x93][0x1][0xcc][0xba][0xa3][0xbe][0xf]E[0x83]^[0xf][0xde][0xc][0xb4]V[0x9a][0xc8][0xaa]/[0xeb][0xfd][0x8]=[0xa5][0xb5][0xed][0xad][0xa7][0x9e][0xb3][0x11]!S[0xb9][0xe5][0x99][0xa3][0x94][0xd5]#:[0xb][0x90][0xa9][0x97][0x8b]F[0xc1][0x99]w[0xc0][0xe1][0xdf][0xc6][0xf0]qc}[0xbb][0xcd]>[0xfd]#[0xfe][0xc7]_[0xc4]p[0xab]Q[0xc9][0xaf][0xeb]U[0xfe]$[0xfb][0xdc][0xac][0x1d]n[0xaf][0xc7]7[0x11]4[0xe6][0xe7]0[0x92][0xa5][0x9f][0xa0]_k{[0x9c][0x1e][0xc1][0xe5][0xe2][0xd0][0xfc])T[0x7][0xcc]l[0xa1][0xc8]W[0x9a][0xca]l[0xa4][0xb7][\n]"
19:47:54.155 [main] DEBUG org.apache.http.wire -  << "[0xb4][0xa0][0xc8][0x3]0ia[0x13][0xb5][0x91][0x81][0xc7][0xb0]/[0xde][0x82]P,)[0xc9]@[0x19]I[0xde]t[0x8d][0x8f]^[0xda][0xc3][0xbc][0xd3][0xae][0xd7]av=[0xf1][0xbb]i[0x86][0x9d][0xff][0xfe]?[0x90][0x92][0x1f]K[0xc8][0x8f][0xfd][0xc][0xe7][0xcc][0xf8][0xe2][^,[0x4]7T[0x1e][0xa1][0xd8][0xc3][0x97][0xe5][0x1a][0xa6]$[0xce][0xe5][0xd1][0x16]([0xe3][0x94][0x8c][0x83]tl[0xd1]X[0x3][0x85][0xb]}[0xd7][0xbd][0x9][0xd3]k[0xb8]g[0xd2][0x12]fL[0xac]4[0x9a][0xb7][0xde]d[0xa9] [0xa3][0x8d][0x85][0x8d][0xe6][0x16][0xab]*[0xf] cn&n[0x81]'X[0xa6][0xfa]v[0x9b][0xbb][0x0]s[0xdd]s[0x8c][0x88][0xe]i[0x9c][0xd1][0xb8][0x82]Wla[0xc1][0x84][0x3][0x8c]Z~[0x83][0x9f][\n]"
19:47:54.155 [main] DEBUG org.apache.http.wire -  << "l`[0x86],9[0xf4]k[0x96][0xc6][0xab][0x96]P[0xe4]N,[0xad][0xce][0xe4][0xfc][0xd0][0x1c][0xb6];u[0xfa][0x84]7[0x8f]bx<)[0x1d][0x8e][0xcb][0xd5][0xcf]O<P[0xc6][0xb6]p[0xcf][0xf4][0x16][0x12][0xcc]Q&[0xb4][0xf5]"[0xa7][0xe2][0x81][0xb]%{[0xdf]LL[\r][0x12][0xbc][0xe7]t[0xc6][0xab][0xc8]S[0xc6][0xbd][0xe2][0xc2][0xb7][0xaf][0xe0][0x96]o[0x8e][0xe7][0x8d][0xb5]z[0xff][0xcb]_[0x8c][0x8d][0xed][0xe3][0xbd][>}[0x12][0x1a][0x9b][0xf3]s[0x18][0x8][0xcc]PZ[0xf3][0xa7][0xd1][0x8f][0xf8]Nt[0xe][0xad][0xb0]^a[0xf9]G[0xdf][0xc4][0xc1][0xdd][0x18][0xe7]x[0xa2]sh[0x86]u*[0xa2]W[0x98][0x95][0xb]|[0x9][0xb3][0xec][0xd1][0xcd][0x1a]*-[0x93][0xb]%[0xed]W%?$?[0xdd]+[0x5][0xfc][0xf3][0xf3]yh[0x94][0xa5][0xb0]7[0x9d]_D[0xe]DTm%[0x1f][0xda][0xa8][0x7][0x8f][0xff][0x9f][0x84][0x8d][0xfd][0x97][0xe3][0x9f][0x89][0xc9][0xf9][0x17]I[0x8f][0xa4][0xda][0x5][0x82][0xc6]_[\n]"
19:47:54.155 [main] DEBUG org.apache.http.wire -  << "N[0xc6]C[0x93](W(R9z[0x81][0x96][0xde][0xdc]<_[0xfe][0x5]T([0x9][0x85]A[0xfd][0xef][0xdf][0xff][0xdb]8s[0xdb]0[0x9f][0xa9].[0xf9][0xaa]([0x93][0xc][0x12][0xcb][0xf3][0xa9]_[0x1][0x16][0xa3][0xf3][0xf3][0xf][0xef][0xee][0xa3]~[0x9][0x8b]?[0xab][\r][0xb5][0xc2][0xd6][0x9e]2[0xd5][[0x8f][0xb0][0xa8][0xb4][0x15][0xae]9jr[0xc7]W[0x1b][0x1]3*[0xd0]\Rq[0xe3]Z0[0x12]vd[0x19][0x97][0x82]hfd[0x11]EY[0xa8][0xaf]:[0xba][0x17][0xf2][0xbe]of)[0xcb][0xfb][0x17][0xc2][0xf9][0xac]y![0x89][0x0]_[0x8b]b[0x5][0x3][0xa6]][0x9]6[0xf4][0xed][0x7][0xb5][0x84]V[0xe3]h[0xfc]|[0xd9][0xa7]2[0xfb][0x82][0x1b][0x14][0xa8][0xb7][0xdf][0x9f]Z[0xdf][0xf4][0x7][0xf][0x93]w[0x1f][0xf2]2[0xb5][0x1e][0x1f][0xb5][0xeb][0x9f][0xdf][0x8f][0x8f]:[0x9f]'[0xe3][0xd6][0x1f]I[0xae]Q1[0xa8]F[0x85][0xe7]T[0x1a][0x0][0xb7])9[0x9e][0xea]A[0xa9][\r][0x1a][0xa3]1[0xd5][0xfe][0xcb][0xb7][0xf2][0xe9][0x9]f[0xc][0x8f][0xa1]G[0x1d][0x13]L[0xe0][0x16][0x13][0x87]"
19:47:54.155 [main] DEBUG org.apache.http.wire -  << "[0xa8][0x81]\[0xb1][0x95]3N[0xd7][0xdf][0xb1][0x8c]k[0x84]>g[0x99][0xa2][0xb2][0x8e]V[0x19]7[0x8]3[0xd7]QS[0x1a][0x86]T[0xc8][0xb8][0xe4]K[0xeb][0xba]i&W\xB*[0xc8][0xb6]|[0xb7]K[0xe9][0xca][0xa4][0xc1]n[0xa1][0x0][0xba]R[0xba][0xee][0x18][0xd3][0xdb][0x0]>0[0x81][0xd2]r[0x89]?[0x19][0xe8][0xb3]m[0x18][0x86]O[0xde][0xc7][0x8d][0xbb][0xee][0xe8][0xe2][0xa6]}2[0xfa]+[0xf2]n[0xbd][0xc8]*+[0x5]o[0xdf][0xf2][0xf2][0xd2]FK[0x92][0x9f][0xf0]X[0xab][0x9c][0xdd]c[0xc5]G5[0x8e]N[0x9e][0x8b];b[0x96][0x1b][0xe2][0xcf]d[0x92][0x97][0x5]#[0xd2][0x8c][0x98][0x84]0C[hI[0x15]"[0xfc][0x1a][0xa7]L[0xae]([0xc0]lA[0xe9][0x4][0xb5][0xe3][0xe3]\B[0xab][0xe][0x9][0xdb][0x9a][0xd0][0x97][0xa5][0xca][0xb6][0x87][0xa1]M,[0xb6]0dK[0xc4][0x7][0xe8][0xa1][0xf4][0xbd]U[0xc7]|n$/-[0xc7]"1[0xaf][0xd7]X[0xfd][0xef])[0xe4][0xa8]a[0x16][0x13]~#[0xd5][0xe5]_RH[0xc5][0x0]*[0x1][0xa5]RT~[0xa7]R[0xe9]b[0xc6][0xf6][0xb1][0xa6]<[0xc6][0x15]R[g[0xca]V[0xcc][0xeb][0xea]G[0x88][0xb8] [0x1a][0xde][0xd7]lE7[0x11][0xca][0xec][0xab][0x97]R[0xfb][0xec]\[0xb3][0x18]E[0xb5][0x11]q[0xf4]m[0x1b][0xe2]B[0xab][0xc][0x8][0xd9][0xbb][0xd9][0xf7]t5p"w[0xab]m[0x98][0x1].M[0xee]\[0xfb]b[0xeb][0x1e]d[[0x9b]:[0xa2][0xe1][0x8a][0x90][0xd4][0x9][0xa3]-8[0x82][0x9f]ke1[0xb6][0xbe][0xd9][0xa4]bd[0xb4][0xfd][0x1c][0x99][0x16]![0xdc]R[0xd6][0xb5]d[0xb1][0xe3]-rCQ[0xd1]*[\n]"
19:47:54.155 [main] DEBUG org.apache.http.wire -  << "[0x1d][0xb][0x12][0xee][0x6][0xcb]n[0x92]34[0x17][0xf7][0x17][0x85]L<[0xdb][0xa1][0x90]RX[0xf7][\n]"
19:47:54.155 [main] DEBUG org.apache.http.wire -  << "Y_[0xb9][\n]"
19:47:54.155 [main] DEBUG org.apache.http.wire -  << "[0x11][0x82][0xbf]kT[0xf9][0xed]C[0x9a][0xbc][0x9b]n[0xfe][0x8a][0xe][0xdb][0x95]Ba[0xd5][0xac]*u[0xc2][0x9]][0x1a])/[0x8b]D[0x94]5\[0xf0][0xea]E[0x91][0xce][0xb][0xfe]k[0x9e][0xee][0x8a]b[0xb1]*[0xc8][0x12][0x90][0xb2][0x93]Uj[0xc5][0xb6]R[0x1f]][0xa0][0xdd]PeFy[0xb3]([0xeb]4[0x9e]jB[0xae][0xc9]"(U:[0xdc][0xb5][0x7]([[0xf1][0xaa]Y[0xa8]d[0xb][0x8b][0x82][0x8b][0xc4][0xf8][0xa0][0xbb][0xd8][0x12][0xb]4[0xa5][0xba]5[0xc5]t[0xc][0xca]v[0xe][0x96][0xad]E.}[0xa4]'l[0x99]t[0xb7]/[0x8d]T[0xc3] @[0xa0]P[0x9b][0xdd]^r[0xad][0x92]"v[0x8d][0xd0][0xdd][0xb1][0x9e][0xa9][0xe7][0xff][0xdb][0xe6][0xbb][0xfb][0xf8][0x80]W[0x85][0x11][0xdf][0xd5][0xb6]i[0xec]uSi1[0xb7][0x9e][0xeb][0xc6][0xb7]2[0x9f]7[0xec]:/i[0xc6][0xf7][0xe0]UaQ[0xbb][0xa2][0xf7][0x97][0xb2]-CP[0xf4]wd[0xe][0xfd][0xe5][0x98]C[0xdf][0xe4][0x9][0x9e][0xa6][0x92][0x99]s@[0xe5]-[0x1c]C[0xf][0xe3][0x94]j[0xe9][0xc4][0xd1]][0xdc]H[0xb9][0xff][0x8c]Y[0x96][0xbb]2[0xda]?[0xe3][0xf2]PS;2.{[0xdd][0x1][0xc4][0xdb]X[0xb8][0xac]f[0xf7]([0x1c]_z$[[0x94][0xe7][0xb8]*[0xd6]%[0xf5][0x12]V|i[0xa9]7[0xc4]c[0xbf][0x9]*[0xb7][0xfb][0xf][0xb2][0xc1][0x8c][0x8b]-d[0x98]-([0xda]u}[0x3]&E[0xe6][0x8a]c[0xce][0xfe][0xac][0x82][0xb][0xd7][0x87][0x9] -[0xcc][0xc2]Q.[\r][0xc6][0xf1]|[0xea]s[0xb8]|^[0xae][0xcd][0x8a][0xdf][0x97][0xbb][0xe8][0xa5][0x9a][0x1b][0x9b]1[0x1f][0xed]^G[0xef][0x82][0xd7][0x8a]/V[0xdc]|[0xd7]U[0x8f][0xfd][0xd5][0x82]N[0xc5]&[0x9b]/[0xdb][0xe4][0xb5][0xc6][0x8c][0x17][0xd9][0xa3]m[0xc2][0xbc][0xe6].x[0x99]J[0xd0]k6[0x89][0xe6]=[0x8b]z[0x82]g[0xb5]%[0xf7][0xcc][0xd7][0xf5]F[0x83]}[0xfd]Z[0xb3][0x95]`[0xd2][0xd5][0x19][0xca][0xdb][0x3]dY[0x1a][0xb1][0xb6][0xf0][0xad][0xd2][0x14][0xa5][0xc0]-[0xe4][0xa2][0xec][0x80]9[0xf3][0x86][0xf2]V[0xc2][0x8f][0xfe][0x16]Wy[0xf9][0x83]tV[0xb9][0x2]T[0xe9][0xdf][0xfa]+A[0xc8][0x8]w[0xa1][0xab][0xca][0xfa][0x18][0xee][0xdb][0xad]d[0xb8][0xfe] [0xce][0x99]jU[0x94]wB [0xdb][0xa5][0xc8]I[0xa1]w[0x99][0x9e][0xbf][0xe2][0xe3][0xf1][0xbd][0xe4][0xfe]JDy[0x15]bY^7s[0x88][0xa7]q[0x9]G[0x97][0xff].[0x98][0xc1][0x5][0x95]h[0x96]L[0x1a]_[0x94][0x19][0xfa]s[0xf9]^[0xf1]~Iw[\r][0x85][0xcb]X[0x14][0xd4][0x12]`OeQ[\n]"
19:47:54.155 [main] DEBUG org.apache.http.wire -  << "[0xe1][0x95][0x90]Rk[\r][0xbf]\N[0xfb]7[0x15][0xf2][0x1e]~[0x8e]>[0x86][0x9f]o>[0x86][0x9f][0xa3][0xbb][0xf0][0xf3][0xcd][0xdd][0x1f]#[0xa7]Q[0xa9]V[0xca][0x16]{[0xe4]\|aB[0x90][0xc9]I[0xa8][0xc1][0x85][0x12][0x89]a[0xf1][0x1a][0xa6]*[0x84][0x6][0x9c][0xb3]x[0x9d]3[0xba][0xfa]u[0xc1][0xad][0xa1][0xaa][0xf0][0x98][0xe5]V[0xe5]O[0xeb][0x16]/\[0x3][0xb8]#S[0xdc]e[0xe6]4[0x83][0x93]>[0xde][0xa3][0xde]&lKYP[0xd9][0xe8][0x13]k[0xb3]cA[0xe4][0xa2][\r][0xdd][0xd0][0xb3]T[0x99][0xf3][0xbc][0xd4][0xad][0x6]o|~[0xde][0xd8][0xd5][0xf6][0xdf][0xee]^[0xc9][0x99][0xbb][0x84][0xb5][0xc3][0xa3]{g[0xb7][0xc8]k[0xc8][0xfe][0xa4][0xb1][0xbc][0xfe]gRkv[0xef]J[0xd9][0x8f][0x1b][0x9d]z[0xfd]{[0xe8]O[0xa3]Y[0xff][0xed][0xb7][0xff][0xfc]_[0x0][0x0][0x0][0xff][0xff][0x3][0x0][0xf6][0x8e][0xcf][0xe5]|)[0x0][0x0]"
19:47:54.155 [main] DEBUG org.apache.http.wire -  << "[\r][\n]"
19:47:54.155 [main] DEBUG org.apache.http.wire -  << "0[\r][\n]"
19:47:54.155 [main] DEBUG org.apache.http.wire -  << "[\r][\n]"
19:47:54.155 [main] DEBUG io.restassured.internal.RestAssuredHttpBuilder - Parsed data to instance of: class org.apache.http.conn.EofSensorInputStream
19:47:54.157 [main] DEBUG org.apache.http.impl.conn.BasicClientConnectionManager - Releasing connection org.apache.http.impl.conn.ManagedClientConnectionImpl@56d742ad
19:47:54.157 [main] DEBUG org.apache.http.impl.conn.BasicClientConnectionManager - Connection can be kept alive indefinitely
  &amp#27;[32mGiven &amp#27;[0m&amp#27;[32mUser call product list API with sorted parameter&amp#27;[0m &amp#27;[90m# starter.stepdefinitions.UserSteps.userCallSortedParameter()&amp#27;[0m
  &amp#27;[32mWhen &amp#27;[0m&amp#27;[32mthe response status code should be &amp#27;[0m&amp#27;[32m&amp#27;[1m200&amp#27;[0m            &amp#27;[90m# starter.stepdefinitions.UserSteps.responseCode(java.lang.Integer)&amp#27;[0m
19:47:54.165 [main] INFO  - 
  _____   ___   ___   _____     ___     _     ___   ___   ___   ___  
 |_   _| | __| / __| |_   _|   | _ \   /_\   / __| / __| | __| |   \ 
   | |   | _|  \__ \   | |     |  _/  / _ \  \__ \ \__ \ | _|  | |) |
   |_|   |___| |___/   |_|     |_|   /_/ \_\ |___/ |___/ |___| |___/ 

Get sorted product list
----------------------------------------------------------------------
]]></system-out>
  </testcase>
  <testcase name="Get all product categories" classname="RestFull API Test" time="0.467">
    <system-out><![CDATA[
Scenario: Get all product categories          &amp#27;[90m# src/test/resources/api/user.feature:48&amp#27;[0m
19:47:54.171 [main] INFO io.cucumber.core.plugin.SerenityReporter - Running feature from file:///D:/KULIAH/kmrdeka/Weekly2/src/test/resources/api/user.feature
19:47:54.171 [main] WARN io.cucumber.core.plugin.SerenityReporter - Feature from file:///D:/KULIAH/kmrdeka/Weekly2/src/test/resources/api/user.feature is not under the 'features' directory. Requirements report will not be correctly generated!
19:47:54.173 [main] INFO  - 
  _____   ___   ___   _____     ___   _____     _     ___   _____   ___   ___  
 |_   _| | __| / __| |_   _|   / __| |_   _|   /_\   | _ \ |_   _| | __| |   \ 
   | |   | _|  \__ \   | |     \__ \   | |    / _ \  |   /   | |   | _|  | |) |
   |_|   |___| |___/   |_|     |___/   |_|   /_/ \_\ |_|_\   |_|   |___| |___/ 

Get all product categories(restfull-api-test;get-all-product-categories)
--------------------------------------------------------------------------------
19:47:54.194 [main] DEBUG org.apache.http.impl.conn.BasicClientConnectionManager - Get connection for route {s}->https://fakestoreapi.com:443
19:47:54.194 [main] DEBUG org.apache.http.impl.conn.DefaultClientConnectionOperator - Connecting to fakestoreapi.com:443
19:47:54.268 [main] DEBUG org.apache.http.client.protocol.RequestAddCookies - CookieSpec selected: ignoreCookies
19:47:54.268 [main] DEBUG org.apache.http.client.protocol.RequestAuthCache - Auth cache not set in the context
19:47:54.268 [main] DEBUG org.apache.http.client.protocol.RequestTargetAuthentication - Target auth state: UNCHALLENGED
19:47:54.268 [main] DEBUG org.apache.http.client.protocol.RequestProxyAuthentication - Proxy auth state: UNCHALLENGED
19:47:54.268 [main] DEBUG org.apache.http.impl.client.DefaultHttpClient - Attempt 1 to execute request
19:47:54.268 [main] DEBUG org.apache.http.impl.conn.DefaultClientConnection - Sending request: GET /products/categories HTTP/1.1
19:47:54.268 [main] DEBUG org.apache.http.wire -  >> "GET /products/categories HTTP/1.1[\r][\n]"
19:47:54.268 [main] DEBUG org.apache.http.wire -  >> "Accept: */*[\r][\n]"
19:47:54.268 [main] DEBUG org.apache.http.wire -  >> "Host: fakestoreapi.com[\r][\n]"
19:47:54.268 [main] DEBUG org.apache.http.wire -  >> "Connection: Keep-Alive[\r][\n]"
19:47:54.268 [main] DEBUG org.apache.http.wire -  >> "User-Agent: Apache-HttpClient/4.5.13 (Java/19.0.2)[\r][\n]"
19:47:54.268 [main] DEBUG org.apache.http.wire -  >> "Accept-Encoding: gzip,deflate[\r][\n]"
19:47:54.268 [main] DEBUG org.apache.http.wire -  >> "[\r][\n]"
19:47:54.268 [main] DEBUG org.apache.http.headers - >> GET /products/categories HTTP/1.1
19:47:54.268 [main] DEBUG org.apache.http.headers - >> Accept: */*
19:47:54.268 [main] DEBUG org.apache.http.headers - >> Host: fakestoreapi.com
19:47:54.268 [main] DEBUG org.apache.http.headers - >> Connection: Keep-Alive
19:47:54.268 [main] DEBUG org.apache.http.headers - >> User-Agent: Apache-HttpClient/4.5.13 (Java/19.0.2)
19:47:54.268 [main] DEBUG org.apache.http.headers - >> Accept-Encoding: gzip,deflate
19:47:54.621 [main] DEBUG org.apache.http.wire -  << "HTTP/1.1 200 OK[\r][\n]"
19:47:54.621 [main] DEBUG org.apache.http.wire -  << "Date: Mon, 17 Apr 2023 12:47:53 GMT[\r][\n]"
19:47:54.621 [main] DEBUG org.apache.http.wire -  << "Content-Type: application/json; charset=utf-8[\r][\n]"
19:47:54.621 [main] DEBUG org.apache.http.wire -  << "Transfer-Encoding: chunked[\r][\n]"
19:47:54.621 [main] DEBUG org.apache.http.wire -  << "Connection: keep-alive[\r][\n]"
19:47:54.621 [main] DEBUG org.apache.http.wire -  << "Access-Control-Allow-Origin: *[\r][\n]"
19:47:54.621 [main] DEBUG org.apache.http.wire -  << "Etag: W/"3e-cdq81BKoKIRIQmboBVN84Vj+vkM"[\r][\n]"
19:47:54.621 [main] DEBUG org.apache.http.wire -  << "X-Powered-By: Express[\r][\n]"
19:47:54.621 [main] DEBUG org.apache.http.wire -  << "CF-Cache-Status: DYNAMIC[\r][\n]"
19:47:54.621 [main] DEBUG org.apache.http.wire -  << "Report-To: {"endpoints":[{"url":"https:\/\/a.nel.cloudflare.com\/report\/v3?s=bHjLbHXenaSAO%2FYalpj6p93oHkc%2BiFqyP2EwRbopId8cZSe%2F%2B7kgkHyIj2C7WrUHUgw%2BdRqqzqYJKU0qsfsUOMLRQnvhmmFcrgvG1uAty9OcHIX3%2B%2BJK%2B9YMKQV%2BmKyxq%2FX7"}],"group":"cf-nel","max_age":604800}[\r][\n]"
19:47:54.621 [main] DEBUG org.apache.http.wire -  << "NEL: {"success_fraction":0,"report_to":"cf-nel","max_age":604800}[\r][\n]"
19:47:54.621 [main] DEBUG org.apache.http.wire -  << "Server: cloudflare[\r][\n]"
19:47:54.621 [main] DEBUG org.apache.http.wire -  << "CF-RAY: 7b94c77788a23d9b-SIN[\r][\n]"
19:47:54.621 [main] DEBUG org.apache.http.wire -  << "Content-Encoding: gzip[\r][\n]"
19:47:54.621 [main] DEBUG org.apache.http.wire -  << "alt-svc: h3=":443"; ma=86400, h3-29=":443"; ma=86400[\r][\n]"
19:47:54.621 [main] DEBUG org.apache.http.wire -  << "[\r][\n]"
19:47:54.621 [main] DEBUG org.apache.http.impl.conn.DefaultClientConnection - Receiving response: HTTP/1.1 200 OK
19:47:54.621 [main] DEBUG org.apache.http.headers - << HTTP/1.1 200 OK
19:47:54.621 [main] DEBUG org.apache.http.headers - << Date: Mon, 17 Apr 2023 12:47:53 GMT
19:47:54.621 [main] DEBUG org.apache.http.headers - << Content-Type: application/json; charset=utf-8
19:47:54.621 [main] DEBUG org.apache.http.headers - << Transfer-Encoding: chunked
19:47:54.621 [main] DEBUG org.apache.http.headers - << Connection: keep-alive
19:47:54.621 [main] DEBUG org.apache.http.headers - << Access-Control-Allow-Origin: *
19:47:54.621 [main] DEBUG org.apache.http.headers - << Etag: W/"3e-cdq81BKoKIRIQmboBVN84Vj+vkM"
19:47:54.621 [main] DEBUG org.apache.http.headers - << X-Powered-By: Express
19:47:54.621 [main] DEBUG org.apache.http.headers - << CF-Cache-Status: DYNAMIC
19:47:54.621 [main] DEBUG org.apache.http.headers - << Report-To: {"endpoints":[{"url":"https:\/\/a.nel.cloudflare.com\/report\/v3?s=bHjLbHXenaSAO%2FYalpj6p93oHkc%2BiFqyP2EwRbopId8cZSe%2F%2B7kgkHyIj2C7WrUHUgw%2BdRqqzqYJKU0qsfsUOMLRQnvhmmFcrgvG1uAty9OcHIX3%2B%2BJK%2B9YMKQV%2BmKyxq%2FX7"}],"group":"cf-nel","max_age":604800}
19:47:54.621 [main] DEBUG org.apache.http.headers - << NEL: {"success_fraction":0,"report_to":"cf-nel","max_age":604800}
19:47:54.621 [main] DEBUG org.apache.http.headers - << Server: cloudflare
19:47:54.621 [main] DEBUG org.apache.http.headers - << CF-RAY: 7b94c77788a23d9b-SIN
19:47:54.621 [main] DEBUG org.apache.http.headers - << Content-Encoding: gzip
19:47:54.621 [main] DEBUG org.apache.http.headers - << alt-svc: h3=":443"; ma=86400, h3-29=":443"; ma=86400
19:47:54.622 [main] DEBUG org.apache.http.impl.client.DefaultHttpClient - Connection can be kept alive indefinitely
19:47:54.622 [main] DEBUG io.restassured.internal.RestAssuredHttpBuilder - Parsing response as: application/json; charset=utf-8
19:47:54.622 [main] DEBUG org.apache.http.wire -  << "4b[\r][\n]"
19:47:54.622 [main] DEBUG org.apache.http.wire -  << "[0x1f][0x8b][0x8][0x0][0x0][0x0][0x0][0x0][0x0][0x3][0x8a]VJ[0xcd]IM.)[0xca][0xcf][0xcb]L.V[0xd2]Q[0xca]J-O[0xcd]I-[0xaa]T[0xd2]Q[0xca]M[0xcd]S/VH[0xce][0xc9]/[0xc9][0xc8][0xcc]KW[0xd2]Q*[0xcf]G[0x13][0x8a][0x5][0x0][0x0][0x0][0xff][0xff][0x3][0x0]hx[0x4][0xed]>[0x0][0x0][0x0]"
19:47:54.622 [main] DEBUG org.apache.http.wire -  << "[\r][\n]"
19:47:54.622 [main] DEBUG org.apache.http.wire -  << "0[\r][\n]"
19:47:54.622 [main] DEBUG org.apache.http.wire -  << "[\r][\n]"
19:47:54.622 [main] DEBUG io.restassured.internal.RestAssuredHttpBuilder - Parsed data to instance of: class org.apache.http.conn.EofSensorInputStream
19:47:54.624 [main] DEBUG org.apache.http.impl.conn.BasicClientConnectionManager - Releasing connection org.apache.http.impl.conn.ManagedClientConnectionImpl@38347345
19:47:54.624 [main] DEBUG org.apache.http.impl.conn.BasicClientConnectionManager - Connection can be kept alive indefinitely
  &amp#27;[32mGiven &amp#27;[0m&amp#27;[32mI send a GET request to categories&amp#27;[0m    &amp#27;[90m# starter.stepdefinitions.UserSteps.sendGetRequestCategories()&amp#27;[0m
  &amp#27;[32mWhen &amp#27;[0m&amp#27;[32mthe response status code should be &amp#27;[0m&amp#27;[32m&amp#27;[1m200&amp#27;[0m &amp#27;[90m# starter.stepdefinitions.UserSteps.responseCode(java.lang.Integer)&amp#27;[0m
  &amp#27;[32mThen &amp#27;[0m&amp#27;[32mthe response should contain categories&amp#27;[0m &amp#27;[90m# starter.stepdefinitions.UserSteps.theResponseShouldContainCategories()&amp#27;[0m
19:47:54.632 [main] INFO  - 
  _____   ___   ___   _____     ___     _     ___   ___   ___   ___  
 |_   _| | __| / __| |_   _|   | _ \   /_\   / __| / __| | __| |   \ 
   | |   | _|  \__ \   | |     |  _/  / _ \  \__ \ \__ \ | _|  | |) |
   |_|   |___| |___/   |_|     |_|   /_/ \_\ |___/ |___/ |___| |___/ 

Get all product categories
----------------------------------------------------------------------
]]></system-out>
  </testcase>
  <testcase name="Get in product categories" classname="RestFull API Test" time="3.783">
    <system-out><![CDATA[
Scenario: Get in product categories                 &amp#27;[90m# src/test/resources/api/user.feature:58&amp#27;[0m
19:47:54.638 [main] INFO io.cucumber.core.plugin.SerenityReporter - Running feature from file:///D:/KULIAH/kmrdeka/Weekly2/src/test/resources/api/user.feature
19:47:54.638 [main] WARN io.cucumber.core.plugin.SerenityReporter - Feature from file:///D:/KULIAH/kmrdeka/Weekly2/src/test/resources/api/user.feature is not under the 'features' directory. Requirements report will not be correctly generated!
19:47:54.641 [main] INFO  - 
  _____   ___   ___   _____     ___   _____     _     ___   _____   ___   ___  
 |_   _| | __| / __| |_   _|   / __| |_   _|   /_\   | _ \ |_   _| | __| |   \ 
   | |   | _|  \__ \   | |     \__ \   | |    / _ \  |   /   | |   | _|  | |) |
   |_|   |___| |___/   |_|     |___/   |_|   /_/ \_\ |_|_\   |_|   |___| |___/ 

Get in product categories(restfull-api-test;get-in-product-categories)
--------------------------------------------------------------------------------
19:47:54.658 [main] DEBUG org.apache.http.impl.conn.BasicClientConnectionManager - Get connection for route {s}->https://fakestoreapi.com:443
19:47:54.658 [main] DEBUG org.apache.http.impl.conn.DefaultClientConnectionOperator - Connecting to fakestoreapi.com:443
19:47:54.737 [main] DEBUG org.apache.http.client.protocol.RequestAddCookies - CookieSpec selected: ignoreCookies
19:47:54.737 [main] DEBUG org.apache.http.client.protocol.RequestAuthCache - Auth cache not set in the context
19:47:54.737 [main] DEBUG org.apache.http.client.protocol.RequestTargetAuthentication - Target auth state: UNCHALLENGED
19:47:54.737 [main] DEBUG org.apache.http.client.protocol.RequestProxyAuthentication - Proxy auth state: UNCHALLENGED
19:47:54.737 [main] DEBUG org.apache.http.impl.client.DefaultHttpClient - Attempt 1 to execute request
19:47:54.737 [main] DEBUG org.apache.http.impl.conn.DefaultClientConnection - Sending request: GET /products/category/jewelery HTTP/1.1
19:47:54.737 [main] DEBUG org.apache.http.wire -  >> "GET /products/category/jewelery HTTP/1.1[\r][\n]"
19:47:54.737 [main] DEBUG org.apache.http.wire -  >> "Accept: */*[\r][\n]"
19:47:54.737 [main] DEBUG org.apache.http.wire -  >> "Host: fakestoreapi.com[\r][\n]"
19:47:54.737 [main] DEBUG org.apache.http.wire -  >> "Connection: Keep-Alive[\r][\n]"
19:47:54.737 [main] DEBUG org.apache.http.wire -  >> "User-Agent: Apache-HttpClient/4.5.13 (Java/19.0.2)[\r][\n]"
19:47:54.737 [main] DEBUG org.apache.http.wire -  >> "Accept-Encoding: gzip,deflate[\r][\n]"
19:47:54.737 [main] DEBUG org.apache.http.wire -  >> "[\r][\n]"
19:47:54.737 [main] DEBUG org.apache.http.headers - >> GET /products/category/jewelery HTTP/1.1
19:47:54.737 [main] DEBUG org.apache.http.headers - >> Accept: */*
19:47:54.737 [main] DEBUG org.apache.http.headers - >> Host: fakestoreapi.com
19:47:54.737 [main] DEBUG org.apache.http.headers - >> Connection: Keep-Alive
19:47:54.737 [main] DEBUG org.apache.http.headers - >> User-Agent: Apache-HttpClient/4.5.13 (Java/19.0.2)
19:47:54.737 [main] DEBUG org.apache.http.headers - >> Accept-Encoding: gzip,deflate
19:47:58.407 [main] DEBUG org.apache.http.wire -  << "HTTP/1.1 200 OK[\r][\n]"
19:47:58.407 [main] DEBUG org.apache.http.wire -  << "Date: Mon, 17 Apr 2023 12:47:57 GMT[\r][\n]"
19:47:58.407 [main] DEBUG org.apache.http.wire -  << "Content-Type: application/json; charset=utf-8[\r][\n]"
19:47:58.407 [main] DEBUG org.apache.http.wire -  << "Transfer-Encoding: chunked[\r][\n]"
19:47:58.407 [main] DEBUG org.apache.http.wire -  << "Connection: keep-alive[\r][\n]"
19:47:58.407 [main] DEBUG org.apache.http.wire -  << "Access-Control-Allow-Origin: *[\r][\n]"
19:47:58.407 [main] DEBUG org.apache.http.wire -  << "Etag: W/"600-TYzZtPQf3JY+/8kxrd+p3oB2PyM"[\r][\n]"
19:47:58.407 [main] DEBUG org.apache.http.wire -  << "X-Powered-By: Express[\r][\n]"
19:47:58.407 [main] DEBUG org.apache.http.wire -  << "CF-Cache-Status: DYNAMIC[\r][\n]"
19:47:58.407 [main] DEBUG org.apache.http.wire -  << "Report-To: {"endpoints":[{"url":"https:\/\/a.nel.cloudflare.com\/report\/v3?s=kxvligH5B305c%2B6wvA%2B83dTbbTwYOw3QD4Z2zqw%2BS7pYGyfWYfITHVMPJCgdw5d12P%2Bl5n1dR5JO8eQ0btBnKzc71Ingta5VX6rtrTmH5g%2F8pLo1C7V5jW6v6I1cGEB%2FhW8o"}],"group":"cf-nel","max_age":604800}[\r][\n]"
19:47:58.407 [main] DEBUG org.apache.http.wire -  << "NEL: {"success_fraction":0,"report_to":"cf-nel","max_age":604800}[\r][\n]"
19:47:58.407 [main] DEBUG org.apache.http.wire -  << "Server: cloudflare[\r][\n]"
19:47:58.407 [main] DEBUG org.apache.http.wire -  << "CF-RAY: 7b94c77a79786beb-SIN[\r][\n]"
19:47:58.407 [main] DEBUG org.apache.http.wire -  << "Content-Encoding: gzip[\r][\n]"
19:47:58.407 [main] DEBUG org.apache.http.wire -  << "alt-svc: h3=":443"; ma=86400, h3-29=":443"; ma=86400[\r][\n]"
19:47:58.407 [main] DEBUG org.apache.http.wire -  << "[\r][\n]"
19:47:58.407 [main] DEBUG org.apache.http.impl.conn.DefaultClientConnection - Receiving response: HTTP/1.1 200 OK
19:47:58.407 [main] DEBUG org.apache.http.headers - << HTTP/1.1 200 OK
19:47:58.408 [main] DEBUG org.apache.http.headers - << Date: Mon, 17 Apr 2023 12:47:57 GMT
19:47:58.408 [main] DEBUG org.apache.http.headers - << Content-Type: application/json; charset=utf-8
19:47:58.408 [main] DEBUG org.apache.http.headers - << Transfer-Encoding: chunked
19:47:58.408 [main] DEBUG org.apache.http.headers - << Connection: keep-alive
19:47:58.408 [main] DEBUG org.apache.http.headers - << Access-Control-Allow-Origin: *
19:47:58.408 [main] DEBUG org.apache.http.headers - << Etag: W/"600-TYzZtPQf3JY+/8kxrd+p3oB2PyM"
19:47:58.408 [main] DEBUG org.apache.http.headers - << X-Powered-By: Express
19:47:58.408 [main] DEBUG org.apache.http.headers - << CF-Cache-Status: DYNAMIC
19:47:58.408 [main] DEBUG org.apache.http.headers - << Report-To: {"endpoints":[{"url":"https:\/\/a.nel.cloudflare.com\/report\/v3?s=kxvligH5B305c%2B6wvA%2B83dTbbTwYOw3QD4Z2zqw%2BS7pYGyfWYfITHVMPJCgdw5d12P%2Bl5n1dR5JO8eQ0btBnKzc71Ingta5VX6rtrTmH5g%2F8pLo1C7V5jW6v6I1cGEB%2FhW8o"}],"group":"cf-nel","max_age":604800}
19:47:58.408 [main] DEBUG org.apache.http.headers - << NEL: {"success_fraction":0,"report_to":"cf-nel","max_age":604800}
19:47:58.408 [main] DEBUG org.apache.http.headers - << Server: cloudflare
19:47:58.408 [main] DEBUG org.apache.http.headers - << CF-RAY: 7b94c77a79786beb-SIN
19:47:58.408 [main] DEBUG org.apache.http.headers - << Content-Encoding: gzip
19:47:58.408 [main] DEBUG org.apache.http.headers - << alt-svc: h3=":443"; ma=86400, h3-29=":443"; ma=86400
19:47:58.408 [main] DEBUG org.apache.http.impl.client.DefaultHttpClient - Connection can be kept alive indefinitely
19:47:58.408 [main] DEBUG io.restassured.internal.RestAssuredHttpBuilder - Parsing response as: application/json; charset=utf-8
19:47:58.408 [main] DEBUG org.apache.http.wire -  << "2cc[\r][\n]"
19:47:58.408 [main] DEBUG org.apache.http.wire -  << "[0x1f][0x8b][0x8][0x0][0x0][0x0][0x0][0x0][0x0][0x3][0xac][0x94]Oo[0xdb]F[0x10][0xc5][0xbf][0xca]`[0xf][0xcd][0x85][0xa0]%[0xd8][0x96]-[0xde]\[0xc9]bH[0xa9]kU[0x11][0x8a][0xa2][0x10]F[0xdc][0x11]9[0xe9]r[0x96][0x98]]Y[0xa5][0x83]|[0xf7]b)$J[0xdd]\[0xc][0xf7]F`g[0xe6][0xed][0xbe][0xdf][0x1b][0xfe][0xf1][0xd9][0xb0]5[0xc5]yf"GG[0xa6]0[0xf7][0xbe][0x16][0xb8]C[0xb5][0x1d][0xac]|C[0xf2].[0xc0][0x8c]*[0x12][0x1b][0xe0][0x3]V[0x8][0xb7][0xde]Y[0xf8][0x9][0x16][0xec][0x9e]Ha[0xaa]Xy[0x81]E[0xc4][0xc8]^`R#[0xb][0xfc][0xac]X[0x92][0xa3]h2[0xd3]*[0x97]d[0x8a][0xd1][0xf8]<3[0x96]B[0xa9][0xdc][0xa6]BS[0x98][0x1b][0xf5][\r][0xf8][0x9d]~[0x9b]>[0xf1][0xce]Q[0x99]N3[0x88]5[0x1d][0xd4][0xf6][0x18][0x80]%[0xb4][0xac]da[0xd3][0xf5][0x7]M[0x17]k.[0xd1][0xc1][0x1e]#)[0xd8][0xc3][0x15]b[0x8d][0x11]Z[0xf5][0x91][0xca][0x18][0xfa]:_[0x12][0xa6][0xeb][0xb7][0x84][0xea]rX[0x11]*l[0xb1]d[0xa9][0x80]e[0x8f]j!z[0xd8][0x10]l(D[0xbf]'[0xb]{[0x8e]58[0xff]D[0x80]b[0x1]7;[0xb1](%e[0xe0][0x15][0xfc].[0xf6]-[[0xaf]_U[0xd8]Kn2Sb[0xa4][0xca]kg[\n]"
19:47:58.408 [main] DEBUG org.apache.http.wire -  << "[0xf3][0x89][0xf6][0xe4]H;[0x93][0x19]n[0xb0]Jv[0xd6]1[0xb6][0xa1]89[0xd9][0xe2]_IF[0x9][[0xce]K[0xdf][0x9c]pS[0x9d]\[0xc][0xdb][0xd5]sm[0xef]?[0xec]g[0xf9][0xfa]j[0xb2]^[0xce]Fg[0x83][0xf5][0xaf][0xb3][0xd1][0xf9]z>;][0xe7][0x9f][0xda][0xca]dF1[0xb2]T[0xa6][0xf8][0x9c][0xbe][0xc8][0x14]g[0xf9](3[0xa5][0xdf]I4[0xc5][0xd9]`[0xf0][0xe5]Kv[0x80]8:B\x[0xc7][0xf6][0x80][0xea][0x81]"G[0x82]9[0x97][0xea][|"8R[0x19][0x8e]._RY`[0xe4][0xb0][0xc5][0xfe]qp[0xbb]CE[0x89]D6[0x87]G[0x8a];[0x95][0xe4][0x4][0xfd]][0xd6](U2[0xa9][0x3][0xaf][0x96][0xb4]7[0x8e][0x5]N[0x7]`[0xb1][0xb][0xf9][0x94][0x2]WB[0xb6][0xb7]1[0xa4]Kl:[0xb8][0xc3]-[0xd1]3LH[0x12]4[0x96][0x1e][0xd1]R8[0x92][0xed][0xe3]C![0x87][0xff]E[0xfd]mHF[0xc3][0xb0][0x99][0xf3]R[0xfc][0xed]k[0x90][0x9c][0xe6][0xe3]oH.[0x8e]D.[0x8e]DVu[0xa2]p [0xe2]0=[0xfa]AYJ[\n]"
19:47:58.408 [main] DEBUG org.apache.http.wire -  << "[0xe1][0xc8]c[0x9c][0x8f][0xc7]/[0x81]L[0x1c][0x86][0xc0]%L[0x94][0xfa][0xae][0x15]Y[0x9b][0x12]|-[0x15]V[0xd4][0x90]DH[0xb0]#[0xb2][0x12]L[0x19][0x1b]/i[0xb4]o8[0x10]<[0xa6][0xca][0x94][0xd8];[0xd2][0x1c]ny[0x9b]6[0xc3]Ch=;[0xe8][0xd2][0xf2][0xf5]io[0xbc]R_v[0x1c][0x9a]}[0x15][0xca][0xe0]J[0x84][0x9f]H[0x3]j[0x97][0xc1]Gt$[0x91][0x85][0xde][0x5][0x98]b[0x97][0xe7]o[0xde][0x80][0xdf][0xaf][0xde][0xdf],[0xcf].[0xdf][0xbf][0xca][0xee][0x1f][0xe6][0xff][0xf2][0xe8][0xf6][0x3][0x93][0x96]d[0xe1][0x97][0xbd][0x83]G[0x1f][0xfe]m[0xfc]""[0x8b][0xa3][0x10]"
19:47:58.408 [main] DEBUG org.apache.http.wire -  << "`[0x11][0x89][0x1c]L[0xfd]n[0xe3][0xe8][0xbb][0xb5][0x18][0xfc][0x80][0xc3][0xa6][0x1c][0xba][0xe0][0xc6]a[0xfa]5[0xfd][0xb6][0x13]![0x7][0xf]nW[0xc1]5[0xaa][0xb2]T![0x87]9Z[0x2][0xbf][0x85][0xd3][0xe1]h[0xf6]R[0xf6]m[0xbe][0x9d][0xf][0x97][0xd3][0xeb][0xe7][0xf9][0xfd][0xc7][0xf6]5[0xbe][\r][0xbf][0x8b][0xe9]09[0xf7][0xe7]?[0x0][0x0][0x0][0xff][0xff][0x3][0x0][0x99][0xa1][0xbe][0xda][0x0][0x6][0x0][0x0]"
19:47:58.408 [main] DEBUG org.apache.http.wire -  << "[\r][\n]"
19:47:58.408 [main] DEBUG org.apache.http.wire -  << "0[\r][\n]"
19:47:58.408 [main] DEBUG org.apache.http.wire -  << "[\r][\n]"
19:47:58.408 [main] DEBUG io.restassured.internal.RestAssuredHttpBuilder - Parsed data to instance of: class org.apache.http.conn.EofSensorInputStream
19:47:58.410 [main] DEBUG org.apache.http.impl.conn.BasicClientConnectionManager - Releasing connection org.apache.http.impl.conn.ManagedClientConnectionImpl@6787bd41
19:47:58.410 [main] DEBUG org.apache.http.impl.conn.BasicClientConnectionManager - Connection can be kept alive indefinitely
  &amp#27;[32mGiven &amp#27;[0m&amp#27;[32mI send a GET request to categories jewelery&amp#27;[0m &amp#27;[90m# starter.stepdefinitions.UserSteps.sendGetCategoriesIn()&amp#27;[0m
  &amp#27;[32mWhen &amp#27;[0m&amp#27;[32mthe response status code should be &amp#27;[0m&amp#27;[32m&amp#27;[1m200&amp#27;[0m       &amp#27;[90m# starter.stepdefinitions.UserSteps.responseCode(java.lang.Integer)&amp#27;[0m
19:47:58.416 [main] INFO  - 
  _____   ___   ___   _____     ___     _     ___   ___   ___   ___  
 |_   _| | __| / __| |_   _|   | _ \   /_\   / __| / __| | __| |   \ 
   | |   | _|  \__ \   | |     |  _/  / _ \  \__ \ \__ \ | _|  | |) |
   |_|   |___| |___/   |_|     |_|   /_/ \_\ |___/ |___/ |___| |___/ 

Get in product categories
----------------------------------------------------------------------
]]></system-out>
  </testcase>
  <testcase name="Get in invalid product categories" classname="RestFull API Test" time="3.701">
    <system-out><![CDATA[
Scenario: Get in invalid product categories                 &amp#27;[90m# src/test/resources/api/user.feature:62&amp#27;[0m
19:47:58.421 [main] INFO io.cucumber.core.plugin.SerenityReporter - Running feature from file:///D:/KULIAH/kmrdeka/Weekly2/src/test/resources/api/user.feature
19:47:58.421 [main] WARN io.cucumber.core.plugin.SerenityReporter - Feature from file:///D:/KULIAH/kmrdeka/Weekly2/src/test/resources/api/user.feature is not under the 'features' directory. Requirements report will not be correctly generated!
19:47:58.423 [main] INFO  - 
  _____   ___   ___   _____     ___   _____     _     ___   _____   ___   ___  
 |_   _| | __| / __| |_   _|   / __| |_   _|   /_\   | _ \ |_   _| | __| |   \ 
   | |   | _|  \__ \   | |     \__ \   | |    / _ \  |   /   | |   | _|  | |) |
   |_|   |___| |___/   |_|     |___/   |_|   /_/ \_\ |_|_\   |_|   |___| |___/ 

Get in invalid product categories(restfull-api-test;get-in-invalid-product-categories)
--------------------------------------------------------------------------------
19:47:58.437 [main] DEBUG org.apache.http.impl.conn.BasicClientConnectionManager - Get connection for route {s}->https://fakestoreapi.com:443
19:47:58.437 [main] DEBUG org.apache.http.impl.conn.DefaultClientConnectionOperator - Connecting to fakestoreapi.com:443
19:47:58.511 [main] DEBUG org.apache.http.client.protocol.RequestAddCookies - CookieSpec selected: ignoreCookies
19:47:58.511 [main] DEBUG org.apache.http.client.protocol.RequestAuthCache - Auth cache not set in the context
19:47:58.511 [main] DEBUG org.apache.http.client.protocol.RequestTargetAuthentication - Target auth state: UNCHALLENGED
19:47:58.511 [main] DEBUG org.apache.http.client.protocol.RequestProxyAuthentication - Proxy auth state: UNCHALLENGED
19:47:58.511 [main] DEBUG org.apache.http.impl.client.DefaultHttpClient - Attempt 1 to execute request
19:47:58.511 [main] DEBUG org.apache.http.impl.conn.DefaultClientConnection - Sending request: GET /products/category/jewelry HTTP/1.1
19:47:58.511 [main] DEBUG org.apache.http.wire -  >> "GET /products/category/jewelry HTTP/1.1[\r][\n]"
19:47:58.511 [main] DEBUG org.apache.http.wire -  >> "Accept: */*[\r][\n]"
19:47:58.511 [main] DEBUG org.apache.http.wire -  >> "Host: fakestoreapi.com[\r][\n]"
19:47:58.511 [main] DEBUG org.apache.http.wire -  >> "Connection: Keep-Alive[\r][\n]"
19:47:58.511 [main] DEBUG org.apache.http.wire -  >> "User-Agent: Apache-HttpClient/4.5.13 (Java/19.0.2)[\r][\n]"
19:47:58.511 [main] DEBUG org.apache.http.wire -  >> "Accept-Encoding: gzip,deflate[\r][\n]"
19:47:58.511 [main] DEBUG org.apache.http.wire -  >> "[\r][\n]"
19:47:58.511 [main] DEBUG org.apache.http.headers - >> GET /products/category/jewelry HTTP/1.1
19:47:58.511 [main] DEBUG org.apache.http.headers - >> Accept: */*
19:47:58.511 [main] DEBUG org.apache.http.headers - >> Host: fakestoreapi.com
19:47:58.511 [main] DEBUG org.apache.http.headers - >> Connection: Keep-Alive
19:47:58.511 [main] DEBUG org.apache.http.headers - >> User-Agent: Apache-HttpClient/4.5.13 (Java/19.0.2)
19:47:58.511 [main] DEBUG org.apache.http.headers - >> Accept-Encoding: gzip,deflate
19:48:02.111 [main] DEBUG org.apache.http.wire -  << "HTTP/1.1 200 OK[\r][\n]"
19:48:02.111 [main] DEBUG org.apache.http.wire -  << "Date: Mon, 17 Apr 2023 12:48:01 GMT[\r][\n]"
19:48:02.111 [main] DEBUG org.apache.http.wire -  << "Content-Type: application/json; charset=utf-8[\r][\n]"
19:48:02.111 [main] DEBUG org.apache.http.wire -  << "Content-Length: 2[\r][\n]"
19:48:02.111 [main] DEBUG org.apache.http.wire -  << "Connection: keep-alive[\r][\n]"
19:48:02.111 [main] DEBUG org.apache.http.wire -  << "Access-Control-Allow-Origin: *[\r][\n]"
19:48:02.111 [main] DEBUG org.apache.http.wire -  << "Etag: W/"2-l9Fw4VUO7kr8CvBlt4zaMCqXZ0w"[\r][\n]"
19:48:02.111 [main] DEBUG org.apache.http.wire -  << "X-Powered-By: Express[\r][\n]"
19:48:02.111 [main] DEBUG org.apache.http.wire -  << "CF-Cache-Status: DYNAMIC[\r][\n]"
19:48:02.111 [main] DEBUG org.apache.http.wire -  << "Report-To: {"endpoints":[{"url":"https:\/\/a.nel.cloudflare.com\/report\/v3?s=6pqlJ5l6zGpKgQgSpZoA1F8vZ3KZ0%2FH9xlcTrmJ7wWDqScJiqyUMCkG5YCw1vxPIwFmWKIK37IjFDSdEAYHoukl%2BUMdkbPBxZha8Yr4%2F9bj9SzA%2BI%2BDC8zI5P%2BpklGAJ7evS"}],"group":"cf-nel","max_age":604800}[\r][\n]"
19:48:02.111 [main] DEBUG org.apache.http.wire -  << "NEL: {"success_fraction":0,"report_to":"cf-nel","max_age":604800}[\r][\n]"
19:48:02.111 [main] DEBUG org.apache.http.wire -  << "Server: cloudflare[\r][\n]"
19:48:02.111 [main] DEBUG org.apache.http.wire -  << "CF-RAY: 7b94c7920f5f4a17-SIN[\r][\n]"
19:48:02.111 [main] DEBUG org.apache.http.wire -  << "alt-svc: h3=":443"; ma=86400, h3-29=":443"; ma=86400[\r][\n]"
19:48:02.111 [main] DEBUG org.apache.http.wire -  << "[\r][\n]"
19:48:02.111 [main] DEBUG org.apache.http.impl.conn.DefaultClientConnection - Receiving response: HTTP/1.1 200 OK
19:48:02.111 [main] DEBUG org.apache.http.headers - << HTTP/1.1 200 OK
19:48:02.111 [main] DEBUG org.apache.http.headers - << Date: Mon, 17 Apr 2023 12:48:01 GMT
19:48:02.111 [main] DEBUG org.apache.http.headers - << Content-Type: application/json; charset=utf-8
19:48:02.111 [main] DEBUG org.apache.http.headers - << Content-Length: 2
19:48:02.111 [main] DEBUG org.apache.http.headers - << Connection: keep-alive
19:48:02.111 [main] DEBUG org.apache.http.headers - << Access-Control-Allow-Origin: *
19:48:02.111 [main] DEBUG org.apache.http.headers - << Etag: W/"2-l9Fw4VUO7kr8CvBlt4zaMCqXZ0w"
19:48:02.111 [main] DEBUG org.apache.http.headers - << X-Powered-By: Express
19:48:02.111 [main] DEBUG org.apache.http.headers - << CF-Cache-Status: DYNAMIC
19:48:02.111 [main] DEBUG org.apache.http.headers - << Report-To: {"endpoints":[{"url":"https:\/\/a.nel.cloudflare.com\/report\/v3?s=6pqlJ5l6zGpKgQgSpZoA1F8vZ3KZ0%2FH9xlcTrmJ7wWDqScJiqyUMCkG5YCw1vxPIwFmWKIK37IjFDSdEAYHoukl%2BUMdkbPBxZha8Yr4%2F9bj9SzA%2BI%2BDC8zI5P%2BpklGAJ7evS"}],"group":"cf-nel","max_age":604800}
19:48:02.111 [main] DEBUG org.apache.http.headers - << NEL: {"success_fraction":0,"report_to":"cf-nel","max_age":604800}
19:48:02.111 [main] DEBUG org.apache.http.headers - << Server: cloudflare
19:48:02.111 [main] DEBUG org.apache.http.headers - << CF-RAY: 7b94c7920f5f4a17-SIN
19:48:02.111 [main] DEBUG org.apache.http.headers - << alt-svc: h3=":443"; ma=86400, h3-29=":443"; ma=86400
19:48:02.111 [main] DEBUG org.apache.http.impl.client.DefaultHttpClient - Connection can be kept alive indefinitely
19:48:02.112 [main] DEBUG io.restassured.internal.RestAssuredHttpBuilder - Parsing response as: application/json; charset=utf-8
19:48:02.112 [main] DEBUG io.restassured.internal.RestAssuredHttpBuilder - Parsed data to instance of: class org.apache.http.conn.EofSensorInputStream
19:48:02.113 [main] DEBUG org.apache.http.wire -  << "[]"
19:48:02.113 [main] DEBUG org.apache.http.impl.conn.BasicClientConnectionManager - Releasing connection org.apache.http.impl.conn.ManagedClientConnectionImpl@57f89680
19:48:02.113 [main] DEBUG org.apache.http.impl.conn.BasicClientConnectionManager - Connection can be kept alive indefinitely
  &amp#27;[32mGiven &amp#27;[0m&amp#27;[32mI send a GET request to categories jewelery invalid&amp#27;[0m &amp#27;[90m# starter.stepdefinitions.UserSteps.sendGetCategoriesInvalid()&amp#27;[0m
  &amp#27;[32mWhen &amp#27;[0m&amp#27;[32mthe response status code should be &amp#27;[0m&amp#27;[32m&amp#27;[1m200&amp#27;[0m               &amp#27;[90m# starter.stepdefinitions.UserSteps.responseCode(java.lang.Integer)&amp#27;[0m
19:48:02.117 [main] INFO  - 
  _____   ___   ___   _____     ___     _     ___   ___   ___   ___  
 |_   _| | __| / __| |_   _|   | _ \   /_\   / __| / __| | __| |   \ 
   | |   | _|  \__ \   | |     |  _/  / _ \  \__ \ \__ \ | _|  | |) |
   |_|   |___| |___/   |_|     |_|   /_/ \_\ |___/ |___/ |___| |___/ 

Get in invalid product categories
----------------------------------------------------------------------
]]></system-out>
  </testcase>
  <testcase name="Add a new product to the database" classname="RestFull API Test" time="2.395">
    <system-out><![CDATA[
Scenario: Add a new product to the database                                                                                                                   &amp#27;[90m# src/test/resources/api/user.feature:66&amp#27;[0m
19:48:02.124 [main] INFO io.cucumber.core.plugin.SerenityReporter - Running feature from file:///D:/KULIAH/kmrdeka/Weekly2/src/test/resources/api/user.feature
19:48:02.124 [main] WARN io.cucumber.core.plugin.SerenityReporter - Feature from file:///D:/KULIAH/kmrdeka/Weekly2/src/test/resources/api/user.feature is not under the 'features' directory. Requirements report will not be correctly generated!
19:48:02.126 [main] INFO  - 
  _____   ___   ___   _____     ___   _____     _     ___   _____   ___   ___  
 |_   _| | __| / __| |_   _|   / __| |_   _|   /_\   | _ \ |_   _| | __| |   \ 
   | |   | _|  \__ \   | |     \__ \   | |    / _ \  |   /   | |   | _|  | |) |
   |_|   |___| |___/   |_|     |___/   |_|   /_/ \_\ |_|_\   |_|   |___| |___/ 

Add a new product to the database(restfull-api-test;add-a-new-product-to-the-database)
--------------------------------------------------------------------------------
19:48:02.147 [main] DEBUG org.apache.http.impl.conn.BasicClientConnectionManager - Get connection for route {s}->https://fakestoreapi.com:443
19:48:02.147 [main] DEBUG org.apache.http.impl.conn.DefaultClientConnectionOperator - Connecting to fakestoreapi.com:443
19:48:03.668 [main] DEBUG org.apache.http.client.protocol.RequestAddCookies - CookieSpec selected: ignoreCookies
19:48:03.668 [main] DEBUG org.apache.http.client.protocol.RequestAuthCache - Auth cache not set in the context
19:48:03.668 [main] DEBUG org.apache.http.client.protocol.RequestTargetAuthentication - Target auth state: UNCHALLENGED
19:48:03.668 [main] DEBUG org.apache.http.client.protocol.RequestProxyAuthentication - Proxy auth state: UNCHALLENGED
19:48:03.668 [main] DEBUG org.apache.http.impl.client.DefaultHttpClient - Attempt 1 to execute request
19:48:03.668 [main] DEBUG org.apache.http.impl.conn.DefaultClientConnection - Sending request: POST /products HTTP/1.1
19:48:03.668 [main] DEBUG org.apache.http.wire -  >> "POST /products HTTP/1.1[\r][\n]"
19:48:03.668 [main] DEBUG org.apache.http.wire -  >> "Accept: */*[\r][\n]"
19:48:03.668 [main] DEBUG org.apache.http.wire -  >> "Content-Type: application/json[\r][\n]"
19:48:03.668 [main] DEBUG org.apache.http.wire -  >> "Content-Length: 127[\r][\n]"
19:48:03.668 [main] DEBUG org.apache.http.wire -  >> "Host: fakestoreapi.com[\r][\n]"
19:48:03.668 [main] DEBUG org.apache.http.wire -  >> "Connection: Keep-Alive[\r][\n]"
19:48:03.668 [main] DEBUG org.apache.http.wire -  >> "User-Agent: Apache-HttpClient/4.5.13 (Java/19.0.2)[\r][\n]"
19:48:03.668 [main] DEBUG org.apache.http.wire -  >> "Accept-Encoding: gzip,deflate[\r][\n]"
19:48:03.668 [main] DEBUG org.apache.http.wire -  >> "[\r][\n]"
19:48:03.668 [main] DEBUG org.apache.http.headers - >> POST /products HTTP/1.1
19:48:03.668 [main] DEBUG org.apache.http.headers - >> Accept: */*
19:48:03.668 [main] DEBUG org.apache.http.headers - >> Content-Type: application/json
19:48:03.668 [main] DEBUG org.apache.http.headers - >> Content-Length: 127
19:48:03.668 [main] DEBUG org.apache.http.headers - >> Host: fakestoreapi.com
19:48:03.668 [main] DEBUG org.apache.http.headers - >> Connection: Keep-Alive
19:48:03.668 [main] DEBUG org.apache.http.headers - >> User-Agent: Apache-HttpClient/4.5.13 (Java/19.0.2)
19:48:03.668 [main] DEBUG org.apache.http.headers - >> Accept-Encoding: gzip,deflate
19:48:03.668 [main] DEBUG org.apache.http.wire -  >> "{"title":"test product","price":"13.5","description":"lorem ipsum set","image":"https://i.pravatar.cc","category":"electronic"}"
19:48:04.049 [main] DEBUG org.apache.http.wire -  << "HTTP/1.1 200 OK[\r][\n]"
19:48:04.050 [main] DEBUG org.apache.http.wire -  << "Date: Mon, 17 Apr 2023 12:48:03 GMT[\r][\n]"
19:48:04.050 [main] DEBUG org.apache.http.wire -  << "Content-Type: application/json; charset=utf-8[\r][\n]"
19:48:04.050 [main] DEBUG org.apache.http.wire -  << "Transfer-Encoding: chunked[\r][\n]"
19:48:04.050 [main] DEBUG org.apache.http.wire -  << "Connection: keep-alive[\r][\n]"
19:48:04.050 [main] DEBUG org.apache.http.wire -  << "Access-Control-Allow-Origin: *[\r][\n]"
19:48:04.050 [main] DEBUG org.apache.http.wire -  << "Etag: W/"87-iCArUmJTAA0ty57H7R6gAg8CRR8"[\r][\n]"
19:48:04.050 [main] DEBUG org.apache.http.wire -  << "X-Powered-By: Express[\r][\n]"
19:48:04.050 [main] DEBUG org.apache.http.wire -  << "CF-Cache-Status: DYNAMIC[\r][\n]"
19:48:04.050 [main] DEBUG org.apache.http.wire -  << "Report-To: {"endpoints":[{"url":"https:\/\/a.nel.cloudflare.com\/report\/v3?s=1W4BIyCQ7lqa5BpRLSyHvCZjp%2Bxf%2BSg1QOUaLPiFizmuIuCj5pA3V67ect7NWDrMtH2ZngvrLP2O7uz7zM0xUZoud47eRsS2O1KQex6P5PLqA93Utrm5mszjrH6HZejemskU"}],"group":"cf-nel","max_age":604800}[\r][\n]"
19:48:04.050 [main] DEBUG org.apache.http.wire -  << "NEL: {"success_fraction":0,"report_to":"cf-nel","max_age":604800}[\r][\n]"
19:48:04.050 [main] DEBUG org.apache.http.wire -  << "Server: cloudflare[\r][\n]"
19:48:04.050 [main] DEBUG org.apache.http.wire -  << "CF-RAY: 7b94c7b24882a198-SIN[\r][\n]"
19:48:04.050 [main] DEBUG org.apache.http.wire -  << "Content-Encoding: gzip[\r][\n]"
19:48:04.050 [main] DEBUG org.apache.http.wire -  << "alt-svc: h3=":443"; ma=86400, h3-29=":443"; ma=86400[\r][\n]"
19:48:04.050 [main] DEBUG org.apache.http.wire -  << "[\r][\n]"
19:48:04.050 [main] DEBUG org.apache.http.impl.conn.DefaultClientConnection - Receiving response: HTTP/1.1 200 OK
19:48:04.050 [main] DEBUG org.apache.http.headers - << HTTP/1.1 200 OK
19:48:04.050 [main] DEBUG org.apache.http.headers - << Date: Mon, 17 Apr 2023 12:48:03 GMT
19:48:04.050 [main] DEBUG org.apache.http.headers - << Content-Type: application/json; charset=utf-8
19:48:04.050 [main] DEBUG org.apache.http.headers - << Transfer-Encoding: chunked
19:48:04.050 [main] DEBUG org.apache.http.headers - << Connection: keep-alive
19:48:04.050 [main] DEBUG org.apache.http.headers - << Access-Control-Allow-Origin: *
19:48:04.050 [main] DEBUG org.apache.http.headers - << Etag: W/"87-iCArUmJTAA0ty57H7R6gAg8CRR8"
19:48:04.050 [main] DEBUG org.apache.http.headers - << X-Powered-By: Express
19:48:04.050 [main] DEBUG org.apache.http.headers - << CF-Cache-Status: DYNAMIC
19:48:04.050 [main] DEBUG org.apache.http.headers - << Report-To: {"endpoints":[{"url":"https:\/\/a.nel.cloudflare.com\/report\/v3?s=1W4BIyCQ7lqa5BpRLSyHvCZjp%2Bxf%2BSg1QOUaLPiFizmuIuCj5pA3V67ect7NWDrMtH2ZngvrLP2O7uz7zM0xUZoud47eRsS2O1KQex6P5PLqA93Utrm5mszjrH6HZejemskU"}],"group":"cf-nel","max_age":604800}
19:48:04.050 [main] DEBUG org.apache.http.headers - << NEL: {"success_fraction":0,"report_to":"cf-nel","max_age":604800}
19:48:04.050 [main] DEBUG org.apache.http.headers - << Server: cloudflare
19:48:04.050 [main] DEBUG org.apache.http.headers - << CF-RAY: 7b94c7b24882a198-SIN
19:48:04.050 [main] DEBUG org.apache.http.headers - << Content-Encoding: gzip
19:48:04.050 [main] DEBUG org.apache.http.headers - << alt-svc: h3=":443"; ma=86400, h3-29=":443"; ma=86400
19:48:04.051 [main] DEBUG org.apache.http.impl.client.DefaultHttpClient - Connection can be kept alive indefinitely
19:48:04.052 [main] DEBUG io.restassured.internal.RestAssuredHttpBuilder - Parsing response as: application/json; charset=utf-8
19:48:04.052 [main] DEBUG org.apache.http.wire -  << "83[\r][\n]"
19:48:04.052 [main] DEBUG org.apache.http.wire -  << "[0x1f][0x8b][0x8][0x0][0x0][0x0][0x0][0x0][0x0][0x3][0x14][0xca]A[\n]"
19:48:04.052 [main] DEBUG org.apache.http.wire -  << "[0x3]![0xc][0x5][0xd0][0xab][0xc8]_[0x8b][0xc3][0xb4]t[0xe3]m$[0x86][0x99][0x80][0x8e]!f[\n]"
19:48:04.052 [main] DEBUG org.apache.http.wire -  << "[0xa5][0xf4][0xee][0xc5][0xed][0xe3]}![0x15][0xf9][0xb1]G[0xb8]xcd8O[0xf]j[0xa3][0xde][0xe4][0x88]P[0x13]Z[0xbc]?[0xd3][0xb][0x11][0x95]'[0x99][0xa8][0xcb][0xb8][0x90][0xd1][0x86]q[0xf][0xa2][0xf3][0xee]a[0xf2][0xea][0xd2][0xcb][0xb1][0xfa][0xe9][0xae]3o[0x9b]$[0xb5][0xf2].^,[0x11]![0x82][0x8a][0xf3]1[0xec][0x83][0xc]nLn[0xe3][0x12][0xc2][0xef][0xf][0x0][0x0][0xff][0xff][0x3][0x0][0x82]G[0xf6]u[0x87][0x0][0x0][0x0]"
19:48:04.052 [main] DEBUG org.apache.http.wire -  << "[\r][\n]"
19:48:04.428 [main] DEBUG org.apache.http.wire -  << "0[\r][\n]"
19:48:04.429 [main] DEBUG org.apache.http.wire -  << "[\r][\n]"
19:48:04.429 [main] DEBUG io.restassured.internal.RestAssuredHttpBuilder - Parsed data to instance of: class org.apache.http.conn.EofSensorInputStream
19:48:04.430 [main] DEBUG org.apache.http.impl.conn.BasicClientConnectionManager - Releasing connection org.apache.http.impl.conn.ManagedClientConnectionImpl@41cf4272
19:48:04.430 [main] DEBUG org.apache.http.impl.conn.BasicClientConnectionManager - Connection can be kept alive indefinitely
  &amp#27;[32mGiven &amp#27;[0m&amp#27;[32mI have a new product with title &amp#27;[0m&amp#27;[32m&amp#27;[1m"test product"&amp#27;[0m&amp#27;[32m, price &amp#27;[0m&amp#27;[32m&amp#27;[1m"13.5"&amp#27;[0m&amp#27;[32m, description &amp#27;[0m&amp#27;[32m&amp#27;[1m"lorem ipsum set"&amp#27;[0m&amp#27;[32m, image &amp#27;[0m&amp#27;[32m&amp#27;[1m"https://i.pravatar.cc"&amp#27;[0m&amp#27;[32m, and category &amp#27;[0m&amp#27;[32m&amp#27;[1m"electronic"&amp#27;[0m &amp#27;[90m# starter.stepdefinitions.UserSteps.newProduct(java.lang.String,java.lang.String,java.lang.String,java.lang.String,java.lang.String)&amp#27;[0m
HTTP/1.1 200 OK
Date: Mon, 17 Apr 2023 12:48:03 GMT
Content-Type: application/json; charset=utf-8
Transfer-Encoding: chunked
Connection: keep-alive
Access-Control-Allow-Origin: *
Etag: W/"87-iCArUmJTAA0ty57H7R6gAg8CRR8"
X-Powered-By: Express
CF-Cache-Status: DYNAMIC
Report-To: {"endpoints":[{"url":"https:\/\/a.nel.cloudflare.com\/report\/v3?s=1W4BIyCQ7lqa5BpRLSyHvCZjp%2Bxf%2BSg1QOUaLPiFizmuIuCj5pA3V67ect7NWDrMtH2ZngvrLP2O7uz7zM0xUZoud47eRsS2O1KQex6P5PLqA93Utrm5mszjrH6HZejemskU"}],"group":"cf-nel","max_age":604800}
NEL: {"success_fraction":0,"report_to":"cf-nel","max_age":604800}
Server: cloudflare
CF-RAY: 7b94c7b24882a198-SIN
Content-Encoding: gzip
alt-svc: h3=":443"; ma=86400, h3-29=":443"; ma=86400

{
    "id": 21,
    "title": "test product",
    "price": "13.5",
    "description": "lorem ipsum set",
    "image": "https://i.pravatar.cc",
    "category": "electronic"
}
  &amp#27;[32mWhen &amp#27;[0m&amp#27;[32mI add the new product&amp#27;[0m                                                                                                                                  &amp#27;[90m# starter.stepdefinitions.UserSteps.addNewProduct()&amp#27;[0m
  &amp#27;[32mThen &amp#27;[0m&amp#27;[32mthe response status code should be &amp#27;[0m&amp#27;[32m&amp#27;[1m200&amp#27;[0m                                                                                                                 &amp#27;[90m# starter.stepdefinitions.UserSteps.responseCode(java.lang.Integer)&amp#27;[0m
HTTP/1.1 200 OK
Date: Mon, 17 Apr 2023 12:48:03 GMT
Content-Type: application/json; charset=utf-8
Transfer-Encoding: chunked
Connection: keep-alive
Access-Control-Allow-Origin: *
Etag: W/"87-iCArUmJTAA0ty57H7R6gAg8CRR8"
X-Powered-By: Express
CF-Cache-Status: DYNAMIC
Report-To: {"endpoints":[{"url":"https:\/\/a.nel.cloudflare.com\/report\/v3?s=1W4BIyCQ7lqa5BpRLSyHvCZjp%2Bxf%2BSg1QOUaLPiFizmuIuCj5pA3V67ect7NWDrMtH2ZngvrLP2O7uz7zM0xUZoud47eRsS2O1KQex6P5PLqA93Utrm5mszjrH6HZejemskU"}],"group":"cf-nel","max_age":604800}
NEL: {"success_fraction":0,"report_to":"cf-nel","max_age":604800}
Server: cloudflare
CF-RAY: 7b94c7b24882a198-SIN
Content-Encoding: gzip
alt-svc: h3=":443"; ma=86400, h3-29=":443"; ma=86400

{
    "id": 21,
    "title": "test product",
    "price": "13.5",
    "description": "lorem ipsum set",
    "image": "https://i.pravatar.cc",
    "category": "electronic"
}
  &amp#27;[32mAnd &amp#27;[0m&amp#27;[32mthe response should contain the new product data&amp#27;[0m                                                                                                        &amp#27;[90m# starter.stepdefinitions.UserSteps.responseNewProductData()&amp#27;[0m
19:48:04.512 [main] INFO  - 
  _____   ___   ___   _____     ___     _     ___   ___   ___   ___  
 |_   _| | __| / __| |_   _|   | _ \   /_\   / __| / __| | __| |   \ 
   | |   | _|  \__ \   | |     |  _/  / _ \  \__ \ \__ \ | _|  | |) |
   |_|   |___| |___/   |_|     |_|   /_/ \_\ |___/ |___/ |___| |___/ 

Add a new product to the database
----------------------------------------------------------------------
]]></system-out>
  </testcase>
  <testcase name="Add a new product to the database with invalid data" classname="RestFull API Test" time="0.572">
    <system-out><![CDATA[
Scenario: Add a new product to the database with invalid data                                                                                                &amp#27;[90m# src/test/resources/api/user.feature:72&amp#27;[0m
19:48:04.518 [main] INFO io.cucumber.core.plugin.SerenityReporter - Running feature from file:///D:/KULIAH/kmrdeka/Weekly2/src/test/resources/api/user.feature
19:48:04.518 [main] WARN io.cucumber.core.plugin.SerenityReporter - Feature from file:///D:/KULIAH/kmrdeka/Weekly2/src/test/resources/api/user.feature is not under the 'features' directory. Requirements report will not be correctly generated!
19:48:04.520 [main] INFO  - 
  _____   ___   ___   _____     ___   _____     _     ___   _____   ___   ___  
 |_   _| | __| / __| |_   _|   / __| |_   _|   /_\   | _ \ |_   _| | __| |   \ 
   | |   | _|  \__ \   | |     \__ \   | |    / _ \  |   /   | |   | _|  | |) |
   |_|   |___| |___/   |_|     |___/   |_|   /_/ \_\ |_|_\   |_|   |___| |___/ 

Add a new product to the database with invalid data(restfull-api-test;add-a-new-product-to-the-database-with-invalid-data)
--------------------------------------------------------------------------------
19:48:04.550 [main] DEBUG org.apache.http.impl.conn.BasicClientConnectionManager - Get connection for route {s}->https://fakestoreapi.com:443
19:48:04.550 [main] DEBUG org.apache.http.impl.conn.DefaultClientConnectionOperator - Connecting to fakestoreapi.com:443
19:48:04.628 [main] DEBUG org.apache.http.client.protocol.RequestAddCookies - CookieSpec selected: ignoreCookies
19:48:04.628 [main] DEBUG org.apache.http.client.protocol.RequestAuthCache - Auth cache not set in the context
19:48:04.628 [main] DEBUG org.apache.http.client.protocol.RequestTargetAuthentication - Target auth state: UNCHALLENGED
19:48:04.628 [main] DEBUG org.apache.http.client.protocol.RequestProxyAuthentication - Proxy auth state: UNCHALLENGED
19:48:04.628 [main] DEBUG org.apache.http.impl.client.DefaultHttpClient - Attempt 1 to execute request
19:48:04.628 [main] DEBUG org.apache.http.impl.conn.DefaultClientConnection - Sending request: POST /products HTTP/1.1
19:48:04.628 [main] DEBUG org.apache.http.wire -  >> "POST /products HTTP/1.1[\r][\n]"
19:48:04.628 [main] DEBUG org.apache.http.wire -  >> "Accept: */*[\r][\n]"
19:48:04.628 [main] DEBUG org.apache.http.wire -  >> "Content-Type: application/json[\r][\n]"
19:48:04.628 [main] DEBUG org.apache.http.wire -  >> "Content-Length: 126[\r][\n]"
19:48:04.628 [main] DEBUG org.apache.http.wire -  >> "Host: fakestoreapi.com[\r][\n]"
19:48:04.628 [main] DEBUG org.apache.http.wire -  >> "Connection: Keep-Alive[\r][\n]"
19:48:04.628 [main] DEBUG org.apache.http.wire -  >> "User-Agent: Apache-HttpClient/4.5.13 (Java/19.0.2)[\r][\n]"
19:48:04.628 [main] DEBUG org.apache.http.wire -  >> "Accept-Encoding: gzip,deflate[\r][\n]"
19:48:04.628 [main] DEBUG org.apache.http.wire -  >> "[\r][\n]"
19:48:04.628 [main] DEBUG org.apache.http.headers - >> POST /products HTTP/1.1
19:48:04.628 [main] DEBUG org.apache.http.headers - >> Accept: */*
19:48:04.628 [main] DEBUG org.apache.http.headers - >> Content-Type: application/json
19:48:04.628 [main] DEBUG org.apache.http.headers - >> Content-Length: 126
19:48:04.628 [main] DEBUG org.apache.http.headers - >> Host: fakestoreapi.com
19:48:04.628 [main] DEBUG org.apache.http.headers - >> Connection: Keep-Alive
19:48:04.628 [main] DEBUG org.apache.http.headers - >> User-Agent: Apache-HttpClient/4.5.13 (Java/19.0.2)
19:48:04.628 [main] DEBUG org.apache.http.headers - >> Accept-Encoding: gzip,deflate
19:48:04.628 [main] DEBUG org.apache.http.wire -  >> "{"title":"test product","price":"@#$","description":"lorem ipsum set","image":"https://i.pravatar.cc","category":"electronic"}"
19:48:04.992 [main] DEBUG org.apache.http.wire -  << "HTTP/1.1 200 OK[\r][\n]"
19:48:04.992 [main] DEBUG org.apache.http.wire -  << "Date: Mon, 17 Apr 2023 12:48:04 GMT[\r][\n]"
19:48:04.992 [main] DEBUG org.apache.http.wire -  << "Content-Type: application/json; charset=utf-8[\r][\n]"
19:48:04.992 [main] DEBUG org.apache.http.wire -  << "Transfer-Encoding: chunked[\r][\n]"
19:48:04.992 [main] DEBUG org.apache.http.wire -  << "Connection: keep-alive[\r][\n]"
19:48:04.992 [main] DEBUG org.apache.http.wire -  << "Access-Control-Allow-Origin: *[\r][\n]"
19:48:04.992 [main] DEBUG org.apache.http.wire -  << "Etag: W/"86-FP7bNCeUi6v1Ko64YilN8rHg4/o"[\r][\n]"
19:48:04.992 [main] DEBUG org.apache.http.wire -  << "X-Powered-By: Express[\r][\n]"
19:48:04.992 [main] DEBUG org.apache.http.wire -  << "CF-Cache-Status: DYNAMIC[\r][\n]"
19:48:04.992 [main] DEBUG org.apache.http.wire -  << "Report-To: {"endpoints":[{"url":"https:\/\/a.nel.cloudflare.com\/report\/v3?s=7IeKP4dxGylOH1b18cAWUHJiuLWC1mabLvByZk7fg8WYrJkvpnZtCCCRsoMRqX%2FGSrjtlgNbjxuGRfVJOUndYZR%2F%2FY0rSRP%2FwOcGyP5Ay%2F1WaWewMkIannEzVrUv74b6bRMf"}],"group":"cf-nel","max_age":604800}[\r][\n]"
19:48:04.992 [main] DEBUG org.apache.http.wire -  << "NEL: {"success_fraction":0,"report_to":"cf-nel","max_age":604800}[\r][\n]"
19:48:04.992 [main] DEBUG org.apache.http.wire -  << "Server: cloudflare[\r][\n]"
19:48:04.992 [main] DEBUG org.apache.http.wire -  << "CF-RAY: 7b94c7b8496b3f9f-SIN[\r][\n]"
19:48:04.992 [main] DEBUG org.apache.http.wire -  << "Content-Encoding: gzip[\r][\n]"
19:48:04.992 [main] DEBUG org.apache.http.wire -  << "alt-svc: h3=":443"; ma=86400, h3-29=":443"; ma=86400[\r][\n]"
19:48:04.992 [main] DEBUG org.apache.http.wire -  << "[\r][\n]"
19:48:04.992 [main] DEBUG org.apache.http.impl.conn.DefaultClientConnection - Receiving response: HTTP/1.1 200 OK
19:48:04.992 [main] DEBUG org.apache.http.headers - << HTTP/1.1 200 OK
19:48:04.992 [main] DEBUG org.apache.http.headers - << Date: Mon, 17 Apr 2023 12:48:04 GMT
19:48:04.992 [main] DEBUG org.apache.http.headers - << Content-Type: application/json; charset=utf-8
19:48:04.992 [main] DEBUG org.apache.http.headers - << Transfer-Encoding: chunked
19:48:04.992 [main] DEBUG org.apache.http.headers - << Connection: keep-alive
19:48:04.992 [main] DEBUG org.apache.http.headers - << Access-Control-Allow-Origin: *
19:48:04.992 [main] DEBUG org.apache.http.headers - << Etag: W/"86-FP7bNCeUi6v1Ko64YilN8rHg4/o"
19:48:04.992 [main] DEBUG org.apache.http.headers - << X-Powered-By: Express
19:48:04.992 [main] DEBUG org.apache.http.headers - << CF-Cache-Status: DYNAMIC
19:48:04.992 [main] DEBUG org.apache.http.headers - << Report-To: {"endpoints":[{"url":"https:\/\/a.nel.cloudflare.com\/report\/v3?s=7IeKP4dxGylOH1b18cAWUHJiuLWC1mabLvByZk7fg8WYrJkvpnZtCCCRsoMRqX%2FGSrjtlgNbjxuGRfVJOUndYZR%2F%2FY0rSRP%2FwOcGyP5Ay%2F1WaWewMkIannEzVrUv74b6bRMf"}],"group":"cf-nel","max_age":604800}
19:48:04.992 [main] DEBUG org.apache.http.headers - << NEL: {"success_fraction":0,"report_to":"cf-nel","max_age":604800}
19:48:04.992 [main] DEBUG org.apache.http.headers - << Server: cloudflare
19:48:04.992 [main] DEBUG org.apache.http.headers - << CF-RAY: 7b94c7b8496b3f9f-SIN
19:48:04.992 [main] DEBUG org.apache.http.headers - << Content-Encoding: gzip
19:48:04.992 [main] DEBUG org.apache.http.headers - << alt-svc: h3=":443"; ma=86400, h3-29=":443"; ma=86400
19:48:04.993 [main] DEBUG org.apache.http.impl.client.DefaultHttpClient - Connection can be kept alive indefinitely
19:48:04.993 [main] DEBUG io.restassured.internal.RestAssuredHttpBuilder - Parsing response as: application/json; charset=utf-8
19:48:04.993 [main] DEBUG org.apache.http.wire -  << "84[\r][\n]"
19:48:04.993 [main] DEBUG org.apache.http.wire -  << "[0x1f][0x8b][0x8][0x0][0x0][0x0][0x0][0x0][0x0][0x3][0x14][0xca]1[\n]"
19:48:04.993 [main] DEBUG org.apache.http.wire -  << "[0xc3]0[0xc][0x5][0xd0][0xab][0x98][0xdf][0x8e]&[0xa1][0x1d]=[0xe5]*F[0x16][0xa9][0xc0][0x8e][0x85][0xac][0x4]J[0xe9][0xdd][0x83][0xd7][0xc7][0xfb]A[\n]"
19:48:04.993 [main] DEBUG org.apache.http.wire -  << "[0xd2][0xfb][0x15][0xe1][0xe2][0x95][0x91][0xe0]<<[0xa8][0xf5]r[0x92]#BMh[0xf2][0xf6]x"[0xa2][0xf0] [0x13]u[0xe9][0x7][0x12]j7nAt[0x9c]-[0xc][0x9e][Z[0xde][0xe7][0xfe][0xb8][0xeb]H[0xeb]*[0x8b]Z[0xbe][0xb2]g[[0x88][0x10]A[0xd9]y[0xef][0xf6]E[0x2]W&[0xb7]~[0x8][0xe1][0x3][0x0][0x0][0xff][0xff][0x3][0x0][0x98]'zk[0x86][0x0][0x0][0x0]"
19:48:04.993 [main] DEBUG org.apache.http.wire -  << "[\r][\n]"
19:48:04.993 [main] DEBUG org.apache.http.wire -  << "0[\r][\n]"
19:48:04.993 [main] DEBUG org.apache.http.wire -  << "[\r][\n]"
19:48:04.993 [main] DEBUG io.restassured.internal.RestAssuredHttpBuilder - Parsed data to instance of: class org.apache.http.conn.EofSensorInputStream
19:48:04.995 [main] DEBUG org.apache.http.impl.conn.BasicClientConnectionManager - Releasing connection org.apache.http.impl.conn.ManagedClientConnectionImpl@4d71ec5b
19:48:04.995 [main] DEBUG org.apache.http.impl.conn.BasicClientConnectionManager - Connection can be kept alive indefinitely
  &amp#27;[32mGiven &amp#27;[0m&amp#27;[32mI have a new product with title &amp#27;[0m&amp#27;[32m&amp#27;[1m"test product"&amp#27;[0m&amp#27;[32m, price &amp#27;[0m&amp#27;[32m&amp#27;[1m"@#$"&amp#27;[0m&amp#27;[32m, description &amp#27;[0m&amp#27;[32m&amp#27;[1m"lorem ipsum set"&amp#27;[0m&amp#27;[32m, image &amp#27;[0m&amp#27;[32m&amp#27;[1m"https://i.pravatar.cc"&amp#27;[0m&amp#27;[32m, and category &amp#27;[0m&amp#27;[32m&amp#27;[1m"electronic"&amp#27;[0m &amp#27;[90m# starter.stepdefinitions.UserSteps.newProduct(java.lang.String,java.lang.String,java.lang.String,java.lang.String,java.lang.String)&amp#27;[0m
19:48:05.001 [Finalizer] DEBUG org.apache.http.impl.conn.DefaultClientConnection - Connection 0.0.0.0:61219<->104.21.3.149:443 closed
19:48:05.001 [Finalizer] DEBUG org.apache.http.impl.conn.DefaultClientConnection - Connection 0.0.0.0:61220<->104.21.3.149:443 closed
19:48:05.001 [Finalizer] DEBUG org.apache.http.impl.conn.DefaultClientConnection - Connection 0.0.0.0:61221<->104.21.3.149:443 closed
19:48:05.002 [Finalizer] DEBUG org.apache.http.impl.conn.DefaultClientConnection - Connection 0.0.0.0:61213<->104.21.3.149:443 closed
19:48:05.002 [Finalizer] DEBUG org.apache.http.impl.conn.DefaultClientConnection - Connection 0.0.0.0:61214<->104.21.3.149:443 closed
19:48:05.002 [Finalizer] DEBUG org.apache.http.impl.conn.DefaultClientConnection - Connection 0.0.0.0:61215<->104.21.3.149:443 closed
19:48:05.002 [Finalizer] DEBUG org.apache.http.impl.conn.DefaultClientConnection - Connection 0.0.0.0:61216<->104.21.3.149:443 closed
19:48:05.002 [Finalizer] DEBUG org.apache.http.impl.conn.DefaultClientConnection - Connection 0.0.0.0:61217<->104.21.3.149:443 closed
19:48:05.003 [Finalizer] DEBUG org.apache.http.impl.conn.DefaultClientConnection - Connection 0.0.0.0:61218<->104.21.3.149:443 closed
HTTP/1.1 200 OK
Date: Mon, 17 Apr 2023 12:48:04 GMT
Content-Type: application/json; charset=utf-8
Transfer-Encoding: chunked
Connection: keep-alive
Access-Control-Allow-Origin: *
Etag: W/"86-FP7bNCeUi6v1Ko64YilN8rHg4/o"
X-Powered-By: Express
CF-Cache-Status: DYNAMIC
Report-To: {"endpoints":[{"url":"https:\/\/a.nel.cloudflare.com\/report\/v3?s=7IeKP4dxGylOH1b18cAWUHJiuLWC1mabLvByZk7fg8WYrJkvpnZtCCCRsoMRqX%2FGSrjtlgNbjxuGRfVJOUndYZR%2F%2FY0rSRP%2FwOcGyP5Ay%2F1WaWewMkIannEzVrUv74b6bRMf"}],"group":"cf-nel","max_age":604800}
NEL: {"success_fraction":0,"report_to":"cf-nel","max_age":604800}
Server: cloudflare
CF-RAY: 7b94c7b8496b3f9f-SIN
Content-Encoding: gzip
alt-svc: h3=":443"; ma=86400, h3-29=":443"; ma=86400

{
    "id": 21,
    "title": "test product",
    "price": "@#$",
    "description": "lorem ipsum set",
    "image": "https://i.pravatar.cc",
    "category": "electronic"
}
  &amp#27;[32mWhen &amp#27;[0m&amp#27;[32mI add the new product&amp#27;[0m                                                                                                                                 &amp#27;[90m# starter.stepdefinitions.UserSteps.addNewProduct()&amp#27;[0m
  &amp#27;[32mThen &amp#27;[0m&amp#27;[32mthe response status code should be &amp#27;[0m&amp#27;[32m&amp#27;[1m200&amp#27;[0m                                                                                                                &amp#27;[90m# starter.stepdefinitions.UserSteps.responseCode(java.lang.Integer)&amp#27;[0m
HTTP/1.1 200 OK
Date: Mon, 17 Apr 2023 12:48:04 GMT
Content-Type: application/json; charset=utf-8
Transfer-Encoding: chunked
Connection: keep-alive
Access-Control-Allow-Origin: *
Etag: W/"86-FP7bNCeUi6v1Ko64YilN8rHg4/o"
X-Powered-By: Express
CF-Cache-Status: DYNAMIC
Report-To: {"endpoints":[{"url":"https:\/\/a.nel.cloudflare.com\/report\/v3?s=7IeKP4dxGylOH1b18cAWUHJiuLWC1mabLvByZk7fg8WYrJkvpnZtCCCRsoMRqX%2FGSrjtlgNbjxuGRfVJOUndYZR%2F%2FY0rSRP%2FwOcGyP5Ay%2F1WaWewMkIannEzVrUv74b6bRMf"}],"group":"cf-nel","max_age":604800}
NEL: {"success_fraction":0,"report_to":"cf-nel","max_age":604800}
Server: cloudflare
CF-RAY: 7b94c7b8496b3f9f-SIN
Content-Encoding: gzip
alt-svc: h3=":443"; ma=86400, h3-29=":443"; ma=86400

{
    "id": 21,
    "title": "test product",
    "price": "@#$",
    "description": "lorem ipsum set",
    "image": "https://i.pravatar.cc",
    "category": "electronic"
}
  &amp#27;[32mAnd &amp#27;[0m&amp#27;[32mthe response should contain the new product data&amp#27;[0m                                                                                                       &amp#27;[90m# starter.stepdefinitions.UserSteps.responseNewProductData()&amp#27;[0m
19:48:05.085 [main] INFO  - 
  _____   ___   ___   _____     ___     _     ___   ___   ___   ___  
 |_   _| | __| / __| |_   _|   | _ \   /_\   / __| / __| | __| |   \ 
   | |   | _|  \__ \   | |     |  _/  / _ \  \__ \ \__ \ | _|  | |) |
   |_|   |___| |___/   |_|     |_|   /_/ \_\ |___/ |___/ |___| |___/ 

Add a new product to the database with invalid data
----------------------------------------------------------------------
]]></system-out>
  </testcase>
  <testcase name="Update product with valid data" classname="RestFull API Test" time="0.516">
    <system-out><![CDATA[
Scenario: Update product with valid data                          &amp#27;[90m# src/test/resources/api/user.feature:78&amp#27;[0m
19:48:05.092 [main] INFO io.cucumber.core.plugin.SerenityReporter - Running feature from file:///D:/KULIAH/kmrdeka/Weekly2/src/test/resources/api/user.feature
19:48:05.092 [main] WARN io.cucumber.core.plugin.SerenityReporter - Feature from file:///D:/KULIAH/kmrdeka/Weekly2/src/test/resources/api/user.feature is not under the 'features' directory. Requirements report will not be correctly generated!
19:48:05.095 [main] INFO  - 
  _____   ___   ___   _____     ___   _____     _     ___   _____   ___   ___  
 |_   _| | __| / __| |_   _|   / __| |_   _|   /_\   | _ \ |_   _| | __| |   \ 
   | |   | _|  \__ \   | |     \__ \   | |    / _ \  |   /   | |   | _|  | |) |
   |_|   |___| |___/   |_|     |___/   |_|   /_/ \_\ |_|_\   |_|   |___| |___/ 

Update product with valid data(restfull-api-test;update-product-with-valid-data)
--------------------------------------------------------------------------------
  &amp#27;[32mGiven &amp#27;[0m&amp#27;[32mI have a product with id &amp#27;[0m&amp#27;[32m&amp#27;[1m7&amp#27;[0m                                &amp#27;[90m# starter.stepdefinitions.UserSteps.haveProductWithId(java.lang.Integer)&amp#27;[0m
19:48:05.128 [main] DEBUG org.apache.http.impl.conn.BasicClientConnectionManager - Get connection for route {s}->https://fakestoreapi.com:443
19:48:05.128 [main] DEBUG org.apache.http.impl.conn.DefaultClientConnectionOperator - Connecting to fakestoreapi.com:443
19:48:05.214 [main] DEBUG org.apache.http.client.protocol.RequestAddCookies - CookieSpec selected: ignoreCookies
19:48:05.214 [main] DEBUG org.apache.http.client.protocol.RequestAuthCache - Auth cache not set in the context
19:48:05.214 [main] DEBUG org.apache.http.client.protocol.RequestTargetAuthentication - Target auth state: UNCHALLENGED
19:48:05.214 [main] DEBUG org.apache.http.client.protocol.RequestProxyAuthentication - Proxy auth state: UNCHALLENGED
19:48:05.214 [main] DEBUG org.apache.http.impl.client.DefaultHttpClient - Attempt 1 to execute request
19:48:05.214 [main] DEBUG org.apache.http.impl.conn.DefaultClientConnection - Sending request: PUT /products/7 HTTP/1.1
19:48:05.214 [main] DEBUG org.apache.http.wire -  >> "PUT /products/7 HTTP/1.1[\r][\n]"
19:48:05.214 [main] DEBUG org.apache.http.wire -  >> "Accept: */*[\r][\n]"
19:48:05.214 [main] DEBUG org.apache.http.wire -  >> "Content-Type: application/json[\r][\n]"
19:48:05.214 [main] DEBUG org.apache.http.wire -  >> "Content-Length: 28[\r][\n]"
19:48:05.214 [main] DEBUG org.apache.http.wire -  >> "Host: fakestoreapi.com[\r][\n]"
19:48:05.214 [main] DEBUG org.apache.http.wire -  >> "Connection: Keep-Alive[\r][\n]"
19:48:05.214 [main] DEBUG org.apache.http.wire -  >> "User-Agent: Apache-HttpClient/4.5.13 (Java/19.0.2)[\r][\n]"
19:48:05.214 [main] DEBUG org.apache.http.wire -  >> "Accept-Encoding: gzip,deflate[\r][\n]"
19:48:05.214 [main] DEBUG org.apache.http.wire -  >> "[\r][\n]"
19:48:05.214 [main] DEBUG org.apache.http.headers - >> PUT /products/7 HTTP/1.1
19:48:05.214 [main] DEBUG org.apache.http.headers - >> Accept: */*
19:48:05.214 [main] DEBUG org.apache.http.headers - >> Content-Type: application/json
19:48:05.214 [main] DEBUG org.apache.http.headers - >> Content-Length: 28
19:48:05.214 [main] DEBUG org.apache.http.headers - >> Host: fakestoreapi.com
19:48:05.214 [main] DEBUG org.apache.http.headers - >> Connection: Keep-Alive
19:48:05.214 [main] DEBUG org.apache.http.headers - >> User-Agent: Apache-HttpClient/4.5.13 (Java/19.0.2)
19:48:05.214 [main] DEBUG org.apache.http.headers - >> Accept-Encoding: gzip,deflate
19:48:05.214 [main] DEBUG org.apache.http.wire -  >> "{"title":"New Product Name"}"
19:48:05.583 [main] DEBUG org.apache.http.wire -  << "HTTP/1.1 200 OK[\r][\n]"
19:48:05.583 [main] DEBUG org.apache.http.wire -  << "Date: Mon, 17 Apr 2023 12:48:04 GMT[\r][\n]"
19:48:05.583 [main] DEBUG org.apache.http.wire -  << "Content-Type: application/json; charset=utf-8[\r][\n]"
19:48:05.583 [main] DEBUG org.apache.http.wire -  << "Content-Length: 35[\r][\n]"
19:48:05.583 [main] DEBUG org.apache.http.wire -  << "Connection: keep-alive[\r][\n]"
19:48:05.583 [main] DEBUG org.apache.http.wire -  << "Access-Control-Allow-Origin: *[\r][\n]"
19:48:05.583 [main] DEBUG org.apache.http.wire -  << "Etag: W/"23-uCpe8WIh3Xt9a4gdJD8T4C9HOy0"[\r][\n]"
19:48:05.583 [main] DEBUG org.apache.http.wire -  << "X-Powered-By: Express[\r][\n]"
19:48:05.583 [main] DEBUG org.apache.http.wire -  << "CF-Cache-Status: DYNAMIC[\r][\n]"
19:48:05.583 [main] DEBUG org.apache.http.wire -  << "Report-To: {"endpoints":[{"url":"https:\/\/a.nel.cloudflare.com\/report\/v3?s=29OT5lNrcnTOloyevtzNtOoW1mvUKEwPqCKG4dGwSkoDFLla0tWfA8e1brqTmEFCvjlYQklmsDLF33spS1%2FgMH3AUvzK5GYYwiEwWh5XCPcUTKcvqV92sPBfUGA8HRrXCLiV"}],"group":"cf-nel","max_age":604800}[\r][\n]"
19:48:05.583 [main] DEBUG org.apache.http.wire -  << "NEL: {"success_fraction":0,"report_to":"cf-nel","max_age":604800}[\r][\n]"
19:48:05.583 [main] DEBUG org.apache.http.wire -  << "Server: cloudflare[\r][\n]"
19:48:05.583 [main] DEBUG org.apache.http.wire -  << "CF-RAY: 7b94c7bbffc64953-SIN[\r][\n]"
19:48:05.583 [main] DEBUG org.apache.http.wire -  << "alt-svc: h3=":443"; ma=86400, h3-29=":443"; ma=86400[\r][\n]"
19:48:05.583 [main] DEBUG org.apache.http.wire -  << "[\r][\n]"
19:48:05.583 [main] DEBUG org.apache.http.impl.conn.DefaultClientConnection - Receiving response: HTTP/1.1 200 OK
19:48:05.583 [main] DEBUG org.apache.http.headers - << HTTP/1.1 200 OK
19:48:05.583 [main] DEBUG org.apache.http.headers - << Date: Mon, 17 Apr 2023 12:48:04 GMT
19:48:05.583 [main] DEBUG org.apache.http.headers - << Content-Type: application/json; charset=utf-8
19:48:05.583 [main] DEBUG org.apache.http.headers - << Content-Length: 35
19:48:05.583 [main] DEBUG org.apache.http.headers - << Connection: keep-alive
19:48:05.583 [main] DEBUG org.apache.http.headers - << Access-Control-Allow-Origin: *
19:48:05.583 [main] DEBUG org.apache.http.headers - << Etag: W/"23-uCpe8WIh3Xt9a4gdJD8T4C9HOy0"
19:48:05.583 [main] DEBUG org.apache.http.headers - << X-Powered-By: Express
19:48:05.583 [main] DEBUG org.apache.http.headers - << CF-Cache-Status: DYNAMIC
19:48:05.583 [main] DEBUG org.apache.http.headers - << Report-To: {"endpoints":[{"url":"https:\/\/a.nel.cloudflare.com\/report\/v3?s=29OT5lNrcnTOloyevtzNtOoW1mvUKEwPqCKG4dGwSkoDFLla0tWfA8e1brqTmEFCvjlYQklmsDLF33spS1%2FgMH3AUvzK5GYYwiEwWh5XCPcUTKcvqV92sPBfUGA8HRrXCLiV"}],"group":"cf-nel","max_age":604800}
19:48:05.583 [main] DEBUG org.apache.http.headers - << NEL: {"success_fraction":0,"report_to":"cf-nel","max_age":604800}
19:48:05.583 [main] DEBUG org.apache.http.headers - << Server: cloudflare
19:48:05.583 [main] DEBUG org.apache.http.headers - << CF-RAY: 7b94c7bbffc64953-SIN
19:48:05.583 [main] DEBUG org.apache.http.headers - << alt-svc: h3=":443"; ma=86400, h3-29=":443"; ma=86400
19:48:05.584 [main] DEBUG org.apache.http.impl.client.DefaultHttpClient - Connection can be kept alive indefinitely
19:48:05.584 [main] DEBUG io.restassured.internal.RestAssuredHttpBuilder - Parsing response as: application/json; charset=utf-8
19:48:05.584 [main] DEBUG io.restassured.internal.RestAssuredHttpBuilder - Parsed data to instance of: class org.apache.http.conn.EofSensorInputStream
19:48:05.585 [main] DEBUG org.apache.http.wire -  << "{"id":7,"title":"New Product Name"}"
19:48:05.585 [main] DEBUG org.apache.http.impl.conn.BasicClientConnectionManager - Releasing connection org.apache.http.impl.conn.ManagedClientConnectionImpl@3fda8dae
19:48:05.585 [main] DEBUG org.apache.http.impl.conn.BasicClientConnectionManager - Connection can be kept alive indefinitely
  &amp#27;[32mWhen &amp#27;[0m&amp#27;[32mI update the product name to &amp#27;[0m&amp#27;[32m&amp#27;[1m"New Product Name"&amp#27;[0m            &amp#27;[90m# starter.stepdefinitions.UserSteps.updateProductName(java.lang.String)&amp#27;[0m
  &amp#27;[32mThen &amp#27;[0m&amp#27;[32mthe response status code should be &amp#27;[0m&amp#27;[32m&amp#27;[1m200&amp#27;[0m                     &amp#27;[90m# starter.stepdefinitions.UserSteps.responseCode(java.lang.Integer)&amp#27;[0m
  &amp#27;[32mAnd &amp#27;[0m&amp#27;[32mthe response should contain the updated product information&amp#27;[0m &amp#27;[90m# starter.stepdefinitions.UserSteps.responseProductInformation()&amp#27;[0m
19:48:05.602 [main] INFO  - 
  _____   ___   ___   _____     ___     _     ___   ___   ___   ___  
 |_   _| | __| / __| |_   _|   | _ \   /_\   / __| / __| | __| |   \ 
   | |   | _|  \__ \   | |     |  _/  / _ \  \__ \ \__ \ | _|  | |) |
   |_|   |___| |___/   |_|     |_|   /_/ \_\ |___/ |___/ |___| |___/ 

Update product with valid data
----------------------------------------------------------------------
]]></system-out>
  </testcase>
  <testcase name="Update product with invalid data" classname="RestFull API Test" time="0.491">
    <system-out><![CDATA[
Scenario: Update product with invalid data    &amp#27;[90m# src/test/resources/api/user.feature:84&amp#27;[0m
19:48:05.609 [main] INFO io.cucumber.core.plugin.SerenityReporter - Running feature from file:///D:/KULIAH/kmrdeka/Weekly2/src/test/resources/api/user.feature
19:48:05.609 [main] WARN io.cucumber.core.plugin.SerenityReporter - Feature from file:///D:/KULIAH/kmrdeka/Weekly2/src/test/resources/api/user.feature is not under the 'features' directory. Requirements report will not be correctly generated!
19:48:05.612 [main] INFO  - 
  _____   ___   ___   _____     ___   _____     _     ___   _____   ___   ___  
 |_   _| | __| / __| |_   _|   / __| |_   _|   /_\   | _ \ |_   _| | __| |   \ 
   | |   | _|  \__ \   | |     \__ \   | |    / _ \  |   /   | |   | _|  | |) |
   |_|   |___| |___/   |_|     |___/   |_|   /_/ \_\ |_|_\   |_|   |___| |___/ 

Update product with invalid data(restfull-api-test;update-product-with-invalid-data)
--------------------------------------------------------------------------------
  &amp#27;[32mGiven &amp#27;[0m&amp#27;[32mI have a product with id &amp#27;[0m&amp#27;[32m&amp#27;[1m7&amp#27;[0m            &amp#27;[90m# starter.stepdefinitions.UserSteps.haveProductWithId(java.lang.Integer)&amp#27;[0m
19:48:05.638 [main] DEBUG org.apache.http.impl.conn.BasicClientConnectionManager - Get connection for route {s}->https://fakestoreapi.com:443
19:48:05.639 [main] DEBUG org.apache.http.impl.conn.DefaultClientConnectionOperator - Connecting to fakestoreapi.com:443
19:48:05.730 [main] DEBUG org.apache.http.client.protocol.RequestAddCookies - CookieSpec selected: ignoreCookies
19:48:05.730 [main] DEBUG org.apache.http.client.protocol.RequestAuthCache - Auth cache not set in the context
19:48:05.730 [main] DEBUG org.apache.http.client.protocol.RequestTargetAuthentication - Target auth state: UNCHALLENGED
19:48:05.730 [main] DEBUG org.apache.http.client.protocol.RequestProxyAuthentication - Proxy auth state: UNCHALLENGED
19:48:05.730 [main] DEBUG org.apache.http.impl.client.DefaultHttpClient - Attempt 1 to execute request
19:48:05.730 [main] DEBUG org.apache.http.impl.conn.DefaultClientConnection - Sending request: PUT /products/7 HTTP/1.1
19:48:05.730 [main] DEBUG org.apache.http.wire -  >> "PUT /products/7 HTTP/1.1[\r][\n]"
19:48:05.730 [main] DEBUG org.apache.http.wire -  >> "Accept: */*[\r][\n]"
19:48:05.730 [main] DEBUG org.apache.http.wire -  >> "Content-Type: application/json[\r][\n]"
19:48:05.730 [main] DEBUG org.apache.http.wire -  >> "Content-Length: 12[\r][\n]"
19:48:05.730 [main] DEBUG org.apache.http.wire -  >> "Host: fakestoreapi.com[\r][\n]"
19:48:05.730 [main] DEBUG org.apache.http.wire -  >> "Connection: Keep-Alive[\r][\n]"
19:48:05.730 [main] DEBUG org.apache.http.wire -  >> "User-Agent: Apache-HttpClient/4.5.13 (Java/19.0.2)[\r][\n]"
19:48:05.730 [main] DEBUG org.apache.http.wire -  >> "Accept-Encoding: gzip,deflate[\r][\n]"
19:48:05.730 [main] DEBUG org.apache.http.wire -  >> "[\r][\n]"
19:48:05.730 [main] DEBUG org.apache.http.headers - >> PUT /products/7 HTTP/1.1
19:48:05.730 [main] DEBUG org.apache.http.headers - >> Accept: */*
19:48:05.730 [main] DEBUG org.apache.http.headers - >> Content-Type: application/json
19:48:05.730 [main] DEBUG org.apache.http.headers - >> Content-Length: 12
19:48:05.730 [main] DEBUG org.apache.http.headers - >> Host: fakestoreapi.com
19:48:05.730 [main] DEBUG org.apache.http.headers - >> Connection: Keep-Alive
19:48:05.730 [main] DEBUG org.apache.http.headers - >> User-Agent: Apache-HttpClient/4.5.13 (Java/19.0.2)
19:48:05.730 [main] DEBUG org.apache.http.headers - >> Accept-Encoding: gzip,deflate
19:48:05.730 [main] DEBUG org.apache.http.wire -  >> "{"title":""}"
19:48:06.087 [main] DEBUG org.apache.http.wire -  << "HTTP/1.1 200 OK[\r][\n]"
19:48:06.087 [main] DEBUG org.apache.http.wire -  << "Date: Mon, 17 Apr 2023 12:48:05 GMT[\r][\n]"
19:48:06.087 [main] DEBUG org.apache.http.wire -  << "Content-Type: application/json; charset=utf-8[\r][\n]"
19:48:06.087 [main] DEBUG org.apache.http.wire -  << "Content-Length: 19[\r][\n]"
19:48:06.087 [main] DEBUG org.apache.http.wire -  << "Connection: keep-alive[\r][\n]"
19:48:06.087 [main] DEBUG org.apache.http.wire -  << "Access-Control-Allow-Origin: *[\r][\n]"
19:48:06.087 [main] DEBUG org.apache.http.wire -  << "Etag: W/"13-gBiOIRbXZXLl/KfeBYA7rVTDx34"[\r][\n]"
19:48:06.087 [main] DEBUG org.apache.http.wire -  << "X-Powered-By: Express[\r][\n]"
19:48:06.087 [main] DEBUG org.apache.http.wire -  << "CF-Cache-Status: DYNAMIC[\r][\n]"
19:48:06.087 [main] DEBUG org.apache.http.wire -  << "Report-To: {"endpoints":[{"url":"https:\/\/a.nel.cloudflare.com\/report\/v3?s=VIAzXRYyUyrAItOec%2FJZoi%2FLQPFZN3IDRjiMXjemQpiyDdLRTPkcmIdtiokfpAG3CpBmK4NucXzjcDkbIz5sGbQlzbzkywz8QNTNY9007Bh3lW9q0nyCGmaJCDk%2Bt7gO0pgg"}],"group":"cf-nel","max_age":604800}[\r][\n]"
19:48:06.087 [main] DEBUG org.apache.http.wire -  << "NEL: {"success_fraction":0,"report_to":"cf-nel","max_age":604800}[\r][\n]"
19:48:06.087 [main] DEBUG org.apache.http.wire -  << "Server: cloudflare[\r][\n]"
19:48:06.087 [main] DEBUG org.apache.http.wire -  << "CF-RAY: 7b94c7bf28043dce-SIN[\r][\n]"
19:48:06.087 [main] DEBUG org.apache.http.wire -  << "alt-svc: h3=":443"; ma=86400, h3-29=":443"; ma=86400[\r][\n]"
19:48:06.087 [main] DEBUG org.apache.http.wire -  << "[\r][\n]"
19:48:06.087 [main] DEBUG org.apache.http.impl.conn.DefaultClientConnection - Receiving response: HTTP/1.1 200 OK
19:48:06.087 [main] DEBUG org.apache.http.headers - << HTTP/1.1 200 OK
19:48:06.087 [main] DEBUG org.apache.http.headers - << Date: Mon, 17 Apr 2023 12:48:05 GMT
19:48:06.087 [main] DEBUG org.apache.http.headers - << Content-Type: application/json; charset=utf-8
19:48:06.087 [main] DEBUG org.apache.http.headers - << Content-Length: 19
19:48:06.087 [main] DEBUG org.apache.http.headers - << Connection: keep-alive
19:48:06.087 [main] DEBUG org.apache.http.headers - << Access-Control-Allow-Origin: *
19:48:06.087 [main] DEBUG org.apache.http.headers - << Etag: W/"13-gBiOIRbXZXLl/KfeBYA7rVTDx34"
19:48:06.087 [main] DEBUG org.apache.http.headers - << X-Powered-By: Express
19:48:06.087 [main] DEBUG org.apache.http.headers - << CF-Cache-Status: DYNAMIC
19:48:06.087 [main] DEBUG org.apache.http.headers - << Report-To: {"endpoints":[{"url":"https:\/\/a.nel.cloudflare.com\/report\/v3?s=VIAzXRYyUyrAItOec%2FJZoi%2FLQPFZN3IDRjiMXjemQpiyDdLRTPkcmIdtiokfpAG3CpBmK4NucXzjcDkbIz5sGbQlzbzkywz8QNTNY9007Bh3lW9q0nyCGmaJCDk%2Bt7gO0pgg"}],"group":"cf-nel","max_age":604800}
19:48:06.087 [main] DEBUG org.apache.http.headers - << NEL: {"success_fraction":0,"report_to":"cf-nel","max_age":604800}
19:48:06.087 [main] DEBUG org.apache.http.headers - << Server: cloudflare
19:48:06.087 [main] DEBUG org.apache.http.headers - << CF-RAY: 7b94c7bf28043dce-SIN
19:48:06.087 [main] DEBUG org.apache.http.headers - << alt-svc: h3=":443"; ma=86400, h3-29=":443"; ma=86400
19:48:06.088 [main] DEBUG org.apache.http.impl.client.DefaultHttpClient - Connection can be kept alive indefinitely
19:48:06.088 [main] DEBUG io.restassured.internal.RestAssuredHttpBuilder - Parsing response as: application/json; charset=utf-8
19:48:06.088 [main] DEBUG io.restassured.internal.RestAssuredHttpBuilder - Parsed data to instance of: class org.apache.http.conn.EofSensorInputStream
19:48:06.089 [main] DEBUG org.apache.http.wire -  << "{"id":7,"title":""}"
19:48:06.089 [main] DEBUG org.apache.http.impl.conn.BasicClientConnectionManager - Releasing connection org.apache.http.impl.conn.ManagedClientConnectionImpl@7a75183d
19:48:06.089 [main] DEBUG org.apache.http.impl.conn.BasicClientConnectionManager - Connection can be kept alive indefinitely
  &amp#27;[32mWhen &amp#27;[0m&amp#27;[32mI update the product name to &amp#27;[0m&amp#27;[32m&amp#27;[1m""&amp#27;[0m        &amp#27;[90m# starter.stepdefinitions.UserSteps.updateProductName(java.lang.String)&amp#27;[0m
  &amp#27;[32mThen &amp#27;[0m&amp#27;[32mthe response status code should be &amp#27;[0m&amp#27;[32m&amp#27;[1m200&amp#27;[0m &amp#27;[90m# starter.stepdefinitions.UserSteps.responseCode(java.lang.Integer)&amp#27;[0m
19:48:06.093 [main] INFO  - 
  _____   ___   ___   _____     ___     _     ___   ___   ___   ___  
 |_   _| | __| / __| |_   _|   | _ \   /_\   / __| / __| | __| |   \ 
   | |   | _|  \__ \   | |     |  _/  / _ \  \__ \ \__ \ | _|  | |) |
   |_|   |___| |___/   |_|     |_|   /_/ \_\ |___/ |___/ |___| |___/ 

Update product with invalid data
----------------------------------------------------------------------
]]></system-out>
  </testcase>
  <testcase name="User deletes a product from the product list" classname="RestFull API Test" time="3.722">
    <system-out><![CDATA[
Scenario: User deletes a product from the product list &amp#27;[90m# src/test/resources/api/user.feature:89&amp#27;[0m
19:48:06.098 [main] INFO io.cucumber.core.plugin.SerenityReporter - Running feature from file:///D:/KULIAH/kmrdeka/Weekly2/src/test/resources/api/user.feature
19:48:06.098 [main] WARN io.cucumber.core.plugin.SerenityReporter - Feature from file:///D:/KULIAH/kmrdeka/Weekly2/src/test/resources/api/user.feature is not under the 'features' directory. Requirements report will not be correctly generated!
19:48:06.100 [main] INFO  - 
  _____   ___   ___   _____     ___   _____     _     ___   _____   ___   ___  
 |_   _| | __| / __| |_   _|   / __| |_   _|   /_\   | _ \ |_   _| | __| |   \ 
   | |   | _|  \__ \   | |     \__ \   | |    / _ \  |   /   | |   | _|  | |) |
   |_|   |___| |___/   |_|     |___/   |_|   /_/ \_\ |_|_\   |_|   |___| |___/ 

User deletes a product from the product list(restfull-api-test;user-deletes-a-product-from-the-product-list)
--------------------------------------------------------------------------------
19:48:06.113 [main] DEBUG org.apache.http.impl.conn.BasicClientConnectionManager - Get connection for route {s}->https://fakestoreapi.com:443
19:48:06.113 [main] DEBUG org.apache.http.impl.conn.DefaultClientConnectionOperator - Connecting to fakestoreapi.com:443
19:48:06.193 [main] DEBUG org.apache.http.client.protocol.RequestAddCookies - CookieSpec selected: ignoreCookies
19:48:06.193 [main] DEBUG org.apache.http.client.protocol.RequestAuthCache - Auth cache not set in the context
19:48:06.193 [main] DEBUG org.apache.http.client.protocol.RequestTargetAuthentication - Target auth state: UNCHALLENGED
19:48:06.193 [main] DEBUG org.apache.http.client.protocol.RequestProxyAuthentication - Proxy auth state: UNCHALLENGED
19:48:06.193 [main] DEBUG org.apache.http.impl.client.DefaultHttpClient - Attempt 1 to execute request
19:48:06.193 [main] DEBUG org.apache.http.impl.conn.DefaultClientConnection - Sending request: DELETE /products/6 HTTP/1.1
19:48:06.193 [main] DEBUG org.apache.http.wire -  >> "DELETE /products/6 HTTP/1.1[\r][\n]"
19:48:06.193 [main] DEBUG org.apache.http.wire -  >> "Accept: */*[\r][\n]"
19:48:06.193 [main] DEBUG org.apache.http.wire -  >> "Host: fakestoreapi.com[\r][\n]"
19:48:06.193 [main] DEBUG org.apache.http.wire -  >> "Connection: Keep-Alive[\r][\n]"
19:48:06.193 [main] DEBUG org.apache.http.wire -  >> "User-Agent: Apache-HttpClient/4.5.13 (Java/19.0.2)[\r][\n]"
19:48:06.193 [main] DEBUG org.apache.http.wire -  >> "Accept-Encoding: gzip,deflate[\r][\n]"
19:48:06.193 [main] DEBUG org.apache.http.wire -  >> "[\r][\n]"
19:48:06.193 [main] DEBUG org.apache.http.headers - >> DELETE /products/6 HTTP/1.1
19:48:06.193 [main] DEBUG org.apache.http.headers - >> Accept: */*
19:48:06.193 [main] DEBUG org.apache.http.headers - >> Host: fakestoreapi.com
19:48:06.193 [main] DEBUG org.apache.http.headers - >> Connection: Keep-Alive
19:48:06.193 [main] DEBUG org.apache.http.headers - >> User-Agent: Apache-HttpClient/4.5.13 (Java/19.0.2)
19:48:06.193 [main] DEBUG org.apache.http.headers - >> Accept-Encoding: gzip,deflate
19:48:09.810 [main] DEBUG org.apache.http.wire -  << "HTTP/1.1 200 OK[\r][\n]"
19:48:09.810 [main] DEBUG org.apache.http.wire -  << "Date: Mon, 17 Apr 2023 12:48:09 GMT[\r][\n]"
19:48:09.810 [main] DEBUG org.apache.http.wire -  << "Content-Type: application/json; charset=utf-8[\r][\n]"
19:48:09.810 [main] DEBUG org.apache.http.wire -  << "Transfer-Encoding: chunked[\r][\n]"
19:48:09.810 [main] DEBUG org.apache.http.wire -  << "Connection: keep-alive[\r][\n]"
19:48:09.810 [main] DEBUG org.apache.http.wire -  << "Access-Control-Allow-Origin: *[\r][\n]"
19:48:09.810 [main] DEBUG org.apache.http.wire -  << "Etag: W/"191-EV97H53ZS0vezbgpImU4b+hiAfg"[\r][\n]"
19:48:09.810 [main] DEBUG org.apache.http.wire -  << "X-Powered-By: Express[\r][\n]"
19:48:09.810 [main] DEBUG org.apache.http.wire -  << "CF-Cache-Status: DYNAMIC[\r][\n]"
19:48:09.810 [main] DEBUG org.apache.http.wire -  << "Report-To: {"endpoints":[{"url":"https:\/\/a.nel.cloudflare.com\/report\/v3?s=%2BQ6hsLxvilg%2FCuHu7A5TLBSQmyI5RB5q6s0c2ccx5eKxGUP09coLgQkhFyRhLHbwqk0Hdw0sD%2B583P8Kfo2f8FLvosw2cin0vCYWB%2BsZjBBv5Dc444tNNF4B5xsqBgxYZUb0"}],"group":"cf-nel","max_age":604800}[\r][\n]"
19:48:09.810 [main] DEBUG org.apache.http.wire -  << "NEL: {"success_fraction":0,"report_to":"cf-nel","max_age":604800}[\r][\n]"
19:48:09.810 [main] DEBUG org.apache.http.wire -  << "Server: cloudflare[\r][\n]"
19:48:09.810 [main] DEBUG org.apache.http.wire -  << "CF-RAY: 7b94c7c21d263fff-SIN[\r][\n]"
19:48:09.810 [main] DEBUG org.apache.http.wire -  << "Content-Encoding: gzip[\r][\n]"
19:48:09.810 [main] DEBUG org.apache.http.wire -  << "alt-svc: h3=":443"; ma=86400, h3-29=":443"; ma=86400[\r][\n]"
19:48:09.810 [main] DEBUG org.apache.http.wire -  << "[\r][\n]"
19:48:09.810 [main] DEBUG org.apache.http.impl.conn.DefaultClientConnection - Receiving response: HTTP/1.1 200 OK
19:48:09.810 [main] DEBUG org.apache.http.headers - << HTTP/1.1 200 OK
19:48:09.810 [main] DEBUG org.apache.http.headers - << Date: Mon, 17 Apr 2023 12:48:09 GMT
19:48:09.810 [main] DEBUG org.apache.http.headers - << Content-Type: application/json; charset=utf-8
19:48:09.810 [main] DEBUG org.apache.http.headers - << Transfer-Encoding: chunked
19:48:09.810 [main] DEBUG org.apache.http.headers - << Connection: keep-alive
19:48:09.810 [main] DEBUG org.apache.http.headers - << Access-Control-Allow-Origin: *
19:48:09.810 [main] DEBUG org.apache.http.headers - << Etag: W/"191-EV97H53ZS0vezbgpImU4b+hiAfg"
19:48:09.810 [main] DEBUG org.apache.http.headers - << X-Powered-By: Express
19:48:09.810 [main] DEBUG org.apache.http.headers - << CF-Cache-Status: DYNAMIC
19:48:09.810 [main] DEBUG org.apache.http.headers - << Report-To: {"endpoints":[{"url":"https:\/\/a.nel.cloudflare.com\/report\/v3?s=%2BQ6hsLxvilg%2FCuHu7A5TLBSQmyI5RB5q6s0c2ccx5eKxGUP09coLgQkhFyRhLHbwqk0Hdw0sD%2B583P8Kfo2f8FLvosw2cin0vCYWB%2BsZjBBv5Dc444tNNF4B5xsqBgxYZUb0"}],"group":"cf-nel","max_age":604800}
19:48:09.810 [main] DEBUG org.apache.http.headers - << NEL: {"success_fraction":0,"report_to":"cf-nel","max_age":604800}
19:48:09.810 [main] DEBUG org.apache.http.headers - << Server: cloudflare
19:48:09.810 [main] DEBUG org.apache.http.headers - << CF-RAY: 7b94c7c21d263fff-SIN
19:48:09.810 [main] DEBUG org.apache.http.headers - << Content-Encoding: gzip
19:48:09.810 [main] DEBUG org.apache.http.headers - << alt-svc: h3=":443"; ma=86400, h3-29=":443"; ma=86400
19:48:09.810 [main] DEBUG org.apache.http.impl.client.DefaultHttpClient - Connection can be kept alive indefinitely
19:48:09.810 [main] DEBUG io.restassured.internal.RestAssuredHttpBuilder - Parsing response as: application/json; charset=utf-8
19:48:09.810 [main] DEBUG org.apache.http.wire -  << "11c[\r][\n]"
19:48:09.810 [main] DEBUG org.apache.http.wire -  << "[0x1f][0x8b][0x8][0x0][0x0][0x0][0x0][0x0][0x0][0x3][0xac][0x90][0xc1]N[0xc3]0[0x10]De[0xb5]g[0xcb]iU[0x8][0xe0][0x1b]*R9[0xa4][0x12]P[0xf5][0x1c]-[0xf6]6[0xd9][0x92][0xda][0x91][0xbd][0xa5][0x84][0xaa][0xff][0x8e][0xf2][0xf][0xdc]f[0xe]O[0xf3]4W[0x94][0x80][0xae]6[0xa8][0xa2][0x3][0xa3][0xc3]][0x1a]$[0xc0]&[\r][0x1][0xde]XE[0x19][0xb6][0xe2]s[0x1a][0xe9][0x9b][0x1][\r][0x8e]Y<[0xa3][[0xd6][0x8f][0x6][0x3][0x17][0x9f]eTIq[0x6]I[0xa5][0x1c][0xc8][0xcf][0x15]6g[0xca][0x14][0x95]9X[0xf8]`=[0xe7][0x8])[0x3][0xff][0xf8][0x9e]b[0xc7]@q[0x82][0x94][0x3]g[0xb8][0x88][0xf6][0x12]a[0xb5][0x80]@S[0xb1]/\[0xa4][0x8b][0x1c][0x80]b[0x80]2K|N[0xf0]J[0x7][0xe6]_XsT[0xce] [0x11][0xb4]g[0xd8]GQ[0xe][0xb0]SR.[0x16][0xfe]e[0x1d][\r]zR[0xee]R[0x9e][0xd0][0xe1][0x91]/<p[0x9e][0xd0][0xa0][0x9c][0xa8][0x9b][0xcf][0xe9]U[0xc7][0xe2][0xaa][0xea]@_\4e[0xa6]Q[0xac]O[0xa7]JN]U/[0xcb][0xe7]V[0xf6]1m[0x1a][0xdb]>[0xaf][0xdb]}S[0xdf]-[0xda][0xf7][0xa6][0xbe]o[0xb7][0xcd][0xaa][0xb5][0xc7][0xb1]C[0x83][0x99]Tb[0x87][0xee]:'F[0xb7][0xb2]O[0x6]}:GE[0xf7][0xb0][0xb8][0xdd][0xfe][0x0][0x0][0x0][0xff][0xff][0x3][0x0]b[0xe4][0xde]@[0x91][0x1][0x0][0x0]"
19:48:09.810 [main] DEBUG org.apache.http.wire -  << "[\r][\n]"
19:48:09.811 [main] DEBUG org.apache.http.wire -  << "0[\r][\n]"
19:48:09.811 [main] DEBUG org.apache.http.wire -  << "[\r][\n]"
19:48:09.811 [main] DEBUG io.restassured.internal.RestAssuredHttpBuilder - Parsed data to instance of: class org.apache.http.conn.EofSensorInputStream
  &amp#27;[32mGiven &amp#27;[0m&amp#27;[32mUser requests to delete a product with id &amp#27;[0m&amp#27;[32m&amp#27;[1m6&amp#27;[0m    &amp#27;[90m# starter.stepdefinitions.UserSteps.userDeleteWithId(java.lang.Integer)&amp#27;[0m
  &amp#27;[32mWhen &amp#27;[0m&amp#27;[32mProduct with id is successfully deleted&amp#27;[0m         &amp#27;[90m# starter.stepdefinitions.UserSteps.productSuccessDelete()&amp#27;[0m
19:48:09.815 [main] INFO  - 
  _____   ___   ___   _____     ___     _     ___   ___   ___   ___  
 |_   _| | __| / __| |_   _|   | _ \   /_\   / __| / __| | __| |   \ 
   | |   | _|  \__ \   | |     |  _/  / _ \  \__ \ \__ \ | _|  | |) |
   |_|   |___| |___/   |_|     |_|   /_/ \_\ |___/ |___/ |___| |___/ 

User deletes a product from the product list
----------------------------------------------------------------------
]]></system-out>
  </testcase>
  <testcase name="User deletes a product from the invalid product list" classname="RestFull API Test" time="3.779">
    <system-out><![CDATA[
Scenario: User deletes a product from the invalid product list &amp#27;[90m# src/test/resources/api/user.feature:93&amp#27;[0m
19:48:09.820 [main] INFO io.cucumber.core.plugin.SerenityReporter - Running feature from file:///D:/KULIAH/kmrdeka/Weekly2/src/test/resources/api/user.feature
19:48:09.820 [main] WARN io.cucumber.core.plugin.SerenityReporter - Feature from file:///D:/KULIAH/kmrdeka/Weekly2/src/test/resources/api/user.feature is not under the 'features' directory. Requirements report will not be correctly generated!
19:48:09.822 [main] INFO  - 
  _____   ___   ___   _____     ___   _____     _     ___   _____   ___   ___  
 |_   _| | __| / __| |_   _|   / __| |_   _|   /_\   | _ \ |_   _| | __| |   \ 
   | |   | _|  \__ \   | |     \__ \   | |    / _ \  |   /   | |   | _|  | |) |
   |_|   |___| |___/   |_|     |___/   |_|   /_/ \_\ |_|_\   |_|   |___| |___/ 

User deletes a product from the invalid product list(restfull-api-test;user-deletes-a-product-from-the-invalid-product-list)
--------------------------------------------------------------------------------
19:48:09.833 [main] DEBUG org.apache.http.impl.conn.BasicClientConnectionManager - Get connection for route {s}->https://fakestoreapi.com:443
19:48:09.833 [main] DEBUG org.apache.http.impl.conn.DefaultClientConnectionOperator - Connecting to fakestoreapi.com:443
19:48:10.242 [main] DEBUG org.apache.http.client.protocol.RequestAddCookies - CookieSpec selected: ignoreCookies
19:48:10.242 [main] DEBUG org.apache.http.client.protocol.RequestAuthCache - Auth cache not set in the context
19:48:10.242 [main] DEBUG org.apache.http.client.protocol.RequestTargetAuthentication - Target auth state: UNCHALLENGED
19:48:10.242 [main] DEBUG org.apache.http.client.protocol.RequestProxyAuthentication - Proxy auth state: UNCHALLENGED
19:48:10.242 [main] DEBUG org.apache.http.impl.client.DefaultHttpClient - Attempt 1 to execute request
19:48:10.242 [main] DEBUG org.apache.http.impl.conn.DefaultClientConnection - Sending request: DELETE /products/25 HTTP/1.1
19:48:10.242 [main] DEBUG org.apache.http.wire -  >> "DELETE /products/25 HTTP/1.1[\r][\n]"
19:48:10.242 [main] DEBUG org.apache.http.wire -  >> "Accept: */*[\r][\n]"
19:48:10.242 [main] DEBUG org.apache.http.wire -  >> "Host: fakestoreapi.com[\r][\n]"
19:48:10.242 [main] DEBUG org.apache.http.wire -  >> "Connection: Keep-Alive[\r][\n]"
19:48:10.242 [main] DEBUG org.apache.http.wire -  >> "User-Agent: Apache-HttpClient/4.5.13 (Java/19.0.2)[\r][\n]"
19:48:10.242 [main] DEBUG org.apache.http.wire -  >> "Accept-Encoding: gzip,deflate[\r][\n]"
19:48:10.242 [main] DEBUG org.apache.http.wire -  >> "[\r][\n]"
19:48:10.242 [main] DEBUG org.apache.http.headers - >> DELETE /products/25 HTTP/1.1
19:48:10.242 [main] DEBUG org.apache.http.headers - >> Accept: */*
19:48:10.242 [main] DEBUG org.apache.http.headers - >> Host: fakestoreapi.com
19:48:10.242 [main] DEBUG org.apache.http.headers - >> Connection: Keep-Alive
19:48:10.242 [main] DEBUG org.apache.http.headers - >> User-Agent: Apache-HttpClient/4.5.13 (Java/19.0.2)
19:48:10.242 [main] DEBUG org.apache.http.headers - >> Accept-Encoding: gzip,deflate
19:48:13.590 [main] DEBUG org.apache.http.wire -  << "HTTP/1.1 200 OK[\r][\n]"
19:48:13.590 [main] DEBUG org.apache.http.wire -  << "Date: Mon, 17 Apr 2023 12:48:12 GMT[\r][\n]"
19:48:13.590 [main] DEBUG org.apache.http.wire -  << "Content-Type: application/json; charset=utf-8[\r][\n]"
19:48:13.590 [main] DEBUG org.apache.http.wire -  << "Content-Length: 4[\r][\n]"
19:48:13.590 [main] DEBUG org.apache.http.wire -  << "Connection: keep-alive[\r][\n]"
19:48:13.590 [main] DEBUG org.apache.http.wire -  << "Access-Control-Allow-Origin: *[\r][\n]"
19:48:13.590 [main] DEBUG org.apache.http.wire -  << "Etag: W/"4-K+iMpCQsduglOsYkdIUQZQMtaDM"[\r][\n]"
19:48:13.590 [main] DEBUG org.apache.http.wire -  << "X-Powered-By: Express[\r][\n]"
19:48:13.590 [main] DEBUG org.apache.http.wire -  << "CF-Cache-Status: DYNAMIC[\r][\n]"
19:48:13.590 [main] DEBUG org.apache.http.wire -  << "Report-To: {"endpoints":[{"url":"https:\/\/a.nel.cloudflare.com\/report\/v3?s=WkwxShIQ3m9SiPe%2Bs%2BG5U4i%2BDqwUIMGhO5j1TKXdamxH%2FAW4qf7Z5o%2B0khut2UQdlCGS%2FNPuanU94GIdJfX1jJk2%2Bq1YZO4d54oQD8Rta57%2BtTvv8tH0YkRshx6svTtu5XSN"}],"group":"cf-nel","max_age":604800}[\r][\n]"
19:48:13.590 [main] DEBUG org.apache.http.wire -  << "NEL: {"success_fraction":0,"report_to":"cf-nel","max_age":604800}[\r][\n]"
19:48:13.590 [main] DEBUG org.apache.http.wire -  << "Server: cloudflare[\r][\n]"
19:48:13.590 [main] DEBUG org.apache.http.wire -  << "CF-RAY: 7b94c7db6e3f4d9f-SIN[\r][\n]"
19:48:13.590 [main] DEBUG org.apache.http.wire -  << "alt-svc: h3=":443"; ma=86400, h3-29=":443"; ma=86400[\r][\n]"
19:48:13.590 [main] DEBUG org.apache.http.wire -  << "[\r][\n]"
19:48:13.590 [main] DEBUG org.apache.http.impl.conn.DefaultClientConnection - Receiving response: HTTP/1.1 200 OK
19:48:13.590 [main] DEBUG org.apache.http.headers - << HTTP/1.1 200 OK
19:48:13.590 [main] DEBUG org.apache.http.headers - << Date: Mon, 17 Apr 2023 12:48:12 GMT
19:48:13.590 [main] DEBUG org.apache.http.headers - << Content-Type: application/json; charset=utf-8
19:48:13.590 [main] DEBUG org.apache.http.headers - << Content-Length: 4
19:48:13.590 [main] DEBUG org.apache.http.headers - << Connection: keep-alive
19:48:13.590 [main] DEBUG org.apache.http.headers - << Access-Control-Allow-Origin: *
19:48:13.590 [main] DEBUG org.apache.http.headers - << Etag: W/"4-K+iMpCQsduglOsYkdIUQZQMtaDM"
19:48:13.590 [main] DEBUG org.apache.http.headers - << X-Powered-By: Express
19:48:13.590 [main] DEBUG org.apache.http.headers - << CF-Cache-Status: DYNAMIC
19:48:13.590 [main] DEBUG org.apache.http.headers - << Report-To: {"endpoints":[{"url":"https:\/\/a.nel.cloudflare.com\/report\/v3?s=WkwxShIQ3m9SiPe%2Bs%2BG5U4i%2BDqwUIMGhO5j1TKXdamxH%2FAW4qf7Z5o%2B0khut2UQdlCGS%2FNPuanU94GIdJfX1jJk2%2Bq1YZO4d54oQD8Rta57%2BtTvv8tH0YkRshx6svTtu5XSN"}],"group":"cf-nel","max_age":604800}
19:48:13.590 [main] DEBUG org.apache.http.headers - << NEL: {"success_fraction":0,"report_to":"cf-nel","max_age":604800}
19:48:13.590 [main] DEBUG org.apache.http.headers - << Server: cloudflare
19:48:13.590 [main] DEBUG org.apache.http.headers - << CF-RAY: 7b94c7db6e3f4d9f-SIN
19:48:13.590 [main] DEBUG org.apache.http.headers - << alt-svc: h3=":443"; ma=86400, h3-29=":443"; ma=86400
19:48:13.590 [main] DEBUG org.apache.http.impl.client.DefaultHttpClient - Connection can be kept alive indefinitely
19:48:13.590 [main] DEBUG io.restassured.internal.RestAssuredHttpBuilder - Parsing response as: application/json; charset=utf-8
19:48:13.590 [main] DEBUG io.restassured.internal.RestAssuredHttpBuilder - Parsed data to instance of: class org.apache.http.conn.EofSensorInputStream
  &amp#27;[32mGiven &amp#27;[0m&amp#27;[32mUser requests to delete a product with id &amp#27;[0m&amp#27;[32m&amp#27;[1m25&amp#27;[0m           &amp#27;[90m# starter.stepdefinitions.UserSteps.userDeleteWithId(java.lang.Integer)&amp#27;[0m
  &amp#27;[32mWhen &amp#27;[0m&amp#27;[32mProduct with id is successfully deleted&amp#27;[0m                 &amp#27;[90m# starter.stepdefinitions.UserSteps.productSuccessDelete()&amp#27;[0m
19:48:13.594 [main] INFO  - 
  _____   ___   ___   _____     ___     _     ___   ___   ___   ___  
 |_   _| | __| / __| |_   _|   | _ \   /_\   / __| / __| | __| |   \ 
   | |   | _|  \__ \   | |     |  _/  / _ \  \__ \ \__ \ | _|  | |) |
   |_|   |___| |___/   |_|     |_|   /_/ \_\ |___/ |___/ |___| |___/ 

User deletes a product from the invalid product list
----------------------------------------------------------------------
]]></system-out>
  </testcase>
  <testcase name="Retrieve all carts" classname="RestFull API Test" time="3.704">
    <system-out><![CDATA[
Scenario: Retrieve all carts                  &amp#27;[90m# src/test/resources/api/user.feature:97&amp#27;[0m
19:48:13.600 [main] INFO io.cucumber.core.plugin.SerenityReporter - Running feature from file:///D:/KULIAH/kmrdeka/Weekly2/src/test/resources/api/user.feature
19:48:13.600 [main] WARN io.cucumber.core.plugin.SerenityReporter - Feature from file:///D:/KULIAH/kmrdeka/Weekly2/src/test/resources/api/user.feature is not under the 'features' directory. Requirements report will not be correctly generated!
19:48:13.602 [main] INFO  - 
  _____   ___   ___   _____     ___   _____     _     ___   _____   ___   ___  
 |_   _| | __| / __| |_   _|   / __| |_   _|   /_\   | _ \ |_   _| | __| |   \ 
   | |   | _|  \__ \   | |     \__ \   | |    / _ \  |   /   | |   | _|  | |) |
   |_|   |___| |___/   |_|     |___/   |_|   /_/ \_\ |_|_\   |_|   |___| |___/ 

Retrieve all carts(restfull-api-test;retrieve-all-carts)
--------------------------------------------------------------------------------
19:48:13.614 [main] DEBUG org.apache.http.impl.conn.BasicClientConnectionManager - Get connection for route {s}->https://fakestoreapi.com:443
19:48:13.615 [main] DEBUG org.apache.http.impl.conn.DefaultClientConnectionOperator - Connecting to fakestoreapi.com:443
19:48:13.689 [main] DEBUG org.apache.http.client.protocol.RequestAddCookies - CookieSpec selected: ignoreCookies
19:48:13.689 [main] DEBUG org.apache.http.client.protocol.RequestAuthCache - Auth cache not set in the context
19:48:13.689 [main] DEBUG org.apache.http.client.protocol.RequestTargetAuthentication - Target auth state: UNCHALLENGED
19:48:13.689 [main] DEBUG org.apache.http.client.protocol.RequestProxyAuthentication - Proxy auth state: UNCHALLENGED
19:48:13.689 [main] DEBUG org.apache.http.impl.client.DefaultHttpClient - Attempt 1 to execute request
19:48:13.689 [main] DEBUG org.apache.http.impl.conn.DefaultClientConnection - Sending request: GET /carts HTTP/1.1
19:48:13.689 [main] DEBUG org.apache.http.wire -  >> "GET /carts HTTP/1.1[\r][\n]"
19:48:13.689 [main] DEBUG org.apache.http.wire -  >> "Accept: */*[\r][\n]"
19:48:13.689 [main] DEBUG org.apache.http.wire -  >> "Host: fakestoreapi.com[\r][\n]"
19:48:13.689 [main] DEBUG org.apache.http.wire -  >> "Connection: Keep-Alive[\r][\n]"
19:48:13.689 [main] DEBUG org.apache.http.wire -  >> "User-Agent: Apache-HttpClient/4.5.13 (Java/19.0.2)[\r][\n]"
19:48:13.689 [main] DEBUG org.apache.http.wire -  >> "Accept-Encoding: gzip,deflate[\r][\n]"
19:48:13.689 [main] DEBUG org.apache.http.wire -  >> "[\r][\n]"
19:48:13.689 [main] DEBUG org.apache.http.headers - >> GET /carts HTTP/1.1
19:48:13.689 [main] DEBUG org.apache.http.headers - >> Accept: */*
19:48:13.689 [main] DEBUG org.apache.http.headers - >> Host: fakestoreapi.com
19:48:13.689 [main] DEBUG org.apache.http.headers - >> Connection: Keep-Alive
19:48:13.689 [main] DEBUG org.apache.http.headers - >> User-Agent: Apache-HttpClient/4.5.13 (Java/19.0.2)
19:48:13.689 [main] DEBUG org.apache.http.headers - >> Accept-Encoding: gzip,deflate
19:48:17.286 [main] DEBUG org.apache.http.wire -  << "HTTP/1.1 200 OK[\r][\n]"
19:48:17.286 [main] DEBUG org.apache.http.wire -  << "Date: Mon, 17 Apr 2023 12:48:16 GMT[\r][\n]"
19:48:17.286 [main] DEBUG org.apache.http.wire -  << "Content-Type: application/json; charset=utf-8[\r][\n]"
19:48:17.286 [main] DEBUG org.apache.http.wire -  << "Transfer-Encoding: chunked[\r][\n]"
19:48:17.286 [main] DEBUG org.apache.http.wire -  << "Connection: keep-alive[\r][\n]"
19:48:17.286 [main] DEBUG org.apache.http.wire -  << "Access-Control-Allow-Origin: *[\r][\n]"
19:48:17.286 [main] DEBUG org.apache.http.wire -  << "Etag: W/"3a8-j3C8983spvK8GpaSYa+SyYlAS2A"[\r][\n]"
19:48:17.286 [main] DEBUG org.apache.http.wire -  << "X-Powered-By: Express[\r][\n]"
19:48:17.286 [main] DEBUG org.apache.http.wire -  << "CF-Cache-Status: DYNAMIC[\r][\n]"
19:48:17.286 [main] DEBUG org.apache.http.wire -  << "Report-To: {"endpoints":[{"url":"https:\/\/a.nel.cloudflare.com\/report\/v3?s=AnYdkbjtyldfj6rDS2YHIvW%2BApJo3PWk4mpBvuKAev8aqF0eCbuVR1ZbxzUZDAF0%2Fm6nn1lojY8AsYkpB0yGwyaHnZUvdwVIuWo%2FKk2oCS8zcx0xdeivfOrHTvXntZRviBXn"}],"group":"cf-nel","max_age":604800}[\r][\n]"
19:48:17.286 [main] DEBUG org.apache.http.wire -  << "NEL: {"success_fraction":0,"report_to":"cf-nel","max_age":604800}[\r][\n]"
19:48:17.286 [main] DEBUG org.apache.http.wire -  << "Server: cloudflare[\r][\n]"
19:48:17.286 [main] DEBUG org.apache.http.wire -  << "CF-RAY: 7b94c7f0e919a07b-SIN[\r][\n]"
19:48:17.287 [main] DEBUG org.apache.http.wire -  << "Content-Encoding: gzip[\r][\n]"
19:48:17.287 [main] DEBUG org.apache.http.wire -  << "alt-svc: h3=":443"; ma=86400, h3-29=":443"; ma=86400[\r][\n]"
19:48:17.287 [main] DEBUG org.apache.http.wire -  << "[\r][\n]"
19:48:17.287 [main] DEBUG org.apache.http.impl.conn.DefaultClientConnection - Receiving response: HTTP/1.1 200 OK
19:48:17.287 [main] DEBUG org.apache.http.headers - << HTTP/1.1 200 OK
19:48:17.287 [main] DEBUG org.apache.http.headers - << Date: Mon, 17 Apr 2023 12:48:16 GMT
19:48:17.287 [main] DEBUG org.apache.http.headers - << Content-Type: application/json; charset=utf-8
19:48:17.287 [main] DEBUG org.apache.http.headers - << Transfer-Encoding: chunked
19:48:17.287 [main] DEBUG org.apache.http.headers - << Connection: keep-alive
19:48:17.287 [main] DEBUG org.apache.http.headers - << Access-Control-Allow-Origin: *
19:48:17.287 [main] DEBUG org.apache.http.headers - << Etag: W/"3a8-j3C8983spvK8GpaSYa+SyYlAS2A"
19:48:17.287 [main] DEBUG org.apache.http.headers - << X-Powered-By: Express
19:48:17.287 [main] DEBUG org.apache.http.headers - << CF-Cache-Status: DYNAMIC
19:48:17.287 [main] DEBUG org.apache.http.headers - << Report-To: {"endpoints":[{"url":"https:\/\/a.nel.cloudflare.com\/report\/v3?s=AnYdkbjtyldfj6rDS2YHIvW%2BApJo3PWk4mpBvuKAev8aqF0eCbuVR1ZbxzUZDAF0%2Fm6nn1lojY8AsYkpB0yGwyaHnZUvdwVIuWo%2FKk2oCS8zcx0xdeivfOrHTvXntZRviBXn"}],"group":"cf-nel","max_age":604800}
19:48:17.287 [main] DEBUG org.apache.http.headers - << NEL: {"success_fraction":0,"report_to":"cf-nel","max_age":604800}
19:48:17.287 [main] DEBUG org.apache.http.headers - << Server: cloudflare
19:48:17.287 [main] DEBUG org.apache.http.headers - << CF-RAY: 7b94c7f0e919a07b-SIN
19:48:17.287 [main] DEBUG org.apache.http.headers - << Content-Encoding: gzip
19:48:17.287 [main] DEBUG org.apache.http.headers - << alt-svc: h3=":443"; ma=86400, h3-29=":443"; ma=86400
19:48:17.287 [main] DEBUG org.apache.http.impl.client.DefaultHttpClient - Connection can be kept alive indefinitely
19:48:17.287 [main] DEBUG io.restassured.internal.RestAssuredHttpBuilder - Parsing response as: application/json; charset=utf-8
19:48:17.287 [main] DEBUG org.apache.http.wire -  << "da[\r][\n]"
19:48:17.287 [main] DEBUG org.apache.http.wire -  << "[0x1f][0x8b][0x8][0x0][0x0][0x0][0x0][0x0][0x0][0x3][0xa4][0x92][0xcb][\n]"
19:48:17.287 [main] DEBUG org.apache.http.wire -  << "[0x83]0[0x10]E[0xff]e[0xd6][0xb1]L&[0xbe][0x9a]?[0xe8][0xbe][0xab][0x8a][0x88]T[0x17]n[0xfa][0xd0]X([0xe2][0xbf][0x97][0xd6][0x96][0x98][0x4]-*d[0x91]p3[0xcc][0xb9]w&[0xe9][0xa0]*@r[0x6]mS[0xd6][0x87][0xe1]Z[0xe4][0xaa][0x4][0x9][0x84][0x84][0x1e][\n]"
19:48:17.287 [main] DEBUG org.apache.http.wire -  << "[0xf][0xe9][0x88](?g[0x87][0x88]'`p[0xab][0xaf]E{V[\r][0xc8][0xa4][0xfb]=[0xbe][0xc5][0xf7]6[0xbf][0xa8]J=A[0xfa]=3D[0x1a][0x8b][0xdc][0x12][0xc5]X[0xc][0xfb][0x94]A[0x96]=@[0xe2][0xfb][5[0x14]O[0x11][0xf2]%[0x84]4Gh[0xe0]s[0xb4][0xd4]`[0xac][0x92][0x8b](4"[0xb9]![0xf2]u![0x92][0x5][0xb1]7Ct |[\r]![0xdc][0x9c][0xf8][0xda]I:}[0x82][0xe9]>[0x8b][0xcc]FsK[0x11][0xff]1[0x1b]j[0x8]S[0xe2]8[0x17]97vF[0xb8][0x18][0x91][0xc6][0x88]7aL[0xfa]M_[0x0][0x0][0x0][0xff][0xff][0x3][0x0][0xa4]c}[0x94][0xa8][0x3][0x0][0x0]"
19:48:17.287 [main] DEBUG org.apache.http.wire -  << "[\r][\n]"
19:48:17.287 [main] DEBUG org.apache.http.wire -  << "0[\r][\n]"
19:48:17.287 [main] DEBUG org.apache.http.wire -  << "[\r][\n]"
19:48:17.287 [main] DEBUG io.restassured.internal.RestAssuredHttpBuilder - Parsed data to instance of: class org.apache.http.conn.EofSensorInputStream
19:48:17.288 [main] DEBUG org.apache.http.impl.conn.BasicClientConnectionManager - Releasing connection org.apache.http.impl.conn.ManagedClientConnectionImpl@4603c412
19:48:17.288 [main] DEBUG org.apache.http.impl.conn.BasicClientConnectionManager - Connection can be kept alive indefinitely
  &amp#27;[32mGiven &amp#27;[0m&amp#27;[32mI set GET carts endpoint&amp#27;[0m              &amp#27;[90m# starter.stepdefinitions.UserSteps.getCartsEndpoint()&amp#27;[0m
  &amp#27;[32mWhen &amp#27;[0m&amp#27;[32mI send GET HTTP request&amp#27;[0m                &amp#27;[90m# starter.stepdefinitions.UserSteps.getHttpRequest()&amp#27;[0m
  &amp#27;[32mThen &amp#27;[0m&amp#27;[32mthe response status code should be &amp#27;[0m&amp#27;[32m&amp#27;[1m200&amp#27;[0m &amp#27;[90m# starter.stepdefinitions.UserSteps.responseCode(java.lang.Integer)&amp#27;[0m
  &amp#27;[32mAnd &amp#27;[0m&amp#27;[32mthe response should contain carts&amp#27;[0m       &amp#27;[90m# starter.stepdefinitions.UserSteps.responseCarts()&amp#27;[0m
19:48:17.299 [main] INFO  - 
  _____   ___   ___   _____     ___     _     ___   ___   ___   ___  
 |_   _| | __| / __| |_   _|   | _ \   /_\   / __| / __| | __| |   \ 
   | |   | _|  \__ \   | |     |  _/  / _ \  \__ \ \__ \ | _|  | |) |
   |_|   |___| |___/   |_|     |_|   /_/ \_\ |___/ |___/ |___| |___/ 

Retrieve all carts
----------------------------------------------------------------------
]]></system-out>
  </testcase>
  <testcase name="Retrieve a single carts" classname="RestFull API Test" time="3.859">
    <system-out><![CDATA[
Scenario: Retrieve a single carts                 &amp#27;[90m# src/test/resources/api/user.feature:103&amp#27;[0m
19:48:17.304 [main] INFO io.cucumber.core.plugin.SerenityReporter - Running feature from file:///D:/KULIAH/kmrdeka/Weekly2/src/test/resources/api/user.feature
19:48:17.304 [main] WARN io.cucumber.core.plugin.SerenityReporter - Feature from file:///D:/KULIAH/kmrdeka/Weekly2/src/test/resources/api/user.feature is not under the 'features' directory. Requirements report will not be correctly generated!
19:48:17.306 [main] INFO  - 
  _____   ___   ___   _____     ___   _____     _     ___   _____   ___   ___  
 |_   _| | __| / __| |_   _|   / __| |_   _|   /_\   | _ \ |_   _| | __| |   \ 
   | |   | _|  \__ \   | |     \__ \   | |    / _ \  |   /   | |   | _|  | |) |
   |_|   |___| |___/   |_|     |___/   |_|   /_/ \_\ |_|_\   |_|   |___| |___/ 

Retrieve a single carts(restfull-api-test;retrieve-a-single-carts)
--------------------------------------------------------------------------------
19:48:17.318 [main] DEBUG org.apache.http.impl.conn.BasicClientConnectionManager - Get connection for route {s}->https://fakestoreapi.com:443
19:48:17.318 [main] DEBUG org.apache.http.impl.conn.DefaultClientConnectionOperator - Connecting to fakestoreapi.com:443
19:48:17.392 [main] DEBUG org.apache.http.client.protocol.RequestAddCookies - CookieSpec selected: ignoreCookies
19:48:17.392 [main] DEBUG org.apache.http.client.protocol.RequestAuthCache - Auth cache not set in the context
19:48:17.392 [main] DEBUG org.apache.http.client.protocol.RequestTargetAuthentication - Target auth state: UNCHALLENGED
19:48:17.392 [main] DEBUG org.apache.http.client.protocol.RequestProxyAuthentication - Proxy auth state: UNCHALLENGED
19:48:17.392 [main] DEBUG org.apache.http.impl.client.DefaultHttpClient - Attempt 1 to execute request
19:48:17.392 [main] DEBUG org.apache.http.impl.conn.DefaultClientConnection - Sending request: GET /carts/5 HTTP/1.1
19:48:17.392 [main] DEBUG org.apache.http.wire -  >> "GET /carts/5 HTTP/1.1[\r][\n]"
19:48:17.392 [main] DEBUG org.apache.http.wire -  >> "Accept: */*[\r][\n]"
19:48:17.392 [main] DEBUG org.apache.http.wire -  >> "Host: fakestoreapi.com[\r][\n]"
19:48:17.392 [main] DEBUG org.apache.http.wire -  >> "Connection: Keep-Alive[\r][\n]"
19:48:17.392 [main] DEBUG org.apache.http.wire -  >> "User-Agent: Apache-HttpClient/4.5.13 (Java/19.0.2)[\r][\n]"
19:48:17.392 [main] DEBUG org.apache.http.wire -  >> "Accept-Encoding: gzip,deflate[\r][\n]"
19:48:17.392 [main] DEBUG org.apache.http.wire -  >> "[\r][\n]"
19:48:17.392 [main] DEBUG org.apache.http.headers - >> GET /carts/5 HTTP/1.1
19:48:17.392 [main] DEBUG org.apache.http.headers - >> Accept: */*
19:48:17.392 [main] DEBUG org.apache.http.headers - >> Host: fakestoreapi.com
19:48:17.392 [main] DEBUG org.apache.http.headers - >> Connection: Keep-Alive
19:48:17.392 [main] DEBUG org.apache.http.headers - >> User-Agent: Apache-HttpClient/4.5.13 (Java/19.0.2)
19:48:17.392 [main] DEBUG org.apache.http.headers - >> Accept-Encoding: gzip,deflate
19:48:21.141 [main] DEBUG org.apache.http.wire -  << "HTTP/1.1 200 OK[\r][\n]"
19:48:21.141 [main] DEBUG org.apache.http.wire -  << "Date: Mon, 17 Apr 2023 12:48:20 GMT[\r][\n]"
19:48:21.141 [main] DEBUG org.apache.http.wire -  << "Content-Type: application/json; charset=utf-8[\r][\n]"
19:48:21.141 [main] DEBUG org.apache.http.wire -  << "Transfer-Encoding: chunked[\r][\n]"
19:48:21.141 [main] DEBUG org.apache.http.wire -  << "Connection: keep-alive[\r][\n]"
19:48:21.141 [main] DEBUG org.apache.http.wire -  << "Access-Control-Allow-Origin: *[\r][\n]"
19:48:21.141 [main] DEBUG org.apache.http.wire -  << "Etag: W/"84-gdIyDDM4F2vHdbWZQxEVv0T8aPA"[\r][\n]"
19:48:21.141 [main] DEBUG org.apache.http.wire -  << "X-Powered-By: Express[\r][\n]"
19:48:21.141 [main] DEBUG org.apache.http.wire -  << "CF-Cache-Status: DYNAMIC[\r][\n]"
19:48:21.141 [main] DEBUG org.apache.http.wire -  << "Report-To: {"endpoints":[{"url":"https:\/\/a.nel.cloudflare.com\/report\/v3?s=Gvd6czo2CeLMt%2B9s4e%2BEb0T8DBH5GmYgelLHqPqx0ogvdHmGgApxpuJUjc%2FSJWxT1TPJP8MjGffRj3SnxkrZpIKM6kL7mJst8bAEFj9le3UghxGqo4wUUlIl68sVmnqRkw%2Bw"}],"group":"cf-nel","max_age":604800}[\r][\n]"
19:48:21.141 [main] DEBUG org.apache.http.wire -  << "NEL: {"success_fraction":0,"report_to":"cf-nel","max_age":604800}[\r][\n]"
19:48:21.141 [main] DEBUG org.apache.http.wire -  << "Server: cloudflare[\r][\n]"
19:48:21.141 [main] DEBUG org.apache.http.wire -  << "CF-RAY: 7b94c8081f319fcb-SIN[\r][\n]"
19:48:21.141 [main] DEBUG org.apache.http.wire -  << "Content-Encoding: gzip[\r][\n]"
19:48:21.141 [main] DEBUG org.apache.http.wire -  << "alt-svc: h3=":443"; ma=86400, h3-29=":443"; ma=86400[\r][\n]"
19:48:21.141 [main] DEBUG org.apache.http.wire -  << "[\r][\n]"
19:48:21.141 [main] DEBUG org.apache.http.impl.conn.DefaultClientConnection - Receiving response: HTTP/1.1 200 OK
19:48:21.141 [main] DEBUG org.apache.http.headers - << HTTP/1.1 200 OK
19:48:21.141 [main] DEBUG org.apache.http.headers - << Date: Mon, 17 Apr 2023 12:48:20 GMT
19:48:21.142 [main] DEBUG org.apache.http.headers - << Content-Type: application/json; charset=utf-8
19:48:21.142 [main] DEBUG org.apache.http.headers - << Transfer-Encoding: chunked
19:48:21.142 [main] DEBUG org.apache.http.headers - << Connection: keep-alive
19:48:21.142 [main] DEBUG org.apache.http.headers - << Access-Control-Allow-Origin: *
19:48:21.142 [main] DEBUG org.apache.http.headers - << Etag: W/"84-gdIyDDM4F2vHdbWZQxEVv0T8aPA"
19:48:21.142 [main] DEBUG org.apache.http.headers - << X-Powered-By: Express
19:48:21.142 [main] DEBUG org.apache.http.headers - << CF-Cache-Status: DYNAMIC
19:48:21.142 [main] DEBUG org.apache.http.headers - << Report-To: {"endpoints":[{"url":"https:\/\/a.nel.cloudflare.com\/report\/v3?s=Gvd6czo2CeLMt%2B9s4e%2BEb0T8DBH5GmYgelLHqPqx0ogvdHmGgApxpuJUjc%2FSJWxT1TPJP8MjGffRj3SnxkrZpIKM6kL7mJst8bAEFj9le3UghxGqo4wUUlIl68sVmnqRkw%2Bw"}],"group":"cf-nel","max_age":604800}
19:48:21.142 [main] DEBUG org.apache.http.headers - << NEL: {"success_fraction":0,"report_to":"cf-nel","max_age":604800}
19:48:21.142 [main] DEBUG org.apache.http.headers - << Server: cloudflare
19:48:21.142 [main] DEBUG org.apache.http.headers - << CF-RAY: 7b94c8081f319fcb-SIN
19:48:21.142 [main] DEBUG org.apache.http.headers - << Content-Encoding: gzip
19:48:21.142 [main] DEBUG org.apache.http.headers - << alt-svc: h3=":443"; ma=86400, h3-29=":443"; ma=86400
19:48:21.142 [main] DEBUG org.apache.http.impl.client.DefaultHttpClient - Connection can be kept alive indefinitely
19:48:21.142 [main] DEBUG io.restassured.internal.RestAssuredHttpBuilder - Parsing response as: application/json; charset=utf-8
19:48:21.142 [main] DEBUG org.apache.http.wire -  << "78[\r][\n]"
19:48:21.142 [main] DEBUG org.apache.http.wire -  << "[0x1f][0x8b][0x8][0x0][0x0][0x0][0x0][0x0][0x0][0x3]T[0x8b][0xcd][\n]"
19:48:21.142 [main] DEBUG org.apache.http.wire -  << "@@[0x14]F[0xdf][0xe5][_[0xfa][0x98]D[0xf7][\r][0xec][0xad]H[0x92][0xb1][0xb0][0xf1];[0xa3]$[0xef].[0xca]B[0x9d][0xcd][0xe9]tN[0xc][0x16][0x9a][0x8][0xfc][0xd6][0xaf][0xb9][0x85][0x1a][0x81]m][0xf]E[0xcc][0x98][0x1]M[0xc0][0xa8] [0xf5]%$YB0[0xaf][0x93][0xf5][0x9d][0xdb][0xa0][0xd5][0xf9][0xc9]3[0xa7][0x82][0xc5][0xb7][0xa3][0x1b][0xdc][0x1][0x8d].[0xf9][0xc5][0xec][0x1f]kA[0xd3][0xec]P^7[0x0][0x0][0x0][0xff][0xff][0x3][0x0][0x1b][0xb4][0x9]}[0x84][0x0][0x0][0x0]"
19:48:21.142 [main] DEBUG org.apache.http.wire -  << "[\r][\n]"
19:48:21.142 [main] DEBUG org.apache.http.wire -  << "0[\r][\n]"
19:48:21.142 [main] DEBUG org.apache.http.wire -  << "[\r][\n]"
19:48:21.142 [main] DEBUG io.restassured.internal.RestAssuredHttpBuilder - Parsed data to instance of: class org.apache.http.conn.EofSensorInputStream
19:48:21.144 [main] DEBUG org.apache.http.impl.conn.BasicClientConnectionManager - Releasing connection org.apache.http.impl.conn.ManagedClientConnectionImpl@2526d5f9
19:48:21.144 [main] DEBUG org.apache.http.impl.conn.BasicClientConnectionManager - Connection can be kept alive indefinitely
  &amp#27;[32mGiven &amp#27;[0m&amp#27;[32mI set GET carts endpoint with id &amp#27;[0m&amp#27;[32m&amp#27;[1m5&amp#27;[0m        &amp#27;[90m# starter.stepdefinitions.UserSteps.setCartsWithId(java.lang.Integer)&amp#27;[0m
  &amp#27;[32mWhen &amp#27;[0m&amp#27;[32mI send GET HTTP request&amp#27;[0m                    &amp#27;[90m# starter.stepdefinitions.UserSteps.getHttpRequest()&amp#27;[0m
  &amp#27;[32mThen &amp#27;[0m&amp#27;[32mthe response status code should be &amp#27;[0m&amp#27;[32m&amp#27;[1m200&amp#27;[0m     &amp#27;[90m# starter.stepdefinitions.UserSteps.responseCode(java.lang.Integer)&amp#27;[0m
  &amp#27;[32mAnd &amp#27;[0m&amp#27;[32mthe response should contain carts with id &amp#27;[0m&amp#27;[32m&amp#27;[1m5&amp#27;[0m &amp#27;[90m# starter.stepdefinitions.UserSteps.responseCartsWithId(java.lang.Integer)&amp#27;[0m
19:48:21.158 [main] INFO  - 
  _____   ___   ___   _____     ___     _     ___   ___   ___   ___  
 |_   _| | __| / __| |_   _|   | _ \   /_\   / __| / __| | __| |   \ 
   | |   | _|  \__ \   | |     |  _/  / _ \  \__ \ \__ \ | _|  | |) |
   |_|   |___| |___/   |_|     |_|   /_/ \_\ |___/ |___/ |___| |___/ 

Retrieve a single carts
----------------------------------------------------------------------
]]></system-out>
  </testcase>
  <testcase name="Retrieve a non-existent carts" classname="RestFull API Test" time="4.057">
    <system-out><![CDATA[
Scenario: Retrieve a non-existent carts       &amp#27;[90m# src/test/resources/api/user.feature:109&amp#27;[0m
19:48:21.163 [main] INFO io.cucumber.core.plugin.SerenityReporter - Running feature from file:///D:/KULIAH/kmrdeka/Weekly2/src/test/resources/api/user.feature
19:48:21.163 [main] WARN io.cucumber.core.plugin.SerenityReporter - Feature from file:///D:/KULIAH/kmrdeka/Weekly2/src/test/resources/api/user.feature is not under the 'features' directory. Requirements report will not be correctly generated!
19:48:21.165 [main] INFO  - 
  _____   ___   ___   _____     ___   _____     _     ___   _____   ___   ___  
 |_   _| | __| / __| |_   _|   / __| |_   _|   /_\   | _ \ |_   _| | __| |   \ 
   | |   | _|  \__ \   | |     \__ \   | |    / _ \  |   /   | |   | _|  | |) |
   |_|   |___| |___/   |_|     |___/   |_|   /_/ \_\ |_|_\   |_|   |___| |___/ 

Retrieve a non-existent carts(restfull-api-test;retrieve-a-non-existent-carts)
--------------------------------------------------------------------------------
19:48:21.177 [main] DEBUG org.apache.http.impl.conn.BasicClientConnectionManager - Get connection for route {s}->https://fakestoreapi.com:443
19:48:21.177 [main] DEBUG org.apache.http.impl.conn.DefaultClientConnectionOperator - Connecting to fakestoreapi.com:443
19:48:21.264 [main] DEBUG org.apache.http.client.protocol.RequestAddCookies - CookieSpec selected: ignoreCookies
19:48:21.264 [main] DEBUG org.apache.http.client.protocol.RequestAuthCache - Auth cache not set in the context
19:48:21.264 [main] DEBUG org.apache.http.client.protocol.RequestTargetAuthentication - Target auth state: UNCHALLENGED
19:48:21.264 [main] DEBUG org.apache.http.client.protocol.RequestProxyAuthentication - Proxy auth state: UNCHALLENGED
19:48:21.264 [main] DEBUG org.apache.http.impl.client.DefaultHttpClient - Attempt 1 to execute request
19:48:21.264 [main] DEBUG org.apache.http.impl.conn.DefaultClientConnection - Sending request: GET /carts/0 HTTP/1.1
19:48:21.264 [main] DEBUG org.apache.http.wire -  >> "GET /carts/0 HTTP/1.1[\r][\n]"
19:48:21.264 [main] DEBUG org.apache.http.wire -  >> "Accept: */*[\r][\n]"
19:48:21.264 [main] DEBUG org.apache.http.wire -  >> "Host: fakestoreapi.com[\r][\n]"
19:48:21.264 [main] DEBUG org.apache.http.wire -  >> "Connection: Keep-Alive[\r][\n]"
19:48:21.264 [main] DEBUG org.apache.http.wire -  >> "User-Agent: Apache-HttpClient/4.5.13 (Java/19.0.2)[\r][\n]"
19:48:21.264 [main] DEBUG org.apache.http.wire -  >> "Accept-Encoding: gzip,deflate[\r][\n]"
19:48:21.264 [main] DEBUG org.apache.http.wire -  >> "[\r][\n]"
19:48:21.264 [main] DEBUG org.apache.http.headers - >> GET /carts/0 HTTP/1.1
19:48:21.264 [main] DEBUG org.apache.http.headers - >> Accept: */*
19:48:21.264 [main] DEBUG org.apache.http.headers - >> Host: fakestoreapi.com
19:48:21.264 [main] DEBUG org.apache.http.headers - >> Connection: Keep-Alive
19:48:21.264 [main] DEBUG org.apache.http.headers - >> User-Agent: Apache-HttpClient/4.5.13 (Java/19.0.2)
19:48:21.264 [main] DEBUG org.apache.http.headers - >> Accept-Encoding: gzip,deflate
19:48:25.208 [main] DEBUG org.apache.http.wire -  << "HTTP/1.1 200 OK[\r][\n]"
19:48:25.208 [main] DEBUG org.apache.http.wire -  << "Date: Mon, 17 Apr 2023 12:48:24 GMT[\r][\n]"
19:48:25.208 [main] DEBUG org.apache.http.wire -  << "Content-Type: application/json; charset=utf-8[\r][\n]"
19:48:25.208 [main] DEBUG org.apache.http.wire -  << "Content-Length: 4[\r][\n]"
19:48:25.208 [main] DEBUG org.apache.http.wire -  << "Connection: keep-alive[\r][\n]"
19:48:25.208 [main] DEBUG org.apache.http.wire -  << "Access-Control-Allow-Origin: *[\r][\n]"
19:48:25.208 [main] DEBUG org.apache.http.wire -  << "Etag: W/"4-K+iMpCQsduglOsYkdIUQZQMtaDM"[\r][\n]"
19:48:25.208 [main] DEBUG org.apache.http.wire -  << "X-Powered-By: Express[\r][\n]"
19:48:25.208 [main] DEBUG org.apache.http.wire -  << "CF-Cache-Status: DYNAMIC[\r][\n]"
19:48:25.208 [main] DEBUG org.apache.http.wire -  << "Report-To: {"endpoints":[{"url":"https:\/\/a.nel.cloudflare.com\/report\/v3?s=NtQXQNmNbUNmCkDWSkcSX9IRQ7kqokuoam34oOuBBXE5ay7jMu2GhBYUo0FIevn2ODSV1XOjis%2FeGq1NG6O8MxGgRwmKBRm9ZZnN5tGIAevRP8xVQOKG2%2BaDQXv4eUuhnsDK"}],"group":"cf-nel","max_age":604800}[\r][\n]"
19:48:25.208 [main] DEBUG org.apache.http.wire -  << "NEL: {"success_fraction":0,"report_to":"cf-nel","max_age":604800}[\r][\n]"
19:48:25.208 [main] DEBUG org.apache.http.wire -  << "Server: cloudflare[\r][\n]"
19:48:25.208 [main] DEBUG org.apache.http.wire -  << "CF-RAY: 7b94c8204aa1919c-SIN[\r][\n]"
19:48:25.208 [main] DEBUG org.apache.http.wire -  << "alt-svc: h3=":443"; ma=86400, h3-29=":443"; ma=86400[\r][\n]"
19:48:25.208 [main] DEBUG org.apache.http.wire -  << "[\r][\n]"
19:48:25.208 [main] DEBUG org.apache.http.impl.conn.DefaultClientConnection - Receiving response: HTTP/1.1 200 OK
19:48:25.208 [main] DEBUG org.apache.http.headers - << HTTP/1.1 200 OK
19:48:25.208 [main] DEBUG org.apache.http.headers - << Date: Mon, 17 Apr 2023 12:48:24 GMT
19:48:25.208 [main] DEBUG org.apache.http.headers - << Content-Type: application/json; charset=utf-8
19:48:25.208 [main] DEBUG org.apache.http.headers - << Content-Length: 4
19:48:25.208 [main] DEBUG org.apache.http.headers - << Connection: keep-alive
19:48:25.208 [main] DEBUG org.apache.http.headers - << Access-Control-Allow-Origin: *
19:48:25.208 [main] DEBUG org.apache.http.headers - << Etag: W/"4-K+iMpCQsduglOsYkdIUQZQMtaDM"
19:48:25.208 [main] DEBUG org.apache.http.headers - << X-Powered-By: Express
19:48:25.208 [main] DEBUG org.apache.http.headers - << CF-Cache-Status: DYNAMIC
19:48:25.208 [main] DEBUG org.apache.http.headers - << Report-To: {"endpoints":[{"url":"https:\/\/a.nel.cloudflare.com\/report\/v3?s=NtQXQNmNbUNmCkDWSkcSX9IRQ7kqokuoam34oOuBBXE5ay7jMu2GhBYUo0FIevn2ODSV1XOjis%2FeGq1NG6O8MxGgRwmKBRm9ZZnN5tGIAevRP8xVQOKG2%2BaDQXv4eUuhnsDK"}],"group":"cf-nel","max_age":604800}
19:48:25.208 [main] DEBUG org.apache.http.headers - << NEL: {"success_fraction":0,"report_to":"cf-nel","max_age":604800}
19:48:25.208 [main] DEBUG org.apache.http.headers - << Server: cloudflare
19:48:25.208 [main] DEBUG org.apache.http.headers - << CF-RAY: 7b94c8204aa1919c-SIN
19:48:25.208 [main] DEBUG org.apache.http.headers - << alt-svc: h3=":443"; ma=86400, h3-29=":443"; ma=86400
19:48:25.209 [main] DEBUG org.apache.http.impl.client.DefaultHttpClient - Connection can be kept alive indefinitely
19:48:25.209 [main] DEBUG io.restassured.internal.RestAssuredHttpBuilder - Parsing response as: application/json; charset=utf-8
19:48:25.209 [main] DEBUG io.restassured.internal.RestAssuredHttpBuilder - Parsed data to instance of: class org.apache.http.conn.EofSensorInputStream
19:48:25.210 [main] DEBUG org.apache.http.wire -  << "null"
19:48:25.210 [main] DEBUG org.apache.http.impl.conn.BasicClientConnectionManager - Releasing connection org.apache.http.impl.conn.ManagedClientConnectionImpl@72d7afff
19:48:25.210 [main] DEBUG org.apache.http.impl.conn.BasicClientConnectionManager - Connection can be kept alive indefinitely
  &amp#27;[32mGiven &amp#27;[0m&amp#27;[32mI set GET carts endpoint with id &amp#27;[0m&amp#27;[32m&amp#27;[1m0&amp#27;[0m    &amp#27;[90m# starter.stepdefinitions.UserSteps.setCartsWithId(java.lang.Integer)&amp#27;[0m
  &amp#27;[32mWhen &amp#27;[0m&amp#27;[32mI send GET HTTP request&amp#27;[0m                &amp#27;[90m# starter.stepdefinitions.UserSteps.getHttpRequest()&amp#27;[0m
  &amp#27;[32mThen &amp#27;[0m&amp#27;[32mthe response status code should be &amp#27;[0m&amp#27;[32m&amp#27;[1m200&amp#27;[0m &amp#27;[90m# starter.stepdefinitions.UserSteps.responseCode(java.lang.Integer)&amp#27;[0m
19:48:25.215 [main] INFO  - 
  _____   ___   ___   _____     ___     _     ___   ___   ___   ___  
 |_   _| | __| / __| |_   _|   | _ \   /_\   / __| / __| | __| |   \ 
   | |   | _|  \__ \   | |     |  _/  / _ \  \__ \ \__ \ | _|  | |) |
   |_|   |___| |___/   |_|     |_|   /_/ \_\ |___/ |___/ |___| |___/ 

Retrieve a non-existent carts
----------------------------------------------------------------------
]]></system-out>
  </testcase>
  <testcase name="Get carts with limit 5" classname="RestFull API Test" time="3.708">
    <system-out><![CDATA[
Scenario: Get carts with limit 5                     &amp#27;[90m# src/test/resources/api/user.feature:114&amp#27;[0m
19:48:25.220 [main] INFO io.cucumber.core.plugin.SerenityReporter - Running feature from file:///D:/KULIAH/kmrdeka/Weekly2/src/test/resources/api/user.feature
19:48:25.220 [main] WARN io.cucumber.core.plugin.SerenityReporter - Feature from file:///D:/KULIAH/kmrdeka/Weekly2/src/test/resources/api/user.feature is not under the 'features' directory. Requirements report will not be correctly generated!
19:48:25.223 [main] INFO  - 
  _____   ___   ___   _____     ___   _____     _     ___   _____   ___   ___  
 |_   _| | __| / __| |_   _|   / __| |_   _|   /_\   | _ \ |_   _| | __| |   \ 
   | |   | _|  \__ \   | |     \__ \   | |    / _ \  |   /   | |   | _|  | |) |
   |_|   |___| |___/   |_|     |___/   |_|   /_/ \_\ |_|_\   |_|   |___| |___/ 

Get carts with limit 5(restfull-api-test;get-carts-with-limit-5)
--------------------------------------------------------------------------------
19:48:25.235 [main] DEBUG org.apache.http.impl.conn.BasicClientConnectionManager - Get connection for route {s}->https://fakestoreapi.com:443
19:48:25.235 [main] DEBUG org.apache.http.impl.conn.DefaultClientConnectionOperator - Connecting to fakestoreapi.com:443
19:48:25.422 [main] DEBUG org.apache.http.client.protocol.RequestAddCookies - CookieSpec selected: ignoreCookies
19:48:25.422 [main] DEBUG org.apache.http.client.protocol.RequestAuthCache - Auth cache not set in the context
19:48:25.422 [main] DEBUG org.apache.http.client.protocol.RequestTargetAuthentication - Target auth state: UNCHALLENGED
19:48:25.422 [main] DEBUG org.apache.http.client.protocol.RequestProxyAuthentication - Proxy auth state: UNCHALLENGED
19:48:25.422 [main] DEBUG org.apache.http.impl.client.DefaultHttpClient - Attempt 1 to execute request
19:48:25.422 [main] DEBUG org.apache.http.impl.conn.DefaultClientConnection - Sending request: GET /carts?limit=5 HTTP/1.1
19:48:25.422 [main] DEBUG org.apache.http.wire -  >> "GET /carts?limit=5 HTTP/1.1[\r][\n]"
19:48:25.422 [main] DEBUG org.apache.http.wire -  >> "Accept: */*[\r][\n]"
19:48:25.422 [main] DEBUG org.apache.http.wire -  >> "Host: fakestoreapi.com[\r][\n]"
19:48:25.422 [main] DEBUG org.apache.http.wire -  >> "Connection: Keep-Alive[\r][\n]"
19:48:25.422 [main] DEBUG org.apache.http.wire -  >> "User-Agent: Apache-HttpClient/4.5.13 (Java/19.0.2)[\r][\n]"
19:48:25.422 [main] DEBUG org.apache.http.wire -  >> "Accept-Encoding: gzip,deflate[\r][\n]"
19:48:25.422 [main] DEBUG org.apache.http.wire -  >> "[\r][\n]"
19:48:25.422 [main] DEBUG org.apache.http.headers - >> GET /carts?limit=5 HTTP/1.1
19:48:25.422 [main] DEBUG org.apache.http.headers - >> Accept: */*
19:48:25.422 [main] DEBUG org.apache.http.headers - >> Host: fakestoreapi.com
19:48:25.422 [main] DEBUG org.apache.http.headers - >> Connection: Keep-Alive
19:48:25.422 [main] DEBUG org.apache.http.headers - >> User-Agent: Apache-HttpClient/4.5.13 (Java/19.0.2)
19:48:25.422 [main] DEBUG org.apache.http.headers - >> Accept-Encoding: gzip,deflate
19:48:28.916 [main] DEBUG org.apache.http.wire -  << "HTTP/1.1 200 OK[\r][\n]"
19:48:28.916 [main] DEBUG org.apache.http.wire -  << "Date: Mon, 17 Apr 2023 12:48:28 GMT[\r][\n]"
19:48:28.916 [main] DEBUG org.apache.http.wire -  << "Content-Type: application/json; charset=utf-8[\r][\n]"
19:48:28.916 [main] DEBUG org.apache.http.wire -  << "Transfer-Encoding: chunked[\r][\n]"
19:48:28.916 [main] DEBUG org.apache.http.wire -  << "Connection: keep-alive[\r][\n]"
19:48:28.916 [main] DEBUG org.apache.http.wire -  << "Access-Control-Allow-Origin: *[\r][\n]"
19:48:28.916 [main] DEBUG org.apache.http.wire -  << "Etag: W/"2b8-bxJn825MWHOywV0kxdnZiZBgns8"[\r][\n]"
19:48:28.916 [main] DEBUG org.apache.http.wire -  << "X-Powered-By: Express[\r][\n]"
19:48:28.916 [main] DEBUG org.apache.http.wire -  << "CF-Cache-Status: DYNAMIC[\r][\n]"
19:48:28.916 [main] DEBUG org.apache.http.wire -  << "Report-To: {"endpoints":[{"url":"https:\/\/a.nel.cloudflare.com\/report\/v3?s=0HuDwjvzvxh9NiQ2xw7z5EYamtSJGepySjoUUeQcw4aYfV3RkHLJ6260Y4K3kYDNNHjdFC7WknL%2F99ZNJRFpCSEbvgpvmobfC2wlwMh9GHPB9dcNen9yjU5uKCvcKjGaGFRt"}],"group":"cf-nel","max_age":604800}[\r][\n]"
19:48:28.916 [main] DEBUG org.apache.http.wire -  << "NEL: {"success_fraction":0,"report_to":"cf-nel","max_age":604800}[\r][\n]"
19:48:28.916 [main] DEBUG org.apache.http.wire -  << "Server: cloudflare[\r][\n]"
19:48:28.916 [main] DEBUG org.apache.http.wire -  << "CF-RAY: 7b94c83a4d8a4a77-SIN[\r][\n]"
19:48:28.916 [main] DEBUG org.apache.http.wire -  << "Content-Encoding: gzip[\r][\n]"
19:48:28.916 [main] DEBUG org.apache.http.wire -  << "alt-svc: h3=":443"; ma=86400, h3-29=":443"; ma=86400[\r][\n]"
19:48:28.916 [main] DEBUG org.apache.http.wire -  << "[\r][\n]"
19:48:28.916 [main] DEBUG org.apache.http.impl.conn.DefaultClientConnection - Receiving response: HTTP/1.1 200 OK
19:48:28.916 [main] DEBUG org.apache.http.headers - << HTTP/1.1 200 OK
19:48:28.916 [main] DEBUG org.apache.http.headers - << Date: Mon, 17 Apr 2023 12:48:28 GMT
19:48:28.916 [main] DEBUG org.apache.http.headers - << Content-Type: application/json; charset=utf-8
19:48:28.916 [main] DEBUG org.apache.http.headers - << Transfer-Encoding: chunked
19:48:28.916 [main] DEBUG org.apache.http.headers - << Connection: keep-alive
19:48:28.916 [main] DEBUG org.apache.http.headers - << Access-Control-Allow-Origin: *
19:48:28.916 [main] DEBUG org.apache.http.headers - << Etag: W/"2b8-bxJn825MWHOywV0kxdnZiZBgns8"
19:48:28.916 [main] DEBUG org.apache.http.headers - << X-Powered-By: Express
19:48:28.916 [main] DEBUG org.apache.http.headers - << CF-Cache-Status: DYNAMIC
19:48:28.916 [main] DEBUG org.apache.http.headers - << Report-To: {"endpoints":[{"url":"https:\/\/a.nel.cloudflare.com\/report\/v3?s=0HuDwjvzvxh9NiQ2xw7z5EYamtSJGepySjoUUeQcw4aYfV3RkHLJ6260Y4K3kYDNNHjdFC7WknL%2F99ZNJRFpCSEbvgpvmobfC2wlwMh9GHPB9dcNen9yjU5uKCvcKjGaGFRt"}],"group":"cf-nel","max_age":604800}
19:48:28.916 [main] DEBUG org.apache.http.headers - << NEL: {"success_fraction":0,"report_to":"cf-nel","max_age":604800}
19:48:28.916 [main] DEBUG org.apache.http.headers - << Server: cloudflare
19:48:28.916 [main] DEBUG org.apache.http.headers - << CF-RAY: 7b94c83a4d8a4a77-SIN
19:48:28.916 [main] DEBUG org.apache.http.headers - << Content-Encoding: gzip
19:48:28.916 [main] DEBUG org.apache.http.headers - << alt-svc: h3=":443"; ma=86400, h3-29=":443"; ma=86400
19:48:28.916 [main] DEBUG org.apache.http.impl.client.DefaultHttpClient - Connection can be kept alive indefinitely
19:48:28.916 [main] DEBUG io.restassured.internal.RestAssuredHttpBuilder - Parsing response as: application/json; charset=utf-8
19:48:28.916 [main] DEBUG org.apache.http.wire -  << "c3[\r][\n]"
19:48:28.916 [main] DEBUG org.apache.http.wire -  << "[0x1f][0x8b][0x8][0x0][0x0][0x0][0x0][0x0][0x0][0x3][0x9c][0x92][0xcb][\n]"
19:48:28.916 [main] DEBUG org.apache.http.wire -  << "[0x83]0[0x10]E[0xff]e[0xd6][0xb1]L&[0xda]G[0xfe][0xa0][0xfb][0xae]*"[0xd2][0xb8]p[0xd3][0x87]&[0x85]"[0xfe]{im1[0xf]"(d[0x91]p2[0xcc][0x99][0x9b][0xe4]=4[\n]"
19:48:28.916 [main] DEBUG org.apache.http.wire -  << "$g`[0xba][0xba]=[0x8e][U[0xe9][0x1a]$[0x10][0x12]&([0x12][0xa4][0x13][0xa2][0xfc][0xae][\r]"[0x9e][0x81][0xc1][0xbd][0xbd])s[0xd1][0x1d][0xc8][0xbc][0xff][0x1f]~[0xc5][0xf]S]u[0xa3]_ [0xd3][0x81]9[0x90]l[0xc8]=(l[0xb8][0x1d][\n]"
19:48:28.916 [main] DEBUG org.apache.http.wire -  << "[0x6]e[0xf9][0x4][0x89][0x9f]k[0xcd]X[0x1c]3[0xe4]K[0xc]i[0xce][0xd0][0xd1][0xe7][0xe8][0xd1][0xcc][0xa6][0x14]*[0x8a]I[0x91][0xc2][0x10][0xf9][0xba][0x10][0xc9][0x93]8[0xb8]![0x6][0x12][0xe9]$![0xc2][0x9c][0xf8][0xda][0x97][0xc][0xfa]d[0xf1]>[0x8b][0x86][0xdd][0xcd]}[0x8a]}l[0xd8][0xe2][\r][0x0][0x0][0xff][0xff][0x3][0x0][0xf3][0x8][0xc4][0xf9][0xb8][0x2][0x0][0x0]"
19:48:28.917 [main] DEBUG org.apache.http.wire -  << "[\r][\n]"
19:48:28.917 [main] DEBUG org.apache.http.wire -  << "0[\r][\n]"
19:48:28.917 [main] DEBUG org.apache.http.wire -  << "[\r][\n]"
19:48:28.917 [main] DEBUG io.restassured.internal.RestAssuredHttpBuilder - Parsed data to instance of: class org.apache.http.conn.EofSensorInputStream
19:48:28.917 [main] DEBUG org.apache.http.impl.conn.BasicClientConnectionManager - Releasing connection org.apache.http.impl.conn.ManagedClientConnectionImpl@5a88849
19:48:28.917 [main] DEBUG org.apache.http.impl.conn.BasicClientConnectionManager - Connection can be kept alive indefinitely
  &amp#27;[32mGiven &amp#27;[0m&amp#27;[32mI set GET carts endpoint with limit &amp#27;[0m&amp#27;[32m&amp#27;[1m5&amp#27;[0m        &amp#27;[90m# starter.stepdefinitions.UserSteps.setCartsWithLimit(java.lang.Integer)&amp#27;[0m
  &amp#27;[32mWhen &amp#27;[0m&amp#27;[32mthe response status code should be &amp#27;[0m&amp#27;[32m&amp#27;[1m200&amp#27;[0m        &amp#27;[90m# starter.stepdefinitions.UserSteps.responseCode(java.lang.Integer)&amp#27;[0m
  &amp#27;[32mThen &amp#27;[0m&amp#27;[32mthe response should contain a list of &amp#27;[0m&amp#27;[32m&amp#27;[1m5&amp#27;[0m&amp#27;[32m carts&amp#27;[0m &amp#27;[90m# starter.stepdefinitions.UserSteps.checkCartsList(int)&amp#27;[0m
19:48:28.924 [main] INFO  - 
  _____   ___   ___   _____     ___     _     ___   ___   ___   ___  
 |_   _| | __| / __| |_   _|   | _ \   /_\   / __| / __| | __| |   \ 
   | |   | _|  \__ \   | |     |  _/  / _ \  \__ \ \__ \ | _|  | |) |
   |_|   |___| |___/   |_|     |_|   /_/ \_\ |___/ |___/ |___| |___/ 

Get carts with limit 5
----------------------------------------------------------------------
]]></system-out>
  </testcase>
  <testcase name="Get carts with limit 50" classname="RestFull API Test" time="3.849">
    <system-out><![CDATA[
Scenario: Get carts with limit 50                    &amp#27;[90m# src/test/resources/api/user.feature:119&amp#27;[0m
19:48:28.929 [main] INFO io.cucumber.core.plugin.SerenityReporter - Running feature from file:///D:/KULIAH/kmrdeka/Weekly2/src/test/resources/api/user.feature
19:48:28.929 [main] WARN io.cucumber.core.plugin.SerenityReporter - Feature from file:///D:/KULIAH/kmrdeka/Weekly2/src/test/resources/api/user.feature is not under the 'features' directory. Requirements report will not be correctly generated!
19:48:28.931 [main] INFO  - 
  _____   ___   ___   _____     ___   _____     _     ___   _____   ___   ___  
 |_   _| | __| / __| |_   _|   / __| |_   _|   /_\   | _ \ |_   _| | __| |   \ 
   | |   | _|  \__ \   | |     \__ \   | |    / _ \  |   /   | |   | _|  | |) |
   |_|   |___| |___/   |_|     |___/   |_|   /_/ \_\ |_|_\   |_|   |___| |___/ 

Get carts with limit 50(restfull-api-test;get-carts-with-limit-50)
--------------------------------------------------------------------------------
19:48:28.945 [main] DEBUG org.apache.http.impl.conn.BasicClientConnectionManager - Get connection for route {s}->https://fakestoreapi.com:443
19:48:28.945 [main] DEBUG org.apache.http.impl.conn.DefaultClientConnectionOperator - Connecting to fakestoreapi.com:443
19:48:29.049 [main] DEBUG org.apache.http.client.protocol.RequestAddCookies - CookieSpec selected: ignoreCookies
19:48:29.049 [main] DEBUG org.apache.http.client.protocol.RequestAuthCache - Auth cache not set in the context
19:48:29.049 [main] DEBUG org.apache.http.client.protocol.RequestTargetAuthentication - Target auth state: UNCHALLENGED
19:48:29.049 [main] DEBUG org.apache.http.client.protocol.RequestProxyAuthentication - Proxy auth state: UNCHALLENGED
19:48:29.049 [main] DEBUG org.apache.http.impl.client.DefaultHttpClient - Attempt 1 to execute request
19:48:29.049 [main] DEBUG org.apache.http.impl.conn.DefaultClientConnection - Sending request: GET /carts?limit=50 HTTP/1.1
19:48:29.049 [main] DEBUG org.apache.http.wire -  >> "GET /carts?limit=50 HTTP/1.1[\r][\n]"
19:48:29.049 [main] DEBUG org.apache.http.wire -  >> "Accept: */*[\r][\n]"
19:48:29.049 [main] DEBUG org.apache.http.wire -  >> "Host: fakestoreapi.com[\r][\n]"
19:48:29.049 [main] DEBUG org.apache.http.wire -  >> "Connection: Keep-Alive[\r][\n]"
19:48:29.049 [main] DEBUG org.apache.http.wire -  >> "User-Agent: Apache-HttpClient/4.5.13 (Java/19.0.2)[\r][\n]"
19:48:29.049 [main] DEBUG org.apache.http.wire -  >> "Accept-Encoding: gzip,deflate[\r][\n]"
19:48:29.049 [main] DEBUG org.apache.http.wire -  >> "[\r][\n]"
19:48:29.049 [main] DEBUG org.apache.http.headers - >> GET /carts?limit=50 HTTP/1.1
19:48:29.049 [main] DEBUG org.apache.http.headers - >> Accept: */*
19:48:29.049 [main] DEBUG org.apache.http.headers - >> Host: fakestoreapi.com
19:48:29.049 [main] DEBUG org.apache.http.headers - >> Connection: Keep-Alive
19:48:29.049 [main] DEBUG org.apache.http.headers - >> User-Agent: Apache-HttpClient/4.5.13 (Java/19.0.2)
19:48:29.049 [main] DEBUG org.apache.http.headers - >> Accept-Encoding: gzip,deflate
19:48:32.763 [main] DEBUG org.apache.http.wire -  << "HTTP/1.1 200 OK[\r][\n]"
19:48:32.763 [main] DEBUG org.apache.http.wire -  << "Date: Mon, 17 Apr 2023 12:48:31 GMT[\r][\n]"
19:48:32.763 [main] DEBUG org.apache.http.wire -  << "Content-Type: application/json; charset=utf-8[\r][\n]"
19:48:32.763 [main] DEBUG org.apache.http.wire -  << "Transfer-Encoding: chunked[\r][\n]"
19:48:32.763 [main] DEBUG org.apache.http.wire -  << "Connection: keep-alive[\r][\n]"
19:48:32.763 [main] DEBUG org.apache.http.wire -  << "Access-Control-Allow-Origin: *[\r][\n]"
19:48:32.763 [main] DEBUG org.apache.http.wire -  << "Etag: W/"3a8-j3C8983spvK8GpaSYa+SyYlAS2A"[\r][\n]"
19:48:32.763 [main] DEBUG org.apache.http.wire -  << "X-Powered-By: Express[\r][\n]"
19:48:32.763 [main] DEBUG org.apache.http.wire -  << "CF-Cache-Status: DYNAMIC[\r][\n]"
19:48:32.763 [main] DEBUG org.apache.http.wire -  << "Report-To: {"endpoints":[{"url":"https:\/\/a.nel.cloudflare.com\/report\/v3?s=PNx87KZA6xD3jcDqEZGlT%2BR11WsZWg0D4JQWEZX5A%2BfI494huKRhIiwGI0CQKoTqBRNl9J9PVeWnNfkPUnKm38ghdDWlYcPvNv1mq9X4W9OJ1wUfLmIMnsvr95qZ%2B4pHqgLA"}],"group":"cf-nel","max_age":604800}[\r][\n]"
19:48:32.763 [main] DEBUG org.apache.http.wire -  << "NEL: {"success_fraction":0,"report_to":"cf-nel","max_age":604800}[\r][\n]"
19:48:32.763 [main] DEBUG org.apache.http.wire -  << "Server: cloudflare[\r][\n]"
19:48:32.763 [main] DEBUG org.apache.http.wire -  << "CF-RAY: 7b94c850eccf9f9e-SIN[\r][\n]"
19:48:32.763 [main] DEBUG org.apache.http.wire -  << "Content-Encoding: gzip[\r][\n]"
19:48:32.763 [main] DEBUG org.apache.http.wire -  << "alt-svc: h3=":443"; ma=86400, h3-29=":443"; ma=86400[\r][\n]"
19:48:32.763 [main] DEBUG org.apache.http.wire -  << "[\r][\n]"
19:48:32.763 [main] DEBUG org.apache.http.impl.conn.DefaultClientConnection - Receiving response: HTTP/1.1 200 OK
19:48:32.763 [main] DEBUG org.apache.http.headers - << HTTP/1.1 200 OK
19:48:32.763 [main] DEBUG org.apache.http.headers - << Date: Mon, 17 Apr 2023 12:48:31 GMT
19:48:32.763 [main] DEBUG org.apache.http.headers - << Content-Type: application/json; charset=utf-8
19:48:32.763 [main] DEBUG org.apache.http.headers - << Transfer-Encoding: chunked
19:48:32.763 [main] DEBUG org.apache.http.headers - << Connection: keep-alive
19:48:32.763 [main] DEBUG org.apache.http.headers - << Access-Control-Allow-Origin: *
19:48:32.763 [main] DEBUG org.apache.http.headers - << Etag: W/"3a8-j3C8983spvK8GpaSYa+SyYlAS2A"
19:48:32.763 [main] DEBUG org.apache.http.headers - << X-Powered-By: Express
19:48:32.763 [main] DEBUG org.apache.http.headers - << CF-Cache-Status: DYNAMIC
19:48:32.763 [main] DEBUG org.apache.http.headers - << Report-To: {"endpoints":[{"url":"https:\/\/a.nel.cloudflare.com\/report\/v3?s=PNx87KZA6xD3jcDqEZGlT%2BR11WsZWg0D4JQWEZX5A%2BfI494huKRhIiwGI0CQKoTqBRNl9J9PVeWnNfkPUnKm38ghdDWlYcPvNv1mq9X4W9OJ1wUfLmIMnsvr95qZ%2B4pHqgLA"}],"group":"cf-nel","max_age":604800}
19:48:32.763 [main] DEBUG org.apache.http.headers - << NEL: {"success_fraction":0,"report_to":"cf-nel","max_age":604800}
19:48:32.763 [main] DEBUG org.apache.http.headers - << Server: cloudflare
19:48:32.763 [main] DEBUG org.apache.http.headers - << CF-RAY: 7b94c850eccf9f9e-SIN
19:48:32.763 [main] DEBUG org.apache.http.headers - << Content-Encoding: gzip
19:48:32.763 [main] DEBUG org.apache.http.headers - << alt-svc: h3=":443"; ma=86400, h3-29=":443"; ma=86400
19:48:32.763 [main] DEBUG org.apache.http.impl.client.DefaultHttpClient - Connection can be kept alive indefinitely
19:48:32.764 [main] DEBUG io.restassured.internal.RestAssuredHttpBuilder - Parsing response as: application/json; charset=utf-8
19:48:32.764 [main] DEBUG org.apache.http.wire -  << "da[\r][\n]"
19:48:32.764 [main] DEBUG org.apache.http.wire -  << "[0x1f][0x8b][0x8][0x0][0x0][0x0][0x0][0x0][0x0][0x3][0xa4][0x92][0xcb][\n]"
19:48:32.764 [main] DEBUG org.apache.http.wire -  << "[0x83]0[0x10]E[0xff]e[0xd6][0xb1]L&[0xbe][0x9a]?[0xe8][0xbe][0xab][0x8a][0x88]T[0x17]n[0xfa][0xd0]X([0xe2][0xbf][0x97][0xd6][0x96][0x98][0x4]-*d[0x91]p3[0xcc][0xb9]w&[0xe9][0xa0]*@r[0x6]mS[0xd6][0x87][0xe1]Z[0xe4][0xaa][0x4][0x9][0x84][0x84][0x1e][\n]"
19:48:32.764 [main] DEBUG org.apache.http.wire -  << "[0xf][0xe9][0x88](?g[0x87][0x88]'`p[0xab][0xaf]E{V[\r][0xc8][0xa4][0xfb]=[0xbe][0xc5][0xf7]6[0xbf][0xa8]J=A[0xfa]=3D[0x1a][0x8b][0xdc][0x12][0xc5]X[0xc][0xfb][0x94]A[0x96]=@[0xe2][0xfb][5[0x14]O[0x11][0xf2]%[0x84]4Gh[0xe0]s[0xb4][0xd4]`[0xac][0x92][0x8b](4"[0xb9]![0xf2]u![0x92][0x5][0xb1]7Ct |[\r]![0xdc][0x9c][0xf8][0xda]I:}[0x82][0xe9]>[0x8b][0xcc]FsK[0x11][0xff]1[0x1b]j[0x8]S[0xe2]8[0x17]97vF[0xb8][0x18][0x91][0xc6][0x88]7aL[0xfa]M_[0x0][0x0][0x0][0xff][0xff][0x3][0x0][0xa4]c}[0x94][0xa8][0x3][0x0][0x0]"
19:48:32.764 [main] DEBUG org.apache.http.wire -  << "[\r][\n]"
19:48:32.764 [main] DEBUG org.apache.http.wire -  << "0[\r][\n]"
19:48:32.764 [main] DEBUG org.apache.http.wire -  << "[\r][\n]"
19:48:32.764 [main] DEBUG io.restassured.internal.RestAssuredHttpBuilder - Parsed data to instance of: class org.apache.http.conn.EofSensorInputStream
19:48:32.765 [main] DEBUG org.apache.http.impl.conn.BasicClientConnectionManager - Releasing connection org.apache.http.impl.conn.ManagedClientConnectionImpl@15afebcc
19:48:32.765 [main] DEBUG org.apache.http.impl.conn.BasicClientConnectionManager - Connection can be kept alive indefinitely
  &amp#27;[32mGiven &amp#27;[0m&amp#27;[32mI set GET carts endpoint with limit &amp#27;[0m&amp#27;[32m&amp#27;[1m50&amp#27;[0m       &amp#27;[90m# starter.stepdefinitions.UserSteps.setCartsWithLimit(java.lang.Integer)&amp#27;[0m
  &amp#27;[32mWhen &amp#27;[0m&amp#27;[32mthe response status code should be &amp#27;[0m&amp#27;[32m&amp#27;[1m200&amp#27;[0m        &amp#27;[90m# starter.stepdefinitions.UserSteps.responseCode(java.lang.Integer)&amp#27;[0m
  &amp#27;[32mThen &amp#27;[0m&amp#27;[32mthe response should contain a list of &amp#27;[0m&amp#27;[32m&amp#27;[1m7&amp#27;[0m&amp#27;[32m carts&amp#27;[0m &amp#27;[90m# starter.stepdefinitions.UserSteps.checkCartsList(int)&amp#27;[0m
19:48:32.772 [main] INFO  - 
  _____   ___   ___   _____     ___     _     ___   ___   ___   ___  
 |_   _| | __| / __| |_   _|   | _ \   /_\   / __| / __| | __| |   \ 
   | |   | _|  \__ \   | |     |  _/  / _ \  \__ \ \__ \ | _|  | |) |
   |_|   |___| |___/   |_|     |_|   /_/ \_\ |___/ |___/ |___| |___/ 

Get carts with limit 50
----------------------------------------------------------------------
]]></system-out>
  </testcase>
  <testcase name="Get sorted carts list" classname="RestFull API Test" time="4.051">
    <system-out><![CDATA[
Scenario: Get sorted carts list                        &amp#27;[90m# src/test/resources/api/user.feature:124&amp#27;[0m
19:48:32.778 [main] INFO io.cucumber.core.plugin.SerenityReporter - Running feature from file:///D:/KULIAH/kmrdeka/Weekly2/src/test/resources/api/user.feature
19:48:32.778 [main] WARN io.cucumber.core.plugin.SerenityReporter - Feature from file:///D:/KULIAH/kmrdeka/Weekly2/src/test/resources/api/user.feature is not under the 'features' directory. Requirements report will not be correctly generated!
19:48:32.780 [main] INFO  - 
  _____   ___   ___   _____     ___   _____     _     ___   _____   ___   ___  
 |_   _| | __| / __| |_   _|   / __| |_   _|   /_\   | _ \ |_   _| | __| |   \ 
   | |   | _|  \__ \   | |     \__ \   | |    / _ \  |   /   | |   | _|  | |) |
   |_|   |___| |___/   |_|     |___/   |_|   /_/ \_\ |_|_\   |_|   |___| |___/ 

Get sorted carts list(restfull-api-test;get-sorted-carts-list)
--------------------------------------------------------------------------------
19:48:32.791 [main] DEBUG org.apache.http.impl.conn.BasicClientConnectionManager - Get connection for route {s}->https://fakestoreapi.com:443
19:48:32.791 [main] DEBUG org.apache.http.impl.conn.DefaultClientConnectionOperator - Connecting to fakestoreapi.com:443
19:48:32.876 [main] DEBUG org.apache.http.client.protocol.RequestAddCookies - CookieSpec selected: ignoreCookies
19:48:32.876 [main] DEBUG org.apache.http.client.protocol.RequestAuthCache - Auth cache not set in the context
19:48:32.876 [main] DEBUG org.apache.http.client.protocol.RequestTargetAuthentication - Target auth state: UNCHALLENGED
19:48:32.876 [main] DEBUG org.apache.http.client.protocol.RequestProxyAuthentication - Proxy auth state: UNCHALLENGED
19:48:32.876 [main] DEBUG org.apache.http.impl.client.DefaultHttpClient - Attempt 1 to execute request
19:48:32.876 [main] DEBUG org.apache.http.impl.conn.DefaultClientConnection - Sending request: GET /carts?sort=desc HTTP/1.1
19:48:32.876 [main] DEBUG org.apache.http.wire -  >> "GET /carts?sort=desc HTTP/1.1[\r][\n]"
19:48:32.876 [main] DEBUG org.apache.http.wire -  >> "Accept: */*[\r][\n]"
19:48:32.876 [main] DEBUG org.apache.http.wire -  >> "Host: fakestoreapi.com[\r][\n]"
19:48:32.876 [main] DEBUG org.apache.http.wire -  >> "Connection: Keep-Alive[\r][\n]"
19:48:32.876 [main] DEBUG org.apache.http.wire -  >> "User-Agent: Apache-HttpClient/4.5.13 (Java/19.0.2)[\r][\n]"
19:48:32.876 [main] DEBUG org.apache.http.wire -  >> "Accept-Encoding: gzip,deflate[\r][\n]"
19:48:32.876 [main] DEBUG org.apache.http.wire -  >> "[\r][\n]"
19:48:32.876 [main] DEBUG org.apache.http.headers - >> GET /carts?sort=desc HTTP/1.1
19:48:32.876 [main] DEBUG org.apache.http.headers - >> Accept: */*
19:48:32.876 [main] DEBUG org.apache.http.headers - >> Host: fakestoreapi.com
19:48:32.876 [main] DEBUG org.apache.http.headers - >> Connection: Keep-Alive
19:48:32.876 [main] DEBUG org.apache.http.headers - >> User-Agent: Apache-HttpClient/4.5.13 (Java/19.0.2)
19:48:32.876 [main] DEBUG org.apache.http.headers - >> Accept-Encoding: gzip,deflate
19:48:36.819 [main] DEBUG org.apache.http.wire -  << "HTTP/1.1 200 OK[\r][\n]"
19:48:36.819 [main] DEBUG org.apache.http.wire -  << "Date: Mon, 17 Apr 2023 12:48:36 GMT[\r][\n]"
19:48:36.819 [main] DEBUG org.apache.http.wire -  << "Content-Type: application/json; charset=utf-8[\r][\n]"
19:48:36.819 [main] DEBUG org.apache.http.wire -  << "Transfer-Encoding: chunked[\r][\n]"
19:48:36.819 [main] DEBUG org.apache.http.wire -  << "Connection: keep-alive[\r][\n]"
19:48:36.819 [main] DEBUG org.apache.http.wire -  << "Access-Control-Allow-Origin: *[\r][\n]"
19:48:36.819 [main] DEBUG org.apache.http.wire -  << "Etag: W/"3a8-nb02RQT3OuKfcepxTeTynGjWm8Q"[\r][\n]"
19:48:36.819 [main] DEBUG org.apache.http.wire -  << "X-Powered-By: Express[\r][\n]"
19:48:36.819 [main] DEBUG org.apache.http.wire -  << "CF-Cache-Status: DYNAMIC[\r][\n]"
19:48:36.819 [main] DEBUG org.apache.http.wire -  << "Report-To: {"endpoints":[{"url":"https:\/\/a.nel.cloudflare.com\/report\/v3?s=I0mIgFBx8w%2F%2BIkG%2FzX6HW7IvN95ZcY69m7Td4MMFJmtybeRaGiaDJPs4Iw6Bm4y1ON%2FPXQ83zgSeBUDG55olhP2IBh40444IqBICmDhTb2U4uBVKKGdYMWefY%2FRm3MKsYUwP"}],"group":"cf-nel","max_age":604800}[\r][\n]"
19:48:36.819 [main] DEBUG org.apache.http.wire -  << "NEL: {"success_fraction":0,"report_to":"cf-nel","max_age":604800}[\r][\n]"
19:48:36.819 [main] DEBUG org.apache.http.wire -  << "Server: cloudflare[\r][\n]"
19:48:36.819 [main] DEBUG org.apache.http.wire -  << "CF-RAY: 7b94c868db706bd6-SIN[\r][\n]"
19:48:36.819 [main] DEBUG org.apache.http.wire -  << "Content-Encoding: gzip[\r][\n]"
19:48:36.819 [main] DEBUG org.apache.http.wire -  << "alt-svc: h3=":443"; ma=86400, h3-29=":443"; ma=86400[\r][\n]"
19:48:36.819 [main] DEBUG org.apache.http.wire -  << "[\r][\n]"
19:48:36.819 [main] DEBUG org.apache.http.impl.conn.DefaultClientConnection - Receiving response: HTTP/1.1 200 OK
19:48:36.819 [main] DEBUG org.apache.http.headers - << HTTP/1.1 200 OK
19:48:36.819 [main] DEBUG org.apache.http.headers - << Date: Mon, 17 Apr 2023 12:48:36 GMT
19:48:36.819 [main] DEBUG org.apache.http.headers - << Content-Type: application/json; charset=utf-8
19:48:36.819 [main] DEBUG org.apache.http.headers - << Transfer-Encoding: chunked
19:48:36.819 [main] DEBUG org.apache.http.headers - << Connection: keep-alive
19:48:36.819 [main] DEBUG org.apache.http.headers - << Access-Control-Allow-Origin: *
19:48:36.819 [main] DEBUG org.apache.http.headers - << Etag: W/"3a8-nb02RQT3OuKfcepxTeTynGjWm8Q"
19:48:36.819 [main] DEBUG org.apache.http.headers - << X-Powered-By: Express
19:48:36.819 [main] DEBUG org.apache.http.headers - << CF-Cache-Status: DYNAMIC
19:48:36.819 [main] DEBUG org.apache.http.headers - << Report-To: {"endpoints":[{"url":"https:\/\/a.nel.cloudflare.com\/report\/v3?s=I0mIgFBx8w%2F%2BIkG%2FzX6HW7IvN95ZcY69m7Td4MMFJmtybeRaGiaDJPs4Iw6Bm4y1ON%2FPXQ83zgSeBUDG55olhP2IBh40444IqBICmDhTb2U4uBVKKGdYMWefY%2FRm3MKsYUwP"}],"group":"cf-nel","max_age":604800}
19:48:36.819 [main] DEBUG org.apache.http.headers - << NEL: {"success_fraction":0,"report_to":"cf-nel","max_age":604800}
19:48:36.819 [main] DEBUG org.apache.http.headers - << Server: cloudflare
19:48:36.819 [main] DEBUG org.apache.http.headers - << CF-RAY: 7b94c868db706bd6-SIN
19:48:36.819 [main] DEBUG org.apache.http.headers - << Content-Encoding: gzip
19:48:36.819 [main] DEBUG org.apache.http.headers - << alt-svc: h3=":443"; ma=86400, h3-29=":443"; ma=86400
19:48:36.819 [main] DEBUG org.apache.http.impl.client.DefaultHttpClient - Connection can be kept alive indefinitely
19:48:36.819 [main] DEBUG io.restassured.internal.RestAssuredHttpBuilder - Parsing response as: application/json; charset=utf-8
19:48:36.819 [main] DEBUG org.apache.http.wire -  << "db[\r][\n]"
19:48:36.819 [main] DEBUG org.apache.http.wire -  << "[0x1f][0x8b][0x8][0x0][0x0][0x0][0x0][0x0][0x0][0x3][0xa4][0x92][0xcb][\n]"
19:48:36.819 [main] DEBUG org.apache.http.wire -  << "[0x83]0[0x10]E[0xff]e[0xd6][0xb1]L&[0xbe][0x9a]?[0xe8][0xbe][0xab][0x8a][0x88]4.[0xdc][0xf4][0xa1][0xb1]P[0xc4]/[0xb6][0x94]$[\r]jE[0xc8]F.[0xf1][0x9c]{I[0xd6]C[0xad]@&[0xc][0xba][0xb6]j[0xe][\n]"
19:48:36.819 [main] DEBUG org.apache.http.wire -  << "d[0xca]@[0x95][0xba][0x2][0x9][0x84][0x84][0x1][0x8a][0x0][0xf9][0x11]Q[0xbe][0xcf][0xe][0x11]O[0xc0][0xe0][0xd6]\Uw[0xd6]-[0xc8][0xac][0xff]~[0x8c][0x97]y[0xca][0xe0][0xde][0x95][0x17]][0xeb]'H>[0xe4][0xc][0x8a][0xe2][0x1][0x12][0x7][0xf6][0x1][0xc5][0x6][0x14]n[0x2][0xa1][\r][0xa2][0xf1][0xf7]vJv*|[0x8d][0xc8]h[0x88]-[0x1a][0x89][[0xd7][0xb5]X[0xda]"[0x9c][0x96][0xe0][0xab][0xb6][0xb0]9[0xa1][0xcf][0x11][0x86]C[0x9b]6[0x9f][0x9b]|[0xbf]P[0x96][0x8c][0x4][0xf7][0xcb][0xd2][0xdf][0x12][0xe4][0x96]e[0xd3][0x86][0x1c][0xd2][0xc8][0xf5][0xf7][0x14][0xf9][0xb4][0xa2]X[0xa3][0xc8][0xe7][0x14]i[0xee][0xc5][0x8];[0x8c]-[0xc3][0xfc][0x5][0x0][0x0][0xff][0xff][0x3][0x0]A3[0x1d][0xbb][0xa8][0x3][0x0][0x0]"
19:48:36.819 [main] DEBUG org.apache.http.wire -  << "[\r][\n]"
19:48:36.819 [main] DEBUG org.apache.http.wire -  << "0[\r][\n]"
19:48:36.819 [main] DEBUG org.apache.http.wire -  << "[\r][\n]"
19:48:36.819 [main] DEBUG io.restassured.internal.RestAssuredHttpBuilder - Parsed data to instance of: class org.apache.http.conn.EofSensorInputStream
19:48:36.820 [main] DEBUG org.apache.http.impl.conn.BasicClientConnectionManager - Releasing connection org.apache.http.impl.conn.ManagedClientConnectionImpl@70dd79f7
19:48:36.820 [main] DEBUG org.apache.http.impl.conn.BasicClientConnectionManager - Connection can be kept alive indefinitely
  &amp#27;[32mGiven &amp#27;[0m&amp#27;[32mUser call carts list API with sorted parameter&amp#27;[0m &amp#27;[90m# starter.stepdefinitions.UserSteps.userCallCartsSortedParameter()&amp#27;[0m
  &amp#27;[32mWhen &amp#27;[0m&amp#27;[32mthe response status code should be &amp#27;[0m&amp#27;[32m&amp#27;[1m200&amp#27;[0m          &amp#27;[90m# starter.stepdefinitions.UserSteps.responseCode(java.lang.Integer)&amp#27;[0m
19:48:36.824 [main] INFO  - 
  _____   ___   ___   _____     ___     _     ___   ___   ___   ___  
 |_   _| | __| / __| |_   _|   | _ \   /_\   / __| / __| | __| |   \ 
   | |   | _|  \__ \   | |     |  _/  / _ \  \__ \ \__ \ | _|  | |) |
   |_|   |___| |___/   |_|     |_|   /_/ \_\ |___/ |___/ |___| |___/ 

Get sorted carts list
----------------------------------------------------------------------
]]></system-out>
  </testcase>
  <testcase name="Get cart in date range" classname="RestFull API Test" time="3.801">
    <system-out><![CDATA[
Scenario: Get cart in date range                                      &amp#27;[90m# src/test/resources/api/user.feature:128&amp#27;[0m
19:48:36.829 [main] INFO io.cucumber.core.plugin.SerenityReporter - Running feature from file:///D:/KULIAH/kmrdeka/Weekly2/src/test/resources/api/user.feature
19:48:36.829 [main] WARN io.cucumber.core.plugin.SerenityReporter - Feature from file:///D:/KULIAH/kmrdeka/Weekly2/src/test/resources/api/user.feature is not under the 'features' directory. Requirements report will not be correctly generated!
19:48:36.830 [main] INFO  - 
  _____   ___   ___   _____     ___   _____     _     ___   _____   ___   ___  
 |_   _| | __| / __| |_   _|   / __| |_   _|   /_\   | _ \ |_   _| | __| |   \ 
   | |   | _|  \__ \   | |     \__ \   | |    / _ \  |   /   | |   | _|  | |) |
   |_|   |___| |___/   |_|     |___/   |_|   /_/ \_\ |_|_\   |_|   |___| |___/ 

Get cart in date range(restfull-api-test;get-cart-in-date-range)
--------------------------------------------------------------------------------
  &amp#27;[32mGiven &amp#27;[0m&amp#27;[32mI set start date as &amp#27;[0m&amp#27;[32m&amp#27;[1m"2019-12-10"&amp#27;[0m&amp#27;[32m and end date as &amp#27;[0m&amp#27;[32m&amp#27;[1m"2020-10-10"&amp#27;[0m &amp#27;[90m# starter.stepdefinitions.UserSteps.setStartDateAndEndDate(java.lang.String,java.lang.String)&amp#27;[0m
19:48:36.845 [main] DEBUG org.apache.http.impl.conn.BasicClientConnectionManager - Get connection for route {s}->https://fakestoreapi.com:443
19:48:36.845 [main] DEBUG org.apache.http.impl.conn.DefaultClientConnectionOperator - Connecting to fakestoreapi.com:443
19:48:36.927 [main] DEBUG org.apache.http.client.protocol.RequestAddCookies - CookieSpec selected: ignoreCookies
19:48:36.927 [main] DEBUG org.apache.http.client.protocol.RequestAuthCache - Auth cache not set in the context
19:48:36.927 [main] DEBUG org.apache.http.client.protocol.RequestTargetAuthentication - Target auth state: UNCHALLENGED
19:48:36.927 [main] DEBUG org.apache.http.client.protocol.RequestProxyAuthentication - Proxy auth state: UNCHALLENGED
19:48:36.927 [main] DEBUG org.apache.http.impl.client.DefaultHttpClient - Attempt 1 to execute request
19:48:36.927 [main] DEBUG org.apache.http.impl.conn.DefaultClientConnection - Sending request: GET /carts?startdate=2019-12-10&enddate=2020-10-10 HTTP/1.1
19:48:36.927 [main] DEBUG org.apache.http.wire -  >> "GET /carts?startdate=2019-12-10&enddate=2020-10-10 HTTP/1.1[\r][\n]"
19:48:36.927 [main] DEBUG org.apache.http.wire -  >> "Accept: */*[\r][\n]"
19:48:36.927 [main] DEBUG org.apache.http.wire -  >> "Host: fakestoreapi.com[\r][\n]"
19:48:36.927 [main] DEBUG org.apache.http.wire -  >> "Connection: Keep-Alive[\r][\n]"
19:48:36.927 [main] DEBUG org.apache.http.wire -  >> "User-Agent: Apache-HttpClient/4.5.13 (Java/19.0.2)[\r][\n]"
19:48:36.927 [main] DEBUG org.apache.http.wire -  >> "Accept-Encoding: gzip,deflate[\r][\n]"
19:48:36.927 [main] DEBUG org.apache.http.wire -  >> "[\r][\n]"
19:48:36.927 [main] DEBUG org.apache.http.headers - >> GET /carts?startdate=2019-12-10&enddate=2020-10-10 HTTP/1.1
19:48:36.927 [main] DEBUG org.apache.http.headers - >> Accept: */*
19:48:36.927 [main] DEBUG org.apache.http.headers - >> Host: fakestoreapi.com
19:48:36.927 [main] DEBUG org.apache.http.headers - >> Connection: Keep-Alive
19:48:36.927 [main] DEBUG org.apache.http.headers - >> User-Agent: Apache-HttpClient/4.5.13 (Java/19.0.2)
19:48:36.927 [main] DEBUG org.apache.http.headers - >> Accept-Encoding: gzip,deflate
19:48:40.620 [main] DEBUG org.apache.http.wire -  << "HTTP/1.1 200 OK[\r][\n]"
19:48:40.620 [main] DEBUG org.apache.http.wire -  << "Date: Mon, 17 Apr 2023 12:48:39 GMT[\r][\n]"
19:48:40.620 [main] DEBUG org.apache.http.wire -  << "Content-Type: application/json; charset=utf-8[\r][\n]"
19:48:40.620 [main] DEBUG org.apache.http.wire -  << "Transfer-Encoding: chunked[\r][\n]"
19:48:40.620 [main] DEBUG org.apache.http.wire -  << "Connection: keep-alive[\r][\n]"
19:48:40.620 [main] DEBUG org.apache.http.wire -  << "Access-Control-Allow-Origin: *[\r][\n]"
19:48:40.620 [main] DEBUG org.apache.http.wire -  << "Etag: W/"3a8-j3C8983spvK8GpaSYa+SyYlAS2A"[\r][\n]"
19:48:40.620 [main] DEBUG org.apache.http.wire -  << "X-Powered-By: Express[\r][\n]"
19:48:40.620 [main] DEBUG org.apache.http.wire -  << "CF-Cache-Status: DYNAMIC[\r][\n]"
19:48:40.620 [main] DEBUG org.apache.http.wire -  << "Report-To: {"endpoints":[{"url":"https:\/\/a.nel.cloudflare.com\/report\/v3?s=kCrPM0zNgRPC3HT12mkwBwIx4n5PKfVf9wqIV7XyCMbgCEhMoMgxRRkA5oNFQzoniE%2F4vP88m2i%2F64bPYHFJvRoQfEU1kUsmydO0bpFKgJiz3r%2F2tiaALYOIgUrpFsr4khgq"}],"group":"cf-nel","max_age":604800}[\r][\n]"
19:48:40.620 [main] DEBUG org.apache.http.wire -  << "NEL: {"success_fraction":0,"report_to":"cf-nel","max_age":604800}[\r][\n]"
19:48:40.620 [main] DEBUG org.apache.http.wire -  << "Server: cloudflare[\r][\n]"
19:48:40.620 [main] DEBUG org.apache.http.wire -  << "CF-RAY: 7b94c8822a27407a-SIN[\r][\n]"
19:48:40.620 [main] DEBUG org.apache.http.wire -  << "Content-Encoding: gzip[\r][\n]"
19:48:40.620 [main] DEBUG org.apache.http.wire -  << "alt-svc: h3=":443"; ma=86400, h3-29=":443"; ma=86400[\r][\n]"
19:48:40.620 [main] DEBUG org.apache.http.wire -  << "[\r][\n]"
19:48:40.620 [main] DEBUG org.apache.http.impl.conn.DefaultClientConnection - Receiving response: HTTP/1.1 200 OK
19:48:40.620 [main] DEBUG org.apache.http.headers - << HTTP/1.1 200 OK
19:48:40.620 [main] DEBUG org.apache.http.headers - << Date: Mon, 17 Apr 2023 12:48:39 GMT
19:48:40.620 [main] DEBUG org.apache.http.headers - << Content-Type: application/json; charset=utf-8
19:48:40.620 [main] DEBUG org.apache.http.headers - << Transfer-Encoding: chunked
19:48:40.620 [main] DEBUG org.apache.http.headers - << Connection: keep-alive
19:48:40.620 [main] DEBUG org.apache.http.headers - << Access-Control-Allow-Origin: *
19:48:40.620 [main] DEBUG org.apache.http.headers - << Etag: W/"3a8-j3C8983spvK8GpaSYa+SyYlAS2A"
19:48:40.620 [main] DEBUG org.apache.http.headers - << X-Powered-By: Express
19:48:40.620 [main] DEBUG org.apache.http.headers - << CF-Cache-Status: DYNAMIC
19:48:40.620 [main] DEBUG org.apache.http.headers - << Report-To: {"endpoints":[{"url":"https:\/\/a.nel.cloudflare.com\/report\/v3?s=kCrPM0zNgRPC3HT12mkwBwIx4n5PKfVf9wqIV7XyCMbgCEhMoMgxRRkA5oNFQzoniE%2F4vP88m2i%2F64bPYHFJvRoQfEU1kUsmydO0bpFKgJiz3r%2F2tiaALYOIgUrpFsr4khgq"}],"group":"cf-nel","max_age":604800}
19:48:40.620 [main] DEBUG org.apache.http.headers - << NEL: {"success_fraction":0,"report_to":"cf-nel","max_age":604800}
19:48:40.620 [main] DEBUG org.apache.http.headers - << Server: cloudflare
19:48:40.620 [main] DEBUG org.apache.http.headers - << CF-RAY: 7b94c8822a27407a-SIN
19:48:40.620 [main] DEBUG org.apache.http.headers - << Content-Encoding: gzip
19:48:40.620 [main] DEBUG org.apache.http.headers - << alt-svc: h3=":443"; ma=86400, h3-29=":443"; ma=86400
19:48:40.621 [main] DEBUG org.apache.http.impl.client.DefaultHttpClient - Connection can be kept alive indefinitely
19:48:40.621 [main] DEBUG io.restassured.internal.RestAssuredHttpBuilder - Parsing response as: application/json; charset=utf-8
19:48:40.621 [main] DEBUG org.apache.http.wire -  << "da[\r][\n]"
19:48:40.621 [main] DEBUG org.apache.http.wire -  << "[0x1f][0x8b][0x8][0x0][0x0][0x0][0x0][0x0][0x0][0x3][0xa4][0x92][0xcb][\n]"
19:48:40.621 [main] DEBUG org.apache.http.wire -  << "[0x83]0[0x10]E[0xff]e[0xd6][0xb1]L&[0xbe][0x9a]?[0xe8][0xbe][0xab][0x8a][0x88]T[0x17]n[0xfa][0xd0]X([0xe2][0xbf][0x97][0xd6][0x96][0x98][0x4]-*d[0x91]p3[0xcc][0xb9]w&[0xe9][0xa0]*@r[0x6]mS[0xd6][0x87][0xe1]Z[0xe4][0xaa][0x4][0x9][0x84][0x84][0x1e][\n]"
19:48:40.621 [main] DEBUG org.apache.http.wire -  << "[0xf][0xe9][0x88](?g[0x87][0x88]'`p[0xab][0xaf]E{V[\r][0xc8][0xa4][0xfb]=[0xbe][0xc5][0xf7]6[0xbf][0xa8]J=A[0xfa]=3D[0x1a][0x8b][0xdc][0x12][0xc5]X[0xc][0xfb][0x94]A[0x96]=@[0xe2][0xfb][5[0x14]O[0x11][0xf2]%[0x84]4Gh[0xe0]s[0xb4][0xd4]`[0xac][0x92][0x8b](4"[0xb9]![0xf2]u![0x92][0x5][0xb1]7Ct |[\r]![0xdc][0x9c][0xf8][0xda]I:}[0x82][0xe9]>[0x8b][0xcc]FsK[0x11][0xff]1[0x1b]j[0x8]S[0xe2]8[0x17]97vF[0xb8][0x18][0x91][0xc6][0x88]7aL[0xfa]M_[0x0][0x0][0x0][0xff][0xff][0x3][0x0][0xa4]c}[0x94][0xa8][0x3][0x0][0x0]"
19:48:40.621 [main] DEBUG org.apache.http.wire -  << "[\r][\n]"
19:48:40.621 [main] DEBUG org.apache.http.wire -  << "0[\r][\n]"
19:48:40.621 [main] DEBUG org.apache.http.wire -  << "[\r][\n]"
19:48:40.621 [main] DEBUG io.restassured.internal.RestAssuredHttpBuilder - Parsed data to instance of: class org.apache.http.conn.EofSensorInputStream
19:48:40.622 [main] DEBUG org.apache.http.impl.conn.BasicClientConnectionManager - Releasing connection org.apache.http.impl.conn.ManagedClientConnectionImpl@3efd3302
19:48:40.622 [main] DEBUG org.apache.http.impl.conn.BasicClientConnectionManager - Connection can be kept alive indefinitely
  &amp#27;[32mWhen &amp#27;[0m&amp#27;[32mI send GET request to &amp#27;[0m&amp#27;[32m&amp#27;[1m"/carts"&amp#27;[0m                                 &amp#27;[90m# starter.stepdefinitions.UserSteps.sendGetRequest(java.lang.String)&amp#27;[0m
  &amp#27;[32mThen &amp#27;[0m&amp#27;[32mthe response status code should be &amp#27;[0m&amp#27;[32m&amp#27;[1m200&amp#27;[0m                         &amp#27;[90m# starter.stepdefinitions.UserSteps.responseCode(java.lang.Integer)&amp#27;[0m
19:48:40.626 [main] INFO  - 
  _____   ___   ___   _____     ___     _     ___   ___   ___   ___  
 |_   _| | __| / __| |_   _|   | _ \   /_\   / __| / __| | __| |   \ 
   | |   | _|  \__ \   | |     |  _/  / _ \  \__ \ \__ \ | _|  | |) |
   |_|   |___| |___/   |_|     |_|   /_/ \_\ |___/ |___/ |___| |___/ 

Get cart in date range
----------------------------------------------------------------------
]]></system-out>
  </testcase>
  <testcase name="Retrieve a user carts" classname="RestFull API Test" time="0.46">
    <system-out><![CDATA[
Scenario: Retrieve a user carts                 &amp#27;[90m# src/test/resources/api/user.feature:133&amp#27;[0m
19:48:40.630 [main] INFO io.cucumber.core.plugin.SerenityReporter - Running feature from file:///D:/KULIAH/kmrdeka/Weekly2/src/test/resources/api/user.feature
19:48:40.631 [main] WARN io.cucumber.core.plugin.SerenityReporter - Feature from file:///D:/KULIAH/kmrdeka/Weekly2/src/test/resources/api/user.feature is not under the 'features' directory. Requirements report will not be correctly generated!
19:48:40.632 [main] INFO  - 
  _____   ___   ___   _____     ___   _____     _     ___   _____   ___   ___  
 |_   _| | __| / __| |_   _|   / __| |_   _|   /_\   | _ \ |_   _| | __| |   \ 
   | |   | _|  \__ \   | |     \__ \   | |    / _ \  |   /   | |   | _|  | |) |
   |_|   |___| |___/   |_|     |___/   |_|   /_/ \_\ |_|_\   |_|   |___| |___/ 

Retrieve a user carts(restfull-api-test;retrieve-a-user-carts)
--------------------------------------------------------------------------------
19:48:40.643 [main] DEBUG org.apache.http.impl.conn.BasicClientConnectionManager - Get connection for route {s}->https://fakestoreapi.com:443
19:48:40.643 [main] DEBUG org.apache.http.impl.conn.DefaultClientConnectionOperator - Connecting to fakestoreapi.com:443
19:48:40.717 [main] DEBUG org.apache.http.client.protocol.RequestAddCookies - CookieSpec selected: ignoreCookies
19:48:40.717 [main] DEBUG org.apache.http.client.protocol.RequestAuthCache - Auth cache not set in the context
19:48:40.717 [main] DEBUG org.apache.http.client.protocol.RequestTargetAuthentication - Target auth state: UNCHALLENGED
19:48:40.717 [main] DEBUG org.apache.http.client.protocol.RequestProxyAuthentication - Proxy auth state: UNCHALLENGED
19:48:40.717 [main] DEBUG org.apache.http.impl.client.DefaultHttpClient - Attempt 1 to execute request
19:48:40.717 [main] DEBUG org.apache.http.impl.conn.DefaultClientConnection - Sending request: GET /carts/user/6 HTTP/1.1
19:48:40.717 [main] DEBUG org.apache.http.wire -  >> "GET /carts/user/6 HTTP/1.1[\r][\n]"
19:48:40.717 [main] DEBUG org.apache.http.wire -  >> "Accept: */*[\r][\n]"
19:48:40.717 [main] DEBUG org.apache.http.wire -  >> "Host: fakestoreapi.com[\r][\n]"
19:48:40.717 [main] DEBUG org.apache.http.wire -  >> "Connection: Keep-Alive[\r][\n]"
19:48:40.717 [main] DEBUG org.apache.http.wire -  >> "User-Agent: Apache-HttpClient/4.5.13 (Java/19.0.2)[\r][\n]"
19:48:40.717 [main] DEBUG org.apache.http.wire -  >> "Accept-Encoding: gzip,deflate[\r][\n]"
19:48:40.717 [main] DEBUG org.apache.http.wire -  >> "[\r][\n]"
19:48:40.717 [main] DEBUG org.apache.http.headers - >> GET /carts/user/6 HTTP/1.1
19:48:40.717 [main] DEBUG org.apache.http.headers - >> Accept: */*
19:48:40.717 [main] DEBUG org.apache.http.headers - >> Host: fakestoreapi.com
19:48:40.717 [main] DEBUG org.apache.http.headers - >> Connection: Keep-Alive
19:48:40.717 [main] DEBUG org.apache.http.headers - >> User-Agent: Apache-HttpClient/4.5.13 (Java/19.0.2)
19:48:40.717 [main] DEBUG org.apache.http.headers - >> Accept-Encoding: gzip,deflate
19:48:41.078 [main] DEBUG org.apache.http.wire -  << "HTTP/1.1 400 Bad Request[\r][\n]"
19:48:41.078 [main] DEBUG org.apache.http.wire -  << "Date: Mon, 17 Apr 2023 12:48:40 GMT[\r][\n]"
19:48:41.078 [main] DEBUG org.apache.http.wire -  << "Content-Type: application/json; charset=utf-8[\r][\n]"
19:48:41.078 [main] DEBUG org.apache.http.wire -  << "Content-Length: 92[\r][\n]"
19:48:41.078 [main] DEBUG org.apache.http.wire -  << "Connection: keep-alive[\r][\n]"
19:48:41.078 [main] DEBUG org.apache.http.wire -  << "Access-Control-Allow-Origin: *[\r][\n]"
19:48:41.078 [main] DEBUG org.apache.http.wire -  << "Etag: W/"5c-vAMQ1upE4VBoWNgI//kGoPNxpLQ"[\r][\n]"
19:48:41.078 [main] DEBUG org.apache.http.wire -  << "X-Powered-By: Express[\r][\n]"
19:48:41.078 [main] DEBUG org.apache.http.wire -  << "CF-Cache-Status: DYNAMIC[\r][\n]"
19:48:41.078 [main] DEBUG org.apache.http.wire -  << "Report-To: {"endpoints":[{"url":"https:\/\/a.nel.cloudflare.com\/report\/v3?s=kWfi05FkqoO%2FP%2BaplAuG6K8ygS77lB%2F6Y29uTQOuNeJGBQbv5OWzk1C9F8utvewdIQTUrFtsgKER7myfAZTx1ycudNKQf9sthmlYMx2OZLD8lkmSOhwIc4Y1RSuLg5RqoSgT"}],"group":"cf-nel","max_age":604800}[\r][\n]"
19:48:41.078 [main] DEBUG org.apache.http.wire -  << "NEL: {"success_fraction":0,"report_to":"cf-nel","max_age":604800}[\r][\n]"
19:48:41.078 [main] DEBUG org.apache.http.wire -  << "Server: cloudflare[\r][\n]"
19:48:41.078 [main] DEBUG org.apache.http.wire -  << "CF-RAY: 7b94c899dc1544ba-SIN[\r][\n]"
19:48:41.078 [main] DEBUG org.apache.http.wire -  << "alt-svc: h3=":443"; ma=86400, h3-29=":443"; ma=86400[\r][\n]"
19:48:41.078 [main] DEBUG org.apache.http.wire -  << "[\r][\n]"
19:48:41.078 [main] DEBUG org.apache.http.impl.conn.DefaultClientConnection - Receiving response: HTTP/1.1 400 Bad Request
19:48:41.078 [main] DEBUG org.apache.http.headers - << HTTP/1.1 400 Bad Request
19:48:41.078 [main] DEBUG org.apache.http.headers - << Date: Mon, 17 Apr 2023 12:48:40 GMT
19:48:41.078 [main] DEBUG org.apache.http.headers - << Content-Type: application/json; charset=utf-8
19:48:41.078 [main] DEBUG org.apache.http.headers - << Content-Length: 92
19:48:41.078 [main] DEBUG org.apache.http.headers - << Connection: keep-alive
19:48:41.078 [main] DEBUG org.apache.http.headers - << Access-Control-Allow-Origin: *
19:48:41.078 [main] DEBUG org.apache.http.headers - << Etag: W/"5c-vAMQ1upE4VBoWNgI//kGoPNxpLQ"
19:48:41.078 [main] DEBUG org.apache.http.headers - << X-Powered-By: Express
19:48:41.078 [main] DEBUG org.apache.http.headers - << CF-Cache-Status: DYNAMIC
19:48:41.078 [main] DEBUG org.apache.http.headers - << Report-To: {"endpoints":[{"url":"https:\/\/a.nel.cloudflare.com\/report\/v3?s=kWfi05FkqoO%2FP%2BaplAuG6K8ygS77lB%2F6Y29uTQOuNeJGBQbv5OWzk1C9F8utvewdIQTUrFtsgKER7myfAZTx1ycudNKQf9sthmlYMx2OZLD8lkmSOhwIc4Y1RSuLg5RqoSgT"}],"group":"cf-nel","max_age":604800}
19:48:41.078 [main] DEBUG org.apache.http.headers - << NEL: {"success_fraction":0,"report_to":"cf-nel","max_age":604800}
19:48:41.078 [main] DEBUG org.apache.http.headers - << Server: cloudflare
19:48:41.078 [main] DEBUG org.apache.http.headers - << CF-RAY: 7b94c899dc1544ba-SIN
19:48:41.078 [main] DEBUG org.apache.http.headers - << alt-svc: h3=":443"; ma=86400, h3-29=":443"; ma=86400
19:48:41.079 [main] DEBUG org.apache.http.impl.client.DefaultHttpClient - Connection can be kept alive indefinitely
19:48:41.079 [main] DEBUG io.restassured.internal.RestAssuredHttpBuilder - Parsing response as: application/json; charset=utf-8
19:48:41.079 [main] DEBUG io.restassured.internal.RestAssuredHttpBuilder - Parsed data to instance of: class org.apache.http.conn.EofSensorInputStream
19:48:41.080 [main] DEBUG org.apache.http.wire -  << "{"status":"error","message":"date format is not correct. it should be in yyyy-mm-dd format"}"
19:48:41.080 [main] DEBUG org.apache.http.impl.conn.BasicClientConnectionManager - Releasing connection org.apache.http.impl.conn.ManagedClientConnectionImpl@344769b9
19:48:41.080 [main] DEBUG org.apache.http.impl.conn.BasicClientConnectionManager - Connection can be kept alive indefinitely
  &amp#27;[32mGiven &amp#27;[0m&amp#27;[32mI set GET user carts endpoint with id &amp#27;[0m&amp#27;[32m&amp#27;[1m6&amp#27;[0m &amp#27;[90m# starter.stepdefinitions.UserSteps.setUserCartsWithId(java.lang.Integer)&amp#27;[0m
  &amp#27;[32mWhen &amp#27;[0m&amp#27;[32mI send GET HTTP request&amp#27;[0m                  &amp#27;[90m# starter.stepdefinitions.UserSteps.getHttpRequest()&amp#27;[0m
  &amp#27;[32mThen &amp#27;[0m&amp#27;[32mthe response status code should be &amp#27;[0m&amp#27;[32m&amp#27;[1m400&amp#27;[0m   &amp#27;[90m# starter.stepdefinitions.UserSteps.responseCode(java.lang.Integer)&amp#27;[0m
19:48:41.086 [main] INFO  - 
  _____   ___   ___   _____     ___     _     ___   ___   ___   ___  
 |_   _| | __| / __| |_   _|   | _ \   /_\   / __| / __| | __| |   \ 
   | |   | _|  \__ \   | |     |  _/  / _ \  \__ \ \__ \ | _|  | |) |
   |_|   |___| |___/   |_|     |_|   /_/ \_\ |___/ |___/ |___| |___/ 

Retrieve a user carts
----------------------------------------------------------------------
]]></system-out>
  </testcase>
  <testcase name="Retrieve a user carts invalid" classname="RestFull API Test" time="0.461">
    <system-out><![CDATA[
Scenario: Retrieve a user carts invalid          &amp#27;[90m# src/test/resources/api/user.feature:138&amp#27;[0m
19:48:41.090 [main] INFO io.cucumber.core.plugin.SerenityReporter - Running feature from file:///D:/KULIAH/kmrdeka/Weekly2/src/test/resources/api/user.feature
19:48:41.090 [main] WARN io.cucumber.core.plugin.SerenityReporter - Feature from file:///D:/KULIAH/kmrdeka/Weekly2/src/test/resources/api/user.feature is not under the 'features' directory. Requirements report will not be correctly generated!
19:48:41.092 [main] INFO  - 
  _____   ___   ___   _____     ___   _____     _     ___   _____   ___   ___  
 |_   _| | __| / __| |_   _|   / __| |_   _|   /_\   | _ \ |_   _| | __| |   \ 
   | |   | _|  \__ \   | |     \__ \   | |    / _ \  |   /   | |   | _|  | |) |
   |_|   |___| |___/   |_|     |___/   |_|   /_/ \_\ |_|_\   |_|   |___| |___/ 

Retrieve a user carts invalid(restfull-api-test;retrieve-a-user-carts-invalid)
--------------------------------------------------------------------------------
19:48:41.103 [main] DEBUG org.apache.http.impl.conn.BasicClientConnectionManager - Get connection for route {s}->https://fakestoreapi.com:443
19:48:41.103 [main] DEBUG org.apache.http.impl.conn.DefaultClientConnectionOperator - Connecting to fakestoreapi.com:443
19:48:41.180 [main] DEBUG org.apache.http.client.protocol.RequestAddCookies - CookieSpec selected: ignoreCookies
19:48:41.180 [main] DEBUG org.apache.http.client.protocol.RequestAuthCache - Auth cache not set in the context
19:48:41.180 [main] DEBUG org.apache.http.client.protocol.RequestTargetAuthentication - Target auth state: UNCHALLENGED
19:48:41.180 [main] DEBUG org.apache.http.client.protocol.RequestProxyAuthentication - Proxy auth state: UNCHALLENGED
19:48:41.180 [main] DEBUG org.apache.http.impl.client.DefaultHttpClient - Attempt 1 to execute request
19:48:41.180 [main] DEBUG org.apache.http.impl.conn.DefaultClientConnection - Sending request: GET /carts/user/10 HTTP/1.1
19:48:41.180 [main] DEBUG org.apache.http.wire -  >> "GET /carts/user/10 HTTP/1.1[\r][\n]"
19:48:41.180 [main] DEBUG org.apache.http.wire -  >> "Accept: */*[\r][\n]"
19:48:41.180 [main] DEBUG org.apache.http.wire -  >> "Host: fakestoreapi.com[\r][\n]"
19:48:41.180 [main] DEBUG org.apache.http.wire -  >> "Connection: Keep-Alive[\r][\n]"
19:48:41.180 [main] DEBUG org.apache.http.wire -  >> "User-Agent: Apache-HttpClient/4.5.13 (Java/19.0.2)[\r][\n]"
19:48:41.180 [main] DEBUG org.apache.http.wire -  >> "Accept-Encoding: gzip,deflate[\r][\n]"
19:48:41.180 [main] DEBUG org.apache.http.wire -  >> "[\r][\n]"
19:48:41.180 [main] DEBUG org.apache.http.headers - >> GET /carts/user/10 HTTP/1.1
19:48:41.180 [main] DEBUG org.apache.http.headers - >> Accept: */*
19:48:41.180 [main] DEBUG org.apache.http.headers - >> Host: fakestoreapi.com
19:48:41.180 [main] DEBUG org.apache.http.headers - >> Connection: Keep-Alive
19:48:41.180 [main] DEBUG org.apache.http.headers - >> User-Agent: Apache-HttpClient/4.5.13 (Java/19.0.2)
19:48:41.180 [main] DEBUG org.apache.http.headers - >> Accept-Encoding: gzip,deflate
19:48:41.540 [main] DEBUG org.apache.http.wire -  << "HTTP/1.1 400 Bad Request[\r][\n]"
19:48:41.540 [main] DEBUG org.apache.http.wire -  << "Date: Mon, 17 Apr 2023 12:48:40 GMT[\r][\n]"
19:48:41.540 [main] DEBUG org.apache.http.wire -  << "Content-Type: application/json; charset=utf-8[\r][\n]"
19:48:41.540 [main] DEBUG org.apache.http.wire -  << "Content-Length: 92[\r][\n]"
19:48:41.540 [main] DEBUG org.apache.http.wire -  << "Connection: keep-alive[\r][\n]"
19:48:41.540 [main] DEBUG org.apache.http.wire -  << "Access-Control-Allow-Origin: *[\r][\n]"
19:48:41.540 [main] DEBUG org.apache.http.wire -  << "Etag: W/"5c-vAMQ1upE4VBoWNgI//kGoPNxpLQ"[\r][\n]"
19:48:41.540 [main] DEBUG org.apache.http.wire -  << "X-Powered-By: Express[\r][\n]"
19:48:41.540 [main] DEBUG org.apache.http.wire -  << "CF-Cache-Status: DYNAMIC[\r][\n]"
19:48:41.540 [main] DEBUG org.apache.http.wire -  << "Report-To: {"endpoints":[{"url":"https:\/\/a.nel.cloudflare.com\/report\/v3?s=tXtkgy4eREszfkX0S1Y4FylI8Ky5asvDpBdBoDc9n2sJETIgBbEbMVfhgDQNy%2F8ZLkkHJ8qzj8ykHPCLTKZnPrU%2F5nTtNA9cqwiZG80BQ4fi%2FywyaV6FwS57y6VtIRiA4muu"}],"group":"cf-nel","max_age":604800}[\r][\n]"
19:48:41.540 [main] DEBUG org.apache.http.wire -  << "NEL: {"success_fraction":0,"report_to":"cf-nel","max_age":604800}[\r][\n]"
19:48:41.540 [main] DEBUG org.apache.http.wire -  << "Server: cloudflare[\r][\n]"
19:48:41.540 [main] DEBUG org.apache.http.wire -  << "CF-RAY: 7b94c89cba06492b-SIN[\r][\n]"
19:48:41.540 [main] DEBUG org.apache.http.wire -  << "alt-svc: h3=":443"; ma=86400, h3-29=":443"; ma=86400[\r][\n]"
19:48:41.540 [main] DEBUG org.apache.http.wire -  << "[\r][\n]"
19:48:41.540 [main] DEBUG org.apache.http.impl.conn.DefaultClientConnection - Receiving response: HTTP/1.1 400 Bad Request
19:48:41.540 [main] DEBUG org.apache.http.headers - << HTTP/1.1 400 Bad Request
19:48:41.540 [main] DEBUG org.apache.http.headers - << Date: Mon, 17 Apr 2023 12:48:40 GMT
19:48:41.540 [main] DEBUG org.apache.http.headers - << Content-Type: application/json; charset=utf-8
19:48:41.540 [main] DEBUG org.apache.http.headers - << Content-Length: 92
19:48:41.540 [main] DEBUG org.apache.http.headers - << Connection: keep-alive
19:48:41.540 [main] DEBUG org.apache.http.headers - << Access-Control-Allow-Origin: *
19:48:41.540 [main] DEBUG org.apache.http.headers - << Etag: W/"5c-vAMQ1upE4VBoWNgI//kGoPNxpLQ"
19:48:41.540 [main] DEBUG org.apache.http.headers - << X-Powered-By: Express
19:48:41.540 [main] DEBUG org.apache.http.headers - << CF-Cache-Status: DYNAMIC
19:48:41.540 [main] DEBUG org.apache.http.headers - << Report-To: {"endpoints":[{"url":"https:\/\/a.nel.cloudflare.com\/report\/v3?s=tXtkgy4eREszfkX0S1Y4FylI8Ky5asvDpBdBoDc9n2sJETIgBbEbMVfhgDQNy%2F8ZLkkHJ8qzj8ykHPCLTKZnPrU%2F5nTtNA9cqwiZG80BQ4fi%2FywyaV6FwS57y6VtIRiA4muu"}],"group":"cf-nel","max_age":604800}
19:48:41.540 [main] DEBUG org.apache.http.headers - << NEL: {"success_fraction":0,"report_to":"cf-nel","max_age":604800}
19:48:41.540 [main] DEBUG org.apache.http.headers - << Server: cloudflare
19:48:41.540 [main] DEBUG org.apache.http.headers - << CF-RAY: 7b94c89cba06492b-SIN
19:48:41.540 [main] DEBUG org.apache.http.headers - << alt-svc: h3=":443"; ma=86400, h3-29=":443"; ma=86400
19:48:41.541 [main] DEBUG org.apache.http.impl.client.DefaultHttpClient - Connection can be kept alive indefinitely
19:48:41.541 [main] DEBUG io.restassured.internal.RestAssuredHttpBuilder - Parsing response as: application/json; charset=utf-8
19:48:41.541 [main] DEBUG io.restassured.internal.RestAssuredHttpBuilder - Parsed data to instance of: class org.apache.http.conn.EofSensorInputStream
19:48:41.542 [main] DEBUG org.apache.http.wire -  << "{"status":"error","message":"date format is not correct. it should be in yyyy-mm-dd format"}"
19:48:41.542 [main] DEBUG org.apache.http.impl.conn.BasicClientConnectionManager - Releasing connection org.apache.http.impl.conn.ManagedClientConnectionImpl@3e984100
19:48:41.542 [main] DEBUG org.apache.http.impl.conn.BasicClientConnectionManager - Connection can be kept alive indefinitely
  &amp#27;[32mGiven &amp#27;[0m&amp#27;[32mI set GET user carts endpoint with id &amp#27;[0m&amp#27;[32m&amp#27;[1m10&amp#27;[0m &amp#27;[90m# starter.stepdefinitions.UserSteps.setUserCartsWithId(java.lang.Integer)&amp#27;[0m
  &amp#27;[32mWhen &amp#27;[0m&amp#27;[32mI send GET HTTP request&amp#27;[0m                   &amp#27;[90m# starter.stepdefinitions.UserSteps.getHttpRequest()&amp#27;[0m
  &amp#27;[32mThen &amp#27;[0m&amp#27;[32mthe response status code should be &amp#27;[0m&amp#27;[32m&amp#27;[1m400&amp#27;[0m    &amp#27;[90m# starter.stepdefinitions.UserSteps.responseCode(java.lang.Integer)&amp#27;[0m
19:48:41.547 [main] INFO  - 
  _____   ___   ___   _____     ___     _     ___   ___   ___   ___  
 |_   _| | __| / __| |_   _|   | _ \   /_\   / __| / __| | __| |   \ 
   | |   | _|  \__ \   | |     |  _/  / _ \  \__ \ \__ \ | _|  | |) |
   |_|   |___| |___/   |_|     |_|   /_/ \_\ |___/ |___/ |___| |___/ 

Retrieve a user carts invalid
----------------------------------------------------------------------
]]></system-out>
  </testcase>
  <testcase name="Add a new cart to the database" classname="RestFull API Test" time="0.486">
    <system-out><![CDATA[
Scenario: Add a new cart to the database                                                                                     &amp#27;[90m# src/test/resources/api/user.feature:143&amp#27;[0m
19:48:41.551 [main] INFO io.cucumber.core.plugin.SerenityReporter - Running feature from file:///D:/KULIAH/kmrdeka/Weekly2/src/test/resources/api/user.feature
19:48:41.551 [main] WARN io.cucumber.core.plugin.SerenityReporter - Feature from file:///D:/KULIAH/kmrdeka/Weekly2/src/test/resources/api/user.feature is not under the 'features' directory. Requirements report will not be correctly generated!
19:48:41.553 [main] INFO  - 
  _____   ___   ___   _____     ___   _____     _     ___   _____   ___   ___  
 |_   _| | __| / __| |_   _|   / __| |_   _|   /_\   | _ \ |_   _| | __| |   \ 
   | |   | _|  \__ \   | |     \__ \   | |    / _ \  |   /   | |   | _|  | |) |
   |_|   |___| |___/   |_|     |___/   |_|   /_/ \_\ |_|_\   |_|   |___| |___/ 

Add a new cart to the database(restfull-api-test;add-a-new-cart-to-the-database)
--------------------------------------------------------------------------------
19:48:41.564 [main] DEBUG org.apache.http.impl.conn.BasicClientConnectionManager - Get connection for route {s}->https://fakestoreapi.com:443
19:48:41.564 [main] DEBUG org.apache.http.impl.conn.DefaultClientConnectionOperator - Connecting to fakestoreapi.com:443
19:48:41.643 [main] DEBUG org.apache.http.client.protocol.RequestAddCookies - CookieSpec selected: ignoreCookies
19:48:41.643 [main] DEBUG org.apache.http.client.protocol.RequestAuthCache - Auth cache not set in the context
19:48:41.643 [main] DEBUG org.apache.http.client.protocol.RequestTargetAuthentication - Target auth state: UNCHALLENGED
19:48:41.643 [main] DEBUG org.apache.http.client.protocol.RequestProxyAuthentication - Proxy auth state: UNCHALLENGED
19:48:41.643 [main] DEBUG org.apache.http.impl.client.DefaultHttpClient - Attempt 1 to execute request
19:48:41.643 [main] DEBUG org.apache.http.impl.conn.DefaultClientConnection - Sending request: POST /carts HTTP/1.1
19:48:41.643 [main] DEBUG org.apache.http.wire -  >> "POST /carts HTTP/1.1[\r][\n]"
19:48:41.643 [main] DEBUG org.apache.http.wire -  >> "Accept: */*[\r][\n]"
19:48:41.643 [main] DEBUG org.apache.http.wire -  >> "Content-Type: application/json[\r][\n]"
19:48:41.643 [main] DEBUG org.apache.http.wire -  >> "Content-Length: 99[\r][\n]"
19:48:41.643 [main] DEBUG org.apache.http.wire -  >> "Host: fakestoreapi.com[\r][\n]"
19:48:41.643 [main] DEBUG org.apache.http.wire -  >> "Connection: Keep-Alive[\r][\n]"
19:48:41.643 [main] DEBUG org.apache.http.wire -  >> "User-Agent: Apache-HttpClient/4.5.13 (Java/19.0.2)[\r][\n]"
19:48:41.643 [main] DEBUG org.apache.http.wire -  >> "Accept-Encoding: gzip,deflate[\r][\n]"
19:48:41.643 [main] DEBUG org.apache.http.wire -  >> "[\r][\n]"
19:48:41.643 [main] DEBUG org.apache.http.headers - >> POST /carts HTTP/1.1
19:48:41.643 [main] DEBUG org.apache.http.headers - >> Accept: */*
19:48:41.643 [main] DEBUG org.apache.http.headers - >> Content-Type: application/json
19:48:41.643 [main] DEBUG org.apache.http.headers - >> Content-Length: 99
19:48:41.643 [main] DEBUG org.apache.http.headers - >> Host: fakestoreapi.com
19:48:41.643 [main] DEBUG org.apache.http.headers - >> Connection: Keep-Alive
19:48:41.643 [main] DEBUG org.apache.http.headers - >> User-Agent: Apache-HttpClient/4.5.13 (Java/19.0.2)
19:48:41.643 [main] DEBUG org.apache.http.headers - >> Accept-Encoding: gzip,deflate
19:48:41.643 [main] DEBUG org.apache.http.wire -  >> "{"userId":"5","date":"2020-02-03","products":"[{productId:5,quantity:1},{productId:1,quantity:5}]"}"
19:48:41.998 [main] DEBUG org.apache.http.wire -  << "HTTP/1.1 200 OK[\r][\n]"
19:48:41.998 [main] DEBUG org.apache.http.wire -  << "Date: Mon, 17 Apr 2023 12:48:41 GMT[\r][\n]"
19:48:41.998 [main] DEBUG org.apache.http.wire -  << "Content-Type: application/json; charset=utf-8[\r][\n]"
19:48:42.000 [main] DEBUG org.apache.http.wire -  << "Transfer-Encoding: chunked[\r][\n]"
19:48:42.000 [main] DEBUG org.apache.http.wire -  << "Connection: keep-alive[\r][\n]"
19:48:42.000 [main] DEBUG org.apache.http.wire -  << "Access-Control-Allow-Origin: *[\r][\n]"
19:48:42.000 [main] DEBUG org.apache.http.wire -  << "Etag: W/"6b-jtQbQp8frABhe/Q0eTs7231LoGk"[\r][\n]"
19:48:42.000 [main] DEBUG org.apache.http.wire -  << "X-Powered-By: Express[\r][\n]"
19:48:42.000 [main] DEBUG org.apache.http.wire -  << "CF-Cache-Status: DYNAMIC[\r][\n]"
19:48:42.000 [main] DEBUG org.apache.http.wire -  << "Report-To: {"endpoints":[{"url":"https:\/\/a.nel.cloudflare.com\/report\/v3?s=TpZxTEbzL%2Fe6A4vRD%2FmvFjJB8mPNSg2uZVWdbwZmAL9x4w%2FPOdHWrkmFKNlBo6oS%2Bqy8FQUdZW2sjlK0WTrJYhYF8rdNZ5c8wFdpjH7tnLbLkWjc2vyls%2B7UFVPLtoxmr2xO"}],"group":"cf-nel","max_age":604800}[\r][\n]"
19:48:42.000 [main] DEBUG org.apache.http.wire -  << "NEL: {"success_fraction":0,"report_to":"cf-nel","max_age":604800}[\r][\n]"
19:48:42.000 [main] DEBUG org.apache.http.wire -  << "Server: cloudflare[\r][\n]"
19:48:42.000 [main] DEBUG org.apache.http.wire -  << "CF-RAY: 7b94c89faee549ba-SIN[\r][\n]"
19:48:42.000 [main] DEBUG org.apache.http.wire -  << "Content-Encoding: gzip[\r][\n]"
19:48:42.000 [main] DEBUG org.apache.http.wire -  << "alt-svc: h3=":443"; ma=86400, h3-29=":443"; ma=86400[\r][\n]"
19:48:42.000 [main] DEBUG org.apache.http.wire -  << "[\r][\n]"
19:48:42.000 [main] DEBUG org.apache.http.impl.conn.DefaultClientConnection - Receiving response: HTTP/1.1 200 OK
19:48:42.000 [main] DEBUG org.apache.http.headers - << HTTP/1.1 200 OK
19:48:42.000 [main] DEBUG org.apache.http.headers - << Date: Mon, 17 Apr 2023 12:48:41 GMT
19:48:42.000 [main] DEBUG org.apache.http.headers - << Content-Type: application/json; charset=utf-8
19:48:42.000 [main] DEBUG org.apache.http.headers - << Transfer-Encoding: chunked
19:48:42.000 [main] DEBUG org.apache.http.headers - << Connection: keep-alive
19:48:42.000 [main] DEBUG org.apache.http.headers - << Access-Control-Allow-Origin: *
19:48:42.000 [main] DEBUG org.apache.http.headers - << Etag: W/"6b-jtQbQp8frABhe/Q0eTs7231LoGk"
19:48:42.000 [main] DEBUG org.apache.http.headers - << X-Powered-By: Express
19:48:42.000 [main] DEBUG org.apache.http.headers - << CF-Cache-Status: DYNAMIC
19:48:42.000 [main] DEBUG org.apache.http.headers - << Report-To: {"endpoints":[{"url":"https:\/\/a.nel.cloudflare.com\/report\/v3?s=TpZxTEbzL%2Fe6A4vRD%2FmvFjJB8mPNSg2uZVWdbwZmAL9x4w%2FPOdHWrkmFKNlBo6oS%2Bqy8FQUdZW2sjlK0WTrJYhYF8rdNZ5c8wFdpjH7tnLbLkWjc2vyls%2B7UFVPLtoxmr2xO"}],"group":"cf-nel","max_age":604800}
19:48:42.000 [main] DEBUG org.apache.http.headers - << NEL: {"success_fraction":0,"report_to":"cf-nel","max_age":604800}
19:48:42.000 [main] DEBUG org.apache.http.headers - << Server: cloudflare
19:48:42.000 [main] DEBUG org.apache.http.headers - << CF-RAY: 7b94c89faee549ba-SIN
19:48:42.000 [main] DEBUG org.apache.http.headers - << Content-Encoding: gzip
19:48:42.000 [main] DEBUG org.apache.http.headers - << alt-svc: h3=":443"; ma=86400, h3-29=":443"; ma=86400
19:48:42.000 [main] DEBUG org.apache.http.impl.client.DefaultHttpClient - Connection can be kept alive indefinitely
19:48:42.000 [main] DEBUG io.restassured.internal.RestAssuredHttpBuilder - Parsing response as: application/json; charset=utf-8
19:48:42.000 [main] DEBUG org.apache.http.wire -  << "6d[\r][\n]"
19:48:42.000 [main] DEBUG org.apache.http.wire -  << "[0x1f][0x8b][0x8][0x0][0x0][0x0][0x0][0x0][0x0][0x3]L[0xc9];[\n]"
19:48:42.000 [main] DEBUG org.apache.http.wire -  << "[0x80]0[0x10][0x5][0xc0][0xbb][0xbc]z[0x85]l$[0xcd][0xde] g[0x10][0x8b][0xe0][0xa6]H[0xe3]'[0x9f]BB[0xee]n#h9LGR[0x8]3[0xa1][0x95][0x98][0xbd]B[0xe0]@[0xd0]P#[0x4][0xd6]X3[0x19];[0x99][0x19][0x84]3[0x1f][0xda][0xb6]Z X[0xfa][0xb][0xaf][0xe2][0xe8]ja[0xaf][0xa9][0xde][0xc2][0x83]~[0xc1]_[0xb8][0xb1]b<[0x0][0x0][0x0][0xff][0xff][0x3][0x0][0x8e][0x18][0x86][0x8d]k[0x0][0x0][0x0]"
19:48:42.000 [main] DEBUG org.apache.http.wire -  << "[\r][\n]"
19:48:42.000 [main] DEBUG org.apache.http.wire -  << "0[\r][\n]"
19:48:42.000 [main] DEBUG org.apache.http.wire -  << "[\r][\n]"
19:48:42.000 [main] DEBUG io.restassured.internal.RestAssuredHttpBuilder - Parsed data to instance of: class org.apache.http.conn.EofSensorInputStream
19:48:42.000 [main] DEBUG org.apache.http.impl.conn.BasicClientConnectionManager - Releasing connection org.apache.http.impl.conn.ManagedClientConnectionImpl@70b0dc92
19:48:42.000 [main] DEBUG org.apache.http.impl.conn.BasicClientConnectionManager - Connection can be kept alive indefinitely
  &amp#27;[32mGiven &amp#27;[0m&amp#27;[32mI have a new cart with userId &amp#27;[0m&amp#27;[32m&amp#27;[1m"5"&amp#27;[0m&amp#27;[32m, date &amp#27;[0m&amp#27;[32m&amp#27;[1m"2020-02-03"&amp#27;[0m&amp#27;[32m, products &amp#27;[0m&amp#27;[32m&amp#27;[1m"[{productId:5,quantity:1},{productId:1,quantity:5}]"&amp#27;[0m &amp#27;[90m# starter.stepdefinitions.UserSteps.newCart(java.lang.String,java.lang.String,java.lang.String)&amp#27;[0m
HTTP/1.1 200 OK
Date: Mon, 17 Apr 2023 12:48:41 GMT
Content-Type: application/json; charset=utf-8
Transfer-Encoding: chunked
Connection: keep-alive
Access-Control-Allow-Origin: *
Etag: W/"6b-jtQbQp8frABhe/Q0eTs7231LoGk"
X-Powered-By: Express
CF-Cache-Status: DYNAMIC
Report-To: {"endpoints":[{"url":"https:\/\/a.nel.cloudflare.com\/report\/v3?s=TpZxTEbzL%2Fe6A4vRD%2FmvFjJB8mPNSg2uZVWdbwZmAL9x4w%2FPOdHWrkmFKNlBo6oS%2Bqy8FQUdZW2sjlK0WTrJYhYF8rdNZ5c8wFdpjH7tnLbLkWjc2vyls%2B7UFVPLtoxmr2xO"}],"group":"cf-nel","max_age":604800}
NEL: {"success_fraction":0,"report_to":"cf-nel","max_age":604800}
Server: cloudflare
CF-RAY: 7b94c89faee549ba-SIN
Content-Encoding: gzip
alt-svc: h3=":443"; ma=86400, h3-29=":443"; ma=86400

{
    "id": 11,
    "userId": "5",
    "date": "2020-02-03",
    "products": "[{productId:5,quantity:1},{productId:1,quantity:5}]"
}
  &amp#27;[32mWhen &amp#27;[0m&amp#27;[32mI add the new cart&amp#27;[0m                                                                                                    &amp#27;[90m# starter.stepdefinitions.UserSteps.addNewCart()&amp#27;[0m
  &amp#27;[32mThen &amp#27;[0m&amp#27;[32mthe response status code should be &amp#27;[0m&amp#27;[32m&amp#27;[1m200&amp#27;[0m                                                                                &amp#27;[90m# starter.stepdefinitions.UserSteps.responseCode(java.lang.Integer)&amp#27;[0m
HTTP/1.1 200 OK
Date: Mon, 17 Apr 2023 12:48:41 GMT
Content-Type: application/json; charset=utf-8
Transfer-Encoding: chunked
Connection: keep-alive
Access-Control-Allow-Origin: *
Etag: W/"6b-jtQbQp8frABhe/Q0eTs7231LoGk"
X-Powered-By: Express
CF-Cache-Status: DYNAMIC
Report-To: {"endpoints":[{"url":"https:\/\/a.nel.cloudflare.com\/report\/v3?s=TpZxTEbzL%2Fe6A4vRD%2FmvFjJB8mPNSg2uZVWdbwZmAL9x4w%2FPOdHWrkmFKNlBo6oS%2Bqy8FQUdZW2sjlK0WTrJYhYF8rdNZ5c8wFdpjH7tnLbLkWjc2vyls%2B7UFVPLtoxmr2xO"}],"group":"cf-nel","max_age":604800}
NEL: {"success_fraction":0,"report_to":"cf-nel","max_age":604800}
Server: cloudflare
CF-RAY: 7b94c89faee549ba-SIN
Content-Encoding: gzip
alt-svc: h3=":443"; ma=86400, h3-29=":443"; ma=86400

{
    "id": 11,
    "userId": "5",
    "date": "2020-02-03",
    "products": "[{productId:5,quantity:1},{productId:1,quantity:5}]"
}
  &amp#27;[32mAnd &amp#27;[0m&amp#27;[32mthe response should contain the new cart data&amp#27;[0m                                                                          &amp#27;[90m# starter.stepdefinitions.UserSteps.responseNewCartData()&amp#27;[0m
19:48:42.033 [main] INFO  - 
  _____   ___   ___   _____     ___     _     ___   ___   ___   ___  
 |_   _| | __| / __| |_   _|   | _ \   /_\   / __| / __| | __| |   \ 
   | |   | _|  \__ \   | |     |  _/  / _ \  \__ \ \__ \ | _|  | |) |
   |_|   |___| |___/   |_|     |_|   /_/ \_\ |___/ |___/ |___| |___/ 

Add a new cart to the database
----------------------------------------------------------------------
]]></system-out>
  </testcase>
  <testcase name="Add a new cart to the database with invalid data" classname="RestFull API Test" time="0.488">
    <system-out><![CDATA[
Scenario: Add a new cart to the database with invalid data                                                                   &amp#27;[90m# src/test/resources/api/user.feature:149&amp#27;[0m
19:48:42.038 [main] INFO io.cucumber.core.plugin.SerenityReporter - Running feature from file:///D:/KULIAH/kmrdeka/Weekly2/src/test/resources/api/user.feature
19:48:42.038 [main] WARN io.cucumber.core.plugin.SerenityReporter - Feature from file:///D:/KULIAH/kmrdeka/Weekly2/src/test/resources/api/user.feature is not under the 'features' directory. Requirements report will not be correctly generated!
19:48:42.040 [main] INFO  - 
  _____   ___   ___   _____     ___   _____     _     ___   _____   ___   ___  
 |_   _| | __| / __| |_   _|   / __| |_   _|   /_\   | _ \ |_   _| | __| |   \ 
   | |   | _|  \__ \   | |     \__ \   | |    / _ \  |   /   | |   | _|  | |) |
   |_|   |___| |___/   |_|     |___/   |_|   /_/ \_\ |_|_\   |_|   |___| |___/ 

Add a new cart to the database with invalid data(restfull-api-test;add-a-new-cart-to-the-database-with-invalid-data)
--------------------------------------------------------------------------------
19:48:42.052 [main] DEBUG org.apache.http.impl.conn.BasicClientConnectionManager - Get connection for route {s}->https://fakestoreapi.com:443
19:48:42.052 [main] DEBUG org.apache.http.impl.conn.DefaultClientConnectionOperator - Connecting to fakestoreapi.com:443
19:48:42.130 [main] DEBUG org.apache.http.client.protocol.RequestAddCookies - CookieSpec selected: ignoreCookies
19:48:42.130 [main] DEBUG org.apache.http.client.protocol.RequestAuthCache - Auth cache not set in the context
19:48:42.130 [main] DEBUG org.apache.http.client.protocol.RequestTargetAuthentication - Target auth state: UNCHALLENGED
19:48:42.130 [main] DEBUG org.apache.http.client.protocol.RequestProxyAuthentication - Proxy auth state: UNCHALLENGED
19:48:42.130 [main] DEBUG org.apache.http.impl.client.DefaultHttpClient - Attempt 1 to execute request
19:48:42.130 [main] DEBUG org.apache.http.impl.conn.DefaultClientConnection - Sending request: POST /carts HTTP/1.1
19:48:42.130 [main] DEBUG org.apache.http.wire -  >> "POST /carts HTTP/1.1[\r][\n]"
19:48:42.130 [main] DEBUG org.apache.http.wire -  >> "Accept: */*[\r][\n]"
19:48:42.130 [main] DEBUG org.apache.http.wire -  >> "Content-Type: application/json[\r][\n]"
19:48:42.130 [main] DEBUG org.apache.http.wire -  >> "Content-Length: 99[\r][\n]"
19:48:42.130 [main] DEBUG org.apache.http.wire -  >> "Host: fakestoreapi.com[\r][\n]"
19:48:42.130 [main] DEBUG org.apache.http.wire -  >> "Connection: Keep-Alive[\r][\n]"
19:48:42.130 [main] DEBUG org.apache.http.wire -  >> "User-Agent: Apache-HttpClient/4.5.13 (Java/19.0.2)[\r][\n]"
19:48:42.130 [main] DEBUG org.apache.http.wire -  >> "Accept-Encoding: gzip,deflate[\r][\n]"
19:48:42.130 [main] DEBUG org.apache.http.wire -  >> "[\r][\n]"
19:48:42.130 [main] DEBUG org.apache.http.headers - >> POST /carts HTTP/1.1
19:48:42.130 [main] DEBUG org.apache.http.headers - >> Accept: */*
19:48:42.130 [main] DEBUG org.apache.http.headers - >> Content-Type: application/json
19:48:42.130 [main] DEBUG org.apache.http.headers - >> Content-Length: 99
19:48:42.130 [main] DEBUG org.apache.http.headers - >> Host: fakestoreapi.com
19:48:42.130 [main] DEBUG org.apache.http.headers - >> Connection: Keep-Alive
19:48:42.130 [main] DEBUG org.apache.http.headers - >> User-Agent: Apache-HttpClient/4.5.13 (Java/19.0.2)
19:48:42.130 [main] DEBUG org.apache.http.headers - >> Accept-Encoding: gzip,deflate
19:48:42.130 [main] DEBUG org.apache.http.wire -  >> "{"userId":"5","date":"@#$%-#$-%^","products":"[{productId:5,quantity:1},{productId:1,quantity:5}]"}"
19:48:42.486 [main] DEBUG org.apache.http.wire -  << "HTTP/1.1 200 OK[\r][\n]"
19:48:42.486 [main] DEBUG org.apache.http.wire -  << "Date: Mon, 17 Apr 2023 12:48:41 GMT[\r][\n]"
19:48:42.486 [main] DEBUG org.apache.http.wire -  << "Content-Type: application/json; charset=utf-8[\r][\n]"
19:48:42.486 [main] DEBUG org.apache.http.wire -  << "Transfer-Encoding: chunked[\r][\n]"
19:48:42.486 [main] DEBUG org.apache.http.wire -  << "Connection: keep-alive[\r][\n]"
19:48:42.486 [main] DEBUG org.apache.http.wire -  << "Access-Control-Allow-Origin: *[\r][\n]"
19:48:42.486 [main] DEBUG org.apache.http.wire -  << "Etag: W/"6b-b6e2N5oPZZc9AC5NoCXLEi9YOHM"[\r][\n]"
19:48:42.486 [main] DEBUG org.apache.http.wire -  << "X-Powered-By: Express[\r][\n]"
19:48:42.486 [main] DEBUG org.apache.http.wire -  << "CF-Cache-Status: DYNAMIC[\r][\n]"
19:48:42.486 [main] DEBUG org.apache.http.wire -  << "Report-To: {"endpoints":[{"url":"https:\/\/a.nel.cloudflare.com\/report\/v3?s=0kDYQ7H5d7V2Ai0NtFj3KtTmx4qlhH%2FSspnAy2Nikz8SsMloXml8%2FVIZ8FFhX1NUXgw00Qb5%2FRp8zDQmsFAPAb8zHyJ0k0IADmPzjBbsX6wmIOXzEG8UDX1oSMhXzPaAsCNM"}],"group":"cf-nel","max_age":604800}[\r][\n]"
19:48:42.486 [main] DEBUG org.apache.http.wire -  << "NEL: {"success_fraction":0,"report_to":"cf-nel","max_age":604800}[\r][\n]"
19:48:42.486 [main] DEBUG org.apache.http.wire -  << "Server: cloudflare[\r][\n]"
19:48:42.486 [main] DEBUG org.apache.http.wire -  << "CF-RAY: 7b94c8a2ae71880b-SIN[\r][\n]"
19:48:42.486 [main] DEBUG org.apache.http.wire -  << "Content-Encoding: gzip[\r][\n]"
19:48:42.486 [main] DEBUG org.apache.http.wire -  << "alt-svc: h3=":443"; ma=86400, h3-29=":443"; ma=86400[\r][\n]"
19:48:42.486 [main] DEBUG org.apache.http.wire -  << "[\r][\n]"
19:48:42.486 [main] DEBUG org.apache.http.impl.conn.DefaultClientConnection - Receiving response: HTTP/1.1 200 OK
19:48:42.487 [main] DEBUG org.apache.http.headers - << HTTP/1.1 200 OK
19:48:42.487 [main] DEBUG org.apache.http.headers - << Date: Mon, 17 Apr 2023 12:48:41 GMT
19:48:42.487 [main] DEBUG org.apache.http.headers - << Content-Type: application/json; charset=utf-8
19:48:42.487 [main] DEBUG org.apache.http.headers - << Transfer-Encoding: chunked
19:48:42.487 [main] DEBUG org.apache.http.headers - << Connection: keep-alive
19:48:42.487 [main] DEBUG org.apache.http.headers - << Access-Control-Allow-Origin: *
19:48:42.487 [main] DEBUG org.apache.http.headers - << Etag: W/"6b-b6e2N5oPZZc9AC5NoCXLEi9YOHM"
19:48:42.487 [main] DEBUG org.apache.http.headers - << X-Powered-By: Express
19:48:42.487 [main] DEBUG org.apache.http.headers - << CF-Cache-Status: DYNAMIC
19:48:42.487 [main] DEBUG org.apache.http.headers - << Report-To: {"endpoints":[{"url":"https:\/\/a.nel.cloudflare.com\/report\/v3?s=0kDYQ7H5d7V2Ai0NtFj3KtTmx4qlhH%2FSspnAy2Nikz8SsMloXml8%2FVIZ8FFhX1NUXgw00Qb5%2FRp8zDQmsFAPAb8zHyJ0k0IADmPzjBbsX6wmIOXzEG8UDX1oSMhXzPaAsCNM"}],"group":"cf-nel","max_age":604800}
19:48:42.487 [main] DEBUG org.apache.http.headers - << NEL: {"success_fraction":0,"report_to":"cf-nel","max_age":604800}
19:48:42.487 [main] DEBUG org.apache.http.headers - << Server: cloudflare
19:48:42.487 [main] DEBUG org.apache.http.headers - << CF-RAY: 7b94c8a2ae71880b-SIN
19:48:42.487 [main] DEBUG org.apache.http.headers - << Content-Encoding: gzip
19:48:42.487 [main] DEBUG org.apache.http.headers - << alt-svc: h3=":443"; ma=86400, h3-29=":443"; ma=86400
19:48:42.487 [main] DEBUG org.apache.http.impl.client.DefaultHttpClient - Connection can be kept alive indefinitely
19:48:42.487 [main] DEBUG io.restassured.internal.RestAssuredHttpBuilder - Parsing response as: application/json; charset=utf-8
19:48:42.487 [main] DEBUG org.apache.http.wire -  << "6f[\r][\n]"
19:48:42.487 [main] DEBUG org.apache.http.wire -  << "[0x1f][0x8b][0x8][0x0][0x0][0x0][0x0][0x0][0x0][0x3][0xaa]V[0xca]LQ[0xb2]24[0xd4]Q*-N-[0xf2]LQ[0xb2]R2U[0xd2]QJI,IU[0xb2]RrPVQ[0xd5]UV[0xd1]U[0x8d]S[0xd2]Q*([0xca]O)M.)V[0xb2]R[0x8a][0xae][0x86]r<S[0xac]Lu[\n]"
19:48:42.487 [main] DEBUG org.apache.http.wire -  << "K[0x13][0xf3]J2K*[0xad][0xc]ku[0x90]$[0xc][0x11][0x12][0xa6][0xb5][0xb1]J[0xb5][0x0][0x0][0x0][0x0][0xff][0xff][0x3][0x0][0xf5]^C[0x0]k[0x0][0x0][0x0]"
19:48:42.487 [main] DEBUG org.apache.http.wire -  << "[\r][\n]"
19:48:42.487 [main] DEBUG org.apache.http.wire -  << "0[\r][\n]"
19:48:42.487 [main] DEBUG org.apache.http.wire -  << "[\r][\n]"
19:48:42.487 [main] DEBUG io.restassured.internal.RestAssuredHttpBuilder - Parsed data to instance of: class org.apache.http.conn.EofSensorInputStream
19:48:42.488 [main] DEBUG org.apache.http.impl.conn.BasicClientConnectionManager - Releasing connection org.apache.http.impl.conn.ManagedClientConnectionImpl@15a591d9
19:48:42.488 [main] DEBUG org.apache.http.impl.conn.BasicClientConnectionManager - Connection can be kept alive indefinitely
  &amp#27;[32mGiven &amp#27;[0m&amp#27;[32mI have a new cart with userId &amp#27;[0m&amp#27;[32m&amp#27;[1m"5"&amp#27;[0m&amp#27;[32m, date &amp#27;[0m&amp#27;[32m&amp#27;[1m"@#$%-#$-%^"&amp#27;[0m&amp#27;[32m, products &amp#27;[0m&amp#27;[32m&amp#27;[1m"[{productId:5,quantity:1},{productId:1,quantity:5}]"&amp#27;[0m &amp#27;[90m# starter.stepdefinitions.UserSteps.newCart(java.lang.String,java.lang.String,java.lang.String)&amp#27;[0m
HTTP/1.1 200 OK
Date: Mon, 17 Apr 2023 12:48:41 GMT
Content-Type: application/json; charset=utf-8
Transfer-Encoding: chunked
Connection: keep-alive
Access-Control-Allow-Origin: *
Etag: W/"6b-b6e2N5oPZZc9AC5NoCXLEi9YOHM"
X-Powered-By: Express
CF-Cache-Status: DYNAMIC
Report-To: {"endpoints":[{"url":"https:\/\/a.nel.cloudflare.com\/report\/v3?s=0kDYQ7H5d7V2Ai0NtFj3KtTmx4qlhH%2FSspnAy2Nikz8SsMloXml8%2FVIZ8FFhX1NUXgw00Qb5%2FRp8zDQmsFAPAb8zHyJ0k0IADmPzjBbsX6wmIOXzEG8UDX1oSMhXzPaAsCNM"}],"group":"cf-nel","max_age":604800}
NEL: {"success_fraction":0,"report_to":"cf-nel","max_age":604800}
Server: cloudflare
CF-RAY: 7b94c8a2ae71880b-SIN
Content-Encoding: gzip
alt-svc: h3=":443"; ma=86400, h3-29=":443"; ma=86400

{
    "id": 11,
    "userId": "5",
    "date": "@#$%-#$-%^",
    "products": "[{productId:5,quantity:1},{productId:1,quantity:5}]"
}
  &amp#27;[32mWhen &amp#27;[0m&amp#27;[32mI add the new cart&amp#27;[0m                                                                                                    &amp#27;[90m# starter.stepdefinitions.UserSteps.addNewCart()&amp#27;[0m
  &amp#27;[32mThen &amp#27;[0m&amp#27;[32mthe response status code should be &amp#27;[0m&amp#27;[32m&amp#27;[1m200&amp#27;[0m                                                                                &amp#27;[90m# starter.stepdefinitions.UserSteps.responseCode(java.lang.Integer)&amp#27;[0m
HTTP/1.1 200 OK
Date: Mon, 17 Apr 2023 12:48:41 GMT
Content-Type: application/json; charset=utf-8
Transfer-Encoding: chunked
Connection: keep-alive
Access-Control-Allow-Origin: *
Etag: W/"6b-b6e2N5oPZZc9AC5NoCXLEi9YOHM"
X-Powered-By: Express
CF-Cache-Status: DYNAMIC
Report-To: {"endpoints":[{"url":"https:\/\/a.nel.cloudflare.com\/report\/v3?s=0kDYQ7H5d7V2Ai0NtFj3KtTmx4qlhH%2FSspnAy2Nikz8SsMloXml8%2FVIZ8FFhX1NUXgw00Qb5%2FRp8zDQmsFAPAb8zHyJ0k0IADmPzjBbsX6wmIOXzEG8UDX1oSMhXzPaAsCNM"}],"group":"cf-nel","max_age":604800}
NEL: {"success_fraction":0,"report_to":"cf-nel","max_age":604800}
Server: cloudflare
CF-RAY: 7b94c8a2ae71880b-SIN
Content-Encoding: gzip
alt-svc: h3=":443"; ma=86400, h3-29=":443"; ma=86400

{
    "id": 11,
    "userId": "5",
    "date": "@#$%-#$-%^",
    "products": "[{productId:5,quantity:1},{productId:1,quantity:5}]"
}
  &amp#27;[32mAnd &amp#27;[0m&amp#27;[32mthe response should contain the new cart data&amp#27;[0m                                                                          &amp#27;[90m# starter.stepdefinitions.UserSteps.responseNewCartData()&amp#27;[0m
19:48:42.521 [main] INFO  - 
  _____   ___   ___   _____     ___     _     ___   ___   ___   ___  
 |_   _| | __| / __| |_   _|   | _ \   /_\   / __| / __| | __| |   \ 
   | |   | _|  \__ \   | |     |  _/  / _ \  \__ \ \__ \ | _|  | |) |
   |_|   |___| |___/   |_|     |_|   /_/ \_\ |___/ |___/ |___| |___/ 

Add a new cart to the database with invalid data
----------------------------------------------------------------------
]]></system-out>
  </testcase>
  <testcase name="Update cart with valid data" classname="RestFull API Test" time="0.475">
    <system-out><![CDATA[
Scenario: Update cart with valid data                               &amp#27;[90m# src/test/resources/api/user.feature:155&amp#27;[0m
19:48:42.526 [main] INFO io.cucumber.core.plugin.SerenityReporter - Running feature from file:///D:/KULIAH/kmrdeka/Weekly2/src/test/resources/api/user.feature
19:48:42.526 [main] WARN io.cucumber.core.plugin.SerenityReporter - Feature from file:///D:/KULIAH/kmrdeka/Weekly2/src/test/resources/api/user.feature is not under the 'features' directory. Requirements report will not be correctly generated!
19:48:42.527 [main] INFO  - 
  _____   ___   ___   _____     ___   _____     _     ___   _____   ___   ___  
 |_   _| | __| / __| |_   _|   / __| |_   _|   /_\   | _ \ |_   _| | __| |   \ 
   | |   | _|  \__ \   | |     \__ \   | |    / _ \  |   /   | |   | _|  | |) |
   |_|   |___| |___/   |_|     |___/   |_|   /_/ \_\ |_|_\   |_|   |___| |___/ 

Update cart with valid data(restfull-api-test;update-cart-with-valid-data)
--------------------------------------------------------------------------------
  &amp#27;[32mGiven &amp#27;[0m&amp#27;[32mI have a cart with id &amp#27;[0m&amp#27;[32m&amp#27;[1m7&amp#27;[0m                                     &amp#27;[90m# starter.stepdefinitions.UserSteps.haveCartWithId(java.lang.Integer)&amp#27;[0m
19:48:42.541 [main] DEBUG org.apache.http.impl.conn.BasicClientConnectionManager - Get connection for route {s}->https://fakestoreapi.com:443
19:48:42.541 [main] DEBUG org.apache.http.impl.conn.DefaultClientConnectionOperator - Connecting to fakestoreapi.com:443
19:48:42.622 [main] DEBUG org.apache.http.client.protocol.RequestAddCookies - CookieSpec selected: ignoreCookies
19:48:42.622 [main] DEBUG org.apache.http.client.protocol.RequestAuthCache - Auth cache not set in the context
19:48:42.622 [main] DEBUG org.apache.http.client.protocol.RequestTargetAuthentication - Target auth state: UNCHALLENGED
19:48:42.622 [main] DEBUG org.apache.http.client.protocol.RequestProxyAuthentication - Proxy auth state: UNCHALLENGED
19:48:42.622 [main] DEBUG org.apache.http.impl.client.DefaultHttpClient - Attempt 1 to execute request
19:48:42.622 [main] DEBUG org.apache.http.impl.conn.DefaultClientConnection - Sending request: PUT /carts/7 HTTP/1.1
19:48:42.622 [main] DEBUG org.apache.http.wire -  >> "PUT /carts/7 HTTP/1.1[\r][\n]"
19:48:42.622 [main] DEBUG org.apache.http.wire -  >> "Accept: */*[\r][\n]"
19:48:42.622 [main] DEBUG org.apache.http.wire -  >> "Content-Type: application/json[\r][\n]"
19:48:42.622 [main] DEBUG org.apache.http.wire -  >> "Content-Length: 43[\r][\n]"
19:48:42.622 [main] DEBUG org.apache.http.wire -  >> "Host: fakestoreapi.com[\r][\n]"
19:48:42.622 [main] DEBUG org.apache.http.wire -  >> "Connection: Keep-Alive[\r][\n]"
19:48:42.622 [main] DEBUG org.apache.http.wire -  >> "User-Agent: Apache-HttpClient/4.5.13 (Java/19.0.2)[\r][\n]"
19:48:42.622 [main] DEBUG org.apache.http.wire -  >> "Accept-Encoding: gzip,deflate[\r][\n]"
19:48:42.622 [main] DEBUG org.apache.http.wire -  >> "[\r][\n]"
19:48:42.622 [main] DEBUG org.apache.http.headers - >> PUT /carts/7 HTTP/1.1
19:48:42.622 [main] DEBUG org.apache.http.headers - >> Accept: */*
19:48:42.622 [main] DEBUG org.apache.http.headers - >> Content-Type: application/json
19:48:42.622 [main] DEBUG org.apache.http.headers - >> Content-Length: 43
19:48:42.622 [main] DEBUG org.apache.http.headers - >> Host: fakestoreapi.com
19:48:42.622 [main] DEBUG org.apache.http.headers - >> Connection: Keep-Alive
19:48:42.622 [main] DEBUG org.apache.http.headers - >> User-Agent: Apache-HttpClient/4.5.13 (Java/19.0.2)
19:48:42.622 [main] DEBUG org.apache.http.headers - >> Accept-Encoding: gzip,deflate
19:48:42.622 [main] DEBUG org.apache.http.wire -  >> "{"products":"[{productId:10,quantity:20}]"}"
19:48:42.990 [main] DEBUG org.apache.http.wire -  << "HTTP/1.1 200 OK[\r][\n]"
19:48:42.990 [main] DEBUG org.apache.http.wire -  << "Date: Mon, 17 Apr 2023 12:48:42 GMT[\r][\n]"
19:48:42.990 [main] DEBUG org.apache.http.wire -  << "Content-Type: application/json; charset=utf-8[\r][\n]"
19:48:42.990 [main] DEBUG org.apache.http.wire -  << "Transfer-Encoding: chunked[\r][\n]"
19:48:42.990 [main] DEBUG org.apache.http.wire -  << "Connection: keep-alive[\r][\n]"
19:48:42.990 [main] DEBUG org.apache.http.wire -  << "Access-Control-Allow-Origin: *[\r][\n]"
19:48:42.990 [main] DEBUG org.apache.http.wire -  << "Etag: W/"32-rILZ39GrQWSwojEhvRv7/kgLujU"[\r][\n]"
19:48:42.990 [main] DEBUG org.apache.http.wire -  << "X-Powered-By: Express[\r][\n]"
19:48:42.990 [main] DEBUG org.apache.http.wire -  << "CF-Cache-Status: DYNAMIC[\r][\n]"
19:48:42.990 [main] DEBUG org.apache.http.wire -  << "Report-To: {"endpoints":[{"url":"https:\/\/a.nel.cloudflare.com\/report\/v3?s=cgM3TP17qht6RNstFGBKqjvoh4Am%2FQZG9v8fX7gjzIVSzRsFK95haGM54TRli0azIJAsrarpUlKoRQJl3wHu1bmu2mn30y5d8JQ8mBh%2ByCgxr8OIj2c8P5htS96L6RZ0HGDG"}],"group":"cf-nel","max_age":604800}[\r][\n]"
19:48:42.990 [main] DEBUG org.apache.http.wire -  << "NEL: {"success_fraction":0,"report_to":"cf-nel","max_age":604800}[\r][\n]"
19:48:42.990 [main] DEBUG org.apache.http.wire -  << "Server: cloudflare[\r][\n]"
19:48:42.990 [main] DEBUG org.apache.http.wire -  << "CF-RAY: 7b94c8a5c83449d2-SIN[\r][\n]"
19:48:42.990 [main] DEBUG org.apache.http.wire -  << "Content-Encoding: gzip[\r][\n]"
19:48:42.990 [main] DEBUG org.apache.http.wire -  << "alt-svc: h3=":443"; ma=86400, h3-29=":443"; ma=86400[\r][\n]"
19:48:42.990 [main] DEBUG org.apache.http.wire -  << "[\r][\n]"
19:48:42.990 [main] DEBUG org.apache.http.impl.conn.DefaultClientConnection - Receiving response: HTTP/1.1 200 OK
19:48:42.990 [main] DEBUG org.apache.http.headers - << HTTP/1.1 200 OK
19:48:42.990 [main] DEBUG org.apache.http.headers - << Date: Mon, 17 Apr 2023 12:48:42 GMT
19:48:42.990 [main] DEBUG org.apache.http.headers - << Content-Type: application/json; charset=utf-8
19:48:42.990 [main] DEBUG org.apache.http.headers - << Transfer-Encoding: chunked
19:48:42.990 [main] DEBUG org.apache.http.headers - << Connection: keep-alive
19:48:42.990 [main] DEBUG org.apache.http.headers - << Access-Control-Allow-Origin: *
19:48:42.990 [main] DEBUG org.apache.http.headers - << Etag: W/"32-rILZ39GrQWSwojEhvRv7/kgLujU"
19:48:42.990 [main] DEBUG org.apache.http.headers - << X-Powered-By: Express
19:48:42.990 [main] DEBUG org.apache.http.headers - << CF-Cache-Status: DYNAMIC
19:48:42.990 [main] DEBUG org.apache.http.headers - << Report-To: {"endpoints":[{"url":"https:\/\/a.nel.cloudflare.com\/report\/v3?s=cgM3TP17qht6RNstFGBKqjvoh4Am%2FQZG9v8fX7gjzIVSzRsFK95haGM54TRli0azIJAsrarpUlKoRQJl3wHu1bmu2mn30y5d8JQ8mBh%2ByCgxr8OIj2c8P5htS96L6RZ0HGDG"}],"group":"cf-nel","max_age":604800}
19:48:42.990 [main] DEBUG org.apache.http.headers - << NEL: {"success_fraction":0,"report_to":"cf-nel","max_age":604800}
19:48:42.990 [main] DEBUG org.apache.http.headers - << Server: cloudflare
19:48:42.990 [main] DEBUG org.apache.http.headers - << CF-RAY: 7b94c8a5c83449d2-SIN
19:48:42.990 [main] DEBUG org.apache.http.headers - << Content-Encoding: gzip
19:48:42.990 [main] DEBUG org.apache.http.headers - << alt-svc: h3=":443"; ma=86400, h3-29=":443"; ma=86400
19:48:42.990 [main] DEBUG org.apache.http.impl.client.DefaultHttpClient - Connection can be kept alive indefinitely
19:48:42.990 [main] DEBUG io.restassured.internal.RestAssuredHttpBuilder - Parsing response as: application/json; charset=utf-8
19:48:42.990 [main] DEBUG org.apache.http.wire -  << "47[\r][\n]"
19:48:42.990 [main] DEBUG org.apache.http.wire -  << "[0x1f][0x8b][0x8][0x0][0x0][0x0][0x0][0x0][0x0][0x3][0xaa]V[0xca]LQ[0xb2]2[0xd7]Q*([0xca]O)M.)V[0xb2]R[0x8a][0xae][0x86]r<S[0xac][0xc][\r]t[\n]"
19:48:42.990 [main] DEBUG org.apache.http.wire -  << "K[0x13][0xf3]J2K*[0xad][0x8c][0xc]jc[0x95]j[0x1][0x0][0x0][0x0][0xff][0xff][0x3][0x0][0xca][0x97]{R2[0x0][0x0][0x0]"
19:48:42.990 [main] DEBUG org.apache.http.wire -  << "[\r][\n]"
19:48:42.991 [main] DEBUG org.apache.http.wire -  << "0[\r][\n]"
19:48:42.991 [main] DEBUG org.apache.http.wire -  << "[\r][\n]"
19:48:42.991 [main] DEBUG io.restassured.internal.RestAssuredHttpBuilder - Parsed data to instance of: class org.apache.http.conn.EofSensorInputStream
19:48:42.991 [main] DEBUG org.apache.http.impl.conn.BasicClientConnectionManager - Releasing connection org.apache.http.impl.conn.ManagedClientConnectionImpl@cce672c
19:48:42.991 [main] DEBUG org.apache.http.impl.conn.BasicClientConnectionManager - Connection can be kept alive indefinitely
  &amp#27;[32mWhen &amp#27;[0m&amp#27;[32mI update the cart products to &amp#27;[0m&amp#27;[32m&amp#27;[1m"[{productId:10,quantity:20}]"&amp#27;[0m &amp#27;[90m# starter.stepdefinitions.UserSteps.updateCartProducts(java.lang.String)&amp#27;[0m
  &amp#27;[32mThen &amp#27;[0m&amp#27;[32mthe response status code should be &amp#27;[0m&amp#27;[32m&amp#27;[1m200&amp#27;[0m                       &amp#27;[90m# starter.stepdefinitions.UserSteps.responseCode(java.lang.Integer)&amp#27;[0m
  &amp#27;[32mAnd &amp#27;[0m&amp#27;[32mthe response should contain the updated cart information&amp#27;[0m      &amp#27;[90m# starter.stepdefinitions.UserSteps.responseCartInformation()&amp#27;[0m
19:48:42.996 [main] INFO  - 
  _____   ___   ___   _____     ___     _     ___   ___   ___   ___  
 |_   _| | __| / __| |_   _|   | _ \   /_\   / __| / __| | __| |   \ 
   | |   | _|  \__ \   | |     |  _/  / _ \  \__ \ \__ \ | _|  | |) |
   |_|   |___| |___/   |_|     |_|   /_/ \_\ |___/ |___/ |___| |___/ 

Update cart with valid data
----------------------------------------------------------------------
]]></system-out>
  </testcase>
  <testcase name="Update cart with invalid data" classname="RestFull API Test" time="0.475">
    <system-out><![CDATA[
Scenario: Update cart with invalid data       &amp#27;[90m# src/test/resources/api/user.feature:161&amp#27;[0m
19:48:43.000 [main] INFO io.cucumber.core.plugin.SerenityReporter - Running feature from file:///D:/KULIAH/kmrdeka/Weekly2/src/test/resources/api/user.feature
19:48:43.001 [main] WARN io.cucumber.core.plugin.SerenityReporter - Feature from file:///D:/KULIAH/kmrdeka/Weekly2/src/test/resources/api/user.feature is not under the 'features' directory. Requirements report will not be correctly generated!
19:48:43.002 [main] INFO  - 
  _____   ___   ___   _____     ___   _____     _     ___   _____   ___   ___  
 |_   _| | __| / __| |_   _|   / __| |_   _|   /_\   | _ \ |_   _| | __| |   \ 
   | |   | _|  \__ \   | |     \__ \   | |    / _ \  |   /   | |   | _|  | |) |
   |_|   |___| |___/   |_|     |___/   |_|   /_/ \_\ |_|_\   |_|   |___| |___/ 

Update cart with invalid data(restfull-api-test;update-cart-with-invalid-data)
--------------------------------------------------------------------------------
  &amp#27;[32mGiven &amp#27;[0m&amp#27;[32mI have a cart with id &amp#27;[0m&amp#27;[32m&amp#27;[1m7&amp#27;[0m               &amp#27;[90m# starter.stepdefinitions.UserSteps.haveCartWithId(java.lang.Integer)&amp#27;[0m
19:48:43.018 [main] DEBUG org.apache.http.impl.conn.BasicClientConnectionManager - Get connection for route {s}->https://fakestoreapi.com:443
19:48:43.018 [main] DEBUG org.apache.http.impl.conn.DefaultClientConnectionOperator - Connecting to fakestoreapi.com:443
19:48:43.098 [main] DEBUG org.apache.http.client.protocol.RequestAddCookies - CookieSpec selected: ignoreCookies
19:48:43.098 [main] DEBUG org.apache.http.client.protocol.RequestAuthCache - Auth cache not set in the context
19:48:43.098 [main] DEBUG org.apache.http.client.protocol.RequestTargetAuthentication - Target auth state: UNCHALLENGED
19:48:43.098 [main] DEBUG org.apache.http.client.protocol.RequestProxyAuthentication - Proxy auth state: UNCHALLENGED
19:48:43.098 [main] DEBUG org.apache.http.impl.client.DefaultHttpClient - Attempt 1 to execute request
19:48:43.098 [main] DEBUG org.apache.http.impl.conn.DefaultClientConnection - Sending request: PUT /carts/7 HTTP/1.1
19:48:43.098 [main] DEBUG org.apache.http.wire -  >> "PUT /carts/7 HTTP/1.1[\r][\n]"
19:48:43.098 [main] DEBUG org.apache.http.wire -  >> "Accept: */*[\r][\n]"
19:48:43.098 [main] DEBUG org.apache.http.wire -  >> "Content-Type: application/json[\r][\n]"
19:48:43.098 [main] DEBUG org.apache.http.wire -  >> "Content-Length: 15[\r][\n]"
19:48:43.098 [main] DEBUG org.apache.http.wire -  >> "Host: fakestoreapi.com[\r][\n]"
19:48:43.098 [main] DEBUG org.apache.http.wire -  >> "Connection: Keep-Alive[\r][\n]"
19:48:43.098 [main] DEBUG org.apache.http.wire -  >> "User-Agent: Apache-HttpClient/4.5.13 (Java/19.0.2)[\r][\n]"
19:48:43.098 [main] DEBUG org.apache.http.wire -  >> "Accept-Encoding: gzip,deflate[\r][\n]"
19:48:43.098 [main] DEBUG org.apache.http.wire -  >> "[\r][\n]"
19:48:43.098 [main] DEBUG org.apache.http.headers - >> PUT /carts/7 HTTP/1.1
19:48:43.098 [main] DEBUG org.apache.http.headers - >> Accept: */*
19:48:43.098 [main] DEBUG org.apache.http.headers - >> Content-Type: application/json
19:48:43.098 [main] DEBUG org.apache.http.headers - >> Content-Length: 15
19:48:43.098 [main] DEBUG org.apache.http.headers - >> Host: fakestoreapi.com
19:48:43.098 [main] DEBUG org.apache.http.headers - >> Connection: Keep-Alive
19:48:43.098 [main] DEBUG org.apache.http.headers - >> User-Agent: Apache-HttpClient/4.5.13 (Java/19.0.2)
19:48:43.098 [main] DEBUG org.apache.http.headers - >> Accept-Encoding: gzip,deflate
19:48:43.098 [main] DEBUG org.apache.http.wire -  >> "{"products":""}"
19:48:43.466 [main] DEBUG org.apache.http.wire -  << "HTTP/1.1 200 OK[\r][\n]"
19:48:43.466 [main] DEBUG org.apache.http.wire -  << "Date: Mon, 17 Apr 2023 12:48:42 GMT[\r][\n]"
19:48:43.466 [main] DEBUG org.apache.http.wire -  << "Content-Type: application/json; charset=utf-8[\r][\n]"
19:48:43.466 [main] DEBUG org.apache.http.wire -  << "Content-Length: 22[\r][\n]"
19:48:43.466 [main] DEBUG org.apache.http.wire -  << "Connection: keep-alive[\r][\n]"
19:48:43.466 [main] DEBUG org.apache.http.wire -  << "Access-Control-Allow-Origin: *[\r][\n]"
19:48:43.466 [main] DEBUG org.apache.http.wire -  << "Etag: W/"16-w74zFoDv670YJfKmSZi2mbIitiA"[\r][\n]"
19:48:43.466 [main] DEBUG org.apache.http.wire -  << "X-Powered-By: Express[\r][\n]"
19:48:43.466 [main] DEBUG org.apache.http.wire -  << "CF-Cache-Status: DYNAMIC[\r][\n]"
19:48:43.466 [main] DEBUG org.apache.http.wire -  << "Report-To: {"endpoints":[{"url":"https:\/\/a.nel.cloudflare.com\/report\/v3?s=UX%2Fyk7LoCNHyeM76OFjjSQL%2BYpfzBzikIOsR0v%2BV5vRlAO41wphHs%2BgGoaDlbEmH0ftnsxJrraOwP%2BPe6CWdSiaxXYm%2BDXZ1c0DSCGJ6For8SdkJsXLYhoYw46kVRvroR2uq"}],"group":"cf-nel","max_age":604800}[\r][\n]"
19:48:43.466 [main] DEBUG org.apache.http.wire -  << "NEL: {"success_fraction":0,"report_to":"cf-nel","max_age":604800}[\r][\n]"
19:48:43.466 [main] DEBUG org.apache.http.wire -  << "Server: cloudflare[\r][\n]"
19:48:43.466 [main] DEBUG org.apache.http.wire -  << "CF-RAY: 7b94c8a8be8e9e20-SIN[\r][\n]"
19:48:43.466 [main] DEBUG org.apache.http.wire -  << "alt-svc: h3=":443"; ma=86400, h3-29=":443"; ma=86400[\r][\n]"
19:48:43.466 [main] DEBUG org.apache.http.wire -  << "[\r][\n]"
19:48:43.466 [main] DEBUG org.apache.http.impl.conn.DefaultClientConnection - Receiving response: HTTP/1.1 200 OK
19:48:43.466 [main] DEBUG org.apache.http.headers - << HTTP/1.1 200 OK
19:48:43.466 [main] DEBUG org.apache.http.headers - << Date: Mon, 17 Apr 2023 12:48:42 GMT
19:48:43.466 [main] DEBUG org.apache.http.headers - << Content-Type: application/json; charset=utf-8
19:48:43.466 [main] DEBUG org.apache.http.headers - << Content-Length: 22
19:48:43.466 [main] DEBUG org.apache.http.headers - << Connection: keep-alive
19:48:43.466 [main] DEBUG org.apache.http.headers - << Access-Control-Allow-Origin: *
19:48:43.466 [main] DEBUG org.apache.http.headers - << Etag: W/"16-w74zFoDv670YJfKmSZi2mbIitiA"
19:48:43.466 [main] DEBUG org.apache.http.headers - << X-Powered-By: Express
19:48:43.466 [main] DEBUG org.apache.http.headers - << CF-Cache-Status: DYNAMIC
19:48:43.466 [main] DEBUG org.apache.http.headers - << Report-To: {"endpoints":[{"url":"https:\/\/a.nel.cloudflare.com\/report\/v3?s=UX%2Fyk7LoCNHyeM76OFjjSQL%2BYpfzBzikIOsR0v%2BV5vRlAO41wphHs%2BgGoaDlbEmH0ftnsxJrraOwP%2BPe6CWdSiaxXYm%2BDXZ1c0DSCGJ6For8SdkJsXLYhoYw46kVRvroR2uq"}],"group":"cf-nel","max_age":604800}
19:48:43.466 [main] DEBUG org.apache.http.headers - << NEL: {"success_fraction":0,"report_to":"cf-nel","max_age":604800}
19:48:43.466 [main] DEBUG org.apache.http.headers - << Server: cloudflare
19:48:43.466 [main] DEBUG org.apache.http.headers - << CF-RAY: 7b94c8a8be8e9e20-SIN
19:48:43.466 [main] DEBUG org.apache.http.headers - << alt-svc: h3=":443"; ma=86400, h3-29=":443"; ma=86400
19:48:43.466 [main] DEBUG org.apache.http.impl.client.DefaultHttpClient - Connection can be kept alive indefinitely
19:48:43.466 [main] DEBUG io.restassured.internal.RestAssuredHttpBuilder - Parsing response as: application/json; charset=utf-8
19:48:43.466 [main] DEBUG io.restassured.internal.RestAssuredHttpBuilder - Parsed data to instance of: class org.apache.http.conn.EofSensorInputStream
19:48:43.467 [main] DEBUG org.apache.http.wire -  << "{"id":7,"products":""}"
19:48:43.468 [main] DEBUG org.apache.http.impl.conn.BasicClientConnectionManager - Releasing connection org.apache.http.impl.conn.ManagedClientConnectionImpl@c5e7696
19:48:43.468 [main] DEBUG org.apache.http.impl.conn.BasicClientConnectionManager - Connection can be kept alive indefinitely
  &amp#27;[32mWhen &amp#27;[0m&amp#27;[32mI update the cart products to &amp#27;[0m&amp#27;[32m&amp#27;[1m""&amp#27;[0m       &amp#27;[90m# starter.stepdefinitions.UserSteps.updateCartProducts(java.lang.String)&amp#27;[0m
  &amp#27;[32mThen &amp#27;[0m&amp#27;[32mthe response status code should be &amp#27;[0m&amp#27;[32m&amp#27;[1m200&amp#27;[0m &amp#27;[90m# starter.stepdefinitions.UserSteps.responseCode(java.lang.Integer)&amp#27;[0m
19:48:43.471 [main] INFO  - 
  _____   ___   ___   _____     ___     _     ___   ___   ___   ___  
 |_   _| | __| / __| |_   _|   | _ \   /_\   / __| / __| | __| |   \ 
   | |   | _|  \__ \   | |     |  _/  / _ \  \__ \ \__ \ | _|  | |) |
   |_|   |___| |___/   |_|     |_|   /_/ \_\ |___/ |___/ |___| |___/ 

Update cart with invalid data
----------------------------------------------------------------------
]]></system-out>
  </testcase>
  <testcase name="User deletes a cart from the product list" classname="RestFull API Test" time="3.857">
    <system-out><![CDATA[
Scenario: User deletes a cart from the product list &amp#27;[90m# src/test/resources/api/user.feature:166&amp#27;[0m
19:48:43.475 [main] INFO io.cucumber.core.plugin.SerenityReporter - Running feature from file:///D:/KULIAH/kmrdeka/Weekly2/src/test/resources/api/user.feature
19:48:43.475 [main] WARN io.cucumber.core.plugin.SerenityReporter - Feature from file:///D:/KULIAH/kmrdeka/Weekly2/src/test/resources/api/user.feature is not under the 'features' directory. Requirements report will not be correctly generated!
19:48:43.477 [main] INFO  - 
  _____   ___   ___   _____     ___   _____     _     ___   _____   ___   ___  
 |_   _| | __| / __| |_   _|   / __| |_   _|   /_\   | _ \ |_   _| | __| |   \ 
   | |   | _|  \__ \   | |     \__ \   | |    / _ \  |   /   | |   | _|  | |) |
   |_|   |___| |___/   |_|     |___/   |_|   /_/ \_\ |_|_\   |_|   |___| |___/ 

User deletes a cart from the product list(restfull-api-test;user-deletes-a-cart-from-the-product-list)
--------------------------------------------------------------------------------
19:48:43.484 [main] DEBUG org.apache.http.impl.conn.BasicClientConnectionManager - Get connection for route {s}->https://fakestoreapi.com:443
19:48:43.484 [main] DEBUG org.apache.http.impl.conn.DefaultClientConnectionOperator - Connecting to fakestoreapi.com:443
19:48:43.560 [main] DEBUG org.apache.http.client.protocol.RequestAddCookies - CookieSpec selected: ignoreCookies
19:48:43.560 [main] DEBUG org.apache.http.client.protocol.RequestAuthCache - Auth cache not set in the context
19:48:43.560 [main] DEBUG org.apache.http.client.protocol.RequestTargetAuthentication - Target auth state: UNCHALLENGED
19:48:43.560 [main] DEBUG org.apache.http.client.protocol.RequestProxyAuthentication - Proxy auth state: UNCHALLENGED
19:48:43.560 [main] DEBUG org.apache.http.impl.client.DefaultHttpClient - Attempt 1 to execute request
19:48:43.560 [main] DEBUG org.apache.http.impl.conn.DefaultClientConnection - Sending request: DELETE /carts/6 HTTP/1.1
19:48:43.560 [main] DEBUG org.apache.http.wire -  >> "DELETE /carts/6 HTTP/1.1[\r][\n]"
19:48:43.560 [main] DEBUG org.apache.http.wire -  >> "Accept: */*[\r][\n]"
19:48:43.560 [main] DEBUG org.apache.http.wire -  >> "Host: fakestoreapi.com[\r][\n]"
19:48:43.561 [main] DEBUG org.apache.http.wire -  >> "Connection: Keep-Alive[\r][\n]"
19:48:43.561 [main] DEBUG org.apache.http.wire -  >> "User-Agent: Apache-HttpClient/4.5.13 (Java/19.0.2)[\r][\n]"
19:48:43.561 [main] DEBUG org.apache.http.wire -  >> "Accept-Encoding: gzip,deflate[\r][\n]"
19:48:43.561 [main] DEBUG org.apache.http.wire -  >> "[\r][\n]"
19:48:43.561 [main] DEBUG org.apache.http.headers - >> DELETE /carts/6 HTTP/1.1
19:48:43.561 [main] DEBUG org.apache.http.headers - >> Accept: */*
19:48:43.561 [main] DEBUG org.apache.http.headers - >> Host: fakestoreapi.com
19:48:43.561 [main] DEBUG org.apache.http.headers - >> Connection: Keep-Alive
19:48:43.561 [main] DEBUG org.apache.http.headers - >> User-Agent: Apache-HttpClient/4.5.13 (Java/19.0.2)
19:48:43.561 [main] DEBUG org.apache.http.headers - >> Accept-Encoding: gzip,deflate
19:48:47.323 [main] DEBUG org.apache.http.wire -  << "HTTP/1.1 200 OK[\r][\n]"
19:48:47.323 [main] DEBUG org.apache.http.wire -  << "Date: Mon, 17 Apr 2023 12:48:46 GMT[\r][\n]"
19:48:47.323 [main] DEBUG org.apache.http.wire -  << "Content-Type: application/json; charset=utf-8[\r][\n]"
19:48:47.323 [main] DEBUG org.apache.http.wire -  << "Transfer-Encoding: chunked[\r][\n]"
19:48:47.323 [main] DEBUG org.apache.http.wire -  << "Connection: keep-alive[\r][\n]"
19:48:47.323 [main] DEBUG org.apache.http.wire -  << "Access-Control-Allow-Origin: *[\r][\n]"
19:48:47.323 [main] DEBUG org.apache.http.wire -  << "Etag: W/"86-J5ViySQfEeArCeSFoCYm7Fu5dlY"[\r][\n]"
19:48:47.323 [main] DEBUG org.apache.http.wire -  << "X-Powered-By: Express[\r][\n]"
19:48:47.323 [main] DEBUG org.apache.http.wire -  << "CF-Cache-Status: DYNAMIC[\r][\n]"
19:48:47.323 [main] DEBUG org.apache.http.wire -  << "Report-To: {"endpoints":[{"url":"https:\/\/a.nel.cloudflare.com\/report\/v3?s=YDk2iq7svMIb83YQpu0A8jplJlLdE%2B8fWUXOsKXWBck2b2l77wVpAR%2Flyd3OY8j2qLM8eJhlUOmn%2BWJYjS5OJgvoC1oe25SgVw15ektcHGXDQVCPffLxpBYCVUjyhnACOxgJ"}],"group":"cf-nel","max_age":604800}[\r][\n]"
19:48:47.323 [main] DEBUG org.apache.http.wire -  << "NEL: {"success_fraction":0,"report_to":"cf-nel","max_age":604800}[\r][\n]"
19:48:47.323 [main] DEBUG org.apache.http.wire -  << "Server: cloudflare[\r][\n]"
19:48:47.323 [main] DEBUG org.apache.http.wire -  << "CF-RAY: 7b94c8abad604d57-SIN[\r][\n]"
19:48:47.323 [main] DEBUG org.apache.http.wire -  << "Content-Encoding: gzip[\r][\n]"
19:48:47.323 [main] DEBUG org.apache.http.wire -  << "alt-svc: h3=":443"; ma=86400, h3-29=":443"; ma=86400[\r][\n]"
19:48:47.323 [main] DEBUG org.apache.http.wire -  << "[\r][\n]"
19:48:47.323 [main] DEBUG org.apache.http.impl.conn.DefaultClientConnection - Receiving response: HTTP/1.1 200 OK
19:48:47.323 [main] DEBUG org.apache.http.headers - << HTTP/1.1 200 OK
19:48:47.323 [main] DEBUG org.apache.http.headers - << Date: Mon, 17 Apr 2023 12:48:46 GMT
19:48:47.323 [main] DEBUG org.apache.http.headers - << Content-Type: application/json; charset=utf-8
19:48:47.323 [main] DEBUG org.apache.http.headers - << Transfer-Encoding: chunked
19:48:47.323 [main] DEBUG org.apache.http.headers - << Connection: keep-alive
19:48:47.323 [main] DEBUG org.apache.http.headers - << Access-Control-Allow-Origin: *
19:48:47.323 [main] DEBUG org.apache.http.headers - << Etag: W/"86-J5ViySQfEeArCeSFoCYm7Fu5dlY"
19:48:47.323 [main] DEBUG org.apache.http.headers - << X-Powered-By: Express
19:48:47.323 [main] DEBUG org.apache.http.headers - << CF-Cache-Status: DYNAMIC
19:48:47.323 [main] DEBUG org.apache.http.headers - << Report-To: {"endpoints":[{"url":"https:\/\/a.nel.cloudflare.com\/report\/v3?s=YDk2iq7svMIb83YQpu0A8jplJlLdE%2B8fWUXOsKXWBck2b2l77wVpAR%2Flyd3OY8j2qLM8eJhlUOmn%2BWJYjS5OJgvoC1oe25SgVw15ektcHGXDQVCPffLxpBYCVUjyhnACOxgJ"}],"group":"cf-nel","max_age":604800}
19:48:47.323 [main] DEBUG org.apache.http.headers - << NEL: {"success_fraction":0,"report_to":"cf-nel","max_age":604800}
19:48:47.323 [main] DEBUG org.apache.http.headers - << Server: cloudflare
19:48:47.323 [main] DEBUG org.apache.http.headers - << CF-RAY: 7b94c8abad604d57-SIN
19:48:47.323 [main] DEBUG org.apache.http.headers - << Content-Encoding: gzip
19:48:47.323 [main] DEBUG org.apache.http.headers - << alt-svc: h3=":443"; ma=86400, h3-29=":443"; ma=86400
19:48:47.323 [main] DEBUG org.apache.http.impl.client.DefaultHttpClient - Connection can be kept alive indefinitely
19:48:47.323 [main] DEBUG io.restassured.internal.RestAssuredHttpBuilder - Parsing response as: application/json; charset=utf-8
19:48:47.323 [main] DEBUG org.apache.http.wire -  << "7e[\r][\n]"
19:48:47.324 [main] DEBUG org.apache.http.wire -  << "[0x1f][0x8b][0x8][0x0][0x0][0x0][0x0][0x0][0x0][0x3]T[0x8b]A[\n]"
19:48:47.324 [main] DEBUG org.apache.http.wire -  << "[0xc2]0[0x14][0x5][0xef][0xf2][0xd6][0xbf][0xe5][0xf5][0xb7][0xb8][0xf8]7p[0xef]J)[0xa1][0x98],[0xb2]i[0xb5]M[0x84][0x12]r[0xf7][0xa2] ([0xcc]f[0x18][0xa6] z[0xd8]I[0x90][0xb7][0xb0][0x9e]=l[0x10][0xf8])[0x5][0x18][0x94][0xca][0x86]}[0xc3][0xee]B[0xda][0x87][0x96][0xe4][0x15][0x82][0xc7][0xba][0xf8]|O[0x1b][0xec]V[0xbe][0xf2][0x9e];[\n]"
19:48:47.324 [main] DEBUG org.apache.http.wire -  << "[0x9e]y[0x9a]SL;L[0xab][0xfc]W[0xfd][0xad]}[0x1d][0x5][0xce][0xbd]`[0xac][0x7][0x0][0x0][0x0][0xff][0xff][0x3][0x0]O[0x1f]/?[0x86][0x0][0x0][0x0]"
19:48:47.324 [main] DEBUG org.apache.http.wire -  << "[\r][\n]"
19:48:47.324 [main] DEBUG org.apache.http.wire -  << "0[\r][\n]"
19:48:47.324 [main] DEBUG org.apache.http.wire -  << "[\r][\n]"
19:48:47.324 [main] DEBUG io.restassured.internal.RestAssuredHttpBuilder - Parsed data to instance of: class org.apache.http.conn.EofSensorInputStream
  &amp#27;[32mGiven &amp#27;[0m&amp#27;[32mUser requests to delete a cart with id &amp#27;[0m&amp#27;[32m&amp#27;[1m6&amp#27;[0m    &amp#27;[90m# starter.stepdefinitions.UserSteps.userDeleteCartWithId(java.lang.Integer)&amp#27;[0m
  &amp#27;[32mWhen &amp#27;[0m&amp#27;[32mCart with id is successfully deleted&amp#27;[0m         &amp#27;[90m# starter.stepdefinitions.UserSteps.cartSuccessDelete()&amp#27;[0m
19:48:47.328 [main] INFO  - 
  _____   ___   ___   _____     ___     _     ___   ___   ___   ___  
 |_   _| | __| / __| |_   _|   | _ \   /_\   / __| / __| | __| |   \ 
   | |   | _|  \__ \   | |     |  _/  / _ \  \__ \ \__ \ | _|  | |) |
   |_|   |___| |___/   |_|     |_|   /_/ \_\ |___/ |___/ |___| |___/ 

User deletes a cart from the product list
----------------------------------------------------------------------
]]></system-out>
  </testcase>
  <testcase name="User deletes a cart from the invalid product list" classname="RestFull API Test" time="3.933">
    <system-out><![CDATA[
Scenario: User deletes a cart from the invalid product list &amp#27;[90m# src/test/resources/api/user.feature:170&amp#27;[0m
19:48:47.332 [main] INFO io.cucumber.core.plugin.SerenityReporter - Running feature from file:///D:/KULIAH/kmrdeka/Weekly2/src/test/resources/api/user.feature
19:48:47.332 [main] WARN io.cucumber.core.plugin.SerenityReporter - Feature from file:///D:/KULIAH/kmrdeka/Weekly2/src/test/resources/api/user.feature is not under the 'features' directory. Requirements report will not be correctly generated!
19:48:47.333 [main] INFO  - 
  _____   ___   ___   _____     ___   _____     _     ___   _____   ___   ___  
 |_   _| | __| / __| |_   _|   / __| |_   _|   /_\   | _ \ |_   _| | __| |   \ 
   | |   | _|  \__ \   | |     \__ \   | |    / _ \  |   /   | |   | _|  | |) |
   |_|   |___| |___/   |_|     |___/   |_|   /_/ \_\ |_|_\   |_|   |___| |___/ 

User deletes a cart from the invalid product list(restfull-api-test;user-deletes-a-cart-from-the-invalid-product-list)
--------------------------------------------------------------------------------
19:48:47.342 [main] DEBUG org.apache.http.impl.conn.BasicClientConnectionManager - Get connection for route {s}->https://fakestoreapi.com:443
19:48:47.343 [main] DEBUG org.apache.http.impl.conn.DefaultClientConnectionOperator - Connecting to fakestoreapi.com:443
19:48:47.421 [main] DEBUG org.apache.http.client.protocol.RequestAddCookies - CookieSpec selected: ignoreCookies
19:48:47.421 [main] DEBUG org.apache.http.client.protocol.RequestAuthCache - Auth cache not set in the context
19:48:47.421 [main] DEBUG org.apache.http.client.protocol.RequestTargetAuthentication - Target auth state: UNCHALLENGED
19:48:47.421 [main] DEBUG org.apache.http.client.protocol.RequestProxyAuthentication - Proxy auth state: UNCHALLENGED
19:48:47.421 [main] DEBUG org.apache.http.impl.client.DefaultHttpClient - Attempt 1 to execute request
19:48:47.421 [main] DEBUG org.apache.http.impl.conn.DefaultClientConnection - Sending request: DELETE /carts/25 HTTP/1.1
19:48:47.421 [main] DEBUG org.apache.http.wire -  >> "DELETE /carts/25 HTTP/1.1[\r][\n]"
19:48:47.421 [main] DEBUG org.apache.http.wire -  >> "Accept: */*[\r][\n]"
19:48:47.421 [main] DEBUG org.apache.http.wire -  >> "Host: fakestoreapi.com[\r][\n]"
19:48:47.421 [main] DEBUG org.apache.http.wire -  >> "Connection: Keep-Alive[\r][\n]"
19:48:47.421 [main] DEBUG org.apache.http.wire -  >> "User-Agent: Apache-HttpClient/4.5.13 (Java/19.0.2)[\r][\n]"
19:48:47.421 [main] DEBUG org.apache.http.wire -  >> "Accept-Encoding: gzip,deflate[\r][\n]"
19:48:47.421 [main] DEBUG org.apache.http.wire -  >> "[\r][\n]"
19:48:47.421 [main] DEBUG org.apache.http.headers - >> DELETE /carts/25 HTTP/1.1
19:48:47.421 [main] DEBUG org.apache.http.headers - >> Accept: */*
19:48:47.421 [main] DEBUG org.apache.http.headers - >> Host: fakestoreapi.com
19:48:47.421 [main] DEBUG org.apache.http.headers - >> Connection: Keep-Alive
19:48:47.421 [main] DEBUG org.apache.http.headers - >> User-Agent: Apache-HttpClient/4.5.13 (Java/19.0.2)
19:48:47.421 [main] DEBUG org.apache.http.headers - >> Accept-Encoding: gzip,deflate
19:48:51.256 [main] DEBUG org.apache.http.wire -  << "HTTP/1.1 200 OK[\r][\n]"
19:48:51.256 [main] DEBUG org.apache.http.wire -  << "Date: Mon, 17 Apr 2023 12:48:50 GMT[\r][\n]"
19:48:51.256 [main] DEBUG org.apache.http.wire -  << "Content-Type: application/json; charset=utf-8[\r][\n]"
19:48:51.256 [main] DEBUG org.apache.http.wire -  << "Content-Length: 4[\r][\n]"
19:48:51.256 [main] DEBUG org.apache.http.wire -  << "Connection: keep-alive[\r][\n]"
19:48:51.256 [main] DEBUG org.apache.http.wire -  << "Access-Control-Allow-Origin: *[\r][\n]"
19:48:51.256 [main] DEBUG org.apache.http.wire -  << "Etag: W/"4-K+iMpCQsduglOsYkdIUQZQMtaDM"[\r][\n]"
19:48:51.256 [main] DEBUG org.apache.http.wire -  << "X-Powered-By: Express[\r][\n]"
19:48:51.256 [main] DEBUG org.apache.http.wire -  << "CF-Cache-Status: DYNAMIC[\r][\n]"
19:48:51.256 [main] DEBUG org.apache.http.wire -  << "Report-To: {"endpoints":[{"url":"https:\/\/a.nel.cloudflare.com\/report\/v3?s=Pil9X5NISOupeXIp0FwCJkkmJa2VxdDe5%2BJF4KgUvSAESQGKSzJsOjzzDepCi%2F9W7rXHGcTxNPMqB9RqLWdsjNh%2B8%2FZjRKvNIg4ixLAPPZJIzu1wIeqDC2vrE2SPd7Ge3KeT"}],"group":"cf-nel","max_age":604800}[\r][\n]"
19:48:51.256 [main] DEBUG org.apache.http.wire -  << "NEL: {"success_fraction":0,"report_to":"cf-nel","max_age":604800}[\r][\n]"
19:48:51.256 [main] DEBUG org.apache.http.wire -  << "Server: cloudflare[\r][\n]"
19:48:51.256 [main] DEBUG org.apache.http.wire -  << "CF-RAY: 7b94c8c3bece6baa-SIN[\r][\n]"
19:48:51.256 [main] DEBUG org.apache.http.wire -  << "alt-svc: h3=":443"; ma=86400, h3-29=":443"; ma=86400[\r][\n]"
19:48:51.256 [main] DEBUG org.apache.http.wire -  << "[\r][\n]"
19:48:51.257 [main] DEBUG org.apache.http.impl.conn.DefaultClientConnection - Receiving response: HTTP/1.1 200 OK
19:48:51.257 [main] DEBUG org.apache.http.headers - << HTTP/1.1 200 OK
19:48:51.257 [main] DEBUG org.apache.http.headers - << Date: Mon, 17 Apr 2023 12:48:50 GMT
19:48:51.257 [main] DEBUG org.apache.http.headers - << Content-Type: application/json; charset=utf-8
19:48:51.257 [main] DEBUG org.apache.http.headers - << Content-Length: 4
19:48:51.257 [main] DEBUG org.apache.http.headers - << Connection: keep-alive
19:48:51.257 [main] DEBUG org.apache.http.headers - << Access-Control-Allow-Origin: *
19:48:51.257 [main] DEBUG org.apache.http.headers - << Etag: W/"4-K+iMpCQsduglOsYkdIUQZQMtaDM"
19:48:51.257 [main] DEBUG org.apache.http.headers - << X-Powered-By: Express
19:48:51.257 [main] DEBUG org.apache.http.headers - << CF-Cache-Status: DYNAMIC
19:48:51.257 [main] DEBUG org.apache.http.headers - << Report-To: {"endpoints":[{"url":"https:\/\/a.nel.cloudflare.com\/report\/v3?s=Pil9X5NISOupeXIp0FwCJkkmJa2VxdDe5%2BJF4KgUvSAESQGKSzJsOjzzDepCi%2F9W7rXHGcTxNPMqB9RqLWdsjNh%2B8%2FZjRKvNIg4ixLAPPZJIzu1wIeqDC2vrE2SPd7Ge3KeT"}],"group":"cf-nel","max_age":604800}
19:48:51.257 [main] DEBUG org.apache.http.headers - << NEL: {"success_fraction":0,"report_to":"cf-nel","max_age":604800}
19:48:51.257 [main] DEBUG org.apache.http.headers - << Server: cloudflare
19:48:51.257 [main] DEBUG org.apache.http.headers - << CF-RAY: 7b94c8c3bece6baa-SIN
19:48:51.257 [main] DEBUG org.apache.http.headers - << alt-svc: h3=":443"; ma=86400, h3-29=":443"; ma=86400
19:48:51.257 [main] DEBUG org.apache.http.impl.client.DefaultHttpClient - Connection can be kept alive indefinitely
19:48:51.257 [main] DEBUG io.restassured.internal.RestAssuredHttpBuilder - Parsing response as: application/json; charset=utf-8
19:48:51.257 [main] DEBUG io.restassured.internal.RestAssuredHttpBuilder - Parsed data to instance of: class org.apache.http.conn.EofSensorInputStream
  &amp#27;[32mGiven &amp#27;[0m&amp#27;[32mUser requests to delete a cart with id &amp#27;[0m&amp#27;[32m&amp#27;[1m25&amp#27;[0m           &amp#27;[90m# starter.stepdefinitions.UserSteps.userDeleteCartWithId(java.lang.Integer)&amp#27;[0m
  &amp#27;[32mWhen &amp#27;[0m&amp#27;[32mCart with id is successfully deleted&amp#27;[0m                 &amp#27;[90m# starter.stepdefinitions.UserSteps.cartSuccessDelete()&amp#27;[0m
19:48:51.261 [main] INFO  - 
  _____   ___   ___   _____     ___     _     ___   ___   ___   ___  
 |_   _| | __| / __| |_   _|   | _ \   /_\   / __| / __| | __| |   \ 
   | |   | _|  \__ \   | |     |  _/  / _ \  \__ \ \__ \ | _|  | |) |
   |_|   |___| |___/   |_|     |_|   /_/ \_\ |___/ |___/ |___| |___/ 

User deletes a cart from the invalid product list
----------------------------------------------------------------------
]]></system-out>
  </testcase>
  <testcase name="Retrieve all users" classname="RestFull API Test" time="3.828">
    <system-out><![CDATA[
Scenario: Retrieve all users                  &amp#27;[90m# src/test/resources/api/user.feature:174&amp#27;[0m
19:48:51.265 [main] INFO io.cucumber.core.plugin.SerenityReporter - Running feature from file:///D:/KULIAH/kmrdeka/Weekly2/src/test/resources/api/user.feature
19:48:51.265 [main] WARN io.cucumber.core.plugin.SerenityReporter - Feature from file:///D:/KULIAH/kmrdeka/Weekly2/src/test/resources/api/user.feature is not under the 'features' directory. Requirements report will not be correctly generated!
19:48:51.266 [main] INFO  - 
  _____   ___   ___   _____     ___   _____     _     ___   _____   ___   ___  
 |_   _| | __| / __| |_   _|   / __| |_   _|   /_\   | _ \ |_   _| | __| |   \ 
   | |   | _|  \__ \   | |     \__ \   | |    / _ \  |   /   | |   | _|  | |) |
   |_|   |___| |___/   |_|     |___/   |_|   /_/ \_\ |_|_\   |_|   |___| |___/ 

Retrieve all users(restfull-api-test;retrieve-all-users)
--------------------------------------------------------------------------------
19:48:51.275 [main] DEBUG org.apache.http.impl.conn.BasicClientConnectionManager - Get connection for route {s}->https://fakestoreapi.com:443
19:48:51.275 [main] DEBUG org.apache.http.impl.conn.DefaultClientConnectionOperator - Connecting to fakestoreapi.com:443
19:48:51.356 [main] DEBUG org.apache.http.client.protocol.RequestAddCookies - CookieSpec selected: ignoreCookies
19:48:51.356 [main] DEBUG org.apache.http.client.protocol.RequestAuthCache - Auth cache not set in the context
19:48:51.357 [main] DEBUG org.apache.http.client.protocol.RequestTargetAuthentication - Target auth state: UNCHALLENGED
19:48:51.357 [main] DEBUG org.apache.http.client.protocol.RequestProxyAuthentication - Proxy auth state: UNCHALLENGED
19:48:51.357 [main] DEBUG org.apache.http.impl.client.DefaultHttpClient - Attempt 1 to execute request
19:48:51.357 [main] DEBUG org.apache.http.impl.conn.DefaultClientConnection - Sending request: GET /users HTTP/1.1
19:48:51.357 [main] DEBUG org.apache.http.wire -  >> "GET /users HTTP/1.1[\r][\n]"
19:48:51.357 [main] DEBUG org.apache.http.wire -  >> "Accept: */*[\r][\n]"
19:48:51.357 [main] DEBUG org.apache.http.wire -  >> "Host: fakestoreapi.com[\r][\n]"
19:48:51.357 [main] DEBUG org.apache.http.wire -  >> "Connection: Keep-Alive[\r][\n]"
19:48:51.357 [main] DEBUG org.apache.http.wire -  >> "User-Agent: Apache-HttpClient/4.5.13 (Java/19.0.2)[\r][\n]"
19:48:51.357 [main] DEBUG org.apache.http.wire -  >> "Accept-Encoding: gzip,deflate[\r][\n]"
19:48:51.357 [main] DEBUG org.apache.http.wire -  >> "[\r][\n]"
19:48:51.357 [main] DEBUG org.apache.http.headers - >> GET /users HTTP/1.1
19:48:51.357 [main] DEBUG org.apache.http.headers - >> Accept: */*
19:48:51.357 [main] DEBUG org.apache.http.headers - >> Host: fakestoreapi.com
19:48:51.357 [main] DEBUG org.apache.http.headers - >> Connection: Keep-Alive
19:48:51.357 [main] DEBUG org.apache.http.headers - >> User-Agent: Apache-HttpClient/4.5.13 (Java/19.0.2)
19:48:51.357 [main] DEBUG org.apache.http.headers - >> Accept-Encoding: gzip,deflate
19:48:55.073 [main] DEBUG org.apache.http.wire -  << "HTTP/1.1 200 OK[\r][\n]"
19:48:55.073 [main] DEBUG org.apache.http.wire -  << "Date: Mon, 17 Apr 2023 12:48:54 GMT[\r][\n]"
19:48:55.073 [main] DEBUG org.apache.http.wire -  << "Content-Type: application/json; charset=utf-8[\r][\n]"
19:48:55.073 [main] DEBUG org.apache.http.wire -  << "Transfer-Encoding: chunked[\r][\n]"
19:48:55.073 [main] DEBUG org.apache.http.wire -  << "Connection: keep-alive[\r][\n]"
19:48:55.073 [main] DEBUG org.apache.http.wire -  << "Access-Control-Allow-Origin: *[\r][\n]"
19:48:55.073 [main] DEBUG org.apache.http.wire -  << "Etag: W/"bae-Vi0JNVg0EAD6LcGk4v18ASK0bgA"[\r][\n]"
19:48:55.073 [main] DEBUG org.apache.http.wire -  << "X-Powered-By: Express[\r][\n]"
19:48:55.073 [main] DEBUG org.apache.http.wire -  << "CF-Cache-Status: DYNAMIC[\r][\n]"
19:48:55.073 [main] DEBUG org.apache.http.wire -  << "Report-To: {"endpoints":[{"url":"https:\/\/a.nel.cloudflare.com\/report\/v3?s=vWRsGRnFlXpjNfyvgMkJaUtsfDOOFI29ORS7NGPQGpTmxykq%2FJy%2FQPjhjYFvoeDuBre5C9Zhkv5nzHqvkF1GnCVEd9%2B8SbLha96Xnda7sBbLFaWbNuAgu608l6%2BGlDoUEGQQ"}],"group":"cf-nel","max_age":604800}[\r][\n]"
19:48:55.073 [main] DEBUG org.apache.http.wire -  << "NEL: {"success_fraction":0,"report_to":"cf-nel","max_age":604800}[\r][\n]"
19:48:55.073 [main] DEBUG org.apache.http.wire -  << "Server: cloudflare[\r][\n]"
19:48:55.073 [main] DEBUG org.apache.http.wire -  << "CF-RAY: 7b94c8dc5c194bf2-SIN[\r][\n]"
19:48:55.073 [main] DEBUG org.apache.http.wire -  << "Content-Encoding: gzip[\r][\n]"
19:48:55.073 [main] DEBUG org.apache.http.wire -  << "alt-svc: h3=":443"; ma=86400, h3-29=":443"; ma=86400[\r][\n]"
19:48:55.073 [main] DEBUG org.apache.http.wire -  << "[\r][\n]"
19:48:55.073 [main] DEBUG org.apache.http.impl.conn.DefaultClientConnection - Receiving response: HTTP/1.1 200 OK
19:48:55.073 [main] DEBUG org.apache.http.headers - << HTTP/1.1 200 OK
19:48:55.073 [main] DEBUG org.apache.http.headers - << Date: Mon, 17 Apr 2023 12:48:54 GMT
19:48:55.073 [main] DEBUG org.apache.http.headers - << Content-Type: application/json; charset=utf-8
19:48:55.073 [main] DEBUG org.apache.http.headers - << Transfer-Encoding: chunked
19:48:55.073 [main] DEBUG org.apache.http.headers - << Connection: keep-alive
19:48:55.073 [main] DEBUG org.apache.http.headers - << Access-Control-Allow-Origin: *
19:48:55.073 [main] DEBUG org.apache.http.headers - << Etag: W/"bae-Vi0JNVg0EAD6LcGk4v18ASK0bgA"
19:48:55.073 [main] DEBUG org.apache.http.headers - << X-Powered-By: Express
19:48:55.073 [main] DEBUG org.apache.http.headers - << CF-Cache-Status: DYNAMIC
19:48:55.073 [main] DEBUG org.apache.http.headers - << Report-To: {"endpoints":[{"url":"https:\/\/a.nel.cloudflare.com\/report\/v3?s=vWRsGRnFlXpjNfyvgMkJaUtsfDOOFI29ORS7NGPQGpTmxykq%2FJy%2FQPjhjYFvoeDuBre5C9Zhkv5nzHqvkF1GnCVEd9%2B8SbLha96Xnda7sBbLFaWbNuAgu608l6%2BGlDoUEGQQ"}],"group":"cf-nel","max_age":604800}
19:48:55.073 [main] DEBUG org.apache.http.headers - << NEL: {"success_fraction":0,"report_to":"cf-nel","max_age":604800}
19:48:55.073 [main] DEBUG org.apache.http.headers - << Server: cloudflare
19:48:55.073 [main] DEBUG org.apache.http.headers - << CF-RAY: 7b94c8dc5c194bf2-SIN
19:48:55.073 [main] DEBUG org.apache.http.headers - << Content-Encoding: gzip
19:48:55.073 [main] DEBUG org.apache.http.headers - << alt-svc: h3=":443"; ma=86400, h3-29=":443"; ma=86400
19:48:55.073 [main] DEBUG org.apache.http.impl.client.DefaultHttpClient - Connection can be kept alive indefinitely
19:48:55.073 [main] DEBUG io.restassured.internal.RestAssuredHttpBuilder - Parsing response as: application/json; charset=utf-8
19:48:55.073 [main] DEBUG org.apache.http.wire -  << "37f[\r][\n]"
19:48:55.073 [main] DEBUG org.apache.http.wire -  << "[0x1f][0x8b][0x8][0x0][0x0][0x0][0x0][0x0][0x0][0x3][0xb4][0xd6]O[0x8f][0xe3]&[0x14][0x0][0xf0][0xaf]b[0xb1][0xdb][0x1e][0xa2][0x10][0xf1][0x1f][0xdb][0xa7][0xa9][0xa6]Z[0xf5][0xb0][0xb7]=[0xf4]P[0xb5][0x11][0x8d][0xc9][0x84]1[0x86][0x8][0x9c]D[0xd3][0xd1]~[0xf7][0xca][0x9e]d[0x2]N[0xbd][0xda][0xa8][0xed][0xd1]![0xef][0x81]z~[0x8f][0xdf]^[0x81]j[0x9a][0xa0]c[0x4][0xf5]+x[0xd2][0xde][0xfa][0x8d][0xea][0x8d]w[0xc3][0xa3]U=[0xa8][0x1][0xa4]rE1[0xaf][0xc0][0x12]X[0xef][0x9e]@[\r]J[0xbc][0xc2][0xac][0x12][0xe0][0xeb][0x12]lL[0xff][0x2]j[0xd0][0x1a][0xbb][0xf1][0xde]j[0xb0][0x4][0xb1][0xf]Z[0xf]qN[0x9f][0x8a][0xe0]U[0x3][0x96][0xc0][0x1d][0xba]?u[0x0][0xb5][0x14]%Y[0x82][0xbf][0xcc]~[0xe3][0x1b][\r]j[0x80]IE[0x4][0xa4][0xa5]dC.[0xd3][0x80][0x1a]/[0x81][0xee][0x94][0xb1][0xa0][0x6][0xcf]~[0xe7][0x1e][0x9e][0x86][0x87][0xd5][0xc6]w`[0x9][0xe]Q[0x7][0xa7]:}^[0x1b][0x12][0xef]U[0x8c]'[0x1f][0x1a]P[0x83][0x8e][0x96][0xa1][0xfb][0xf4]q[0xd8]m[0xfc][0xcf]+[0xd8][0x9a][0x10][0xfb]$`x[0x1][0xf5][0xfe]K[0xe3][0xf5][0xb0][0xe9]~[0xe7][0xdd]x[0x14][0xc8]%[0x82][0x84][\n]"
19:48:55.073 [main] DEBUG org.apache.http.wire -  << "([0x11][0xa5]`[0x9][0xd6][0xeb]#[0xa8][0xd1][0xd7][0xe5][0xff][0x7][0xf4][0xd9][0x1f]u[0x88][0xc5]g[0x97][\n]"
19:48:55.073 [main] DEBUG org.apache.http.wire -  << "[0x11]![0xbf]-D[0xae]B[0x9d][0xf][0xc1]D?[0xab][0xd4][0xf9][0xb0]&[0x14][0xb3][0x1c][0xaa][0xa4][0x81][0xff][0xb1][0x9e]qj[0xd4][0xd1]49[0xd4]e[0x97][0xff]H[0x8b][0xa1][0x15]eB^[0xb1] E+L1J[0xb4][0x1e][0xf][0xd6]v[0xca][0xa5]X[0x9f][0x82]r[0x1b][0x1d][0x8b][0xc7]>[0xd1]*EjE*.$[0xc4][0x8c][0x93][0x8b][0x15][0xbd]Z[0xb5][0xfa]hf[0xa1][0xc6][0xc5][0xf0]2[0xee][0x98]H[0xb5][0xfa][0x88]HE[0xe5][0xc3][0xc][0xd6][0x18][0x96]c[0x8d]Ir(!![0xaa][0x18][0xc4][0x94][0xf1][0xbb][0xa0][0xf8][\r][0x14][0xb9][0x81][0xfa][0xa2]\[0xf1][0x93][0xeb][0xbd]3>[0xc5][0xfa][0xe5][0xe0][0xfa][0xa1][0xb4][0x1e][0x83][0xd6]m[0xf1]sH[0xc8][0x4][0xe3],E[0xab]JB[0x19][0xc4][0x92][0xbe][0x17][0x18][0xbb][0xa2]5[0xf3][0xb5][0xd5]x[0xa7][0x83][0xcf][0xbd][0xf4]I7[0xde][0xcd]U[0x96][0x9f]R[0xf9]N[0x87][0xdc]J[\n]"
19:48:55.073 [main] DEBUG org.apache.http.wire -  << "[0xe]eYA1[0x1c][0xe7][0xdf][0x15][0x15][0xbb][0xb1][0x8a][0xff]l[0xa5][0x1a][0xd5][0xc5][0xe2]KZV[0x84][0xf1][0x94][0xa8]D[0xb2][0x12][0x10][0x93]+[0x11]O[0x88]t[0xd0][0xed],[0xd2][0xb0][0x98][0x1b]=[0xb7][0xf6]i[0xb1][0xe6]bN[0xe9][0x1c][0x91]8[0xed][0xfd]I[[0x9b]CU\@[0x84]0[0xc4][0xd5][0x9d]E5[0x94][0x90][0x90])[0x14]F+![0xcb]*[0x81][0xd2][0xb6][0xd8][0xab][0x98]![0xed][0x83][0x8f]{[0xbd][0xe9][0x8b][0x98]:a[0xc2][0xf2]^E[0x99][0x80][0x88]qqq[0x12][0x89][0xd3][0xd0]X[0xd6]aV[0xea]m9[0xb7][0xa2]L[0x96][0x8b][0xf][0x9c]}[0xaf][\n]"
19:48:55.073 [main] DEBUG org.apache.http.wire -  << "[0x87][0x18]o[0xb0][0x84],!e[0x1c]V[0xe5][0xc8][0xfe][0xfd]Xx[0xa8][0xaa]1[0xe6][0x8c]E[0xd0]J0[0x9c]Zm[0x83][0x8e].[0xa3][0x8a][0xaa]i[0xac][0x9e]@Q[0x96][0xcd][0xbd]JPYBD[0x18][0xbf]H[0xc9]"
19:48:55.073 [main] DEBUG org.apache.http.wire -  << "[0xa4][0xab][0x9b]`T7[0x7][0x15][0xdd]K[0xa3]'N[B[0xcb][0x1f][0x1f][0x16]s[0xb3][0xef]-a[0xe]uN[0x93]9aBa[0xc5](D\[0xd0][0xfb];U[0xea][0x84]o[0x9c]:[0x1d]U[0xaa]tT[0xd6][0xbe][0x14]G[0xa3]O[0x85]uwI[0x95]W[0xa9][0x93][0xb1][0xf6][0x1b]T;[0xbf]o[0x8d][0x8b][0xb9][0xd5][0xaf]o1\|[0xdc]=[0xcf]x[0x9d][0xd3][0xe6]`[0x97]d[0x99][0x18][0x1b][0xce][0x86]0De[0x85][0xee][0xed]W[0x98]LK[0x8b]O[0xc8][0x8c][0xea]L[0xd6][0xa9][0x8e][0xde]5[0xca][0xea]B[0x1d]uBF[0xf3]nu+V%SP[0xf5]zv[0x8][0xaa]^[0xaf]w[0x93][0x9][0xb8][0xd5][0xcf][0xed][0xc3]b[0xee][0xb6]0[0x84]L[0x98][0x94][0xd5][0xb7]_[0x1f][0xe3][0x2][0xe2][0xea][0xce][0x9e]N[0xd1][0x8a]0Y[0x96][0xf9][0x0][0xe4]l[0xc2][0xb4][0xf5][0xa1]/N[0xea][0xc5]ew+[0xaf][0xda][0xc2][0xaa][0x93][0x9b]Xq[0x92][0xdd][0x18]0"\@[0xc6][0xe9][0xfb][0x8d][0x1][0xa3][0xe4][0x2]j[0xba][0xce][0xcc]r[0xbd][0xad][0xae]'[0xed][0xbd][0xb5][0xda][0xb8][0xc5][0x87][0x1f][0x16]s[0xf7][0xd0]1*7[0x1b]c&[0x9f]"bca1>[0xe][0xb5]3[0xda][0xef][0x3][0x0][0x0][0xff][0xff][0x3][0x0]z[\r][0xe]b[0xae][0xb][0x0][0x0]"
19:48:55.074 [main] DEBUG org.apache.http.wire -  << "[\r][\n]"
19:48:55.074 [main] DEBUG org.apache.http.wire -  << "0[\r][\n]"
19:48:55.074 [main] DEBUG org.apache.http.wire -  << "[\r][\n]"
19:48:55.074 [main] DEBUG io.restassured.internal.RestAssuredHttpBuilder - Parsed data to instance of: class org.apache.http.conn.EofSensorInputStream
19:48:55.075 [main] DEBUG org.apache.http.impl.conn.BasicClientConnectionManager - Releasing connection org.apache.http.impl.conn.ManagedClientConnectionImpl@1d77d9c6
19:48:55.075 [main] DEBUG org.apache.http.impl.conn.BasicClientConnectionManager - Connection can be kept alive indefinitely
19:48:55.079 [Finalizer] DEBUG org.apache.http.impl.conn.DefaultClientConnection - Connection 0.0.0.0:61239<->104.21.3.149:443 closed
19:48:55.079 [Finalizer] DEBUG org.apache.http.impl.conn.DefaultClientConnection - Connection 0.0.0.0:61240<->104.21.3.149:443 closed
19:48:55.079 [Finalizer] DEBUG org.apache.http.impl.conn.DefaultClientConnection - Connection 0.0.0.0:61241<->104.21.3.149:443 closed
19:48:55.079 [Finalizer] DEBUG org.apache.http.impl.conn.DefaultClientConnection - Connection 0.0.0.0:61242<->104.21.3.149:443 closed
19:48:55.079 [Finalizer] DEBUG org.apache.http.impl.conn.DefaultClientConnection - Connection 0.0.0.0:61243<->104.21.3.149:443 closed
19:48:55.080 [Finalizer] DEBUG org.apache.http.impl.conn.DefaultClientConnection - Connection 0.0.0.0:61244<->104.21.3.149:443 closed
  &amp#27;[32mGiven &amp#27;[0m&amp#27;[32mI set GET users endpoint&amp#27;[0m              &amp#27;[90m# starter.stepdefinitions.UserSteps.getUsersEndpoint()&amp#27;[0m
19:48:55.080 [Finalizer] DEBUG org.apache.http.impl.conn.DefaultClientConnection - Connection 0.0.0.0:61222<->104.21.3.149:443 closed
19:48:55.080 [Finalizer] DEBUG org.apache.http.impl.conn.DefaultClientConnection - Connection 0.0.0.0:61223<->104.21.3.149:443 closed
19:48:55.080 [Finalizer] DEBUG org.apache.http.impl.conn.DefaultClientConnection - Connection 0.0.0.0:61224<->104.21.3.149:443 closed
19:48:55.080 [Finalizer] DEBUG org.apache.http.impl.conn.DefaultClientConnection - Connection 0.0.0.0:61225<->104.21.3.149:443 closed
19:48:55.080 [Finalizer] DEBUG org.apache.http.impl.conn.DefaultClientConnection - Connection 0.0.0.0:61226<->104.21.3.149:443 closed
19:48:55.081 [Finalizer] DEBUG org.apache.http.impl.conn.DefaultClientConnection - Connection 0.0.0.0:61228<->104.21.3.149:443 closed
19:48:55.081 [Finalizer] DEBUG org.apache.http.impl.conn.DefaultClientConnection - Connection 0.0.0.0:61232<->104.21.3.149:443 closed
19:48:55.081 [Finalizer] DEBUG org.apache.http.impl.conn.DefaultClientConnection - Connection 0.0.0.0:61233<->104.21.3.149:443 closed
19:48:55.081 [Finalizer] DEBUG org.apache.http.impl.conn.DefaultClientConnection - Connection 0.0.0.0:61235<->104.21.3.149:443 closed
19:48:55.081 [Finalizer] DEBUG org.apache.http.impl.conn.DefaultClientConnection - Connection 0.0.0.0:61236<->104.21.3.149:443 closed
19:48:55.081 [Finalizer] DEBUG org.apache.http.impl.conn.DefaultClientConnection - Connection 0.0.0.0:61237<->104.21.3.149:443 closed
19:48:55.081 [Finalizer] DEBUG org.apache.http.impl.conn.DefaultClientConnection - Connection 0.0.0.0:61238<->104.21.3.149:443 closed
19:48:55.082 [Finalizer] DEBUG org.apache.http.impl.conn.DefaultClientConnection - Connection 0.0.0.0:61229<->104.21.3.149:443 closed
19:48:55.082 [Finalizer] DEBUG org.apache.http.impl.conn.DefaultClientConnection - Connection 0.0.0.0:61231<->104.21.3.149:443 closed
  &amp#27;[32mWhen &amp#27;[0m&amp#27;[32mI send GET HTTP request&amp#27;[0m                &amp#27;[90m# starter.stepdefinitions.UserSteps.getHttpRequest()&amp#27;[0m
  &amp#27;[32mThen &amp#27;[0m&amp#27;[32mthe response status code should be &amp#27;[0m&amp#27;[32m&amp#27;[1m200&amp#27;[0m &amp#27;[90m# starter.stepdefinitions.UserSteps.responseCode(java.lang.Integer)&amp#27;[0m
  &amp#27;[32mAnd &amp#27;[0m&amp#27;[32mthe response should contain users&amp#27;[0m       &amp#27;[90m# starter.stepdefinitions.UserSteps.responseUsers()&amp#27;[0m
19:48:55.089 [main] INFO  - 
  _____   ___   ___   _____     ___     _     ___   ___   ___   ___  
 |_   _| | __| / __| |_   _|   | _ \   /_\   / __| / __| | __| |   \ 
   | |   | _|  \__ \   | |     |  _/  / _ \  \__ \ \__ \ | _|  | |) |
   |_|   |___| |___/   |_|     |_|   /_/ \_\ |___/ |___/ |___| |___/ 

Retrieve all users
----------------------------------------------------------------------
]]></system-out>
  </testcase>
  <testcase name="Retrieve a single users" classname="RestFull API Test" time="3.665">
    <system-out><![CDATA[
Scenario: Retrieve a single users                 &amp#27;[90m# src/test/resources/api/user.feature:180&amp#27;[0m
19:48:55.094 [main] INFO io.cucumber.core.plugin.SerenityReporter - Running feature from file:///D:/KULIAH/kmrdeka/Weekly2/src/test/resources/api/user.feature
19:48:55.094 [main] WARN io.cucumber.core.plugin.SerenityReporter - Feature from file:///D:/KULIAH/kmrdeka/Weekly2/src/test/resources/api/user.feature is not under the 'features' directory. Requirements report will not be correctly generated!
19:48:55.095 [main] INFO  - 
  _____   ___   ___   _____     ___   _____     _     ___   _____   ___   ___  
 |_   _| | __| / __| |_   _|   / __| |_   _|   /_\   | _ \ |_   _| | __| |   \ 
   | |   | _|  \__ \   | |     \__ \   | |    / _ \  |   /   | |   | _|  | |) |
   |_|   |___| |___/   |_|     |___/   |_|   /_/ \_\ |_|_\   |_|   |___| |___/ 

Retrieve a single users(restfull-api-test;retrieve-a-single-users)
--------------------------------------------------------------------------------
19:48:55.105 [main] DEBUG org.apache.http.impl.conn.BasicClientConnectionManager - Get connection for route {s}->https://fakestoreapi.com:443
19:48:55.105 [main] DEBUG org.apache.http.impl.conn.DefaultClientConnectionOperator - Connecting to fakestoreapi.com:443
19:48:55.179 [main] DEBUG org.apache.http.client.protocol.RequestAddCookies - CookieSpec selected: ignoreCookies
19:48:55.179 [main] DEBUG org.apache.http.client.protocol.RequestAuthCache - Auth cache not set in the context
19:48:55.179 [main] DEBUG org.apache.http.client.protocol.RequestTargetAuthentication - Target auth state: UNCHALLENGED
19:48:55.179 [main] DEBUG org.apache.http.client.protocol.RequestProxyAuthentication - Proxy auth state: UNCHALLENGED
19:48:55.179 [main] DEBUG org.apache.http.impl.client.DefaultHttpClient - Attempt 1 to execute request
19:48:55.179 [main] DEBUG org.apache.http.impl.conn.DefaultClientConnection - Sending request: GET /users/1 HTTP/1.1
19:48:55.179 [main] DEBUG org.apache.http.wire -  >> "GET /users/1 HTTP/1.1[\r][\n]"
19:48:55.179 [main] DEBUG org.apache.http.wire -  >> "Accept: */*[\r][\n]"
19:48:55.179 [main] DEBUG org.apache.http.wire -  >> "Host: fakestoreapi.com[\r][\n]"
19:48:55.179 [main] DEBUG org.apache.http.wire -  >> "Connection: Keep-Alive[\r][\n]"
19:48:55.179 [main] DEBUG org.apache.http.wire -  >> "User-Agent: Apache-HttpClient/4.5.13 (Java/19.0.2)[\r][\n]"
19:48:55.179 [main] DEBUG org.apache.http.wire -  >> "Accept-Encoding: gzip,deflate[\r][\n]"
19:48:55.179 [main] DEBUG org.apache.http.wire -  >> "[\r][\n]"
19:48:55.179 [main] DEBUG org.apache.http.headers - >> GET /users/1 HTTP/1.1
19:48:55.179 [main] DEBUG org.apache.http.headers - >> Accept: */*
19:48:55.179 [main] DEBUG org.apache.http.headers - >> Host: fakestoreapi.com
19:48:55.179 [main] DEBUG org.apache.http.headers - >> Connection: Keep-Alive
19:48:55.179 [main] DEBUG org.apache.http.headers - >> User-Agent: Apache-HttpClient/4.5.13 (Java/19.0.2)
19:48:55.180 [main] DEBUG org.apache.http.headers - >> Accept-Encoding: gzip,deflate
19:48:58.739 [main] DEBUG org.apache.http.wire -  << "HTTP/1.1 200 OK[\r][\n]"
19:48:58.739 [main] DEBUG org.apache.http.wire -  << "Date: Mon, 17 Apr 2023 12:48:57 GMT[\r][\n]"
19:48:58.739 [main] DEBUG org.apache.http.wire -  << "Content-Type: application/json; charset=utf-8[\r][\n]"
19:48:58.739 [main] DEBUG org.apache.http.wire -  << "Transfer-Encoding: chunked[\r][\n]"
19:48:58.739 [main] DEBUG org.apache.http.wire -  << "Connection: keep-alive[\r][\n]"
19:48:58.739 [main] DEBUG org.apache.http.wire -  << "Access-Control-Allow-Origin: *[\r][\n]"
19:48:58.739 [main] DEBUG org.apache.http.wire -  << "Etag: W/"120-HNMhv14aQeBJetA9fBvavCZ+gdk"[\r][\n]"
19:48:58.739 [main] DEBUG org.apache.http.wire -  << "X-Powered-By: Express[\r][\n]"
19:48:58.739 [main] DEBUG org.apache.http.wire -  << "CF-Cache-Status: DYNAMIC[\r][\n]"
19:48:58.739 [main] DEBUG org.apache.http.wire -  << "Report-To: {"endpoints":[{"url":"https:\/\/a.nel.cloudflare.com\/report\/v3?s=nJGcfuWI3s90nMrR9nkpufsdBYANI6tY9jg2Xd3DMZjNLN8mG10wuK6txt%2FoiRQHu0mzNUzR0n6Exl6lYzVcSAb2KUZ7DjCTbvUG0Fixz1Nyocnt9e3CEehjxFiBg1W0J5LS"}],"group":"cf-nel","max_age":604800}[\r][\n]"
19:48:58.739 [main] DEBUG org.apache.http.wire -  << "NEL: {"success_fraction":0,"report_to":"cf-nel","max_age":604800}[\r][\n]"
19:48:58.739 [main] DEBUG org.apache.http.wire -  << "Server: cloudflare[\r][\n]"
19:48:58.739 [main] DEBUG org.apache.http.wire -  << "CF-RAY: 7b94c8f43bf76bab-SIN[\r][\n]"
19:48:58.739 [main] DEBUG org.apache.http.wire -  << "Content-Encoding: gzip[\r][\n]"
19:48:58.739 [main] DEBUG org.apache.http.wire -  << "alt-svc: h3=":443"; ma=86400, h3-29=":443"; ma=86400[\r][\n]"
19:48:58.739 [main] DEBUG org.apache.http.wire -  << "[\r][\n]"
19:48:58.739 [main] DEBUG org.apache.http.impl.conn.DefaultClientConnection - Receiving response: HTTP/1.1 200 OK
19:48:58.739 [main] DEBUG org.apache.http.headers - << HTTP/1.1 200 OK
19:48:58.739 [main] DEBUG org.apache.http.headers - << Date: Mon, 17 Apr 2023 12:48:57 GMT
19:48:58.739 [main] DEBUG org.apache.http.headers - << Content-Type: application/json; charset=utf-8
19:48:58.739 [main] DEBUG org.apache.http.headers - << Transfer-Encoding: chunked
19:48:58.739 [main] DEBUG org.apache.http.headers - << Connection: keep-alive
19:48:58.739 [main] DEBUG org.apache.http.headers - << Access-Control-Allow-Origin: *
19:48:58.739 [main] DEBUG org.apache.http.headers - << Etag: W/"120-HNMhv14aQeBJetA9fBvavCZ+gdk"
19:48:58.739 [main] DEBUG org.apache.http.headers - << X-Powered-By: Express
19:48:58.739 [main] DEBUG org.apache.http.headers - << CF-Cache-Status: DYNAMIC
19:48:58.739 [main] DEBUG org.apache.http.headers - << Report-To: {"endpoints":[{"url":"https:\/\/a.nel.cloudflare.com\/report\/v3?s=nJGcfuWI3s90nMrR9nkpufsdBYANI6tY9jg2Xd3DMZjNLN8mG10wuK6txt%2FoiRQHu0mzNUzR0n6Exl6lYzVcSAb2KUZ7DjCTbvUG0Fixz1Nyocnt9e3CEehjxFiBg1W0J5LS"}],"group":"cf-nel","max_age":604800}
19:48:58.739 [main] DEBUG org.apache.http.headers - << NEL: {"success_fraction":0,"report_to":"cf-nel","max_age":604800}
19:48:58.739 [main] DEBUG org.apache.http.headers - << Server: cloudflare
19:48:58.739 [main] DEBUG org.apache.http.headers - << CF-RAY: 7b94c8f43bf76bab-SIN
19:48:58.739 [main] DEBUG org.apache.http.headers - << Content-Encoding: gzip
19:48:58.739 [main] DEBUG org.apache.http.headers - << alt-svc: h3=":443"; ma=86400, h3-29=":443"; ma=86400
19:48:58.739 [main] DEBUG org.apache.http.impl.client.DefaultHttpClient - Connection can be kept alive indefinitely
19:48:58.740 [main] DEBUG io.restassured.internal.RestAssuredHttpBuilder - Parsing response as: application/json; charset=utf-8
19:48:58.740 [main] DEBUG org.apache.http.wire -  << "e3[\r][\n]"
19:48:58.740 [main] DEBUG org.apache.http.wire -  << "[0x1f][0x8b][0x8][0x0][0x0][0x0][0x0][0x0][0x0][0x3]LO[0xcb]N[0xc3]0[0x10][0xfc][0x15]4[0xe2][0xe8]DI[0xdc][0xc6][0x89]O=[0xf1][0x1b][0x95][0x89][0x97][0xd4]`{#[0xdb][0xa5][0x82][0xa8][0xff][0x8e]\![0xc4]qvv^;[0x8c][0xb5][0x89]r[0x86][0xde][0xb1][0x12]{^Lq[0x1c]+[0xf4][0xa6]@[0xa3][0x91][0xaa][0x95][0xfd]q[0x86][0x80][0xe7][0xb8]Bc[0xea][0xdb][0xfe]0[0x8f][0xb8][0xb],[0xae]|A[0xe3][0xc3][0xf9][0x85][0xd9][0x13][0x4]rIDU[0x17][0xe9][0xf6][0x94][0xd8]X[0x8][0xc4]kx[0xa5][0x4][0xad][0xc6]i[0x10][0xf8]v[0xdb][0xc2][0x96][0xa0][0xd1][0xf][0xf3]06rR[0x87][0xea][0xe5],t/@[0xc1]8[0xf][0x8d]w[0xbe][0xc4][0xd3]ZA[0xbb]p[0x80][0xc0]5S[0x8a]&[0xd0]/W[0x8d]7[0x93][0xf3][0x8d][0x93][0x85]F[0x90]S[\n]"
19:48:58.740 [main] DEBUG org.apache.http.wire -  << "/[0xcf]5[0xed][0xf1][0xb3][0xe3][0xcd][0xa5]\[0xfe][0x9][0xea][0x0][0xf3]w[0xb1]L5t[0xbb]p|Ti[0x8e][0xaa]k[0x6]96[0xaa][0x93][0x12][0x2][0xe7][0xf3]'tw[0xff][0x1][0x0][0x0][0xff][0xff][0x3][0x0][0xee][0xd7][0xb6][0xa6] [0x1][0x0][0x0]"
19:48:58.740 [main] DEBUG org.apache.http.wire -  << "[\r][\n]"
19:48:58.740 [main] DEBUG org.apache.http.wire -  << "0[\r][\n]"
19:48:58.740 [main] DEBUG org.apache.http.wire -  << "[\r][\n]"
19:48:58.740 [main] DEBUG io.restassured.internal.RestAssuredHttpBuilder - Parsed data to instance of: class org.apache.http.conn.EofSensorInputStream
19:48:58.741 [main] DEBUG org.apache.http.impl.conn.BasicClientConnectionManager - Releasing connection org.apache.http.impl.conn.ManagedClientConnectionImpl@118f39f3
19:48:58.741 [main] DEBUG org.apache.http.impl.conn.BasicClientConnectionManager - Connection can be kept alive indefinitely
  &amp#27;[32mGiven &amp#27;[0m&amp#27;[32mI set GET users endpoint with id &amp#27;[0m&amp#27;[32m&amp#27;[1m1&amp#27;[0m        &amp#27;[90m# starter.stepdefinitions.UserSteps.setUsersWithId(java.lang.Integer)&amp#27;[0m
  &amp#27;[32mWhen &amp#27;[0m&amp#27;[32mI send GET HTTP request&amp#27;[0m                    &amp#27;[90m# starter.stepdefinitions.UserSteps.getHttpRequest()&amp#27;[0m
  &amp#27;[32mThen &amp#27;[0m&amp#27;[32mthe response status code should be &amp#27;[0m&amp#27;[32m&amp#27;[1m200&amp#27;[0m     &amp#27;[90m# starter.stepdefinitions.UserSteps.responseCode(java.lang.Integer)&amp#27;[0m
  &amp#27;[32mAnd &amp#27;[0m&amp#27;[32mthe response should contain users with id &amp#27;[0m&amp#27;[32m&amp#27;[1m1&amp#27;[0m &amp#27;[90m# starter.stepdefinitions.UserSteps.responseUsersWithId(java.lang.Integer)&amp#27;[0m
19:48:58.754 [main] INFO  - 
  _____   ___   ___   _____     ___     _     ___   ___   ___   ___  
 |_   _| | __| / __| |_   _|   | _ \   /_\   / __| / __| | __| |   \ 
   | |   | _|  \__ \   | |     |  _/  / _ \  \__ \ \__ \ | _|  | |) |
   |_|   |___| |___/   |_|     |_|   /_/ \_\ |___/ |___/ |___| |___/ 

Retrieve a single users
----------------------------------------------------------------------
]]></system-out>
  </testcase>
  <testcase name="Retrieve a non-existent users" classname="RestFull API Test" time="3.537">
    <system-out><![CDATA[
Scenario: Retrieve a non-existent users       &amp#27;[90m# src/test/resources/api/user.feature:186&amp#27;[0m
19:48:58.758 [main] INFO io.cucumber.core.plugin.SerenityReporter - Running feature from file:///D:/KULIAH/kmrdeka/Weekly2/src/test/resources/api/user.feature
19:48:58.758 [main] WARN io.cucumber.core.plugin.SerenityReporter - Feature from file:///D:/KULIAH/kmrdeka/Weekly2/src/test/resources/api/user.feature is not under the 'features' directory. Requirements report will not be correctly generated!
19:48:58.760 [main] INFO  - 
  _____   ___   ___   _____     ___   _____     _     ___   _____   ___   ___  
 |_   _| | __| / __| |_   _|   / __| |_   _|   /_\   | _ \ |_   _| | __| |   \ 
   | |   | _|  \__ \   | |     \__ \   | |    / _ \  |   /   | |   | _|  | |) |
   |_|   |___| |___/   |_|     |___/   |_|   /_/ \_\ |_|_\   |_|   |___| |___/ 

Retrieve a non-existent users(restfull-api-test;retrieve-a-non-existent-users)
--------------------------------------------------------------------------------
19:48:58.770 [main] DEBUG org.apache.http.impl.conn.BasicClientConnectionManager - Get connection for route {s}->https://fakestoreapi.com:443
19:48:58.770 [main] DEBUG org.apache.http.impl.conn.DefaultClientConnectionOperator - Connecting to fakestoreapi.com:443
19:48:58.844 [main] DEBUG org.apache.http.client.protocol.RequestAddCookies - CookieSpec selected: ignoreCookies
19:48:58.844 [main] DEBUG org.apache.http.client.protocol.RequestAuthCache - Auth cache not set in the context
19:48:58.844 [main] DEBUG org.apache.http.client.protocol.RequestTargetAuthentication - Target auth state: UNCHALLENGED
19:48:58.844 [main] DEBUG org.apache.http.client.protocol.RequestProxyAuthentication - Proxy auth state: UNCHALLENGED
19:48:58.844 [main] DEBUG org.apache.http.impl.client.DefaultHttpClient - Attempt 1 to execute request
19:48:58.844 [main] DEBUG org.apache.http.impl.conn.DefaultClientConnection - Sending request: GET /users/0 HTTP/1.1
19:48:58.845 [main] DEBUG org.apache.http.wire -  >> "GET /users/0 HTTP/1.1[\r][\n]"
19:48:58.845 [main] DEBUG org.apache.http.wire -  >> "Accept: */*[\r][\n]"
19:48:58.845 [main] DEBUG org.apache.http.wire -  >> "Host: fakestoreapi.com[\r][\n]"
19:48:58.845 [main] DEBUG org.apache.http.wire -  >> "Connection: Keep-Alive[\r][\n]"
19:48:58.845 [main] DEBUG org.apache.http.wire -  >> "User-Agent: Apache-HttpClient/4.5.13 (Java/19.0.2)[\r][\n]"
19:48:58.845 [main] DEBUG org.apache.http.wire -  >> "Accept-Encoding: gzip,deflate[\r][\n]"
19:48:58.845 [main] DEBUG org.apache.http.wire -  >> "[\r][\n]"
19:48:58.845 [main] DEBUG org.apache.http.headers - >> GET /users/0 HTTP/1.1
19:48:58.845 [main] DEBUG org.apache.http.headers - >> Accept: */*
19:48:58.845 [main] DEBUG org.apache.http.headers - >> Host: fakestoreapi.com
19:48:58.845 [main] DEBUG org.apache.http.headers - >> Connection: Keep-Alive
19:48:58.845 [main] DEBUG org.apache.http.headers - >> User-Agent: Apache-HttpClient/4.5.13 (Java/19.0.2)
19:48:58.845 [main] DEBUG org.apache.http.headers - >> Accept-Encoding: gzip,deflate
19:49:02.284 [main] DEBUG org.apache.http.wire -  << "HTTP/1.1 200 OK[\r][\n]"
19:49:02.285 [main] DEBUG org.apache.http.wire -  << "Date: Mon, 17 Apr 2023 12:49:01 GMT[\r][\n]"
19:49:02.285 [main] DEBUG org.apache.http.wire -  << "Content-Type: application/json; charset=utf-8[\r][\n]"
19:49:02.285 [main] DEBUG org.apache.http.wire -  << "Content-Length: 4[\r][\n]"
19:49:02.285 [main] DEBUG org.apache.http.wire -  << "Connection: keep-alive[\r][\n]"
19:49:02.285 [main] DEBUG org.apache.http.wire -  << "Access-Control-Allow-Origin: *[\r][\n]"
19:49:02.285 [main] DEBUG org.apache.http.wire -  << "Etag: W/"4-K+iMpCQsduglOsYkdIUQZQMtaDM"[\r][\n]"
19:49:02.285 [main] DEBUG org.apache.http.wire -  << "X-Powered-By: Express[\r][\n]"
19:49:02.285 [main] DEBUG org.apache.http.wire -  << "CF-Cache-Status: DYNAMIC[\r][\n]"
19:49:02.285 [main] DEBUG org.apache.http.wire -  << "Report-To: {"endpoints":[{"url":"https:\/\/a.nel.cloudflare.com\/report\/v3?s=RAr7jLrma1WGFCW6XaHuYLouiifrKAIRRltPvddF5pPCgPQE6BRXttJR1hwsGeevudwEDFtpZfqUPgbl3UDhh%2Fm8W%2FF4TD9f1bJiaPL8%2FvR7NPHP6%2BK0RUOHAaV1tL9t8BTY"}],"group":"cf-nel","max_age":604800}[\r][\n]"
19:49:02.285 [main] DEBUG org.apache.http.wire -  << "NEL: {"success_fraction":0,"report_to":"cf-nel","max_age":604800}[\r][\n]"
19:49:02.285 [main] DEBUG org.apache.http.wire -  << "Server: cloudflare[\r][\n]"
19:49:02.285 [main] DEBUG org.apache.http.wire -  << "CF-RAY: 7b94c90b2e134c29-SIN[\r][\n]"
19:49:02.285 [main] DEBUG org.apache.http.wire -  << "alt-svc: h3=":443"; ma=86400, h3-29=":443"; ma=86400[\r][\n]"
19:49:02.285 [main] DEBUG org.apache.http.wire -  << "[\r][\n]"
19:49:02.285 [main] DEBUG org.apache.http.impl.conn.DefaultClientConnection - Receiving response: HTTP/1.1 200 OK
19:49:02.285 [main] DEBUG org.apache.http.headers - << HTTP/1.1 200 OK
19:49:02.285 [main] DEBUG org.apache.http.headers - << Date: Mon, 17 Apr 2023 12:49:01 GMT
19:49:02.285 [main] DEBUG org.apache.http.headers - << Content-Type: application/json; charset=utf-8
19:49:02.285 [main] DEBUG org.apache.http.headers - << Content-Length: 4
19:49:02.285 [main] DEBUG org.apache.http.headers - << Connection: keep-alive
19:49:02.285 [main] DEBUG org.apache.http.headers - << Access-Control-Allow-Origin: *
19:49:02.285 [main] DEBUG org.apache.http.headers - << Etag: W/"4-K+iMpCQsduglOsYkdIUQZQMtaDM"
19:49:02.285 [main] DEBUG org.apache.http.headers - << X-Powered-By: Express
19:49:02.285 [main] DEBUG org.apache.http.headers - << CF-Cache-Status: DYNAMIC
19:49:02.285 [main] DEBUG org.apache.http.headers - << Report-To: {"endpoints":[{"url":"https:\/\/a.nel.cloudflare.com\/report\/v3?s=RAr7jLrma1WGFCW6XaHuYLouiifrKAIRRltPvddF5pPCgPQE6BRXttJR1hwsGeevudwEDFtpZfqUPgbl3UDhh%2Fm8W%2FF4TD9f1bJiaPL8%2FvR7NPHP6%2BK0RUOHAaV1tL9t8BTY"}],"group":"cf-nel","max_age":604800}
19:49:02.285 [main] DEBUG org.apache.http.headers - << NEL: {"success_fraction":0,"report_to":"cf-nel","max_age":604800}
19:49:02.285 [main] DEBUG org.apache.http.headers - << Server: cloudflare
19:49:02.285 [main] DEBUG org.apache.http.headers - << CF-RAY: 7b94c90b2e134c29-SIN
19:49:02.285 [main] DEBUG org.apache.http.headers - << alt-svc: h3=":443"; ma=86400, h3-29=":443"; ma=86400
19:49:02.285 [main] DEBUG org.apache.http.impl.client.DefaultHttpClient - Connection can be kept alive indefinitely
19:49:02.285 [main] DEBUG io.restassured.internal.RestAssuredHttpBuilder - Parsing response as: application/json; charset=utf-8
19:49:02.285 [main] DEBUG io.restassured.internal.RestAssuredHttpBuilder - Parsed data to instance of: class org.apache.http.conn.EofSensorInputStream
19:49:02.286 [main] DEBUG org.apache.http.wire -  << "null"
19:49:02.286 [main] DEBUG org.apache.http.impl.conn.BasicClientConnectionManager - Releasing connection org.apache.http.impl.conn.ManagedClientConnectionImpl@43fdef43
19:49:02.286 [main] DEBUG org.apache.http.impl.conn.BasicClientConnectionManager - Connection can be kept alive indefinitely
  &amp#27;[32mGiven &amp#27;[0m&amp#27;[32mI set GET users endpoint with id &amp#27;[0m&amp#27;[32m&amp#27;[1m0&amp#27;[0m    &amp#27;[90m# starter.stepdefinitions.UserSteps.setUsersWithId(java.lang.Integer)&amp#27;[0m
  &amp#27;[32mWhen &amp#27;[0m&amp#27;[32mI send GET HTTP request&amp#27;[0m                &amp#27;[90m# starter.stepdefinitions.UserSteps.getHttpRequest()&amp#27;[0m
  &amp#27;[32mThen &amp#27;[0m&amp#27;[32mthe response status code should be &amp#27;[0m&amp#27;[32m&amp#27;[1m200&amp#27;[0m &amp#27;[90m# starter.stepdefinitions.UserSteps.responseCode(java.lang.Integer)&amp#27;[0m
19:49:02.291 [main] INFO  - 
  _____   ___   ___   _____     ___     _     ___   ___   ___   ___  
 |_   _| | __| / __| |_   _|   | _ \   /_\   / __| / __| | __| |   \ 
   | |   | _|  \__ \   | |     |  _/  / _ \  \__ \ \__ \ | _|  | |) |
   |_|   |___| |___/   |_|     |_|   /_/ \_\ |___/ |___/ |___| |___/ 

Retrieve a non-existent users
----------------------------------------------------------------------
]]></system-out>
  </testcase>
  <testcase name="Get users with limit 5" classname="RestFull API Test" time="3.798">
    <system-out><![CDATA[
Scenario: Get users with limit 5                     &amp#27;[90m# src/test/resources/api/user.feature:191&amp#27;[0m
19:49:02.295 [main] INFO io.cucumber.core.plugin.SerenityReporter - Running feature from file:///D:/KULIAH/kmrdeka/Weekly2/src/test/resources/api/user.feature
19:49:02.295 [main] WARN io.cucumber.core.plugin.SerenityReporter - Feature from file:///D:/KULIAH/kmrdeka/Weekly2/src/test/resources/api/user.feature is not under the 'features' directory. Requirements report will not be correctly generated!
19:49:02.296 [main] INFO  - 
  _____   ___   ___   _____     ___   _____     _     ___   _____   ___   ___  
 |_   _| | __| / __| |_   _|   / __| |_   _|   /_\   | _ \ |_   _| | __| |   \ 
   | |   | _|  \__ \   | |     \__ \   | |    / _ \  |   /   | |   | _|  | |) |
   |_|   |___| |___/   |_|     |___/   |_|   /_/ \_\ |_|_\   |_|   |___| |___/ 

Get users with limit 5(restfull-api-test;get-users-with-limit-5)
--------------------------------------------------------------------------------
19:49:02.305 [main] DEBUG org.apache.http.impl.conn.BasicClientConnectionManager - Get connection for route {s}->https://fakestoreapi.com:443
19:49:02.306 [main] DEBUG org.apache.http.impl.conn.DefaultClientConnectionOperator - Connecting to fakestoreapi.com:443
19:49:02.407 [main] DEBUG org.apache.http.client.protocol.RequestAddCookies - CookieSpec selected: ignoreCookies
19:49:02.407 [main] DEBUG org.apache.http.client.protocol.RequestAuthCache - Auth cache not set in the context
19:49:02.407 [main] DEBUG org.apache.http.client.protocol.RequestTargetAuthentication - Target auth state: UNCHALLENGED
19:49:02.407 [main] DEBUG org.apache.http.client.protocol.RequestProxyAuthentication - Proxy auth state: UNCHALLENGED
19:49:02.407 [main] DEBUG org.apache.http.impl.client.DefaultHttpClient - Attempt 1 to execute request
19:49:02.407 [main] DEBUG org.apache.http.impl.conn.DefaultClientConnection - Sending request: GET /users?limit=5 HTTP/1.1
19:49:02.407 [main] DEBUG org.apache.http.wire -  >> "GET /users?limit=5 HTTP/1.1[\r][\n]"
19:49:02.407 [main] DEBUG org.apache.http.wire -  >> "Accept: */*[\r][\n]"
19:49:02.407 [main] DEBUG org.apache.http.wire -  >> "Host: fakestoreapi.com[\r][\n]"
19:49:02.407 [main] DEBUG org.apache.http.wire -  >> "Connection: Keep-Alive[\r][\n]"
19:49:02.407 [main] DEBUG org.apache.http.wire -  >> "User-Agent: Apache-HttpClient/4.5.13 (Java/19.0.2)[\r][\n]"
19:49:02.407 [main] DEBUG org.apache.http.wire -  >> "Accept-Encoding: gzip,deflate[\r][\n]"
19:49:02.407 [main] DEBUG org.apache.http.wire -  >> "[\r][\n]"
19:49:02.407 [main] DEBUG org.apache.http.headers - >> GET /users?limit=5 HTTP/1.1
19:49:02.407 [main] DEBUG org.apache.http.headers - >> Accept: */*
19:49:02.407 [main] DEBUG org.apache.http.headers - >> Host: fakestoreapi.com
19:49:02.407 [main] DEBUG org.apache.http.headers - >> Connection: Keep-Alive
19:49:02.407 [main] DEBUG org.apache.http.headers - >> User-Agent: Apache-HttpClient/4.5.13 (Java/19.0.2)
19:49:02.407 [main] DEBUG org.apache.http.headers - >> Accept-Encoding: gzip,deflate
19:49:06.080 [main] DEBUG org.apache.http.wire -  << "HTTP/1.1 200 OK[\r][\n]"
19:49:06.080 [main] DEBUG org.apache.http.wire -  << "Date: Mon, 17 Apr 2023 12:49:05 GMT[\r][\n]"
19:49:06.080 [main] DEBUG org.apache.http.wire -  << "Content-Type: application/json; charset=utf-8[\r][\n]"
19:49:06.080 [main] DEBUG org.apache.http.wire -  << "Transfer-Encoding: chunked[\r][\n]"
19:49:06.080 [main] DEBUG org.apache.http.wire -  << "Connection: keep-alive[\r][\n]"
19:49:06.080 [main] DEBUG org.apache.http.wire -  << "Access-Control-Allow-Origin: *[\r][\n]"
19:49:06.080 [main] DEBUG org.apache.http.wire -  << "Etag: W/"5ce-+0GJhAfCK2NBgUwTph+dnA6PeEY"[\r][\n]"
19:49:06.080 [main] DEBUG org.apache.http.wire -  << "X-Powered-By: Express[\r][\n]"
19:49:06.080 [main] DEBUG org.apache.http.wire -  << "CF-Cache-Status: DYNAMIC[\r][\n]"
19:49:06.080 [main] DEBUG org.apache.http.wire -  << "Report-To: {"endpoints":[{"url":"https:\/\/a.nel.cloudflare.com\/report\/v3?s=1NbtwlTF2uJ1kr0Vt0Q1c8ChTA4dxD8N69ckpBtKlQRLzO960gcbjUpJ6pCt01e8DSlPQ7TIi70pE8RwfjLSJ8EHzyp%2FZ6YeK16JvFYeHHSC1lnyhu%2BhNSE0vv0VyykF0Bxa"}],"group":"cf-nel","max_age":604800}[\r][\n]"
19:49:06.080 [main] DEBUG org.apache.http.wire -  << "NEL: {"success_fraction":0,"report_to":"cf-nel","max_age":604800}[\r][\n]"
19:49:06.080 [main] DEBUG org.apache.http.wire -  << "Server: cloudflare[\r][\n]"
19:49:06.080 [main] DEBUG org.apache.http.wire -  << "CF-RAY: 7b94c9216b973fdc-SIN[\r][\n]"
19:49:06.080 [main] DEBUG org.apache.http.wire -  << "Content-Encoding: gzip[\r][\n]"
19:49:06.080 [main] DEBUG org.apache.http.wire -  << "alt-svc: h3=":443"; ma=86400, h3-29=":443"; ma=86400[\r][\n]"
19:49:06.080 [main] DEBUG org.apache.http.wire -  << "[\r][\n]"
19:49:06.080 [main] DEBUG org.apache.http.impl.conn.DefaultClientConnection - Receiving response: HTTP/1.1 200 OK
19:49:06.080 [main] DEBUG org.apache.http.headers - << HTTP/1.1 200 OK
19:49:06.080 [main] DEBUG org.apache.http.headers - << Date: Mon, 17 Apr 2023 12:49:05 GMT
19:49:06.080 [main] DEBUG org.apache.http.headers - << Content-Type: application/json; charset=utf-8
19:49:06.080 [main] DEBUG org.apache.http.headers - << Transfer-Encoding: chunked
19:49:06.080 [main] DEBUG org.apache.http.headers - << Connection: keep-alive
19:49:06.080 [main] DEBUG org.apache.http.headers - << Access-Control-Allow-Origin: *
19:49:06.080 [main] DEBUG org.apache.http.headers - << Etag: W/"5ce-+0GJhAfCK2NBgUwTph+dnA6PeEY"
19:49:06.080 [main] DEBUG org.apache.http.headers - << X-Powered-By: Express
19:49:06.080 [main] DEBUG org.apache.http.headers - << CF-Cache-Status: DYNAMIC
19:49:06.080 [main] DEBUG org.apache.http.headers - << Report-To: {"endpoints":[{"url":"https:\/\/a.nel.cloudflare.com\/report\/v3?s=1NbtwlTF2uJ1kr0Vt0Q1c8ChTA4dxD8N69ckpBtKlQRLzO960gcbjUpJ6pCt01e8DSlPQ7TIi70pE8RwfjLSJ8EHzyp%2FZ6YeK16JvFYeHHSC1lnyhu%2BhNSE0vv0VyykF0Bxa"}],"group":"cf-nel","max_age":604800}
19:49:06.080 [main] DEBUG org.apache.http.headers - << NEL: {"success_fraction":0,"report_to":"cf-nel","max_age":604800}
19:49:06.080 [main] DEBUG org.apache.http.headers - << Server: cloudflare
19:49:06.080 [main] DEBUG org.apache.http.headers - << CF-RAY: 7b94c9216b973fdc-SIN
19:49:06.080 [main] DEBUG org.apache.http.headers - << Content-Encoding: gzip
19:49:06.080 [main] DEBUG org.apache.http.headers - << alt-svc: h3=":443"; ma=86400, h3-29=":443"; ma=86400
19:49:06.080 [main] DEBUG org.apache.http.impl.client.DefaultHttpClient - Connection can be kept alive indefinitely
19:49:06.080 [main] DEBUG io.restassured.internal.RestAssuredHttpBuilder - Parsing response as: application/json; charset=utf-8
19:49:06.080 [main] DEBUG org.apache.http.wire -  << "20d[\r][\n]"
19:49:06.080 [main] DEBUG org.apache.http.wire -  << "[0x1f][0x8b][0x8][0x0][0x0][0x0][0x0][0x0][0x0][0x3][0xb4][0xd2]Mo[0xd3]@[0x10][0x6][0xe0][0xbf][0x12][0x8d]8!o[0xe4][0xfd][0xb6]}*[\n]"
19:49:06.080 [main] DEBUG org.apache.http.wire -  << "[0xaa]8[0xf4][0xd6]#[0x82]h[0xeb][0x1d]R7[0xf6]N[0xb4]v[0x12][0x95][0xaa][0xff][0x1d]9j[0x9b]5[0xc1]H[0x8]8[0xae][0xc7]3[0xb3][0xfb][0xe8][0xfd][0xfc][0x4][0xce][0xfb][0x88]}[0xf][0xd5][0x13]l[0x90]Z[0xaa][0xdd][0xd0]P[0x18][0x8f][0xad][0x1b][0xa0][0x2]&[0xed]Rr]B[0x6]-[0x85][\r]TP[0xf0]%W[0xa5][0x81][0xe7][0xc][0xea]fx[0x84][\n]"
19:49:06.080 [main] DEBUG org.apache.http.wire -  << "[0xb6]M[[0x13][0xb5][0x8][0x19][0xf4]CD[0x1c][0xfb][0x2][0x1e][0x17][0x91][0x9c][0x87][0xc][0xc2][0xbe][0xbb][0xc3][0x8][0x95]5[0x85][0xc8][0xe0]{[0xb3][0xab][0xc9]#T[0xc0]E)[0xc][0x93][0x85]U[0xe3][0xac][0xc6]C[0xc5]3[0xc0][0xce]5-T[0xf0]@[0xf7][0xe1]j3[0x1e][0x96]5u[0x90][0xc1][0xbe][0xc7][0x18]\[0x87]/[0xb5]q[0xf0][0xce][0xf5][0xfd][0x91][0xa2][0x87][\n]"
19:49:06.080 [main] DEBUG org.apache.http.wire -  << ":Y[0xc4][0xee][0xfa][0xdd][0xb8][0xed][0xf4][0xcf][0x13]|kb?$[\r][0xe3][0x3][0xdc][0xdb][0x17]O8.[0xdd][0xdd]S8][0x85]i[0x9b]3![\r][0xb3][0xb9][0x94][0x90][0xc1]z}[0x80]*[0xce][0xfe][0x1f][0xd0][\r][0x1d]0[0xf6][0x8b][0x9b][0x90][\n]"
19:49:06.080 [main] DEBUG org.apache.http.wire -  << "[0x9]c/$[0xce]B[0x1d][0xc5][0xd8][0xf4]4[0xab][0xd4]Q\[0xb][0xc9][0xd5][0x14][0xaa][0x90]Q][0xcf]8ywh[0xfc][0x14][0xea]u[0xcb]?[0xd2]R[0xf9]R*c[0xcf]XL[0xe6]K.y[0x9e]h[0xad][0xf6]m[0xdb][0xb9][0x90]b]G[0x17]j[0xec][0x17][0xab]![0xd1]*Lj%Jm,[0xe3]J[0x8b]W+y[0xb6][0xda][0xe2][0xa1][0x99][0x85]:[0x15][0xe3][0xe3]ic"[0xb5][0xc5]C.Ji[0xaf]f[0xb0]NmS[0xac][0xd3][0x90])[0x94][0xb1],/[0x15][0xe3]R[0xe9]?[0x82][0xd2][0x17]P[0xe2][0x2][0xea][0xd6][0x85][0xc5][0x87]0Ph([0xc5][0xfa][0xb4][0xf][0xc3][0x18][0xad]UD[0xdc].>[0xc6][0x84][0xcc]([0xad]R[0xb4][0xb2][0x10]R1n[0xe5][[0xc0][0xd4][0x19][0xcd][0xcf]g[0xcb]S[0xc0]HS/<[0xa2][0xa7]0[0x97],[0xfa][0x99][0x8a]:[0x8c]S+k4[0xb3]E[0xc9][0xcc]x[0x9d][0xbf][0xb][0x95][0xba][0xb0][0xea]m[0xe5][0xbc][0xeb][0xfa][0xc5]m[0x1a]+[0xa1]tJT[0xe4][0xb6]4[0x8c][0x8b]3[0x91]N[0x88]0[0xe2]v[0x16]i,N[0x8d][0x1e][0xb6][0xed][0xe6][0xfd]Z[0x9b]9[0xa5][0x97][0x8e][0xc4]iGGl[0xdb])T[0xa9][\r][0xcb]s[0xce]x[0x99][0x86][0xea][0xcb][0xf][0x0][0x0][0x0][0xff][0xff][0x3][0x0][0xfa]L[0xa2][0x82][0xce][0x5][0x0][0x0]"
19:49:06.080 [main] DEBUG org.apache.http.wire -  << "[\r][\n]"
19:49:06.080 [main] DEBUG org.apache.http.wire -  << "0[\r][\n]"
19:49:06.080 [main] DEBUG org.apache.http.wire -  << "[\r][\n]"
19:49:06.080 [main] DEBUG io.restassured.internal.RestAssuredHttpBuilder - Parsed data to instance of: class org.apache.http.conn.EofSensorInputStream
19:49:06.081 [main] DEBUG org.apache.http.impl.conn.BasicClientConnectionManager - Releasing connection org.apache.http.impl.conn.ManagedClientConnectionImpl@3507200d
19:49:06.081 [main] DEBUG org.apache.http.impl.conn.BasicClientConnectionManager - Connection can be kept alive indefinitely
  &amp#27;[32mGiven &amp#27;[0m&amp#27;[32mI set GET users endpoint with limit &amp#27;[0m&amp#27;[32m&amp#27;[1m5&amp#27;[0m        &amp#27;[90m# starter.stepdefinitions.UserSteps.setUsersWithLimit(java.lang.Integer)&amp#27;[0m
  &amp#27;[32mWhen &amp#27;[0m&amp#27;[32mthe response status code should be &amp#27;[0m&amp#27;[32m&amp#27;[1m200&amp#27;[0m        &amp#27;[90m# starter.stepdefinitions.UserSteps.responseCode(java.lang.Integer)&amp#27;[0m
  &amp#27;[32mThen &amp#27;[0m&amp#27;[32mthe response should contain a list of &amp#27;[0m&amp#27;[32m&amp#27;[1m5&amp#27;[0m&amp#27;[32m users&amp#27;[0m &amp#27;[90m# starter.stepdefinitions.UserSteps.checkUsersList(int)&amp#27;[0m
19:49:06.089 [main] INFO  - 
  _____   ___   ___   _____     ___     _     ___   ___   ___   ___  
 |_   _| | __| / __| |_   _|   | _ \   /_\   / __| / __| | __| |   \ 
   | |   | _|  \__ \   | |     |  _/  / _ \  \__ \ \__ \ | _|  | |) |
   |_|   |___| |___/   |_|     |_|   /_/ \_\ |___/ |___/ |___| |___/ 

Get users with limit 5
----------------------------------------------------------------------
]]></system-out>
  </testcase>
  <testcase name="Get users with limit 50" classname="RestFull API Test" time="3.614">
    <system-out><![CDATA[
Scenario: Get users with limit 50                     &amp#27;[90m# src/test/resources/api/user.feature:196&amp#27;[0m
19:49:06.094 [main] INFO io.cucumber.core.plugin.SerenityReporter - Running feature from file:///D:/KULIAH/kmrdeka/Weekly2/src/test/resources/api/user.feature
19:49:06.094 [main] WARN io.cucumber.core.plugin.SerenityReporter - Feature from file:///D:/KULIAH/kmrdeka/Weekly2/src/test/resources/api/user.feature is not under the 'features' directory. Requirements report will not be correctly generated!
19:49:06.095 [main] INFO  - 
  _____   ___   ___   _____     ___   _____     _     ___   _____   ___   ___  
 |_   _| | __| / __| |_   _|   / __| |_   _|   /_\   | _ \ |_   _| | __| |   \ 
   | |   | _|  \__ \   | |     \__ \   | |    / _ \  |   /   | |   | _|  | |) |
   |_|   |___| |___/   |_|     |___/   |_|   /_/ \_\ |_|_\   |_|   |___| |___/ 

Get users with limit 50(restfull-api-test;get-users-with-limit-50)
--------------------------------------------------------------------------------
19:49:06.105 [main] DEBUG org.apache.http.impl.conn.BasicClientConnectionManager - Get connection for route {s}->https://fakestoreapi.com:443
19:49:06.105 [main] DEBUG org.apache.http.impl.conn.DefaultClientConnectionOperator - Connecting to fakestoreapi.com:443
19:49:06.179 [main] DEBUG org.apache.http.client.protocol.RequestAddCookies - CookieSpec selected: ignoreCookies
19:49:06.179 [main] DEBUG org.apache.http.client.protocol.RequestAuthCache - Auth cache not set in the context
19:49:06.179 [main] DEBUG org.apache.http.client.protocol.RequestTargetAuthentication - Target auth state: UNCHALLENGED
19:49:06.179 [main] DEBUG org.apache.http.client.protocol.RequestProxyAuthentication - Proxy auth state: UNCHALLENGED
19:49:06.179 [main] DEBUG org.apache.http.impl.client.DefaultHttpClient - Attempt 1 to execute request
19:49:06.179 [main] DEBUG org.apache.http.impl.conn.DefaultClientConnection - Sending request: GET /users?limit=50 HTTP/1.1
19:49:06.179 [main] DEBUG org.apache.http.wire -  >> "GET /users?limit=50 HTTP/1.1[\r][\n]"
19:49:06.179 [main] DEBUG org.apache.http.wire -  >> "Accept: */*[\r][\n]"
19:49:06.179 [main] DEBUG org.apache.http.wire -  >> "Host: fakestoreapi.com[\r][\n]"
19:49:06.179 [main] DEBUG org.apache.http.wire -  >> "Connection: Keep-Alive[\r][\n]"
19:49:06.179 [main] DEBUG org.apache.http.wire -  >> "User-Agent: Apache-HttpClient/4.5.13 (Java/19.0.2)[\r][\n]"
19:49:06.179 [main] DEBUG org.apache.http.wire -  >> "Accept-Encoding: gzip,deflate[\r][\n]"
19:49:06.179 [main] DEBUG org.apache.http.wire -  >> "[\r][\n]"
19:49:06.179 [main] DEBUG org.apache.http.headers - >> GET /users?limit=50 HTTP/1.1
19:49:06.179 [main] DEBUG org.apache.http.headers - >> Accept: */*
19:49:06.179 [main] DEBUG org.apache.http.headers - >> Host: fakestoreapi.com
19:49:06.179 [main] DEBUG org.apache.http.headers - >> Connection: Keep-Alive
19:49:06.179 [main] DEBUG org.apache.http.headers - >> User-Agent: Apache-HttpClient/4.5.13 (Java/19.0.2)
19:49:06.179 [main] DEBUG org.apache.http.headers - >> Accept-Encoding: gzip,deflate
19:49:09.693 [main] DEBUG org.apache.http.wire -  << "HTTP/1.1 200 OK[\r][\n]"
19:49:09.693 [main] DEBUG org.apache.http.wire -  << "Date: Mon, 17 Apr 2023 12:49:08 GMT[\r][\n]"
19:49:09.693 [main] DEBUG org.apache.http.wire -  << "Content-Type: application/json; charset=utf-8[\r][\n]"
19:49:09.693 [main] DEBUG org.apache.http.wire -  << "Transfer-Encoding: chunked[\r][\n]"
19:49:09.693 [main] DEBUG org.apache.http.wire -  << "Connection: keep-alive[\r][\n]"
19:49:09.693 [main] DEBUG org.apache.http.wire -  << "Access-Control-Allow-Origin: *[\r][\n]"
19:49:09.693 [main] DEBUG org.apache.http.wire -  << "Etag: W/"bae-Vi0JNVg0EAD6LcGk4v18ASK0bgA"[\r][\n]"
19:49:09.693 [main] DEBUG org.apache.http.wire -  << "X-Powered-By: Express[\r][\n]"
19:49:09.693 [main] DEBUG org.apache.http.wire -  << "CF-Cache-Status: DYNAMIC[\r][\n]"
19:49:09.693 [main] DEBUG org.apache.http.wire -  << "Report-To: {"endpoints":[{"url":"https:\/\/a.nel.cloudflare.com\/report\/v3?s=UJMkavhKRj4MPrjfdL%2BXNCOLiQSyw635NaTh5DWs6tMnuWxfbCzOGL0bh4CMi1UX28LZmOfrmFbsByRQ%2F%2FACfi4V9cKC7boL2OGQCO032ZH9jh%2BSZnh9AjtlR4r%2BnVW2hkuJ"}],"group":"cf-nel","max_age":604800}[\r][\n]"
19:49:09.693 [main] DEBUG org.apache.http.wire -  << "NEL: {"success_fraction":0,"report_to":"cf-nel","max_age":604800}[\r][\n]"
19:49:09.693 [main] DEBUG org.apache.http.wire -  << "Server: cloudflare[\r][\n]"
19:49:09.693 [main] DEBUG org.apache.http.wire -  << "CF-RAY: 7b94c938fd0189be-SIN[\r][\n]"
19:49:09.693 [main] DEBUG org.apache.http.wire -  << "Content-Encoding: gzip[\r][\n]"
19:49:09.693 [main] DEBUG org.apache.http.wire -  << "alt-svc: h3=":443"; ma=86400, h3-29=":443"; ma=86400[\r][\n]"
19:49:09.693 [main] DEBUG org.apache.http.wire -  << "[\r][\n]"
19:49:09.693 [main] DEBUG org.apache.http.impl.conn.DefaultClientConnection - Receiving response: HTTP/1.1 200 OK
19:49:09.693 [main] DEBUG org.apache.http.headers - << HTTP/1.1 200 OK
19:49:09.693 [main] DEBUG org.apache.http.headers - << Date: Mon, 17 Apr 2023 12:49:08 GMT
19:49:09.693 [main] DEBUG org.apache.http.headers - << Content-Type: application/json; charset=utf-8
19:49:09.693 [main] DEBUG org.apache.http.headers - << Transfer-Encoding: chunked
19:49:09.693 [main] DEBUG org.apache.http.headers - << Connection: keep-alive
19:49:09.693 [main] DEBUG org.apache.http.headers - << Access-Control-Allow-Origin: *
19:49:09.693 [main] DEBUG org.apache.http.headers - << Etag: W/"bae-Vi0JNVg0EAD6LcGk4v18ASK0bgA"
19:49:09.693 [main] DEBUG org.apache.http.headers - << X-Powered-By: Express
19:49:09.693 [main] DEBUG org.apache.http.headers - << CF-Cache-Status: DYNAMIC
19:49:09.693 [main] DEBUG org.apache.http.headers - << Report-To: {"endpoints":[{"url":"https:\/\/a.nel.cloudflare.com\/report\/v3?s=UJMkavhKRj4MPrjfdL%2BXNCOLiQSyw635NaTh5DWs6tMnuWxfbCzOGL0bh4CMi1UX28LZmOfrmFbsByRQ%2F%2FACfi4V9cKC7boL2OGQCO032ZH9jh%2BSZnh9AjtlR4r%2BnVW2hkuJ"}],"group":"cf-nel","max_age":604800}
19:49:09.693 [main] DEBUG org.apache.http.headers - << NEL: {"success_fraction":0,"report_to":"cf-nel","max_age":604800}
19:49:09.693 [main] DEBUG org.apache.http.headers - << Server: cloudflare
19:49:09.693 [main] DEBUG org.apache.http.headers - << CF-RAY: 7b94c938fd0189be-SIN
19:49:09.693 [main] DEBUG org.apache.http.headers - << Content-Encoding: gzip
19:49:09.693 [main] DEBUG org.apache.http.headers - << alt-svc: h3=":443"; ma=86400, h3-29=":443"; ma=86400
19:49:09.694 [main] DEBUG org.apache.http.impl.client.DefaultHttpClient - Connection can be kept alive indefinitely
19:49:09.694 [main] DEBUG io.restassured.internal.RestAssuredHttpBuilder - Parsing response as: application/json; charset=utf-8
19:49:09.694 [main] DEBUG org.apache.http.wire -  << "375[\r][\n]"
19:49:09.694 [main] DEBUG org.apache.http.wire -  << "[0x1f][0x8b][0x8][0x0][0x0][0x0][0x0][0x0][0x0][0x3][0xb4][0xd6]O[0x8f][0xe3]&[0x14][0x0][0xf0][0xaf]b[0xb1][0xdb][0x1e][0xa2][0x10][0xf1][0x1f][0xdb][0xa7][0xa9][0xa6]Z[0xf5][0xb0][0xb7]=[0xf4]P[0xb5][0x11][0x8d][0xc9][0x84]1[0x86][0x8][0x9c]D[0xd3][0xd1]~[0xf7][0xca][0x9e]d[0x2]N[0xbd][0xda][0xa8][0xed][0xd1]![0xef][0x81]z~[0x8f][0xdf]^[0x81]j[0x9a][0xa0]c[0x4][0xf5]+x[0xd2][0xde][0xfa][0x8d][0xea][0x8d]w[0xc3][0xa3]U=[0xa8][0x1][0xa4]rE1[0xaf][0xc0][0x12]X[0xef][0x9e]@[\r]J[0xbc][0xc2][0xac][0x12][0xe0][0xeb][0x12]lL[0xff][0x2]j[0xd0][0x1a][0xbb][0xf1][0xde]j[0xb0][0x4][0xb1][0xf]Z[0xf]qN[0x9f][0x8a][0xe0]U[0x3][0x96][0xc0][0x1d][0xba]?u[0x0][0xb5][0x14]%Y[0x82][0xbf][0xcc]~[0xe3][0x1b][\r]j[0x80]IE[0x4][0xa4][0xa5]dC.[0xd3][0x80][0x1a]/[0x81][0xee][0x94][0xb1][0xa0][0x6][0xcf]~[0xe7][0x1e][0x9e][0x86][0x87][0xd5][0xc6]w`[0x9][0xe]Q[0x7][0xa7]:}^[0x1b][0x12][0xef]U[0x8c]'[0x1f][0x1a]P[0x83][0x8e][0x96][0xa1][0xfb][0xf4]q[0xd8]m[0xfc][0xcf]+[0xd8][0x9a][0x10][0xfb]$`x[0x1][0xf5][0xfe]K[0xe3][0xf5][0xb0][0xe9]~[0xe7][0xdd]x[0x14][0xc8]%[0x82][0x84][\n]"
19:49:09.694 [main] DEBUG org.apache.http.wire -  << "([0x11][0xa5]`[0x9][0xd6][0xeb]#[0xa8][0xd1][0xd7][0xe5][0xff][0x7][0xf4][0xd9][0x1f]u[0x88][0xc5]g[0x97][\n]"
19:49:09.694 [main] DEBUG org.apache.http.wire -  << "[0x11]![0xbf]-D[0xae]B[0x9d][0xf][0xc1]D?[0xab][0xd4][0xf9][0xb0]&[0x14][0xb3][0x1c][0xaa][0xa4][0x81][0xff][0xb1][0x9e]qj[0xd4][0xd1]49[0xd4]e[0x97][0xff]H[0x8b][0xa1][0x15]eB^[0xb1] E+L1J[0xb4][0x1e][0xf][0xd6]v[0xca][0xa5]X[0x9f][0x82]r[0x1b][0x1d][0x8b][0xc7]>[0xd1]*EjE*.$[0xc4][0x8c][0x93][0x8b][0x15][0xbd]Z[0xb5][0xfa]hf[0xa1][0xc6][0xc5][0xf0]2[0xee][0x98]H[0xb5][0xfa][0x88]HE[0xe5][0xc3][0xc][0xd6][0x18][0x96]c[0x8d]Ir(!![0xaa][0x18][0xc4][0x94][0xf1][0xbb][0xa0][0xf8][\r][0x14][0xb9][0x81][0xfa][0xa2]\[0xf1][0x93][0xeb][0xbd]3>[0xc5][0xfa][0xe5][0xe0][0xfa][0xa1][0xb4][0x1e][0x83][0xd6]m[0xf1]sH[0xc8][0x4][0xe3],E[0xab]JB[0x19][0xc4][0x92][0xbe][0x17][0x18][0xbb][0xa2]5[0xf3][0xb5][0xd5]x[0xa7][0x83][0xcf][0xbd][0xf4]I7[0xde][0xcd]U[0x96][0x9f]R[0xf9]N[0x87][0xdc]J[\n]"
19:49:09.694 [main] DEBUG org.apache.http.wire -  << "[0xe]eYA1[0x1c][0xe7][0xdf][0x15][0x15][0xbb][0xb1][0x8a][0xff]l[0xa5][0x1a][0xd5][0xc5][0xe2]KZV[0x84][0xf1][0x94][0xa8]D[0xb2][0x12][0x10][0x93]+[0x11]O[0x88]t[0xd0][0xed],[0xd2][0xb0][0x98][0x1b]=[0xb7][0xf6]i[0xb1][0xe6]bN[0xe9][0x1c][0x91]8[0xed][0xfd]I[[0x9b]CU\@[0x84]0[0xc4][0xd5][0x9d]E5[0x94][0x90][0x90])[0x14]F+![0xcb]*[0x81][0xd2][0xb6][0xd8][0xab][0x98]![0xed][0x83][0x8f]{[0xbd][0xe9][0x8b][0x98]:a[0xc2][0xf2]^E[0x99][0x80][0x88]qqq[0x12][0x89][0xd3][0xd0]X[0xd6]aV[0xea]m9[0xb7][0xa2]L[0x96][0x8b][0xf][0x9c]}[0xaf][\n]"
19:49:09.694 [main] DEBUG org.apache.http.wire -  << "[0x87][0x18]o[0xb0][0x84],!e[0x1c]V[0xe5][0xc8][0xfe][0xfd]Xx[0xa8][0xaa]1[0xe6][0x8c]E[0xd0]J0[0x9c]Zm[0x83][0x8e].[0xa3][0x8a][0xaa]i[0xac][0x9e]@Q[0x96][0xcd][0xbd]JPYBD[0x18][0xbf]"
19:49:09.694 [main] DEBUG org.apache.http.wire -  << "H[0xc9][0xa4][0xab][0x9b]`T7[0x7][0x15][0xdd]K[0xa3]'N[B[0xcb][0x1f][0x1f][0x16]s[0xb3][0xef]-a[0xe]uN[0x93]9aBa[0xc5](D\[0xd0][0xfb];U[0xea][0x84]o[0x9c]:[0x1d]U[0xaa]tT[0xd6][0xbe][0x14]G[0xa3]O[0x85]uwI[0x95]W[0xa9][0x93][0xb1][0xf6][0x1b]T;[0xbf]o[0x8d][0x8b][0xb9][0xd5][0xaf]o1\|[0xdc]=[0xcf]x[0x9d][0xd3][0xe6]`[0x97]d[0x99][0x18][0x1b][0xce][0x86]0De[0x85][0xee][0xed]W[0x98]LK[0x8b]O[0xc8][0x8c][0xea]L[0xd6][0xa9][0x8e][0xde]5[0xca][0xea]B[0x1d]uBF[0xf3]nu+V%SP[0xf5]zv[0x8][0xaa]^[0xaf]w[0x93][0x9][0xb8][0xd5][0xcf][0xed][0xc3]b[0xee][0xb6]0[0x84]L[0x98][0x94][0xd5][0xb7]_[0x1f][0xe3][0x2][0xe2][0xea][0xce][0x9e]N[0xd1][0x8a]0Y[0x96][0xf9][0x0][0xe4]l[0xc2][0xb4][0xf5][0xa1]/N[0xea][0xc5]ew+[0xaf][0xda][0xc2][0xaa][0x93][0x9b]Xq[0x92][0xdd][0x18]0"\@[0xc6][0xe9][0xfb][0x8d][0x1][0xa3][0xe4][0x2]j[0xba][0xce][0xcc]r[0xbd][0xad][0xae]'[0xed][0xbd][0xb5][0xda][0xb8][0xc5][0x87][0x1f][0x16]s[0xf7][0xd0]1*7[0x1b]c&[0x9f]"bca1>[0xe][0xb5]3[0xda][0xef][0x3][0x0][0x0][0xff][0xff]"
19:49:09.694 [main] DEBUG org.apache.http.wire -  << "[\r][\n]"
19:49:09.694 [main] DEBUG org.apache.http.wire -  << "a[\r][\n]"
19:49:09.694 [main] DEBUG org.apache.http.wire -  << "[0x3][0x0]z[\r][0xe]b[0xae][0xb][0x0][0x0]"
19:49:09.694 [main] DEBUG org.apache.http.wire -  << "[\r][\n]"
19:49:09.694 [main] DEBUG org.apache.http.wire -  << "0[\r][\n]"
19:49:09.694 [main] DEBUG org.apache.http.wire -  << "[\r][\n]"
19:49:09.694 [main] DEBUG io.restassured.internal.RestAssuredHttpBuilder - Parsed data to instance of: class org.apache.http.conn.EofSensorInputStream
19:49:09.695 [main] DEBUG org.apache.http.impl.conn.BasicClientConnectionManager - Releasing connection org.apache.http.impl.conn.ManagedClientConnectionImpl@259ae1a9
19:49:09.695 [main] DEBUG org.apache.http.impl.conn.BasicClientConnectionManager - Connection can be kept alive indefinitely
  &amp#27;[32mGiven &amp#27;[0m&amp#27;[32mI set GET users endpoint with limit &amp#27;[0m&amp#27;[32m&amp#27;[1m50&amp#27;[0m        &amp#27;[90m# starter.stepdefinitions.UserSteps.setUsersWithLimit(java.lang.Integer)&amp#27;[0m
  &amp#27;[32mWhen &amp#27;[0m&amp#27;[32mthe response status code should be &amp#27;[0m&amp#27;[32m&amp#27;[1m200&amp#27;[0m         &amp#27;[90m# starter.stepdefinitions.UserSteps.responseCode(java.lang.Integer)&amp#27;[0m
  &amp#27;[32mThen &amp#27;[0m&amp#27;[32mthe response should contain a list of &amp#27;[0m&amp#27;[32m&amp#27;[1m10&amp#27;[0m&amp#27;[32m users&amp#27;[0m &amp#27;[90m# starter.stepdefinitions.UserSteps.checkUsersList(int)&amp#27;[0m
19:49:09.704 [main] INFO  - 
  _____   ___   ___   _____     ___     _     ___   ___   ___   ___  
 |_   _| | __| / __| |_   _|   | _ \   /_\   / __| / __| | __| |   \ 
   | |   | _|  \__ \   | |     |  _/  / _ \  \__ \ \__ \ | _|  | |) |
   |_|   |___| |___/   |_|     |_|   /_/ \_\ |___/ |___/ |___| |___/ 

Get users with limit 50
----------------------------------------------------------------------
]]></system-out>
  </testcase>
  <testcase name="Get sorted users list" classname="RestFull API Test" time="3.516">
    <system-out><![CDATA[
Scenario: Get sorted users list                        &amp#27;[90m# src/test/resources/api/user.feature:201&amp#27;[0m
19:49:09.708 [main] INFO io.cucumber.core.plugin.SerenityReporter - Running feature from file:///D:/KULIAH/kmrdeka/Weekly2/src/test/resources/api/user.feature
19:49:09.708 [main] WARN io.cucumber.core.plugin.SerenityReporter - Feature from file:///D:/KULIAH/kmrdeka/Weekly2/src/test/resources/api/user.feature is not under the 'features' directory. Requirements report will not be correctly generated!
19:49:09.709 [main] INFO  - 
  _____   ___   ___   _____     ___   _____     _     ___   _____   ___   ___  
 |_   _| | __| / __| |_   _|   / __| |_   _|   /_\   | _ \ |_   _| | __| |   \ 
   | |   | _|  \__ \   | |     \__ \   | |    / _ \  |   /   | |   | _|  | |) |
   |_|   |___| |___/   |_|     |___/   |_|   /_/ \_\ |_|_\   |_|   |___| |___/ 

Get sorted users list(restfull-api-test;get-sorted-users-list)
--------------------------------------------------------------------------------
19:49:09.718 [main] DEBUG org.apache.http.impl.conn.BasicClientConnectionManager - Get connection for route {s}->https://fakestoreapi.com:443
19:49:09.719 [main] DEBUG org.apache.http.impl.conn.DefaultClientConnectionOperator - Connecting to fakestoreapi.com:443
19:49:09.795 [main] DEBUG org.apache.http.client.protocol.RequestAddCookies - CookieSpec selected: ignoreCookies
19:49:09.795 [main] DEBUG org.apache.http.client.protocol.RequestAuthCache - Auth cache not set in the context
19:49:09.795 [main] DEBUG org.apache.http.client.protocol.RequestTargetAuthentication - Target auth state: UNCHALLENGED
19:49:09.795 [main] DEBUG org.apache.http.client.protocol.RequestProxyAuthentication - Proxy auth state: UNCHALLENGED
19:49:09.795 [main] DEBUG org.apache.http.impl.client.DefaultHttpClient - Attempt 1 to execute request
19:49:09.795 [main] DEBUG org.apache.http.impl.conn.DefaultClientConnection - Sending request: GET /users?sort=desc HTTP/1.1
19:49:09.795 [main] DEBUG org.apache.http.wire -  >> "GET /users?sort=desc HTTP/1.1[\r][\n]"
19:49:09.795 [main] DEBUG org.apache.http.wire -  >> "Accept: */*[\r][\n]"
19:49:09.795 [main] DEBUG org.apache.http.wire -  >> "Host: fakestoreapi.com[\r][\n]"
19:49:09.795 [main] DEBUG org.apache.http.wire -  >> "Connection: Keep-Alive[\r][\n]"
19:49:09.795 [main] DEBUG org.apache.http.wire -  >> "User-Agent: Apache-HttpClient/4.5.13 (Java/19.0.2)[\r][\n]"
19:49:09.795 [main] DEBUG org.apache.http.wire -  >> "Accept-Encoding: gzip,deflate[\r][\n]"
19:49:09.795 [main] DEBUG org.apache.http.wire -  >> "[\r][\n]"
19:49:09.795 [main] DEBUG org.apache.http.headers - >> GET /users?sort=desc HTTP/1.1
19:49:09.795 [main] DEBUG org.apache.http.headers - >> Accept: */*
19:49:09.795 [main] DEBUG org.apache.http.headers - >> Host: fakestoreapi.com
19:49:09.795 [main] DEBUG org.apache.http.headers - >> Connection: Keep-Alive
19:49:09.795 [main] DEBUG org.apache.http.headers - >> User-Agent: Apache-HttpClient/4.5.13 (Java/19.0.2)
19:49:09.795 [main] DEBUG org.apache.http.headers - >> Accept-Encoding: gzip,deflate
19:49:13.213 [main] DEBUG org.apache.http.wire -  << "HTTP/1.1 200 OK[\r][\n]"
19:49:13.213 [main] DEBUG org.apache.http.wire -  << "Date: Mon, 17 Apr 2023 12:49:12 GMT[\r][\n]"
19:49:13.213 [main] DEBUG org.apache.http.wire -  << "Content-Type: application/json; charset=utf-8[\r][\n]"
19:49:13.213 [main] DEBUG org.apache.http.wire -  << "Transfer-Encoding: chunked[\r][\n]"
19:49:13.213 [main] DEBUG org.apache.http.wire -  << "Connection: keep-alive[\r][\n]"
19:49:13.213 [main] DEBUG org.apache.http.wire -  << "Access-Control-Allow-Origin: *[\r][\n]"
19:49:13.213 [main] DEBUG org.apache.http.wire -  << "Etag: W/"bae-RmXgfZyGPwU9Dh6EKhIQkuNoVzY"[\r][\n]"
19:49:13.213 [main] DEBUG org.apache.http.wire -  << "X-Powered-By: Express[\r][\n]"
19:49:13.213 [main] DEBUG org.apache.http.wire -  << "CF-Cache-Status: DYNAMIC[\r][\n]"
19:49:13.213 [main] DEBUG org.apache.http.wire -  << "Report-To: {"endpoints":[{"url":"https:\/\/a.nel.cloudflare.com\/report\/v3?s=LDEIYfyIjTT%2BrVCUe65DXSc4I%2B4B2r%2BWqqvKkli1YkNI3Tj4XhQNCVhFz66oB61RFpaX93HpdqQDWjvPpWKModJpqG4ufEn220UqXSSInxBbcOhGMxEXM4WROQjcfk7Iwt4x"}],"group":"cf-nel","max_age":604800}[\r][\n]"
19:49:13.213 [main] DEBUG org.apache.http.wire -  << "NEL: {"success_fraction":0,"report_to":"cf-nel","max_age":604800}[\r][\n]"
19:49:13.213 [main] DEBUG org.apache.http.wire -  << "Server: cloudflare[\r][\n]"
19:49:13.213 [main] DEBUG org.apache.http.wire -  << "CF-RAY: 7b94c94f9e7e9e3e-SIN[\r][\n]"
19:49:13.213 [main] DEBUG org.apache.http.wire -  << "Content-Encoding: gzip[\r][\n]"
19:49:13.213 [main] DEBUG org.apache.http.wire -  << "alt-svc: h3=":443"; ma=86400, h3-29=":443"; ma=86400[\r][\n]"
19:49:13.213 [main] DEBUG org.apache.http.wire -  << "[\r][\n]"
19:49:13.213 [main] DEBUG org.apache.http.impl.conn.DefaultClientConnection - Receiving response: HTTP/1.1 200 OK
19:49:13.213 [main] DEBUG org.apache.http.headers - << HTTP/1.1 200 OK
19:49:13.213 [main] DEBUG org.apache.http.headers - << Date: Mon, 17 Apr 2023 12:49:12 GMT
19:49:13.213 [main] DEBUG org.apache.http.headers - << Content-Type: application/json; charset=utf-8
19:49:13.213 [main] DEBUG org.apache.http.headers - << Transfer-Encoding: chunked
19:49:13.213 [main] DEBUG org.apache.http.headers - << Connection: keep-alive
19:49:13.213 [main] DEBUG org.apache.http.headers - << Access-Control-Allow-Origin: *
19:49:13.213 [main] DEBUG org.apache.http.headers - << Etag: W/"bae-RmXgfZyGPwU9Dh6EKhIQkuNoVzY"
19:49:13.213 [main] DEBUG org.apache.http.headers - << X-Powered-By: Express
19:49:13.213 [main] DEBUG org.apache.http.headers - << CF-Cache-Status: DYNAMIC
19:49:13.213 [main] DEBUG org.apache.http.headers - << Report-To: {"endpoints":[{"url":"https:\/\/a.nel.cloudflare.com\/report\/v3?s=LDEIYfyIjTT%2BrVCUe65DXSc4I%2B4B2r%2BWqqvKkli1YkNI3Tj4XhQNCVhFz66oB61RFpaX93HpdqQDWjvPpWKModJpqG4ufEn220UqXSSInxBbcOhGMxEXM4WROQjcfk7Iwt4x"}],"group":"cf-nel","max_age":604800}
19:49:13.213 [main] DEBUG org.apache.http.headers - << NEL: {"success_fraction":0,"report_to":"cf-nel","max_age":604800}
19:49:13.213 [main] DEBUG org.apache.http.headers - << Server: cloudflare
19:49:13.213 [main] DEBUG org.apache.http.headers - << CF-RAY: 7b94c94f9e7e9e3e-SIN
19:49:13.213 [main] DEBUG org.apache.http.headers - << Content-Encoding: gzip
19:49:13.213 [main] DEBUG org.apache.http.headers - << alt-svc: h3=":443"; ma=86400, h3-29=":443"; ma=86400
19:49:13.213 [main] DEBUG org.apache.http.impl.client.DefaultHttpClient - Connection can be kept alive indefinitely
19:49:13.213 [main] DEBUG io.restassured.internal.RestAssuredHttpBuilder - Parsing response as: application/json; charset=utf-8
19:49:13.213 [main] DEBUG org.apache.http.wire -  << "37f[\r][\n]"
19:49:13.213 [main] DEBUG org.apache.http.wire -  << "[0x1f][0x8b][0x8][0x0][0x0][0x0][0x0][0x0][0x0][0x3][0xbc][0xd6]O[0x8f][0xe3]&[0x14][0x0][0xf0][0xaf]b[0xb1][0xdb][0x1e][0xa2][0x10][0xf1][0x1f][0xdb][0xa7][0xa9][0xa6]Z[0xf5][0xb0][0xb7]=[0xf4]P[0xb5][0x11][0x8d][0xc9][0x84][0x9][0x86][0x8][0x9c]D[0xe9]h[0xbf]{[0x85]73[0x81]d=[0xdd]\z[0xb4][0x9f][0x1f][0xc6]??[0x1e][0xfc][0xf1][0x2]T[0xd7][0x5][0x1d]#h_[0xc0][0x93][0xf6][0xd6][0xaf][0xd4]`[0xbc]K[0x97]V[\r][0xa0][0x5][0x14]-[0x8][0x93]u[\r][0xe6][0xc0]z[0xf7][0x4]Z[0x0][0x9]Zp[0xc6][0x19]n[0xc0][0xd7]9X[0x99][0xe1][0x4]Z[0xb0][0xf6]a[0xa8][0x8e][0xea][0xe4]4[0x98][0x83]8[0x4][0xad]S[0xb2]W[0xdb][0xca][0xaa][0xa3][0xab][0xd4]![0xdd]w[0xfb][0xfe]o[0x1d]@[0xcb][0x89][0x98][0x83][0xcc]n[0xe5];[\r]Z[0x80][0x11][0xe1][0x2]2NI[0x1a][0xd0]t[0xa0][0xc5]h[0xe]t[0xaf][0x8c][0x5]-x6}o[0xf4][0xc3]S[0xba]\[0xac]|[0xf][0xe6]`[0x1f]up[0xaa][0xd7]o[0xd1][0xe5][0x16][0xcc][0xc1]N[0xc5]x[0xf4][0xa1][0x3]-[0xd8]Zm[0xdc][0xec][0xc3]O[0xb3][0xf4][0xd2][0xf1][0xc1][0x17][0xb0]6![0xe]EV[0xfa]$[0xf5]vo[0xcc]I[0x13][0xd8]m[0xbc][0x1b][0xa7][0x5]1b[0x10]![0xc][0x19][0x17][0x12][0xcc][0xc1]ry[0x0]-[0xfa]:[0xff]o4[0x86][0x16][0x98]0..h[0xa3]Y![0xd6][0x1b][0xd5][0x9b][0x1c]K[0x1d][0xbc][0xeb][0x94][0xd5]WX[0x94][0xf1][0x1c][0xab][0x11]T[0xd6][0x10][0x11][0xc6]_[0xb1][0x9a][0x8b][0xd5]V[\r][0x93]R)[0xb6][0xdc]\9[0xad][0xf5][0xf3][0xf6]a[0xb6][0x9c]`J)%[0xd2]FY][0x1a][0x9]Y'[0x1f][0x88][0x1b][0xca][0xee]2[0xe2]hA[0xb]"[0x8c][0x16][0xe2][0x8a]HG[0x95][0xb][0x1d][0x94][0xb5][0xa7][0xea]`[0xf4][0xb1][0xb2].#[0xc2][0x94][0x91][0xf7][0x8d][0xea][0x8b][0xd1][0xd1]XkT?[0xc5][0xb4][0xf1][0xbb][0xad]q[0xb1]t[0xfa][0xfd][[0xe][0x17][0x1f]7[0xcf][0x13]V[0xe7]a[0xaf][0xb8][0xce][0x83][0x15]b,[0xcd][\r]a[0x88][0xea][0x6][0xdd]%[0x86][0xaf][0xc5][0xc8][0x8d][0xd8]:[0xe8][0xe8]|n[0x16]U[0xd7]Y][0xc5][0xe1]./y[0xf1][0xea]Mx[0x87]+[0xba]S[0xa7]C[0xa9][0xb5]&[0xb4][0xfe][0xf9]a[0xf6]qB[0xea][0xdb][0x80]%[0xd4]y[0x98]r[0xf5][0x11][\n]"
19:49:13.213 [main] DEBUG org.apache.http.wire -  << "[0x1b]F![0xe2][0x82][0xde][0xe5]D[0xd0][0x2][0xb])[0xb3][0x8e][0x95]JK[0xd6]9[0x94][0xb6][0xd5]N[0xc5]Bj[0x17]|[0xdc][0xe9][0xd5]peEX[0xd1][0xab][0x8]e[0x2][0xa2][0xf4][0x1b][0xce]T[0xe2]B[0xd5][0xa9][0x83][0xe9][0x96]a[0xca][0xea][0x1c].[0xb1]([0x93][0xf5][0xec][0x3]g[0x13]XcNi[0x15][0xf6]1jko[0x97]!e[0x1c]6[0xf5]X w[0xb5]*[0xca]D[0x8e][0x95][0x9a][0x17][0xc5]([0xc3][0x8a][0xca]U[0xbf][0xb8][0xc1];S[0x80][0xa9]N[0xf5][0xb1][0xfa][0x92]k[0x91][0xb2]Y[0xd5]H6"[0xfd]H[0xf6][0xaa][0xc5]3-[0x1d][0xf4]v[0xd2]*[0x5]K[0xa9][0xe7][0xad]}[0x9a]-[0xc7][0xcf][0xfb][0xae][0xd4]9#[0x93][0xda][0xf9][0xe3][\r]T[0xc3][0xc5][0xb8][0xfa]p[0xc3][0xf8][0xfd][0xfd][0xaa][0x80]"7P_[0xbe][0xf][0xf5][0xdb][0xde][\r]:[0xc4]"
19:49:13.213 [main] DEBUG org.apache.http.wire -  << "[0xea]1h[0xbd][0xad]~[\r][0x19][0x98]`[0xbc][0xa8][0xaf][0xa6]&[0x94]A,/b,[0x13][0xf3]n[0xd2][0xcb];[0x1d]|[0x9][0xa6][0x8f][0xba][0xf3]n[0x8a]k[0x8c][0xe4]e[0xe5][0xfb][0xeb][0x15]([0x5][0x87][0xb2]n[0xa0][0x90]w[0xf6][0xf6][0xdb][0xa2][0xa2]7V[0x8f]{k{[0xe5]r[0xa7]OA[0xb9][0x95][0x8e][0xd5]c^RuqV [\r][0x17][0x12]b[0xc6][0xdf][0xce][\n]"
19:49:13.213 [main] DEBUG org.apache.http.wire -  << "4[0xdb][0xfe][0xf4][0xc1]L[\n]"
19:49:13.213 [main] DEBUG org.apache.http.wire -  << "[0x8d][0xc1]p[0x1a][0xdf][0x98]o[0x81][0xfa][0x80]HC[0xe5][0xc3][0xd4][0x1e][0x98][0xd2][0xae][0xa4][0xd2] [0x5]T[0x9a][0x13]j[0x18][0xc4][0xf4][0xce][0xa2][0x82]T.([0xe6][0xcd]E[0xaa][0xc6][0xb][0xcc][0x1a][0x91]Am[0x8d]]yo[0x8b][0x83][0xd5]gH[0x5][0xf5]9[0xdf][0x5]%[0x11][0xb2]lU[\r][0x11][0x90][0xd6][0xf2][0xad][0x94]H[0xd6][0xd5]}[0x8]&N[0xd7]S[0xef][0xc3][0x92]P[0xcc]J[0xac][0x9a][0x6][0xfe][0xd7][0xf2][0xc7][[0xd5][0xeb][[0xae][0xb4]$[0x82][0x84][\n]"
19:49:13.213 [main] DEBUG org.apache.http.wire -  << "([0x11][0xa5][0xff][0x8b][0x96][0xd3][0xc7]*x[0xd5][0xe5]X[0xa2]&[0xef]c[0xe1][0xec][0x8][0xea]7[0x93]P)[0xd6][0x95]J=[0xad]C[0xff]ij[0xfb]K[0x9][0xa5]R[0xe7][0xf5][0x8f][0x0][0xfd][0xf9]/[0x0][0x0][0x0][0xff][0xff][0x3][0x0]{[0xfb][0x97][0xa6][0xae][0xb][0x0][0x0]"
19:49:13.213 [main] DEBUG org.apache.http.wire -  << "[\r][\n]"
19:49:13.213 [main] DEBUG org.apache.http.wire -  << "0[\r][\n]"
19:49:13.213 [main] DEBUG org.apache.http.wire -  << "[\r][\n]"
19:49:13.214 [main] DEBUG io.restassured.internal.RestAssuredHttpBuilder - Parsed data to instance of: class org.apache.http.conn.EofSensorInputStream
19:49:13.215 [main] DEBUG org.apache.http.impl.conn.BasicClientConnectionManager - Releasing connection org.apache.http.impl.conn.ManagedClientConnectionImpl@2b4675db
19:49:13.215 [main] DEBUG org.apache.http.impl.conn.BasicClientConnectionManager - Connection can be kept alive indefinitely
  &amp#27;[32mGiven &amp#27;[0m&amp#27;[32mUser call users list API with sorted parameter&amp#27;[0m &amp#27;[90m# starter.stepdefinitions.UserSteps.userCallUsersSortedParameter()&amp#27;[0m
  &amp#27;[32mWhen &amp#27;[0m&amp#27;[32mthe response status code should be &amp#27;[0m&amp#27;[32m&amp#27;[1m200&amp#27;[0m          &amp#27;[90m# starter.stepdefinitions.UserSteps.responseCode(java.lang.Integer)&amp#27;[0m
19:49:13.220 [main] INFO  - 
  _____   ___   ___   _____     ___     _     ___   ___   ___   ___  
 |_   _| | __| / __| |_   _|   | _ \   /_\   / __| / __| | __| |   \ 
   | |   | _|  \__ \   | |     |  _/  / _ \  \__ \ \__ \ | _|  | |) |
   |_|   |___| |___/   |_|     |_|   /_/ \_\ |___/ |___/ |___| |___/ 

Get sorted users list
----------------------------------------------------------------------
]]></system-out>
  </testcase>
  <testcase name="Update users with valid data" classname="RestFull API Test" time="0.474">
    <system-out><![CDATA[
Scenario: Update users with valid data                          &amp#27;[90m# src/test/resources/api/user.feature:211&amp#27;[0m
19:49:13.224 [main] INFO io.cucumber.core.plugin.SerenityReporter - Running feature from file:///D:/KULIAH/kmrdeka/Weekly2/src/test/resources/api/user.feature
19:49:13.224 [main] WARN io.cucumber.core.plugin.SerenityReporter - Feature from file:///D:/KULIAH/kmrdeka/Weekly2/src/test/resources/api/user.feature is not under the 'features' directory. Requirements report will not be correctly generated!
19:49:13.226 [main] INFO  - 
  _____   ___   ___   _____     ___   _____     _     ___   _____   ___   ___  
 |_   _| | __| / __| |_   _|   / __| |_   _|   /_\   | _ \ |_   _| | __| |   \ 
   | |   | _|  \__ \   | |     \__ \   | |    / _ \  |   /   | |   | _|  | |) |
   |_|   |___| |___/   |_|     |___/   |_|   /_/ \_\ |_|_\   |_|   |___| |___/ 

Update users with valid data(restfull-api-test;update-users-with-valid-data)
--------------------------------------------------------------------------------
  &amp#27;[32mGiven &amp#27;[0m&amp#27;[32mI have a users with id &amp#27;[0m&amp#27;[32m&amp#27;[1m7&amp#27;[0m                                &amp#27;[90m# starter.stepdefinitions.UserSteps.haveUsersWithId(java.lang.Integer)&amp#27;[0m
19:49:13.238 [main] DEBUG org.apache.http.impl.conn.BasicClientConnectionManager - Get connection for route {s}->https://fakestoreapi.com:443
19:49:13.238 [main] DEBUG org.apache.http.impl.conn.DefaultClientConnectionOperator - Connecting to fakestoreapi.com:443
19:49:13.326 [main] DEBUG org.apache.http.client.protocol.RequestAddCookies - CookieSpec selected: ignoreCookies
19:49:13.326 [main] DEBUG org.apache.http.client.protocol.RequestAuthCache - Auth cache not set in the context
19:49:13.326 [main] DEBUG org.apache.http.client.protocol.RequestTargetAuthentication - Target auth state: UNCHALLENGED
19:49:13.326 [main] DEBUG org.apache.http.client.protocol.RequestProxyAuthentication - Proxy auth state: UNCHALLENGED
19:49:13.326 [main] DEBUG org.apache.http.impl.client.DefaultHttpClient - Attempt 1 to execute request
19:49:13.326 [main] DEBUG org.apache.http.impl.conn.DefaultClientConnection - Sending request: PUT /users/7 HTTP/1.1
19:49:13.326 [main] DEBUG org.apache.http.wire -  >> "PUT /users/7 HTTP/1.1[\r][\n]"
19:49:13.326 [main] DEBUG org.apache.http.wire -  >> "Accept: */*[\r][\n]"
19:49:13.326 [main] DEBUG org.apache.http.wire -  >> "Content-Type: application/json[\r][\n]"
19:49:13.326 [main] DEBUG org.apache.http.wire -  >> "Content-Length: 19[\r][\n]"
19:49:13.326 [main] DEBUG org.apache.http.wire -  >> "Host: fakestoreapi.com[\r][\n]"
19:49:13.326 [main] DEBUG org.apache.http.wire -  >> "Connection: Keep-Alive[\r][\n]"
19:49:13.326 [main] DEBUG org.apache.http.wire -  >> "User-Agent: Apache-HttpClient/4.5.13 (Java/19.0.2)[\r][\n]"
19:49:13.326 [main] DEBUG org.apache.http.wire -  >> "Accept-Encoding: gzip,deflate[\r][\n]"
19:49:13.326 [main] DEBUG org.apache.http.wire -  >> "[\r][\n]"
19:49:13.326 [main] DEBUG org.apache.http.headers - >> PUT /users/7 HTTP/1.1
19:49:13.326 [main] DEBUG org.apache.http.headers - >> Accept: */*
19:49:13.326 [main] DEBUG org.apache.http.headers - >> Content-Type: application/json
19:49:13.326 [main] DEBUG org.apache.http.headers - >> Content-Length: 19
19:49:13.326 [main] DEBUG org.apache.http.headers - >> Host: fakestoreapi.com
19:49:13.326 [main] DEBUG org.apache.http.headers - >> Connection: Keep-Alive
19:49:13.326 [main] DEBUG org.apache.http.headers - >> User-Agent: Apache-HttpClient/4.5.13 (Java/19.0.2)
19:49:13.326 [main] DEBUG org.apache.http.headers - >> Accept-Encoding: gzip,deflate
19:49:13.326 [main] DEBUG org.apache.http.wire -  >> "{"username":"budi"}"
19:49:13.687 [main] DEBUG org.apache.http.wire -  << "HTTP/1.1 200 OK[\r][\n]"
19:49:13.687 [main] DEBUG org.apache.http.wire -  << "Date: Mon, 17 Apr 2023 12:49:12 GMT[\r][\n]"
19:49:13.687 [main] DEBUG org.apache.http.wire -  << "Content-Type: application/json; charset=utf-8[\r][\n]"
19:49:13.687 [main] DEBUG org.apache.http.wire -  << "Content-Length: 19[\r][\n]"
19:49:13.687 [main] DEBUG org.apache.http.wire -  << "Connection: keep-alive[\r][\n]"
19:49:13.687 [main] DEBUG org.apache.http.wire -  << "Access-Control-Allow-Origin: *[\r][\n]"
19:49:13.687 [main] DEBUG org.apache.http.wire -  << "Etag: W/"13-ZX157KPqHw7PWcjZsbjXg2HkgjY"[\r][\n]"
19:49:13.687 [main] DEBUG org.apache.http.wire -  << "X-Powered-By: Express[\r][\n]"
19:49:13.687 [main] DEBUG org.apache.http.wire -  << "CF-Cache-Status: DYNAMIC[\r][\n]"
19:49:13.687 [main] DEBUG org.apache.http.wire -  << "Report-To: {"endpoints":[{"url":"https:\/\/a.nel.cloudflare.com\/report\/v3?s=YgCwJjyZ6H7IOT8%2Bg31UKayCXNIgjy3BqNcoxnmOxUzEZiisLmjstHixZyNfGqMcH4Ao85wt1wHeL2PzbV9IwN6Jcy0ozyEE3zarpOfej78%2FjX1ME75C7gtnzllwOQs5FHmS"}],"group":"cf-nel","max_age":604800}[\r][\n]"
19:49:13.687 [main] DEBUG org.apache.http.wire -  << "NEL: {"success_fraction":0,"report_to":"cf-nel","max_age":604800}[\r][\n]"
19:49:13.687 [main] DEBUG org.apache.http.wire -  << "Server: cloudflare[\r][\n]"
19:49:13.687 [main] DEBUG org.apache.http.wire -  << "CF-RAY: 7b94c965a9213df0-SIN[\r][\n]"
19:49:13.687 [main] DEBUG org.apache.http.wire -  << "alt-svc: h3=":443"; ma=86400, h3-29=":443"; ma=86400[\r][\n]"
19:49:13.687 [main] DEBUG org.apache.http.wire -  << "[\r][\n]"
19:49:13.687 [main] DEBUG org.apache.http.impl.conn.DefaultClientConnection - Receiving response: HTTP/1.1 200 OK
19:49:13.687 [main] DEBUG org.apache.http.headers - << HTTP/1.1 200 OK
19:49:13.687 [main] DEBUG org.apache.http.headers - << Date: Mon, 17 Apr 2023 12:49:12 GMT
19:49:13.687 [main] DEBUG org.apache.http.headers - << Content-Type: application/json; charset=utf-8
19:49:13.687 [main] DEBUG org.apache.http.headers - << Content-Length: 19
19:49:13.687 [main] DEBUG org.apache.http.headers - << Connection: keep-alive
19:49:13.687 [main] DEBUG org.apache.http.headers - << Access-Control-Allow-Origin: *
19:49:13.687 [main] DEBUG org.apache.http.headers - << Etag: W/"13-ZX157KPqHw7PWcjZsbjXg2HkgjY"
19:49:13.687 [main] DEBUG org.apache.http.headers - << X-Powered-By: Express
19:49:13.687 [main] DEBUG org.apache.http.headers - << CF-Cache-Status: DYNAMIC
19:49:13.687 [main] DEBUG org.apache.http.headers - << Report-To: {"endpoints":[{"url":"https:\/\/a.nel.cloudflare.com\/report\/v3?s=YgCwJjyZ6H7IOT8%2Bg31UKayCXNIgjy3BqNcoxnmOxUzEZiisLmjstHixZyNfGqMcH4Ao85wt1wHeL2PzbV9IwN6Jcy0ozyEE3zarpOfej78%2FjX1ME75C7gtnzllwOQs5FHmS"}],"group":"cf-nel","max_age":604800}
19:49:13.687 [main] DEBUG org.apache.http.headers - << NEL: {"success_fraction":0,"report_to":"cf-nel","max_age":604800}
19:49:13.687 [main] DEBUG org.apache.http.headers - << Server: cloudflare
19:49:13.687 [main] DEBUG org.apache.http.headers - << CF-RAY: 7b94c965a9213df0-SIN
19:49:13.687 [main] DEBUG org.apache.http.headers - << alt-svc: h3=":443"; ma=86400, h3-29=":443"; ma=86400
19:49:13.687 [main] DEBUG org.apache.http.impl.client.DefaultHttpClient - Connection can be kept alive indefinitely
19:49:13.687 [main] DEBUG io.restassured.internal.RestAssuredHttpBuilder - Parsing response as: application/json; charset=utf-8
19:49:13.687 [main] DEBUG io.restassured.internal.RestAssuredHttpBuilder - Parsed data to instance of: class org.apache.http.conn.EofSensorInputStream
19:49:13.688 [main] DEBUG org.apache.http.wire -  << "{"username":"budi"}"
19:49:13.688 [main] DEBUG org.apache.http.impl.conn.BasicClientConnectionManager - Releasing connection org.apache.http.impl.conn.ManagedClientConnectionImpl@30942f54
19:49:13.688 [main] DEBUG org.apache.http.impl.conn.BasicClientConnectionManager - Connection can be kept alive indefinitely
  &amp#27;[32mWhen &amp#27;[0m&amp#27;[32mI update the users username to &amp#27;[0m&amp#27;[32m&amp#27;[1m"budi"&amp#27;[0m                    &amp#27;[90m# starter.stepdefinitions.UserSteps.updateUsersUsername(java.lang.String)&amp#27;[0m
  &amp#27;[32mThen &amp#27;[0m&amp#27;[32mthe response status code should be &amp#27;[0m&amp#27;[32m&amp#27;[1m200&amp#27;[0m                   &amp#27;[90m# starter.stepdefinitions.UserSteps.responseCode(java.lang.Integer)&amp#27;[0m
  &amp#27;[32mAnd &amp#27;[0m&amp#27;[32mthe response should contain the updated users information&amp#27;[0m &amp#27;[90m# starter.stepdefinitions.UserSteps.responseUsersInformation()&amp#27;[0m
19:49:13.694 [main] INFO  - 
  _____   ___   ___   _____     ___     _     ___   ___   ___   ___  
 |_   _| | __| / __| |_   _|   | _ \   /_\   / __| / __| | __| |   \ 
   | |   | _|  \__ \   | |     |  _/  / _ \  \__ \ \__ \ | _|  | |) |
   |_|   |___| |___/   |_|     |_|   /_/ \_\ |___/ |___/ |___| |___/ 

Update users with valid data
----------------------------------------------------------------------
]]></system-out>
  </testcase>
  <testcase name="Update users with invalid data" classname="RestFull API Test" time="0.455">
    <system-out><![CDATA[
Scenario: Update users with invalid data      &amp#27;[90m# src/test/resources/api/user.feature:217&amp#27;[0m
19:49:13.699 [main] INFO io.cucumber.core.plugin.SerenityReporter - Running feature from file:///D:/KULIAH/kmrdeka/Weekly2/src/test/resources/api/user.feature
19:49:13.699 [main] WARN io.cucumber.core.plugin.SerenityReporter - Feature from file:///D:/KULIAH/kmrdeka/Weekly2/src/test/resources/api/user.feature is not under the 'features' directory. Requirements report will not be correctly generated!
19:49:13.701 [main] INFO  - 
  _____   ___   ___   _____     ___   _____     _     ___   _____   ___   ___  
 |_   _| | __| / __| |_   _|   / __| |_   _|   /_\   | _ \ |_   _| | __| |   \ 
   | |   | _|  \__ \   | |     \__ \   | |    / _ \  |   /   | |   | _|  | |) |
   |_|   |___| |___/   |_|     |___/   |_|   /_/ \_\ |_|_\   |_|   |___| |___/ 

Update users with invalid data(restfull-api-test;update-users-with-invalid-data)
--------------------------------------------------------------------------------
  &amp#27;[32mGiven &amp#27;[0m&amp#27;[32mI have a users with id &amp#27;[0m&amp#27;[32m&amp#27;[1m7&amp#27;[0m              &amp#27;[90m# starter.stepdefinitions.UserSteps.haveUsersWithId(java.lang.Integer)&amp#27;[0m
19:49:13.714 [main] DEBUG org.apache.http.impl.conn.BasicClientConnectionManager - Get connection for route {s}->https://fakestoreapi.com:443
19:49:13.714 [main] DEBUG org.apache.http.impl.conn.DefaultClientConnectionOperator - Connecting to fakestoreapi.com:443
19:49:13.786 [main] DEBUG org.apache.http.client.protocol.RequestAddCookies - CookieSpec selected: ignoreCookies
19:49:13.786 [main] DEBUG org.apache.http.client.protocol.RequestAuthCache - Auth cache not set in the context
19:49:13.786 [main] DEBUG org.apache.http.client.protocol.RequestTargetAuthentication - Target auth state: UNCHALLENGED
19:49:13.786 [main] DEBUG org.apache.http.client.protocol.RequestProxyAuthentication - Proxy auth state: UNCHALLENGED
19:49:13.786 [main] DEBUG org.apache.http.impl.client.DefaultHttpClient - Attempt 1 to execute request
19:49:13.786 [main] DEBUG org.apache.http.impl.conn.DefaultClientConnection - Sending request: PUT /users/7 HTTP/1.1
19:49:13.786 [main] DEBUG org.apache.http.wire -  >> "PUT /users/7 HTTP/1.1[\r][\n]"
19:49:13.786 [main] DEBUG org.apache.http.wire -  >> "Accept: */*[\r][\n]"
19:49:13.786 [main] DEBUG org.apache.http.wire -  >> "Content-Type: application/json[\r][\n]"
19:49:13.786 [main] DEBUG org.apache.http.wire -  >> "Content-Length: 15[\r][\n]"
19:49:13.786 [main] DEBUG org.apache.http.wire -  >> "Host: fakestoreapi.com[\r][\n]"
19:49:13.786 [main] DEBUG org.apache.http.wire -  >> "Connection: Keep-Alive[\r][\n]"
19:49:13.786 [main] DEBUG org.apache.http.wire -  >> "User-Agent: Apache-HttpClient/4.5.13 (Java/19.0.2)[\r][\n]"
19:49:13.786 [main] DEBUG org.apache.http.wire -  >> "Accept-Encoding: gzip,deflate[\r][\n]"
19:49:13.786 [main] DEBUG org.apache.http.wire -  >> "[\r][\n]"
19:49:13.786 [main] DEBUG org.apache.http.headers - >> PUT /users/7 HTTP/1.1
19:49:13.786 [main] DEBUG org.apache.http.headers - >> Accept: */*
19:49:13.786 [main] DEBUG org.apache.http.headers - >> Content-Type: application/json
19:49:13.786 [main] DEBUG org.apache.http.headers - >> Content-Length: 15
19:49:13.786 [main] DEBUG org.apache.http.headers - >> Host: fakestoreapi.com
19:49:13.786 [main] DEBUG org.apache.http.headers - >> Connection: Keep-Alive
19:49:13.786 [main] DEBUG org.apache.http.headers - >> User-Agent: Apache-HttpClient/4.5.13 (Java/19.0.2)
19:49:13.786 [main] DEBUG org.apache.http.headers - >> Accept-Encoding: gzip,deflate
19:49:13.786 [main] DEBUG org.apache.http.wire -  >> "{"username":""}"
19:49:14.144 [main] DEBUG org.apache.http.wire -  << "HTTP/1.1 200 OK[\r][\n]"
19:49:14.144 [main] DEBUG org.apache.http.wire -  << "Date: Mon, 17 Apr 2023 12:49:13 GMT[\r][\n]"
19:49:14.144 [main] DEBUG org.apache.http.wire -  << "Content-Type: application/json; charset=utf-8[\r][\n]"
19:49:14.144 [main] DEBUG org.apache.http.wire -  << "Content-Length: 15[\r][\n]"
19:49:14.144 [main] DEBUG org.apache.http.wire -  << "Connection: keep-alive[\r][\n]"
19:49:14.144 [main] DEBUG org.apache.http.wire -  << "Access-Control-Allow-Origin: *[\r][\n]"
19:49:14.144 [main] DEBUG org.apache.http.wire -  << "Etag: W/"f-QLrlN+tp2pWHs9LOtbK8goFEsuM"[\r][\n]"
19:49:14.145 [main] DEBUG org.apache.http.wire -  << "X-Powered-By: Express[\r][\n]"
19:49:14.145 [main] DEBUG org.apache.http.wire -  << "CF-Cache-Status: DYNAMIC[\r][\n]"
19:49:14.145 [main] DEBUG org.apache.http.wire -  << "Report-To: {"endpoints":[{"url":"https:\/\/a.nel.cloudflare.com\/report\/v3?s=P41V2khNZytOwLpT46wfUWbyBlufwxuls2Fgfo9M7YWxQSKdZ3Vlvfgzmy3TEsyur%2BakQaNMwnVDdAgtk9I7p0ak6y1oL4%2Fcb9IJ1GqaZOjkFOhoNdTp8aIXeXjm4WeL5oPo"}],"group":"cf-nel","max_age":604800}[\r][\n]"
19:49:14.145 [main] DEBUG org.apache.http.wire -  << "NEL: {"success_fraction":0,"report_to":"cf-nel","max_age":604800}[\r][\n]"
19:49:14.145 [main] DEBUG org.apache.http.wire -  << "Server: cloudflare[\r][\n]"
19:49:14.145 [main] DEBUG org.apache.http.wire -  << "CF-RAY: 7b94c9688c2e4943-SIN[\r][\n]"
19:49:14.145 [main] DEBUG org.apache.http.wire -  << "alt-svc: h3=":443"; ma=86400, h3-29=":443"; ma=86400[\r][\n]"
19:49:14.145 [main] DEBUG org.apache.http.wire -  << "[\r][\n]"
19:49:14.145 [main] DEBUG org.apache.http.impl.conn.DefaultClientConnection - Receiving response: HTTP/1.1 200 OK
19:49:14.145 [main] DEBUG org.apache.http.headers - << HTTP/1.1 200 OK
19:49:14.145 [main] DEBUG org.apache.http.headers - << Date: Mon, 17 Apr 2023 12:49:13 GMT
19:49:14.145 [main] DEBUG org.apache.http.headers - << Content-Type: application/json; charset=utf-8
19:49:14.145 [main] DEBUG org.apache.http.headers - << Content-Length: 15
19:49:14.145 [main] DEBUG org.apache.http.headers - << Connection: keep-alive
19:49:14.145 [main] DEBUG org.apache.http.headers - << Access-Control-Allow-Origin: *
19:49:14.145 [main] DEBUG org.apache.http.headers - << Etag: W/"f-QLrlN+tp2pWHs9LOtbK8goFEsuM"
19:49:14.145 [main] DEBUG org.apache.http.headers - << X-Powered-By: Express
19:49:14.145 [main] DEBUG org.apache.http.headers - << CF-Cache-Status: DYNAMIC
19:49:14.145 [main] DEBUG org.apache.http.headers - << Report-To: {"endpoints":[{"url":"https:\/\/a.nel.cloudflare.com\/report\/v3?s=P41V2khNZytOwLpT46wfUWbyBlufwxuls2Fgfo9M7YWxQSKdZ3Vlvfgzmy3TEsyur%2BakQaNMwnVDdAgtk9I7p0ak6y1oL4%2Fcb9IJ1GqaZOjkFOhoNdTp8aIXeXjm4WeL5oPo"}],"group":"cf-nel","max_age":604800}
19:49:14.145 [main] DEBUG org.apache.http.headers - << NEL: {"success_fraction":0,"report_to":"cf-nel","max_age":604800}
19:49:14.145 [main] DEBUG org.apache.http.headers - << Server: cloudflare
19:49:14.145 [main] DEBUG org.apache.http.headers - << CF-RAY: 7b94c9688c2e4943-SIN
19:49:14.145 [main] DEBUG org.apache.http.headers - << alt-svc: h3=":443"; ma=86400, h3-29=":443"; ma=86400
19:49:14.145 [main] DEBUG org.apache.http.impl.client.DefaultHttpClient - Connection can be kept alive indefinitely
19:49:14.145 [main] DEBUG io.restassured.internal.RestAssuredHttpBuilder - Parsing response as: application/json; charset=utf-8
19:49:14.145 [main] DEBUG io.restassured.internal.RestAssuredHttpBuilder - Parsed data to instance of: class org.apache.http.conn.EofSensorInputStream
19:49:14.146 [main] DEBUG org.apache.http.wire -  << "{"username":""}"
19:49:14.146 [main] DEBUG org.apache.http.impl.conn.BasicClientConnectionManager - Releasing connection org.apache.http.impl.conn.ManagedClientConnectionImpl@5c450960
19:49:14.146 [main] DEBUG org.apache.http.impl.conn.BasicClientConnectionManager - Connection can be kept alive indefinitely
  &amp#27;[32mWhen &amp#27;[0m&amp#27;[32mI update the users username to &amp#27;[0m&amp#27;[32m&amp#27;[1m""&amp#27;[0m      &amp#27;[90m# starter.stepdefinitions.UserSteps.updateUsersUsername(java.lang.String)&amp#27;[0m
  &amp#27;[32mThen &amp#27;[0m&amp#27;[32mthe response status code should be &amp#27;[0m&amp#27;[32m&amp#27;[1m200&amp#27;[0m &amp#27;[90m# starter.stepdefinitions.UserSteps.responseCode(java.lang.Integer)&amp#27;[0m
19:49:14.149 [main] INFO  - 
  _____   ___   ___   _____     ___     _     ___   ___   ___   ___  
 |_   _| | __| / __| |_   _|   | _ \   /_\   / __| / __| | __| |   \ 
   | |   | _|  \__ \   | |     |  _/  / _ \  \__ \ \__ \ | _|  | |) |
   |_|   |___| |___/   |_|     |_|   /_/ \_\ |___/ |___/ |___| |___/ 

Update users with invalid data
----------------------------------------------------------------------
]]></system-out>
  </testcase>
  <testcase name="User deletes a users from the product list" classname="RestFull API Test" time="3.605">
    <system-out><![CDATA[
Scenario: User deletes a users from the product list &amp#27;[90m# src/test/resources/api/user.feature:222&amp#27;[0m
19:49:14.153 [main] INFO io.cucumber.core.plugin.SerenityReporter - Running feature from file:///D:/KULIAH/kmrdeka/Weekly2/src/test/resources/api/user.feature
19:49:14.153 [main] WARN io.cucumber.core.plugin.SerenityReporter - Feature from file:///D:/KULIAH/kmrdeka/Weekly2/src/test/resources/api/user.feature is not under the 'features' directory. Requirements report will not be correctly generated!
19:49:14.154 [main] INFO  - 
  _____   ___   ___   _____     ___   _____     _     ___   _____   ___   ___  
 |_   _| | __| / __| |_   _|   / __| |_   _|   /_\   | _ \ |_   _| | __| |   \ 
   | |   | _|  \__ \   | |     \__ \   | |    / _ \  |   /   | |   | _|  | |) |
   |_|   |___| |___/   |_|     |___/   |_|   /_/ \_\ |_|_\   |_|   |___| |___/ 

User deletes a users from the product list(restfull-api-test;user-deletes-a-users-from-the-product-list)
--------------------------------------------------------------------------------
19:49:14.162 [main] DEBUG org.apache.http.impl.conn.BasicClientConnectionManager - Get connection for route {s}->https://fakestoreapi.com:443
19:49:14.163 [main] DEBUG org.apache.http.impl.conn.DefaultClientConnectionOperator - Connecting to fakestoreapi.com:443
19:49:14.236 [main] DEBUG org.apache.http.client.protocol.RequestAddCookies - CookieSpec selected: ignoreCookies
19:49:14.236 [main] DEBUG org.apache.http.client.protocol.RequestAuthCache - Auth cache not set in the context
19:49:14.236 [main] DEBUG org.apache.http.client.protocol.RequestTargetAuthentication - Target auth state: UNCHALLENGED
19:49:14.236 [main] DEBUG org.apache.http.client.protocol.RequestProxyAuthentication - Proxy auth state: UNCHALLENGED
19:49:14.236 [main] DEBUG org.apache.http.impl.client.DefaultHttpClient - Attempt 1 to execute request
19:49:14.236 [main] DEBUG org.apache.http.impl.conn.DefaultClientConnection - Sending request: DELETE /users/6 HTTP/1.1
19:49:14.236 [main] DEBUG org.apache.http.wire -  >> "DELETE /users/6 HTTP/1.1[\r][\n]"
19:49:14.236 [main] DEBUG org.apache.http.wire -  >> "Accept: */*[\r][\n]"
19:49:14.236 [main] DEBUG org.apache.http.wire -  >> "Host: fakestoreapi.com[\r][\n]"
19:49:14.236 [main] DEBUG org.apache.http.wire -  >> "Connection: Keep-Alive[\r][\n]"
19:49:14.236 [main] DEBUG org.apache.http.wire -  >> "User-Agent: Apache-HttpClient/4.5.13 (Java/19.0.2)[\r][\n]"
19:49:14.236 [main] DEBUG org.apache.http.wire -  >> "Accept-Encoding: gzip,deflate[\r][\n]"
19:49:14.236 [main] DEBUG org.apache.http.wire -  >> "[\r][\n]"
19:49:14.236 [main] DEBUG org.apache.http.headers - >> DELETE /users/6 HTTP/1.1
19:49:14.236 [main] DEBUG org.apache.http.headers - >> Accept: */*
19:49:14.236 [main] DEBUG org.apache.http.headers - >> Host: fakestoreapi.com
19:49:14.236 [main] DEBUG org.apache.http.headers - >> Connection: Keep-Alive
19:49:14.236 [main] DEBUG org.apache.http.headers - >> User-Agent: Apache-HttpClient/4.5.13 (Java/19.0.2)
19:49:14.236 [main] DEBUG org.apache.http.headers - >> Accept-Encoding: gzip,deflate
19:49:17.749 [main] DEBUG org.apache.http.wire -  << "HTTP/1.1 200 OK[\r][\n]"
19:49:17.749 [main] DEBUG org.apache.http.wire -  << "Date: Mon, 17 Apr 2023 12:49:16 GMT[\r][\n]"
19:49:17.749 [main] DEBUG org.apache.http.wire -  << "Content-Type: application/json; charset=utf-8[\r][\n]"
19:49:17.749 [main] DEBUG org.apache.http.wire -  << "Transfer-Encoding: chunked[\r][\n]"
19:49:17.749 [main] DEBUG org.apache.http.wire -  << "Connection: keep-alive[\r][\n]"
19:49:17.749 [main] DEBUG org.apache.http.wire -  << "Access-Control-Allow-Origin: *[\r][\n]"
19:49:17.749 [main] DEBUG org.apache.http.wire -  << "Etag: W/"12c-qh6raI/EWS3a5DDlu8tTdvjmcN0"[\r][\n]"
19:49:17.749 [main] DEBUG org.apache.http.wire -  << "X-Powered-By: Express[\r][\n]"
19:49:17.749 [main] DEBUG org.apache.http.wire -  << "CF-Cache-Status: DYNAMIC[\r][\n]"
19:49:17.749 [main] DEBUG org.apache.http.wire -  << "Report-To: {"endpoints":[{"url":"https:\/\/a.nel.cloudflare.com\/report\/v3?s=oDSLZ8pRgZ9WBeqPjaEWRJWmLgftuw6aYCLO5oSVTYkU%2B1ipLoEWDQ2C8M68zL3bYc4GwlkvFFZz9SkWOaJA7FIU%2BWZRB4dF9pcP6gTnTaQD5Zt9JkcLKS0KTwKnmjz%2BSgdf"}],"group":"cf-nel","max_age":604800}[\r][\n]"
19:49:17.749 [main] DEBUG org.apache.http.wire -  << "NEL: {"success_fraction":0,"report_to":"cf-nel","max_age":604800}[\r][\n]"
19:49:17.749 [main] DEBUG org.apache.http.wire -  << "Server: cloudflare[\r][\n]"
19:49:17.749 [main] DEBUG org.apache.http.wire -  << "CF-RAY: 7b94c96b7d973f9f-SIN[\r][\n]"
19:49:17.749 [main] DEBUG org.apache.http.wire -  << "Content-Encoding: gzip[\r][\n]"
19:49:17.749 [main] DEBUG org.apache.http.wire -  << "alt-svc: h3=":443"; ma=86400, h3-29=":443"; ma=86400[\r][\n]"
19:49:17.749 [main] DEBUG org.apache.http.wire -  << "[\r][\n]"
19:49:17.749 [main] DEBUG org.apache.http.impl.conn.DefaultClientConnection - Receiving response: HTTP/1.1 200 OK
19:49:17.749 [main] DEBUG org.apache.http.headers - << HTTP/1.1 200 OK
19:49:17.749 [main] DEBUG org.apache.http.headers - << Date: Mon, 17 Apr 2023 12:49:16 GMT
19:49:17.749 [main] DEBUG org.apache.http.headers - << Content-Type: application/json; charset=utf-8
19:49:17.749 [main] DEBUG org.apache.http.headers - << Transfer-Encoding: chunked
19:49:17.749 [main] DEBUG org.apache.http.headers - << Connection: keep-alive
19:49:17.749 [main] DEBUG org.apache.http.headers - << Access-Control-Allow-Origin: *
19:49:17.749 [main] DEBUG org.apache.http.headers - << Etag: W/"12c-qh6raI/EWS3a5DDlu8tTdvjmcN0"
19:49:17.749 [main] DEBUG org.apache.http.headers - << X-Powered-By: Express
19:49:17.749 [main] DEBUG org.apache.http.headers - << CF-Cache-Status: DYNAMIC
19:49:17.749 [main] DEBUG org.apache.http.headers - << Report-To: {"endpoints":[{"url":"https:\/\/a.nel.cloudflare.com\/report\/v3?s=oDSLZ8pRgZ9WBeqPjaEWRJWmLgftuw6aYCLO5oSVTYkU%2B1ipLoEWDQ2C8M68zL3bYc4GwlkvFFZz9SkWOaJA7FIU%2BWZRB4dF9pcP6gTnTaQD5Zt9JkcLKS0KTwKnmjz%2BSgdf"}],"group":"cf-nel","max_age":604800}
19:49:17.749 [main] DEBUG org.apache.http.headers - << NEL: {"success_fraction":0,"report_to":"cf-nel","max_age":604800}
19:49:17.749 [main] DEBUG org.apache.http.headers - << Server: cloudflare
19:49:17.749 [main] DEBUG org.apache.http.headers - << CF-RAY: 7b94c96b7d973f9f-SIN
19:49:17.749 [main] DEBUG org.apache.http.headers - << Content-Encoding: gzip
19:49:17.749 [main] DEBUG org.apache.http.headers - << alt-svc: h3=":443"; ma=86400, h3-29=":443"; ma=86400
19:49:17.749 [main] DEBUG org.apache.http.impl.client.DefaultHttpClient - Connection can be kept alive indefinitely
19:49:17.749 [main] DEBUG io.restassured.internal.RestAssuredHttpBuilder - Parsing response as: application/json; charset=utf-8
19:49:17.749 [main] DEBUG org.apache.http.wire -  << "e9[\r][\n]"
19:49:17.749 [main] DEBUG org.apache.http.wire -  << "[0x1f][0x8b][0x8][0x0][0x0][0x0][0x0][0x0][0x0][0x3]L[0x8f][0xcd]n[0xc4] [0xc][0x84]_e5[0xbd]U$[0xca][0xf]!YN[0xfb]&[0x11][\r]n[0x8a]D[0x2][0xc2]d[0xab]6[0xda]w[0xaf][0xd8]C[0xdb][0xe3][0x8c][0xe7][0xf3][0xd8]'[0x8c][0xb5][0x89][0x98][0xa1]O[0xac][0x14]|XLva/[0xd2][0x9b][0xc][0x8d][0xae][0xa9][5[0x8e][0x10][0xf0]a_[0xa1]Q[0xb5]M[0xad][0xc6][0xe9][0x8a][0x87][0xc0][0xe2][0xf2][0x17]4[0xc8]_[0xa2][0xe1][0x0][0x1][0xce][0x89][0xa8]`1[0x5][0x8e][0xb4][0xe4][0xb]g[0x8][0xec][0xc7][0xf6]F[0x9][0xba][0xed][0xa4][0xc0][0xb7][0x8b]K[0xb0][0x4][0x8d][0xb6][0xeb][0xa5][0xaa][0x1a]9[0xa8][0xb2][0xcc]Yh%@[0x9b]q[0x1e][0x1a][0xd6][0xdc][0x9d][0x9d][0xd3]m-[0xba]^[0xc2][0x6][0x81][0x83])[0xed]f[0xa3][0xbf]1[0x4][0xa2]a[0xfe][0xc][0xc9]B[0xa3][0x97][0xe3][0xf4][0xfa]2[0xc8]R[0xf9][0x8c][0x9d]xw[0x89][0xf3][0xa6]|b~[0xad]t0[0x93][0xf7][0xa5]?~[0x84][0xfd]yU[0xa5][0xc6][0xa9][0xea][0xe5]P][0xa7]AA`[0x9e][0xef][0xd0][0xcd][0xe3][0x7][0x0][0x0][0xff][0xff][0x3][0x0]I/*[0x8c],[0x1][0x0][0x0]"
19:49:17.749 [main] DEBUG org.apache.http.wire -  << "[\r][\n]"
19:49:17.749 [main] DEBUG org.apache.http.wire -  << "0[\r][\n]"
19:49:17.749 [main] DEBUG org.apache.http.wire -  << "[\r][\n]"
19:49:17.749 [main] DEBUG io.restassured.internal.RestAssuredHttpBuilder - Parsed data to instance of: class org.apache.http.conn.EofSensorInputStream
  &amp#27;[32mGiven &amp#27;[0m&amp#27;[32mUser requests to delete a users with id &amp#27;[0m&amp#27;[32m&amp#27;[1m6&amp#27;[0m    &amp#27;[90m# starter.stepdefinitions.UserSteps.userDeleteUsersWithId(java.lang.Integer)&amp#27;[0m
  &amp#27;[32mWhen &amp#27;[0m&amp#27;[32mUsers with id 6 is successfully deleted&amp#27;[0m       &amp#27;[90m# starter.stepdefinitions.UserSteps.usersSuccessDelete()&amp#27;[0m
19:49:17.754 [main] INFO  - 
  _____   ___   ___   _____     ___     _     ___   ___   ___   ___  
 |_   _| | __| / __| |_   _|   | _ \   /_\   / __| / __| | __| |   \ 
   | |   | _|  \__ \   | |     |  _/  / _ \  \__ \ \__ \ | _|  | |) |
   |_|   |___| |___/   |_|     |_|   /_/ \_\ |___/ |___/ |___| |___/ 

User deletes a users from the product list
----------------------------------------------------------------------
]]></system-out>
  </testcase>
  <testcase name="User deletes a users from the invalid product list" classname="RestFull API Test" time="3.687">
    <system-out><![CDATA[
Scenario: User deletes a users from the invalid product list &amp#27;[90m# src/test/resources/api/user.feature:226&amp#27;[0m
19:49:17.758 [main] INFO io.cucumber.core.plugin.SerenityReporter - Running feature from file:///D:/KULIAH/kmrdeka/Weekly2/src/test/resources/api/user.feature
19:49:17.758 [main] WARN io.cucumber.core.plugin.SerenityReporter - Feature from file:///D:/KULIAH/kmrdeka/Weekly2/src/test/resources/api/user.feature is not under the 'features' directory. Requirements report will not be correctly generated!
19:49:17.759 [main] INFO  - 
  _____   ___   ___   _____     ___   _____     _     ___   _____   ___   ___  
 |_   _| | __| / __| |_   _|   / __| |_   _|   /_\   | _ \ |_   _| | __| |   \ 
   | |   | _|  \__ \   | |     \__ \   | |    / _ \  |   /   | |   | _|  | |) |
   |_|   |___| |___/   |_|     |___/   |_|   /_/ \_\ |_|_\   |_|   |___| |___/ 

User deletes a users from the invalid product list(restfull-api-test;user-deletes-a-users-from-the-invalid-product-list)
--------------------------------------------------------------------------------
19:49:17.766 [main] DEBUG org.apache.http.impl.conn.BasicClientConnectionManager - Get connection for route {s}->https://fakestoreapi.com:443
19:49:17.767 [main] DEBUG org.apache.http.impl.conn.DefaultClientConnectionOperator - Connecting to fakestoreapi.com:443
19:49:17.844 [main] DEBUG org.apache.http.client.protocol.RequestAddCookies - CookieSpec selected: ignoreCookies
19:49:17.844 [main] DEBUG org.apache.http.client.protocol.RequestAuthCache - Auth cache not set in the context
19:49:17.844 [main] DEBUG org.apache.http.client.protocol.RequestTargetAuthentication - Target auth state: UNCHALLENGED
19:49:17.844 [main] DEBUG org.apache.http.client.protocol.RequestProxyAuthentication - Proxy auth state: UNCHALLENGED
19:49:17.844 [main] DEBUG org.apache.http.impl.client.DefaultHttpClient - Attempt 1 to execute request
19:49:17.844 [main] DEBUG org.apache.http.impl.conn.DefaultClientConnection - Sending request: DELETE /users/25 HTTP/1.1
19:49:17.844 [main] DEBUG org.apache.http.wire -  >> "DELETE /users/25 HTTP/1.1[\r][\n]"
19:49:17.844 [main] DEBUG org.apache.http.wire -  >> "Accept: */*[\r][\n]"
19:49:17.844 [main] DEBUG org.apache.http.wire -  >> "Host: fakestoreapi.com[\r][\n]"
19:49:17.844 [main] DEBUG org.apache.http.wire -  >> "Connection: Keep-Alive[\r][\n]"
19:49:17.844 [main] DEBUG org.apache.http.wire -  >> "User-Agent: Apache-HttpClient/4.5.13 (Java/19.0.2)[\r][\n]"
19:49:17.844 [main] DEBUG org.apache.http.wire -  >> "Accept-Encoding: gzip,deflate[\r][\n]"
19:49:17.844 [main] DEBUG org.apache.http.wire -  >> "[\r][\n]"
19:49:17.844 [main] DEBUG org.apache.http.headers - >> DELETE /users/25 HTTP/1.1
19:49:17.844 [main] DEBUG org.apache.http.headers - >> Accept: */*
19:49:17.844 [main] DEBUG org.apache.http.headers - >> Host: fakestoreapi.com
19:49:17.844 [main] DEBUG org.apache.http.headers - >> Connection: Keep-Alive
19:49:17.844 [main] DEBUG org.apache.http.headers - >> User-Agent: Apache-HttpClient/4.5.13 (Java/19.0.2)
19:49:17.844 [main] DEBUG org.apache.http.headers - >> Accept-Encoding: gzip,deflate
19:49:21.437 [main] DEBUG org.apache.http.wire -  << "HTTP/1.1 200 OK[\r][\n]"
19:49:21.437 [main] DEBUG org.apache.http.wire -  << "Date: Mon, 17 Apr 2023 12:49:20 GMT[\r][\n]"
19:49:21.437 [main] DEBUG org.apache.http.wire -  << "Content-Type: application/json; charset=utf-8[\r][\n]"
19:49:21.437 [main] DEBUG org.apache.http.wire -  << "Content-Length: 4[\r][\n]"
19:49:21.437 [main] DEBUG org.apache.http.wire -  << "Connection: keep-alive[\r][\n]"
19:49:21.437 [main] DEBUG org.apache.http.wire -  << "Access-Control-Allow-Origin: *[\r][\n]"
19:49:21.437 [main] DEBUG org.apache.http.wire -  << "Etag: W/"4-K+iMpCQsduglOsYkdIUQZQMtaDM"[\r][\n]"
19:49:21.437 [main] DEBUG org.apache.http.wire -  << "X-Powered-By: Express[\r][\n]"
19:49:21.437 [main] DEBUG org.apache.http.wire -  << "CF-Cache-Status: DYNAMIC[\r][\n]"
19:49:21.437 [main] DEBUG org.apache.http.wire -  << "Report-To: {"endpoints":[{"url":"https:\/\/a.nel.cloudflare.com\/report\/v3?s=RxNyB4NiO4Oi4gKkvkbDL61dmYNQZP%2FrhfSl9CBHW2XJpbDNKTNHUE2tQ445v8h1KuKBM8Mbm87Os%2FHXEUutBoUaKydMuuEAUUiNknnd%2BcQRaNJoSJ3Uj7uEyMw13j7VRWtx"}],"group":"cf-nel","max_age":604800}[\r][\n]"
19:49:21.437 [main] DEBUG org.apache.http.wire -  << "NEL: {"success_fraction":0,"report_to":"cf-nel","max_age":604800}[\r][\n]"
19:49:21.437 [main] DEBUG org.apache.http.wire -  << "Server: cloudflare[\r][\n]"
19:49:21.437 [main] DEBUG org.apache.http.wire -  << "CF-RAY: 7b94c981eddd4d75-SIN[\r][\n]"
19:49:21.437 [main] DEBUG org.apache.http.wire -  << "alt-svc: h3=":443"; ma=86400, h3-29=":443"; ma=86400[\r][\n]"
19:49:21.437 [main] DEBUG org.apache.http.wire -  << "[\r][\n]"
19:49:21.437 [main] DEBUG org.apache.http.impl.conn.DefaultClientConnection - Receiving response: HTTP/1.1 200 OK
19:49:21.437 [main] DEBUG org.apache.http.headers - << HTTP/1.1 200 OK
19:49:21.437 [main] DEBUG org.apache.http.headers - << Date: Mon, 17 Apr 2023 12:49:20 GMT
19:49:21.437 [main] DEBUG org.apache.http.headers - << Content-Type: application/json; charset=utf-8
19:49:21.437 [main] DEBUG org.apache.http.headers - << Content-Length: 4
19:49:21.437 [main] DEBUG org.apache.http.headers - << Connection: keep-alive
19:49:21.437 [main] DEBUG org.apache.http.headers - << Access-Control-Allow-Origin: *
19:49:21.437 [main] DEBUG org.apache.http.headers - << Etag: W/"4-K+iMpCQsduglOsYkdIUQZQMtaDM"
19:49:21.437 [main] DEBUG org.apache.http.headers - << X-Powered-By: Express
19:49:21.437 [main] DEBUG org.apache.http.headers - << CF-Cache-Status: DYNAMIC
19:49:21.437 [main] DEBUG org.apache.http.headers - << Report-To: {"endpoints":[{"url":"https:\/\/a.nel.cloudflare.com\/report\/v3?s=RxNyB4NiO4Oi4gKkvkbDL61dmYNQZP%2FrhfSl9CBHW2XJpbDNKTNHUE2tQ445v8h1KuKBM8Mbm87Os%2FHXEUutBoUaKydMuuEAUUiNknnd%2BcQRaNJoSJ3Uj7uEyMw13j7VRWtx"}],"group":"cf-nel","max_age":604800}
19:49:21.437 [main] DEBUG org.apache.http.headers - << NEL: {"success_fraction":0,"report_to":"cf-nel","max_age":604800}
19:49:21.437 [main] DEBUG org.apache.http.headers - << Server: cloudflare
19:49:21.437 [main] DEBUG org.apache.http.headers - << CF-RAY: 7b94c981eddd4d75-SIN
19:49:21.437 [main] DEBUG org.apache.http.headers - << alt-svc: h3=":443"; ma=86400, h3-29=":443"; ma=86400
19:49:21.437 [main] DEBUG org.apache.http.impl.client.DefaultHttpClient - Connection can be kept alive indefinitely
19:49:21.437 [main] DEBUG io.restassured.internal.RestAssuredHttpBuilder - Parsing response as: application/json; charset=utf-8
19:49:21.437 [main] DEBUG io.restassured.internal.RestAssuredHttpBuilder - Parsed data to instance of: class org.apache.http.conn.EofSensorInputStream
  &amp#27;[32mGiven &amp#27;[0m&amp#27;[32mUser requests to delete a users with id &amp#27;[0m&amp#27;[32m&amp#27;[1m25&amp#27;[0m           &amp#27;[90m# starter.stepdefinitions.UserSteps.userDeleteUsersWithId(java.lang.Integer)&amp#27;[0m
  &amp#27;[32mWhen &amp#27;[0m&amp#27;[32mUsers with id 6 is successfully deleted&amp#27;[0m               &amp#27;[90m# starter.stepdefinitions.UserSteps.usersSuccessDelete()&amp#27;[0m
19:49:21.441 [main] INFO  - 
  _____   ___   ___   _____     ___     _     ___   ___   ___   ___  
 |_   _| | __| / __| |_   _|   | _ \   /_\   / __| / __| | __| |   \ 
   | |   | _|  \__ \   | |     |  _/  / _ \  \__ \ \__ \ | _|  | |) |
   |_|   |___| |___/   |_|     |_|   /_/ \_\ |___/ |___/ |___| |___/ 

User deletes a users from the invalid product list
----------------------------------------------------------------------
]]></system-out>
  </testcase>
</testsuite>